2026-06-07T10:50:22.087-04:00  INFO 12688 --- [venta-service] [main] cl.duoc.venta.VentaApplication           : Starting VentaApplication using Java 21.0.10 with PID 12688 (C:\Users\diego\OneDrive\Escritorio\Perfumeria-DiegoGalvezSantander-eureka\venta\target\classes started by diego in C:\Users\diego\OneDrive\Escritorio\Perfumeria-DiegoGalvezSantander-eureka\venta)
2026-06-07T10:50:22.100-04:00  INFO 12688 --- [venta-service] [main] cl.duoc.venta.VentaApplication           : No active profile set, falling back to 1 default profile: "default"
2026-06-07T10:50:23.908-04:00  INFO 12688 --- [venta-service] [main] .s.d.r.c.RepositoryConfigurationDelegate : Bootstrapping Spring Data JPA repositories in DEFAULT mode.
2026-06-07T10:50:24.149-04:00  INFO 12688 --- [venta-service] [main] .s.d.r.c.RepositoryConfigurationDelegate : Finished Spring Data repository scanning in 231 ms. Found 2 JPA repository interfaces.
2026-06-07T10:50:24.488-04:00  INFO 12688 --- [venta-service] [main] o.s.cloud.context.scope.GenericScope     : BeanFactory id=0d9a497b-b328-3165-98da-cf237b403392
2026-06-07T10:50:24.989-04:00  WARN 12688 --- [venta-service] [main] trationDelegate$BeanPostProcessorChecker : Bean 'org.springframework.cloud.client.loadbalancer.LoadBalancerAutoConfiguration$DeferringLoadBalancerInterceptorConfig' of type [org.springframework.cloud.client.loadbalancer.LoadBalancerAutoConfiguration$DeferringLoadBalancerInterceptorConfig] is not eligible for getting processed by all BeanPostProcessors (for example: not eligible for auto-proxying). The currently created BeanPostProcessor [lbRestClientPostProcessor] is declared through a non-static factory method on that class; consider declaring it as static instead.
2026-06-07T10:50:24.989-04:00  WARN 12688 --- [venta-service] [main] trationDelegate$BeanPostProcessorChecker : Bean 'deferringLoadBalancerInterceptor' of type [org.springframework.cloud.client.loadbalancer.DeferringLoadBalancerInterceptor] is not eligible for getting processed by all BeanPostProcessors (for example: not eligible for auto-proxying). Is this bean getting eagerly injected into a currently created BeanPostProcessor [lbRestClientPostProcessor]? Check the corresponding BeanPostProcessor declaration and its dependencies.
2026-06-07T10:50:24.989-04:00  WARN 12688 --- [venta-service] [main] trationDelegate$BeanPostProcessorChecker : Bean 'org.springframework.cloud.client.loadbalancer.reactive.LoadBalancerBeanPostProcessorAutoConfiguration' of type [org.springframework.cloud.client.loadbalancer.reactive.LoadBalancerBeanPostProcessorAutoConfiguration] is not eligible for getting processed by all BeanPostProcessors (for example: not eligible for auto-proxying). The currently created BeanPostProcessor [loadBalancerWebClientBuilderBeanPostProcessor] is declared through a non-static factory method on that class; consider declaring it as static instead.
2026-06-07T10:50:25.005-04:00  WARN 12688 --- [venta-service] [main] trationDelegate$BeanPostProcessorChecker : Bean 'org.springframework.cloud.client.loadbalancer.reactive.LoadBalancerBeanPostProcessorAutoConfiguration$ReactorDeferringLoadBalancerFilterConfig' of type [org.springframework.cloud.client.loadbalancer.reactive.LoadBalancerBeanPostProcessorAutoConfiguration$ReactorDeferringLoadBalancerFilterConfig] is not eligible for getting processed by all BeanPostProcessors (for example: not eligible for auto-proxying). Is this bean getting eagerly injected into a currently created BeanPostProcessor [loadBalancerWebClientBuilderBeanPostProcessor]? Check the corresponding BeanPostProcessor declaration and its dependencies.
2026-06-07T10:50:25.005-04:00  WARN 12688 --- [venta-service] [main] trationDelegate$BeanPostProcessorChecker : Bean 'reactorDeferringLoadBalancerExchangeFilterFunction' of type [org.springframework.cloud.client.loadbalancer.reactive.DeferringLoadBalancerExchangeFilterFunction] is not eligible for getting processed by all BeanPostProcessors (for example: not eligible for auto-proxying). Is this bean getting eagerly injected into a currently created BeanPostProcessor [loadBalancerWebClientBuilderBeanPostProcessor]? Check the corresponding BeanPostProcessor declaration and its dependencies.
2026-06-07T10:50:25.413-04:00  INFO 12688 --- [venta-service] [main] o.s.b.w.embedded.tomcat.TomcatWebServer  : Tomcat initialized with port 8086 (http)
2026-06-07T10:50:25.441-04:00  INFO 12688 --- [venta-service] [main] o.apache.catalina.core.StandardService   : Starting service [Tomcat]
2026-06-07T10:50:25.442-04:00  INFO 12688 --- [venta-service] [main] o.apache.catalina.core.StandardEngine    : Starting Servlet engine: [Apache Tomcat/10.1.19]
2026-06-07T10:50:25.630-04:00  INFO 12688 --- [venta-service] [main] o.a.c.c.C.[Tomcat].[localhost].[/]       : Initializing Spring embedded WebApplicationContext
2026-06-07T10:50:25.634-04:00  INFO 12688 --- [venta-service] [main] w.s.c.ServletWebServerApplicationContext : Root WebApplicationContext: initialization completed in 3454 ms
2026-06-07T10:50:26.257-04:00  INFO 12688 --- [venta-service] [main] com.zaxxer.hikari.HikariDataSource       : HikariPool-1 - Starting...
2026-06-07T10:50:26.790-04:00  INFO 12688 --- [venta-service] [main] com.zaxxer.hikari.pool.HikariPool        : HikariPool-1 - Added connection com.mysql.cj.jdbc.ConnectionImpl@1dcad16f
2026-06-07T10:50:26.793-04:00  INFO 12688 --- [venta-service] [main] com.zaxxer.hikari.HikariDataSource       : HikariPool-1 - Start completed.
2026-06-07T10:50:26.954-04:00  INFO 12688 --- [venta-service] [main] o.f.c.internal.license.VersionPrinter    : Flyway Community Edition 9.22.3 by Redgate
2026-06-07T10:50:26.954-04:00  INFO 12688 --- [venta-service] [main] o.f.c.internal.license.VersionPrinter    : See release notes here: https://rd.gt/416ObMi
2026-06-07T10:50:26.956-04:00  INFO 12688 --- [venta-service] [main] o.f.c.internal.license.VersionPrinter    : 
2026-06-07T10:50:26.986-04:00  INFO 12688 --- [venta-service] [main] org.flywaydb.core.FlywayExecutor         : Database: jdbc:mysql://localhost:3306/db_ventas (MySQL 8.4)
2026-06-07T10:50:26.997-04:00  WARN 12688 --- [venta-service] [main] o.f.c.internal.database.base.Database    : Flyway upgrade recommended: MySQL 8.4 is newer than this version of Flyway and support has not been tested. The latest supported version of MySQL is 8.0.
2026-06-07T10:50:27.047-04:00  INFO 12688 --- [venta-service] [main] o.f.c.i.s.JdbcTableSchemaHistory         : Schema history table `db_ventas`.`flyway_schema_history` does not exist yet
2026-06-07T10:50:27.051-04:00  INFO 12688 --- [venta-service] [main] o.f.core.internal.command.DbValidate     : Successfully validated 1 migration (execution time 00:00.038s)
2026-06-07T10:50:27.074-04:00  INFO 12688 --- [venta-service] [main] o.f.c.i.s.JdbcTableSchemaHistory         : Creating Schema History table `db_ventas`.`flyway_schema_history` ...
2026-06-07T10:50:27.673-04:00  INFO 12688 --- [venta-service] [main] o.f.core.internal.command.DbMigrate      : Current version of schema `db_ventas`: << Empty Schema >>
2026-06-07T10:50:27.675-04:00  INFO 12688 --- [venta-service] [main] o.f.core.internal.command.DbMigrate      : Migrating schema `db_ventas` to version "1 - crear tablas"
2026-06-07T10:50:28.542-04:00  INFO 12688 --- [venta-service] [main] o.f.core.internal.command.DbMigrate      : Successfully applied 1 migration to schema `db_ventas`, now at version v1 (execution time 00:00.790s)
2026-06-07T10:50:28.681-04:00  INFO 12688 --- [venta-service] [main] o.hibernate.jpa.internal.util.LogHelper  : HHH000204: Processing PersistenceUnitInfo [name: default]
2026-06-07T10:50:28.817-04:00  INFO 12688 --- [venta-service] [main] org.hibernate.Version                    : HHH000412: Hibernate ORM core version 6.4.4.Final
2026-06-07T10:50:28.869-04:00  INFO 12688 --- [venta-service] [main] o.h.c.internal.RegionFactoryInitiator    : HHH000026: Second-level cache disabled
2026-06-07T10:50:29.199-04:00  INFO 12688 --- [venta-service] [main] o.s.o.j.p.SpringPersistenceUnitInfo      : No LoadTimeWeaver setup: ignoring JPA class transformer
2026-06-07T10:50:29.282-04:00  WARN 12688 --- [venta-service] [main] org.hibernate.orm.deprecation            : HHH90000025: MySQLDialect does not need to be specified explicitly using 'hibernate.dialect' (remove the property setting and it will be selected by default)
2026-06-07T10:50:30.377-04:00  INFO 12688 --- [venta-service] [main] o.h.e.t.j.p.i.JtaPlatformInitiator       : HHH000489: No JTA platform available (set 'hibernate.transaction.jta.platform' to enable JTA platform integration)
2026-06-07T10:50:30.377-04:00  INFO 12688 --- [venta-service] [main] j.LocalContainerEntityManagerFactoryBean : Initialized JPA EntityManagerFactory for persistence unit 'default'
2026-06-07T10:50:31.556-04:00  WARN 12688 --- [venta-service] [main] JpaBaseConfiguration$JpaWebConfiguration : spring.jpa.open-in-view is enabled by default. Therefore, database queries may be performed during view rendering. Explicitly configure spring.jpa.open-in-view to disable this warning
2026-06-07T10:50:33.190-04:00  INFO 12688 --- [venta-service] [main] DiscoveryClientOptionalArgsConfiguration : Eureka HTTP Client uses RestTemplate.
2026-06-07T10:50:33.289-04:00  WARN 12688 --- [venta-service] [main] iguration$LoadBalancerCaffeineWarnLogger : Spring Cloud LoadBalancer is currently working with the default cache. While this cache implementation is useful for development and tests, it's recommended to use Caffeine cache in production.You can switch to using Caffeine cache, by adding it and org.springframework.cache.caffeine.CaffeineCacheManager to the classpath.
2026-06-07T10:50:33.304-04:00  INFO 12688 --- [venta-service] [main] o.s.b.a.e.web.EndpointLinksResolver      : Exposing 1 endpoint(s) beneath base path '/actuator'
2026-06-07T10:50:33.491-04:00  INFO 12688 --- [venta-service] [main] o.s.c.n.eureka.InstanceInfoFactory       : Setting initial instance status as: STARTING
2026-06-07T10:50:33.581-04:00  INFO 12688 --- [venta-service] [main] com.netflix.discovery.DiscoveryClient    : Initializing Eureka in region us-east-1
2026-06-07T10:50:33.591-04:00  INFO 12688 --- [venta-service] [main] c.n.d.s.r.aws.ConfigClusterResolver      : Resolving eureka endpoints via configuration
2026-06-07T10:50:33.599-04:00  INFO 12688 --- [venta-service] [RMI TCP Connection(2)-127.0.0.1] o.a.c.c.C.[Tomcat].[localhost].[/]       : Initializing Spring DispatcherServlet 'dispatcherServlet'
2026-06-07T10:50:33.600-04:00  INFO 12688 --- [venta-service] [RMI TCP Connection(2)-127.0.0.1] o.s.web.servlet.DispatcherServlet        : Initializing Servlet 'dispatcherServlet'
2026-06-07T10:50:33.604-04:00  INFO 12688 --- [venta-service] [RMI TCP Connection(2)-127.0.0.1] o.s.web.servlet.DispatcherServlet        : Completed initialization in 4 ms
2026-06-07T10:50:33.654-04:00  INFO 12688 --- [venta-service] [main] com.netflix.discovery.DiscoveryClient    : Disable delta property : false
2026-06-07T10:50:33.654-04:00  INFO 12688 --- [venta-service] [main] com.netflix.discovery.DiscoveryClient    : Single vip registry refresh property : null
2026-06-07T10:50:33.654-04:00  INFO 12688 --- [venta-service] [main] com.netflix.discovery.DiscoveryClient    : Force full registry fetch : false
2026-06-07T10:50:33.654-04:00  INFO 12688 --- [venta-service] [main] com.netflix.discovery.DiscoveryClient    : Application is null : false
2026-06-07T10:50:33.654-04:00  INFO 12688 --- [venta-service] [main] com.netflix.discovery.DiscoveryClient    : Registered Applications size is zero : true
2026-06-07T10:50:33.654-04:00  INFO 12688 --- [venta-service] [main] com.netflix.discovery.DiscoveryClient    : Application version is -1: true
2026-06-07T10:50:33.654-04:00  INFO 12688 --- [venta-service] [main] com.netflix.discovery.DiscoveryClient    : Getting all instance registry info from the eureka server
2026-06-07T10:50:34.409-04:00  INFO 12688 --- [venta-service] [main] com.netflix.discovery.DiscoveryClient    : The response status is 200
2026-06-07T10:50:34.414-04:00  INFO 12688 --- [venta-service] [main] com.netflix.discovery.DiscoveryClient    : Starting heartbeat executor: renew interval is: 30
2026-06-07T10:50:34.418-04:00  INFO 12688 --- [venta-service] [main] c.n.discovery.InstanceInfoReplicator     : InstanceInfoReplicator onDemand update allowed rate per min is 4
2026-06-07T10:50:34.423-04:00  INFO 12688 --- [venta-service] [main] com.netflix.discovery.DiscoveryClient    : Discovery Client initialized at timestamp 1780843834422 with initial instances count: 5
2026-06-07T10:50:34.434-04:00  INFO 12688 --- [venta-service] [main] o.s.c.n.e.s.EurekaServiceRegistry        : Registering application VENTA-SERVICE with eureka with status UP
2026-06-07T10:50:34.435-04:00  INFO 12688 --- [venta-service] [main] com.netflix.discovery.DiscoveryClient    : Saw local status change event StatusChangeEvent [timestamp=1780843834435, current=UP, previous=STARTING]
2026-06-07T10:50:34.438-04:00  INFO 12688 --- [venta-service] [DiscoveryClient-InstanceInfoReplicator-0] com.netflix.discovery.DiscoveryClient    : DiscoveryClient_VENTA-SERVICE/Diego:venta-service:8086: registering service...
2026-06-07T10:50:34.469-04:00  INFO 12688 --- [venta-service] [main] o.s.b.w.embedded.tomcat.TomcatWebServer  : Tomcat started on port 8086 (http) with context path ''
2026-06-07T10:50:34.471-04:00  INFO 12688 --- [venta-service] [main] .s.c.n.e.s.EurekaAutoServiceRegistration : Updating port to 8086
2026-06-07T10:50:34.476-04:00  INFO 12688 --- [venta-service] [DiscoveryClient-InstanceInfoReplicator-0] com.netflix.discovery.DiscoveryClient    : DiscoveryClient_VENTA-SERVICE/Diego:venta-service:8086 - registration status: 204
2026-06-07T10:50:34.482-04:00  INFO 12688 --- [venta-service] [main] cl.duoc.venta.VentaApplication           : Started VentaApplication in 13.02 seconds (process running for 13.997)
2026-06-07T10:55:33.679-04:00  INFO 12688 --- [venta-service] [AsyncResolver-bootstrap-executor-0] c.n.d.s.r.aws.ConfigClusterResolver      : Resolving eureka endpoints via configuration
2026-06-07T10:58:01.941-04:00  INFO 12688 --- [venta-service] [http-nio-8086-exec-2] c.duoc.venta.controller.VentaController  : Iniciando orquestación: Creando nueva venta...
2026-06-07T10:58:48.257-04:00  INFO 12688 --- [venta-service] [http-nio-8086-exec-3] c.duoc.venta.controller.VentaController  : Iniciando orquestación: Creando nueva venta...
2026-06-07T10:58:50.452-04:00  INFO 12688 --- [venta-service] [http-nio-8086-exec-6] c.duoc.venta.controller.VentaController  : Iniciando orquestación: Creando nueva venta...
2026-06-07T10:59:33.187-04:00  INFO 12688 --- [venta-service] [http-nio-8086-exec-7] c.duoc.venta.controller.VentaController  : Iniciando orquestación: Creando nueva venta...
2026-06-07T11:00:33.691-04:00  INFO 12688 --- [venta-service] [AsyncResolver-bootstrap-executor-0] c.n.d.s.r.aws.ConfigClusterResolver      : Resolving eureka endpoints via configuration
2026-06-07T11:05:33.700-04:00  INFO 12688 --- [venta-service] [AsyncResolver-bootstrap-executor-0] c.n.d.s.r.aws.ConfigClusterResolver      : Resolving eureka endpoints via configuration
2026-06-07T11:10:33.718-04:00  INFO 12688 --- [venta-service] [AsyncResolver-bootstrap-executor-0] c.n.d.s.r.aws.ConfigClusterResolver      : Resolving eureka endpoints via configuration
2026-06-07T11:15:33.730-04:00  INFO 12688 --- [venta-service] [AsyncResolver-bootstrap-executor-0] c.n.d.s.r.aws.ConfigClusterResolver      : Resolving eureka endpoints via configuration
2026-06-07T11:20:33.734-04:00  INFO 12688 --- [venta-service] [AsyncResolver-bootstrap-executor-0] c.n.d.s.r.aws.ConfigClusterResolver      : Resolving eureka endpoints via configuration
2026-06-07T11:25:33.747-04:00  INFO 12688 --- [venta-service] [AsyncResolver-bootstrap-executor-0] c.n.d.s.r.aws.ConfigClusterResolver      : Resolving eureka endpoints via configuration
2026-06-07T11:30:08.553-04:00  INFO 2380 --- [venta-service] [main] cl.duoc.venta.VentaApplication           : Starting VentaApplication using Java 21.0.10 with PID 2380 (C:\Users\diego\OneDrive\Escritorio\Perfumeria-DiegoGalvezSantander-eureka\venta\target\classes started by diego in C:\Users\diego\OneDrive\Escritorio\Perfumeria-DiegoGalvezSantander-eureka\venta)
2026-06-07T11:30:08.557-04:00  INFO 2380 --- [venta-service] [main] cl.duoc.venta.VentaApplication           : No active profile set, falling back to 1 default profile: "default"
2026-06-07T11:30:10.243-04:00  INFO 2380 --- [venta-service] [main] .s.d.r.c.RepositoryConfigurationDelegate : Bootstrapping Spring Data JPA repositories in DEFAULT mode.
2026-06-07T11:30:10.404-04:00  INFO 2380 --- [venta-service] [main] .s.d.r.c.RepositoryConfigurationDelegate : Finished Spring Data repository scanning in 151 ms. Found 2 JPA repository interfaces.
2026-06-07T11:30:10.768-04:00  INFO 2380 --- [venta-service] [main] o.s.cloud.context.scope.GenericScope     : BeanFactory id=0d9a497b-b328-3165-98da-cf237b403392
2026-06-07T11:30:11.217-04:00  WARN 2380 --- [venta-service] [main] trationDelegate$BeanPostProcessorChecker : Bean 'org.springframework.cloud.client.loadbalancer.LoadBalancerAutoConfiguration$DeferringLoadBalancerInterceptorConfig' of type [org.springframework.cloud.client.loadbalancer.LoadBalancerAutoConfiguration$DeferringLoadBalancerInterceptorConfig] is not eligible for getting processed by all BeanPostProcessors (for example: not eligible for auto-proxying). The currently created BeanPostProcessor [lbRestClientPostProcessor] is declared through a non-static factory method on that class; consider declaring it as static instead.
2026-06-07T11:30:11.220-04:00  WARN 2380 --- [venta-service] [main] trationDelegate$BeanPostProcessorChecker : Bean 'deferringLoadBalancerInterceptor' of type [org.springframework.cloud.client.loadbalancer.DeferringLoadBalancerInterceptor] is not eligible for getting processed by all BeanPostProcessors (for example: not eligible for auto-proxying). Is this bean getting eagerly injected into a currently created BeanPostProcessor [lbRestClientPostProcessor]? Check the corresponding BeanPostProcessor declaration and its dependencies.
2026-06-07T11:30:11.226-04:00  WARN 2380 --- [venta-service] [main] trationDelegate$BeanPostProcessorChecker : Bean 'org.springframework.cloud.client.loadbalancer.reactive.LoadBalancerBeanPostProcessorAutoConfiguration' of type [org.springframework.cloud.client.loadbalancer.reactive.LoadBalancerBeanPostProcessorAutoConfiguration] is not eligible for getting processed by all BeanPostProcessors (for example: not eligible for auto-proxying). The currently created BeanPostProcessor [loadBalancerWebClientBuilderBeanPostProcessor] is declared through a non-static factory method on that class; consider declaring it as static instead.
2026-06-07T11:30:11.229-04:00  WARN 2380 --- [venta-service] [main] trationDelegate$BeanPostProcessorChecker : Bean 'org.springframework.cloud.client.loadbalancer.reactive.LoadBalancerBeanPostProcessorAutoConfiguration$ReactorDeferringLoadBalancerFilterConfig' of type [org.springframework.cloud.client.loadbalancer.reactive.LoadBalancerBeanPostProcessorAutoConfiguration$ReactorDeferringLoadBalancerFilterConfig] is not eligible for getting processed by all BeanPostProcessors (for example: not eligible for auto-proxying). Is this bean getting eagerly injected into a currently created BeanPostProcessor [loadBalancerWebClientBuilderBeanPostProcessor]? Check the corresponding BeanPostProcessor declaration and its dependencies.
2026-06-07T11:30:11.232-04:00  WARN 2380 --- [venta-service] [main] trationDelegate$BeanPostProcessorChecker : Bean 'reactorDeferringLoadBalancerExchangeFilterFunction' of type [org.springframework.cloud.client.loadbalancer.reactive.DeferringLoadBalancerExchangeFilterFunction] is not eligible for getting processed by all BeanPostProcessors (for example: not eligible for auto-proxying). Is this bean getting eagerly injected into a currently created BeanPostProcessor [loadBalancerWebClientBuilderBeanPostProcessor]? Check the corresponding BeanPostProcessor declaration and its dependencies.
2026-06-07T11:30:11.592-04:00  INFO 2380 --- [venta-service] [main] o.s.b.w.embedded.tomcat.TomcatWebServer  : Tomcat initialized with port 8086 (http)
2026-06-07T11:30:11.611-04:00  INFO 2380 --- [venta-service] [main] o.apache.catalina.core.StandardService   : Starting service [Tomcat]
2026-06-07T11:30:11.611-04:00  INFO 2380 --- [venta-service] [main] o.apache.catalina.core.StandardEngine    : Starting Servlet engine: [Apache Tomcat/10.1.19]
2026-06-07T11:30:11.759-04:00  INFO 2380 --- [venta-service] [main] o.a.c.c.C.[Tomcat].[localhost].[/]       : Initializing Spring embedded WebApplicationContext
2026-06-07T11:30:11.760-04:00  INFO 2380 --- [venta-service] [main] w.s.c.ServletWebServerApplicationContext : Root WebApplicationContext: initialization completed in 3143 ms
2026-06-07T11:30:12.141-04:00  INFO 2380 --- [venta-service] [main] com.zaxxer.hikari.HikariDataSource       : HikariPool-1 - Starting...
2026-06-07T11:30:12.582-04:00  INFO 2380 --- [venta-service] [main] com.zaxxer.hikari.pool.HikariPool        : HikariPool-1 - Added connection com.mysql.cj.jdbc.ConnectionImpl@570299e3
2026-06-07T11:30:12.583-04:00  INFO 2380 --- [venta-service] [main] com.zaxxer.hikari.HikariDataSource       : HikariPool-1 - Start completed.
2026-06-07T11:30:12.717-04:00  INFO 2380 --- [venta-service] [main] o.f.c.internal.license.VersionPrinter    : Flyway Community Edition 9.22.3 by Redgate
2026-06-07T11:30:12.717-04:00  INFO 2380 --- [venta-service] [main] o.f.c.internal.license.VersionPrinter    : See release notes here: https://rd.gt/416ObMi
2026-06-07T11:30:12.717-04:00  INFO 2380 --- [venta-service] [main] o.f.c.internal.license.VersionPrinter    : 
2026-06-07T11:30:12.748-04:00  INFO 2380 --- [venta-service] [main] org.flywaydb.core.FlywayExecutor         : Database: jdbc:mysql://localhost:3306/db_ventas (MySQL 8.4)
2026-06-07T11:30:12.759-04:00  WARN 2380 --- [venta-service] [main] o.f.c.internal.database.base.Database    : Flyway upgrade recommended: MySQL 8.4 is newer than this version of Flyway and support has not been tested. The latest supported version of MySQL is 8.0.
2026-06-07T11:30:12.836-04:00  INFO 2380 --- [venta-service] [main] o.f.core.internal.command.DbValidate     : Successfully validated 1 migration (execution time 00:00.060s)
2026-06-07T11:30:12.856-04:00  INFO 2380 --- [venta-service] [main] o.f.core.internal.command.DbMigrate      : Current version of schema `db_ventas`: 1
2026-06-07T11:30:12.859-04:00  INFO 2380 --- [venta-service] [main] o.f.core.internal.command.DbMigrate      : Schema `db_ventas` is up to date. No migration necessary.
2026-06-07T11:30:12.993-04:00  INFO 2380 --- [venta-service] [main] o.hibernate.jpa.internal.util.LogHelper  : HHH000204: Processing PersistenceUnitInfo [name: default]
2026-06-07T11:30:13.094-04:00  INFO 2380 --- [venta-service] [main] org.hibernate.Version                    : HHH000412: Hibernate ORM core version 6.4.4.Final
2026-06-07T11:30:13.150-04:00  INFO 2380 --- [venta-service] [main] o.h.c.internal.RegionFactoryInitiator    : HHH000026: Second-level cache disabled
2026-06-07T11:30:13.420-04:00  INFO 2380 --- [venta-service] [main] o.s.o.j.p.SpringPersistenceUnitInfo      : No LoadTimeWeaver setup: ignoring JPA class transformer
2026-06-07T11:30:13.498-04:00  WARN 2380 --- [venta-service] [main] org.hibernate.orm.deprecation            : HHH90000025: MySQLDialect does not need to be specified explicitly using 'hibernate.dialect' (remove the property setting and it will be selected by default)
2026-06-07T11:30:14.593-04:00  INFO 2380 --- [venta-service] [main] o.h.e.t.j.p.i.JtaPlatformInitiator       : HHH000489: No JTA platform available (set 'hibernate.transaction.jta.platform' to enable JTA platform integration)
2026-06-07T11:30:14.598-04:00  INFO 2380 --- [venta-service] [main] j.LocalContainerEntityManagerFactoryBean : Initialized JPA EntityManagerFactory for persistence unit 'default'
2026-06-07T11:30:15.626-04:00  WARN 2380 --- [venta-service] [main] JpaBaseConfiguration$JpaWebConfiguration : spring.jpa.open-in-view is enabled by default. Therefore, database queries may be performed during view rendering. Explicitly configure spring.jpa.open-in-view to disable this warning
2026-06-07T11:30:16.833-04:00  INFO 2380 --- [venta-service] [main] DiscoveryClientOptionalArgsConfiguration : Eureka HTTP Client uses RestTemplate.
2026-06-07T11:30:16.905-04:00  WARN 2380 --- [venta-service] [main] iguration$LoadBalancerCaffeineWarnLogger : Spring Cloud LoadBalancer is currently working with the default cache. While this cache implementation is useful for development and tests, it's recommended to use Caffeine cache in production.You can switch to using Caffeine cache, by adding it and org.springframework.cache.caffeine.CaffeineCacheManager to the classpath.
2026-06-07T11:30:16.915-04:00  INFO 2380 --- [venta-service] [main] o.s.b.a.e.web.EndpointLinksResolver      : Exposing 1 endpoint(s) beneath base path '/actuator'
2026-06-07T11:30:17.074-04:00  INFO 2380 --- [venta-service] [main] o.s.c.n.eureka.InstanceInfoFactory       : Setting initial instance status as: STARTING
2026-06-07T11:30:17.143-04:00  INFO 2380 --- [venta-service] [main] com.netflix.discovery.DiscoveryClient    : Initializing Eureka in region us-east-1
2026-06-07T11:30:17.153-04:00  INFO 2380 --- [venta-service] [main] c.n.d.s.r.aws.ConfigClusterResolver      : Resolving eureka endpoints via configuration
2026-06-07T11:30:17.183-04:00  INFO 2380 --- [venta-service] [RMI TCP Connection(2)-127.0.0.1] o.a.c.c.C.[Tomcat].[localhost].[/]       : Initializing Spring DispatcherServlet 'dispatcherServlet'
2026-06-07T11:30:17.184-04:00  INFO 2380 --- [venta-service] [RMI TCP Connection(2)-127.0.0.1] o.s.web.servlet.DispatcherServlet        : Initializing Servlet 'dispatcherServlet'
2026-06-07T11:30:17.186-04:00  INFO 2380 --- [venta-service] [RMI TCP Connection(2)-127.0.0.1] o.s.web.servlet.DispatcherServlet        : Completed initialization in 1 ms
2026-06-07T11:30:17.200-04:00  INFO 2380 --- [venta-service] [main] com.netflix.discovery.DiscoveryClient    : Disable delta property : false
2026-06-07T11:30:17.201-04:00  INFO 2380 --- [venta-service] [main] com.netflix.discovery.DiscoveryClient    : Single vip registry refresh property : null
2026-06-07T11:30:17.202-04:00  INFO 2380 --- [venta-service] [main] com.netflix.discovery.DiscoveryClient    : Force full registry fetch : false
2026-06-07T11:30:17.202-04:00  INFO 2380 --- [venta-service] [main] com.netflix.discovery.DiscoveryClient    : Application is null : false
2026-06-07T11:30:17.202-04:00  INFO 2380 --- [venta-service] [main] com.netflix.discovery.DiscoveryClient    : Registered Applications size is zero : true
2026-06-07T11:30:17.204-04:00  INFO 2380 --- [venta-service] [main] com.netflix.discovery.DiscoveryClient    : Application version is -1: true
2026-06-07T11:30:17.204-04:00  INFO 2380 --- [venta-service] [main] com.netflix.discovery.DiscoveryClient    : Getting all instance registry info from the eureka server
2026-06-07T11:30:17.696-04:00  INFO 2380 --- [venta-service] [main] com.netflix.discovery.DiscoveryClient    : The response status is 200
2026-06-07T11:30:17.704-04:00  INFO 2380 --- [venta-service] [main] com.netflix.discovery.DiscoveryClient    : Starting heartbeat executor: renew interval is: 30
2026-06-07T11:30:17.708-04:00  INFO 2380 --- [venta-service] [main] c.n.discovery.InstanceInfoReplicator     : InstanceInfoReplicator onDemand update allowed rate per min is 4
2026-06-07T11:30:17.718-04:00  INFO 2380 --- [venta-service] [main] com.netflix.discovery.DiscoveryClient    : Discovery Client initialized at timestamp 1780846217714 with initial instances count: 4
2026-06-07T11:30:17.725-04:00  INFO 2380 --- [venta-service] [main] o.s.c.n.e.s.EurekaServiceRegistry        : Registering application VENTA-SERVICE with eureka with status UP
2026-06-07T11:30:17.727-04:00  INFO 2380 --- [venta-service] [main] com.netflix.discovery.DiscoveryClient    : Saw local status change event StatusChangeEvent [timestamp=1780846217727, current=UP, previous=STARTING]
2026-06-07T11:30:17.729-04:00  INFO 2380 --- [venta-service] [DiscoveryClient-InstanceInfoReplicator-0] com.netflix.discovery.DiscoveryClient    : DiscoveryClient_VENTA-SERVICE/Diego:venta-service:8086: registering service...
2026-06-07T11:30:17.763-04:00  INFO 2380 --- [venta-service] [main] o.s.b.w.embedded.tomcat.TomcatWebServer  : Tomcat started on port 8086 (http) with context path ''
2026-06-07T11:30:17.764-04:00  INFO 2380 --- [venta-service] [main] .s.c.n.e.s.EurekaAutoServiceRegistration : Updating port to 8086
2026-06-07T11:30:17.771-04:00  INFO 2380 --- [venta-service] [DiscoveryClient-InstanceInfoReplicator-0] com.netflix.discovery.DiscoveryClient    : DiscoveryClient_VENTA-SERVICE/Diego:venta-service:8086 - registration status: 204
2026-06-07T11:30:17.776-04:00  INFO 2380 --- [venta-service] [main] cl.duoc.venta.VentaApplication           : Started VentaApplication in 9.765 seconds (process running for 10.557)
2026-06-07T11:33:18.147-04:00  INFO 2380 --- [venta-service] [http-nio-8086-exec-1] c.duoc.venta.controller.VentaController  : Iniciando orquestación: Creando nueva venta...
2026-06-07T11:35:17.215-04:00  INFO 2380 --- [venta-service] [AsyncResolver-bootstrap-executor-0] c.n.d.s.r.aws.ConfigClusterResolver      : Resolving eureka endpoints via configuration
2026-06-07T11:40:17.226-04:00  INFO 2380 --- [venta-service] [AsyncResolver-bootstrap-executor-0] c.n.d.s.r.aws.ConfigClusterResolver      : Resolving eureka endpoints via configuration
