2026-06-03T08:32:18.802-04:00  INFO 10180 --- [payment-service] [main] cl.duoc.pago.PagoApplication             : Starting PagoApplication using Java 21.0.10 with PID 10180 (C:\Users\diego\OneDrive\Escritorio\Perfumeria-DiegoGalvezSantander-eureka\pago\target\classes started by diego in C:\Users\diego\OneDrive\Escritorio\Perfumeria-DiegoGalvezSantander-eureka\pago)
2026-06-03T08:32:18.819-04:00  INFO 10180 --- [payment-service] [main] cl.duoc.pago.PagoApplication             : No active profile set, falling back to 1 default profile: "default"
2026-06-03T08:32:20.841-04:00  INFO 10180 --- [payment-service] [main] .s.d.r.c.RepositoryConfigurationDelegate : Bootstrapping Spring Data JPA repositories in DEFAULT mode.
2026-06-03T08:32:21.044-04:00  INFO 10180 --- [payment-service] [main] .s.d.r.c.RepositoryConfigurationDelegate : Finished Spring Data repository scanning in 191 ms. Found 1 JPA repository interface.
2026-06-03T08:32:21.410-04:00  INFO 10180 --- [payment-service] [main] o.s.cloud.context.scope.GenericScope     : BeanFactory id=eb8be85e-bf4e-3a5d-b75a-8b398e34ecf3
2026-06-03T08:32:21.926-04:00  WARN 10180 --- [payment-service] [main] trationDelegate$BeanPostProcessorChecker : Bean 'org.springframework.cloud.client.loadbalancer.LoadBalancerAutoConfiguration$DeferringLoadBalancerInterceptorConfig' of type [org.springframework.cloud.client.loadbalancer.LoadBalancerAutoConfiguration$DeferringLoadBalancerInterceptorConfig] is not eligible for getting processed by all BeanPostProcessors (for example: not eligible for auto-proxying). The currently created BeanPostProcessor [lbRestClientPostProcessor] is declared through a non-static factory method on that class; consider declaring it as static instead.
2026-06-03T08:32:21.931-04:00  WARN 10180 --- [payment-service] [main] trationDelegate$BeanPostProcessorChecker : Bean 'deferringLoadBalancerInterceptor' of type [org.springframework.cloud.client.loadbalancer.DeferringLoadBalancerInterceptor] is not eligible for getting processed by all BeanPostProcessors (for example: not eligible for auto-proxying). Is this bean getting eagerly injected into a currently created BeanPostProcessor [lbRestClientPostProcessor]? Check the corresponding BeanPostProcessor declaration and its dependencies.
2026-06-03T08:32:21.937-04:00  WARN 10180 --- [payment-service] [main] trationDelegate$BeanPostProcessorChecker : Bean 'org.springframework.cloud.client.loadbalancer.reactive.LoadBalancerBeanPostProcessorAutoConfiguration' of type [org.springframework.cloud.client.loadbalancer.reactive.LoadBalancerBeanPostProcessorAutoConfiguration] is not eligible for getting processed by all BeanPostProcessors (for example: not eligible for auto-proxying). The currently created BeanPostProcessor [loadBalancerWebClientBuilderBeanPostProcessor] is declared through a non-static factory method on that class; consider declaring it as static instead.
2026-06-03T08:32:21.941-04:00  WARN 10180 --- [payment-service] [main] trationDelegate$BeanPostProcessorChecker : Bean 'org.springframework.cloud.client.loadbalancer.reactive.LoadBalancerBeanPostProcessorAutoConfiguration$ReactorDeferringLoadBalancerFilterConfig' of type [org.springframework.cloud.client.loadbalancer.reactive.LoadBalancerBeanPostProcessorAutoConfiguration$ReactorDeferringLoadBalancerFilterConfig] is not eligible for getting processed by all BeanPostProcessors (for example: not eligible for auto-proxying). Is this bean getting eagerly injected into a currently created BeanPostProcessor [loadBalancerWebClientBuilderBeanPostProcessor]? Check the corresponding BeanPostProcessor declaration and its dependencies.
2026-06-03T08:32:21.944-04:00  WARN 10180 --- [payment-service] [main] trationDelegate$BeanPostProcessorChecker : Bean 'reactorDeferringLoadBalancerExchangeFilterFunction' of type [org.springframework.cloud.client.loadbalancer.reactive.DeferringLoadBalancerExchangeFilterFunction] is not eligible for getting processed by all BeanPostProcessors (for example: not eligible for auto-proxying). Is this bean getting eagerly injected into a currently created BeanPostProcessor [loadBalancerWebClientBuilderBeanPostProcessor]? Check the corresponding BeanPostProcessor declaration and its dependencies.
2026-06-03T08:32:22.377-04:00  INFO 10180 --- [payment-service] [main] o.s.b.w.embedded.tomcat.TomcatWebServer  : Tomcat initialized with port 8085 (http)
2026-06-03T08:32:22.396-04:00  INFO 10180 --- [payment-service] [main] o.apache.catalina.core.StandardService   : Starting service [Tomcat]
2026-06-03T08:32:22.397-04:00  INFO 10180 --- [payment-service] [main] o.apache.catalina.core.StandardEngine    : Starting Servlet engine: [Apache Tomcat/10.1.19]
2026-06-03T08:32:22.522-04:00  INFO 10180 --- [payment-service] [main] o.a.c.c.C.[Tomcat].[localhost].[/]       : Initializing Spring embedded WebApplicationContext
2026-06-03T08:32:22.523-04:00  INFO 10180 --- [payment-service] [main] w.s.c.ServletWebServerApplicationContext : Root WebApplicationContext: initialization completed in 3638 ms
2026-06-03T08:32:23.026-04:00  INFO 10180 --- [payment-service] [main] o.hibernate.jpa.internal.util.LogHelper  : HHH000204: Processing PersistenceUnitInfo [name: default]
2026-06-03T08:32:23.127-04:00  INFO 10180 --- [payment-service] [main] org.hibernate.Version                    : HHH000412: Hibernate ORM core version 6.4.4.Final
2026-06-03T08:32:23.173-04:00  INFO 10180 --- [payment-service] [main] o.h.c.internal.RegionFactoryInitiator    : HHH000026: Second-level cache disabled
2026-06-03T08:32:23.578-04:00  INFO 10180 --- [payment-service] [main] o.s.o.j.p.SpringPersistenceUnitInfo      : No LoadTimeWeaver setup: ignoring JPA class transformer
2026-06-03T08:32:23.613-04:00  INFO 10180 --- [payment-service] [main] com.zaxxer.hikari.HikariDataSource       : HikariPool-1 - Starting...
2026-06-03T08:32:24.027-04:00  INFO 10180 --- [payment-service] [main] com.zaxxer.hikari.pool.HikariPool        : HikariPool-1 - Added connection com.mysql.cj.jdbc.ConnectionImpl@7488c183
2026-06-03T08:32:24.030-04:00  INFO 10180 --- [payment-service] [main] com.zaxxer.hikari.HikariDataSource       : HikariPool-1 - Start completed.
2026-06-03T08:32:24.103-04:00  WARN 10180 --- [payment-service] [main] org.hibernate.orm.deprecation            : HHH90000025: MySQLDialect does not need to be specified explicitly using 'hibernate.dialect' (remove the property setting and it will be selected by default)
2026-06-03T08:32:25.095-04:00  INFO 10180 --- [payment-service] [main] o.h.e.t.j.p.i.JtaPlatformInitiator       : HHH000489: No JTA platform available (set 'hibernate.transaction.jta.platform' to enable JTA platform integration)
2026-06-03T08:32:25.143-04:00  INFO 10180 --- [payment-service] [main] j.LocalContainerEntityManagerFactoryBean : Initialized JPA EntityManagerFactory for persistence unit 'default'
2026-06-03T08:32:25.857-04:00  WARN 10180 --- [payment-service] [main] JpaBaseConfiguration$JpaWebConfiguration : spring.jpa.open-in-view is enabled by default. Therefore, database queries may be performed during view rendering. Explicitly configure spring.jpa.open-in-view to disable this warning
2026-06-03T08:32:27.234-04:00  INFO 10180 --- [payment-service] [main] DiscoveryClientOptionalArgsConfiguration : Eureka HTTP Client uses RestTemplate.
2026-06-03T08:32:27.271-04:00  INFO 10180 --- [payment-service] [RMI TCP Connection(2)-127.0.0.1] o.a.c.c.C.[Tomcat].[localhost].[/]       : Initializing Spring DispatcherServlet 'dispatcherServlet'
2026-06-03T08:32:27.272-04:00  INFO 10180 --- [payment-service] [RMI TCP Connection(2)-127.0.0.1] o.s.web.servlet.DispatcherServlet        : Initializing Servlet 'dispatcherServlet'
2026-06-03T08:32:27.287-04:00  INFO 10180 --- [payment-service] [RMI TCP Connection(2)-127.0.0.1] o.s.b.a.e.web.EndpointLinksResolver      : Exposing 1 endpoint(s) beneath base path '/actuator'
2026-06-03T08:32:27.306-04:00  INFO 10180 --- [payment-service] [RMI TCP Connection(2)-127.0.0.1] o.s.web.servlet.DispatcherServlet        : Completed initialization in 34 ms
2026-06-03T08:32:27.370-04:00  WARN 10180 --- [payment-service] [main] iguration$LoadBalancerCaffeineWarnLogger : Spring Cloud LoadBalancer is currently working with the default cache. While this cache implementation is useful for development and tests, it's recommended to use Caffeine cache in production.You can switch to using Caffeine cache, by adding it and org.springframework.cache.caffeine.CaffeineCacheManager to the classpath.
2026-06-03T08:32:27.563-04:00  INFO 10180 --- [payment-service] [main] o.s.c.n.eureka.InstanceInfoFactory       : Setting initial instance status as: STARTING
2026-06-03T08:32:27.691-04:00  INFO 10180 --- [payment-service] [main] com.netflix.discovery.DiscoveryClient    : Initializing Eureka in region us-east-1
2026-06-03T08:32:27.698-04:00  INFO 10180 --- [payment-service] [main] c.n.d.s.r.aws.ConfigClusterResolver      : Resolving eureka endpoints via configuration
2026-06-03T08:32:27.732-04:00  INFO 10180 --- [payment-service] [main] com.netflix.discovery.DiscoveryClient    : Disable delta property : false
2026-06-03T08:32:27.732-04:00  INFO 10180 --- [payment-service] [main] com.netflix.discovery.DiscoveryClient    : Single vip registry refresh property : null
2026-06-03T08:32:27.733-04:00  INFO 10180 --- [payment-service] [main] com.netflix.discovery.DiscoveryClient    : Force full registry fetch : false
2026-06-03T08:32:27.733-04:00  INFO 10180 --- [payment-service] [main] com.netflix.discovery.DiscoveryClient    : Application is null : false
2026-06-03T08:32:27.733-04:00  INFO 10180 --- [payment-service] [main] com.netflix.discovery.DiscoveryClient    : Registered Applications size is zero : true
2026-06-03T08:32:27.733-04:00  INFO 10180 --- [payment-service] [main] com.netflix.discovery.DiscoveryClient    : Application version is -1: true
2026-06-03T08:32:27.733-04:00  INFO 10180 --- [payment-service] [main] com.netflix.discovery.DiscoveryClient    : Getting all instance registry info from the eureka server
2026-06-03T08:32:28.112-04:00  INFO 10180 --- [payment-service] [main] com.netflix.discovery.DiscoveryClient    : The response status is 200
2026-06-03T08:32:28.118-04:00  INFO 10180 --- [payment-service] [main] com.netflix.discovery.DiscoveryClient    : Starting heartbeat executor: renew interval is: 30
2026-06-03T08:32:28.122-04:00  INFO 10180 --- [payment-service] [main] c.n.discovery.InstanceInfoReplicator     : InstanceInfoReplicator onDemand update allowed rate per min is 4
2026-06-03T08:32:28.138-04:00  INFO 10180 --- [payment-service] [main] com.netflix.discovery.DiscoveryClient    : Discovery Client initialized at timestamp 1780489948130 with initial instances count: 1
2026-06-03T08:32:28.148-04:00  INFO 10180 --- [payment-service] [main] o.s.c.n.e.s.EurekaServiceRegistry        : Registering application PAYMENT-SERVICE with eureka with status UP
2026-06-03T08:32:28.149-04:00  INFO 10180 --- [payment-service] [main] com.netflix.discovery.DiscoveryClient    : Saw local status change event StatusChangeEvent [timestamp=1780489948149, current=UP, previous=STARTING]
2026-06-03T08:32:28.157-04:00  INFO 10180 --- [payment-service] [DiscoveryClient-InstanceInfoReplicator-0] com.netflix.discovery.DiscoveryClient    : DiscoveryClient_PAYMENT-SERVICE/Diego:payment-service:8085: registering service...
2026-06-03T08:32:28.204-04:00  INFO 10180 --- [payment-service] [main] o.s.b.w.embedded.tomcat.TomcatWebServer  : Tomcat started on port 8085 (http) with context path ''
2026-06-03T08:32:28.206-04:00  INFO 10180 --- [payment-service] [main] .s.c.n.e.s.EurekaAutoServiceRegistration : Updating port to 8085
2026-06-03T08:32:28.220-04:00  INFO 10180 --- [payment-service] [main] cl.duoc.pago.PagoApplication             : Started PagoApplication in 9.999 seconds (process running for 10.908)
2026-06-03T08:32:28.232-04:00  INFO 10180 --- [payment-service] [DiscoveryClient-InstanceInfoReplicator-0] com.netflix.discovery.DiscoveryClient    : DiscoveryClient_PAYMENT-SERVICE/Diego:payment-service:8085 - registration status: 204
2026-06-03T08:37:27.740-04:00  INFO 10180 --- [payment-service] [AsyncResolver-bootstrap-executor-0] c.n.d.s.r.aws.ConfigClusterResolver      : Resolving eureka endpoints via configuration
2026-06-03T08:42:27.741-04:00  INFO 10180 --- [payment-service] [AsyncResolver-bootstrap-executor-0] c.n.d.s.r.aws.ConfigClusterResolver      : Resolving eureka endpoints via configuration
2026-06-03T08:43:49.768-04:00  INFO 10180 --- [payment-service] [http-nio-8085-exec-3] cl.duoc.pago.controller.PagoController   : Consultando estado del pago con ID: 1
2026-06-03T08:43:58.695-04:00  INFO 10180 --- [payment-service] [http-nio-8085-exec-4] cl.duoc.pago.controller.PagoController   : Consultando estado del pago con ID: 5
2026-06-03T08:45:14.904-04:00  INFO 10180 --- [payment-service] [http-nio-8085-exec-10] cl.duoc.pago.controller.PagoController   : Consultando estado del pago con ID: 5
2026-06-03T08:47:27.744-04:00  INFO 10180 --- [payment-service] [AsyncResolver-bootstrap-executor-0] c.n.d.s.r.aws.ConfigClusterResolver      : Resolving eureka endpoints via configuration
2026-06-03T08:52:27.749-04:00  INFO 10180 --- [payment-service] [AsyncResolver-bootstrap-executor-0] c.n.d.s.r.aws.ConfigClusterResolver      : Resolving eureka endpoints via configuration
2026-06-03T08:57:27.767-04:00  INFO 10180 --- [payment-service] [AsyncResolver-bootstrap-executor-0] c.n.d.s.r.aws.ConfigClusterResolver      : Resolving eureka endpoints via configuration
2026-06-03T09:02:27.783-04:00  INFO 10180 --- [payment-service] [AsyncResolver-bootstrap-executor-0] c.n.d.s.r.aws.ConfigClusterResolver      : Resolving eureka endpoints via configuration
2026-06-03T09:02:49.671-04:00  INFO 10180 --- [payment-service] [http-nio-8085-exec-8] cl.duoc.pago.controller.PagoController   : Consultando estado del pago con ID: 5
2026-06-03T09:03:06.101-04:00  INFO 10180 --- [payment-service] [http-nio-8085-exec-9] cl.duoc.pago.controller.PagoController   : Consultando estado del pago con ID: 5
2026-06-03T09:03:17.100-04:00  INFO 10180 --- [payment-service] [http-nio-8085-exec-2] cl.duoc.pago.controller.PagoController   : Consultando estado del pago con ID: 5
2026-06-03T09:03:18.685-04:00  INFO 10180 --- [payment-service] [http-nio-8085-exec-3] cl.duoc.pago.controller.PagoController   : Consultando estado del pago con ID: 5
2026-06-03T09:03:23.331-04:00  INFO 10180 --- [payment-service] [http-nio-8085-exec-4] cl.duoc.pago.controller.PagoController   : Consultando estado del pago con ID: 989
2026-06-03T09:03:33.514-04:00  INFO 10180 --- [payment-service] [http-nio-8085-exec-7] cl.duoc.pago.controller.PagoController   : Consultando estado del pago con ID: 90
2026-06-03T09:03:35.780-04:00  INFO 10180 --- [payment-service] [http-nio-8085-exec-10] cl.duoc.pago.controller.PagoController   : Consultando estado del pago con ID: 90
2026-06-03T09:03:40.254-04:00  INFO 10180 --- [payment-service] [http-nio-8085-exec-5] cl.duoc.pago.controller.PagoController   : Consultando estado del pago con ID: 60
2026-06-03T09:03:45.167-04:00  INFO 10180 --- [payment-service] [http-nio-8085-exec-1] cl.duoc.pago.controller.PagoController   : Consultando estado del pago con ID: 23
2026-06-03T09:07:27.801-04:00  INFO 10180 --- [payment-service] [AsyncResolver-bootstrap-executor-0] c.n.d.s.r.aws.ConfigClusterResolver      : Resolving eureka endpoints via configuration
2026-06-03T09:12:27.808-04:00  INFO 10180 --- [payment-service] [AsyncResolver-bootstrap-executor-0] c.n.d.s.r.aws.ConfigClusterResolver      : Resolving eureka endpoints via configuration
2026-06-03T09:17:27.815-04:00  INFO 10180 --- [payment-service] [AsyncResolver-bootstrap-executor-0] c.n.d.s.r.aws.ConfigClusterResolver      : Resolving eureka endpoints via configuration
2026-06-03T09:22:27.829-04:00  INFO 10180 --- [payment-service] [AsyncResolver-bootstrap-executor-0] c.n.d.s.r.aws.ConfigClusterResolver      : Resolving eureka endpoints via configuration
2026-06-03T09:27:27.831-04:00  INFO 10180 --- [payment-service] [AsyncResolver-bootstrap-executor-0] c.n.d.s.r.aws.ConfigClusterResolver      : Resolving eureka endpoints via configuration
2026-06-03T09:32:27.845-04:00  INFO 10180 --- [payment-service] [AsyncResolver-bootstrap-executor-0] c.n.d.s.r.aws.ConfigClusterResolver      : Resolving eureka endpoints via configuration
2026-06-03T09:37:27.851-04:00  INFO 10180 --- [payment-service] [AsyncResolver-bootstrap-executor-0] c.n.d.s.r.aws.ConfigClusterResolver      : Resolving eureka endpoints via configuration
2026-06-03T09:42:27.857-04:00  INFO 10180 --- [payment-service] [AsyncResolver-bootstrap-executor-0] c.n.d.s.r.aws.ConfigClusterResolver      : Resolving eureka endpoints via configuration
2026-06-03T09:45:54.715-04:00  INFO 15256 --- [payment-service] [main] cl.duoc.pago.PagoApplication             : Starting PagoApplication using Java 21.0.10 with PID 15256 (C:\Users\diego\OneDrive\Escritorio\Perfumeria-DiegoGalvezSantander-eureka\pago\target\classes started by diego in C:\Users\diego\OneDrive\Escritorio\Perfumeria-DiegoGalvezSantander-eureka\pago)
2026-06-03T09:45:54.719-04:00  INFO 15256 --- [payment-service] [main] cl.duoc.pago.PagoApplication             : No active profile set, falling back to 1 default profile: "default"
2026-06-03T09:45:56.404-04:00  INFO 15256 --- [payment-service] [main] .s.d.r.c.RepositoryConfigurationDelegate : Bootstrapping Spring Data JPA repositories in DEFAULT mode.
2026-06-03T09:45:56.557-04:00  INFO 15256 --- [payment-service] [main] .s.d.r.c.RepositoryConfigurationDelegate : Finished Spring Data repository scanning in 144 ms. Found 1 JPA repository interface.
2026-06-03T09:45:56.886-04:00  INFO 15256 --- [payment-service] [main] o.s.cloud.context.scope.GenericScope     : BeanFactory id=eb8be85e-bf4e-3a5d-b75a-8b398e34ecf3
2026-06-03T09:45:57.334-04:00  WARN 15256 --- [payment-service] [main] trationDelegate$BeanPostProcessorChecker : Bean 'org.springframework.cloud.client.loadbalancer.LoadBalancerAutoConfiguration$DeferringLoadBalancerInterceptorConfig' of type [org.springframework.cloud.client.loadbalancer.LoadBalancerAutoConfiguration$DeferringLoadBalancerInterceptorConfig] is not eligible for getting processed by all BeanPostProcessors (for example: not eligible for auto-proxying). The currently created BeanPostProcessor [lbRestClientPostProcessor] is declared through a non-static factory method on that class; consider declaring it as static instead.
2026-06-03T09:45:57.338-04:00  WARN 15256 --- [payment-service] [main] trationDelegate$BeanPostProcessorChecker : Bean 'deferringLoadBalancerInterceptor' of type [org.springframework.cloud.client.loadbalancer.DeferringLoadBalancerInterceptor] is not eligible for getting processed by all BeanPostProcessors (for example: not eligible for auto-proxying). Is this bean getting eagerly injected into a currently created BeanPostProcessor [lbRestClientPostProcessor]? Check the corresponding BeanPostProcessor declaration and its dependencies.
2026-06-03T09:45:57.343-04:00  WARN 15256 --- [payment-service] [main] trationDelegate$BeanPostProcessorChecker : Bean 'org.springframework.cloud.client.loadbalancer.reactive.LoadBalancerBeanPostProcessorAutoConfiguration' of type [org.springframework.cloud.client.loadbalancer.reactive.LoadBalancerBeanPostProcessorAutoConfiguration] is not eligible for getting processed by all BeanPostProcessors (for example: not eligible for auto-proxying). The currently created BeanPostProcessor [loadBalancerWebClientBuilderBeanPostProcessor] is declared through a non-static factory method on that class; consider declaring it as static instead.
2026-06-03T09:45:57.346-04:00  WARN 15256 --- [payment-service] [main] trationDelegate$BeanPostProcessorChecker : Bean 'org.springframework.cloud.client.loadbalancer.reactive.LoadBalancerBeanPostProcessorAutoConfiguration$ReactorDeferringLoadBalancerFilterConfig' of type [org.springframework.cloud.client.loadbalancer.reactive.LoadBalancerBeanPostProcessorAutoConfiguration$ReactorDeferringLoadBalancerFilterConfig] is not eligible for getting processed by all BeanPostProcessors (for example: not eligible for auto-proxying). Is this bean getting eagerly injected into a currently created BeanPostProcessor [loadBalancerWebClientBuilderBeanPostProcessor]? Check the corresponding BeanPostProcessor declaration and its dependencies.
2026-06-03T09:45:57.350-04:00  WARN 15256 --- [payment-service] [main] trationDelegate$BeanPostProcessorChecker : Bean 'reactorDeferringLoadBalancerExchangeFilterFunction' of type [org.springframework.cloud.client.loadbalancer.reactive.DeferringLoadBalancerExchangeFilterFunction] is not eligible for getting processed by all BeanPostProcessors (for example: not eligible for auto-proxying). Is this bean getting eagerly injected into a currently created BeanPostProcessor [loadBalancerWebClientBuilderBeanPostProcessor]? Check the corresponding BeanPostProcessor declaration and its dependencies.
2026-06-03T09:45:57.696-04:00  INFO 15256 --- [payment-service] [main] o.s.b.w.embedded.tomcat.TomcatWebServer  : Tomcat initialized with port 8085 (http)
2026-06-03T09:45:57.710-04:00  INFO 15256 --- [payment-service] [main] o.apache.catalina.core.StandardService   : Starting service [Tomcat]
2026-06-03T09:45:57.711-04:00  INFO 15256 --- [payment-service] [main] o.apache.catalina.core.StandardEngine    : Starting Servlet engine: [Apache Tomcat/10.1.19]
2026-06-03T09:45:57.813-04:00  INFO 15256 --- [payment-service] [main] o.a.c.c.C.[Tomcat].[localhost].[/]       : Initializing Spring embedded WebApplicationContext
2026-06-03T09:45:57.813-04:00  INFO 15256 --- [payment-service] [main] w.s.c.ServletWebServerApplicationContext : Root WebApplicationContext: initialization completed in 3035 ms
2026-06-03T09:45:58.270-04:00  INFO 15256 --- [payment-service] [main] o.hibernate.jpa.internal.util.LogHelper  : HHH000204: Processing PersistenceUnitInfo [name: default]
2026-06-03T09:45:58.346-04:00  INFO 15256 --- [payment-service] [main] org.hibernate.Version                    : HHH000412: Hibernate ORM core version 6.4.4.Final
2026-06-03T09:45:58.448-04:00  INFO 15256 --- [payment-service] [main] o.h.c.internal.RegionFactoryInitiator    : HHH000026: Second-level cache disabled
2026-06-03T09:45:58.753-04:00  INFO 15256 --- [payment-service] [main] o.s.o.j.p.SpringPersistenceUnitInfo      : No LoadTimeWeaver setup: ignoring JPA class transformer
2026-06-03T09:45:58.786-04:00  INFO 15256 --- [payment-service] [main] com.zaxxer.hikari.HikariDataSource       : HikariPool-1 - Starting...
2026-06-03T09:45:59.208-04:00  INFO 15256 --- [payment-service] [main] com.zaxxer.hikari.pool.HikariPool        : HikariPool-1 - Added connection com.mysql.cj.jdbc.ConnectionImpl@7ec8db0c
2026-06-03T09:45:59.211-04:00  INFO 15256 --- [payment-service] [main] com.zaxxer.hikari.HikariDataSource       : HikariPool-1 - Start completed.
2026-06-03T09:45:59.272-04:00  WARN 15256 --- [payment-service] [main] org.hibernate.orm.deprecation            : HHH90000025: MySQLDialect does not need to be specified explicitly using 'hibernate.dialect' (remove the property setting and it will be selected by default)
2026-06-03T09:46:00.262-04:00  INFO 15256 --- [payment-service] [main] o.h.e.t.j.p.i.JtaPlatformInitiator       : HHH000489: No JTA platform available (set 'hibernate.transaction.jta.platform' to enable JTA platform integration)
2026-06-03T09:46:00.305-04:00  INFO 15256 --- [payment-service] [main] j.LocalContainerEntityManagerFactoryBean : Initialized JPA EntityManagerFactory for persistence unit 'default'
2026-06-03T09:46:00.985-04:00  WARN 15256 --- [payment-service] [main] JpaBaseConfiguration$JpaWebConfiguration : spring.jpa.open-in-view is enabled by default. Therefore, database queries may be performed during view rendering. Explicitly configure spring.jpa.open-in-view to disable this warning
2026-06-03T09:46:02.264-04:00  INFO 15256 --- [payment-service] [main] DiscoveryClientOptionalArgsConfiguration : Eureka HTTP Client uses RestTemplate.
2026-06-03T09:46:02.342-04:00  WARN 15256 --- [payment-service] [main] iguration$LoadBalancerCaffeineWarnLogger : Spring Cloud LoadBalancer is currently working with the default cache. While this cache implementation is useful for development and tests, it's recommended to use Caffeine cache in production.You can switch to using Caffeine cache, by adding it and org.springframework.cache.caffeine.CaffeineCacheManager to the classpath.
2026-06-03T09:46:02.352-04:00  INFO 15256 --- [payment-service] [main] o.s.b.a.e.web.EndpointLinksResolver      : Exposing 1 endpoint(s) beneath base path '/actuator'
2026-06-03T09:46:02.483-04:00  INFO 15256 --- [payment-service] [main] o.s.c.n.eureka.InstanceInfoFactory       : Setting initial instance status as: STARTING
2026-06-03T09:46:02.540-04:00  INFO 15256 --- [payment-service] [main] com.netflix.discovery.DiscoveryClient    : Initializing Eureka in region us-east-1
2026-06-03T09:46:02.546-04:00  INFO 15256 --- [payment-service] [main] c.n.d.s.r.aws.ConfigClusterResolver      : Resolving eureka endpoints via configuration
2026-06-03T09:46:02.578-04:00  INFO 15256 --- [payment-service] [main] com.netflix.discovery.DiscoveryClient    : Disable delta property : false
2026-06-03T09:46:02.578-04:00  INFO 15256 --- [payment-service] [main] com.netflix.discovery.DiscoveryClient    : Single vip registry refresh property : null
2026-06-03T09:46:02.579-04:00  INFO 15256 --- [payment-service] [main] com.netflix.discovery.DiscoveryClient    : Force full registry fetch : false
2026-06-03T09:46:02.579-04:00  INFO 15256 --- [payment-service] [main] com.netflix.discovery.DiscoveryClient    : Application is null : false
2026-06-03T09:46:02.579-04:00  INFO 15256 --- [payment-service] [main] com.netflix.discovery.DiscoveryClient    : Registered Applications size is zero : true
2026-06-03T09:46:02.579-04:00  INFO 15256 --- [payment-service] [main] com.netflix.discovery.DiscoveryClient    : Application version is -1: true
2026-06-03T09:46:02.579-04:00  INFO 15256 --- [payment-service] [main] com.netflix.discovery.DiscoveryClient    : Getting all instance registry info from the eureka server
2026-06-03T09:46:03.007-04:00  INFO 15256 --- [payment-service] [main] com.netflix.discovery.DiscoveryClient    : The response status is 200
2026-06-03T09:46:03.011-04:00  INFO 15256 --- [payment-service] [main] com.netflix.discovery.DiscoveryClient    : Starting heartbeat executor: renew interval is: 30
2026-06-03T09:46:03.014-04:00  INFO 15256 --- [payment-service] [main] c.n.discovery.InstanceInfoReplicator     : InstanceInfoReplicator onDemand update allowed rate per min is 4
2026-06-03T09:46:03.021-04:00  INFO 15256 --- [payment-service] [main] com.netflix.discovery.DiscoveryClient    : Discovery Client initialized at timestamp 1780494363019 with initial instances count: 2
2026-06-03T09:46:03.030-04:00  INFO 15256 --- [payment-service] [main] o.s.c.n.e.s.EurekaServiceRegistry        : Registering application PAYMENT-SERVICE with eureka with status UP
2026-06-03T09:46:03.032-04:00  INFO 15256 --- [payment-service] [main] com.netflix.discovery.DiscoveryClient    : Saw local status change event StatusChangeEvent [timestamp=1780494363032, current=UP, previous=STARTING]
2026-06-03T09:46:03.034-04:00  INFO 15256 --- [payment-service] [DiscoveryClient-InstanceInfoReplicator-0] com.netflix.discovery.DiscoveryClient    : DiscoveryClient_PAYMENT-SERVICE/Diego:payment-service:8085: registering service...
2026-06-03T09:46:03.066-04:00  INFO 15256 --- [payment-service] [main] o.s.b.w.embedded.tomcat.TomcatWebServer  : Tomcat started on port 8085 (http) with context path ''
2026-06-03T09:46:03.067-04:00  INFO 15256 --- [payment-service] [main] .s.c.n.e.s.EurekaAutoServiceRegistration : Updating port to 8085
2026-06-03T09:46:03.090-04:00  INFO 15256 --- [payment-service] [main] cl.duoc.pago.PagoApplication             : Started PagoApplication in 8.912 seconds (process running for 9.817)
2026-06-03T09:46:03.094-04:00  INFO 15256 --- [payment-service] [DiscoveryClient-InstanceInfoReplicator-0] com.netflix.discovery.DiscoveryClient    : DiscoveryClient_PAYMENT-SERVICE/Diego:payment-service:8085 - registration status: 204
2026-06-03T09:46:03.278-04:00  INFO 15256 --- [payment-service] [RMI TCP Connection(2)-127.0.0.1] o.a.c.c.C.[Tomcat].[localhost].[/]       : Initializing Spring DispatcherServlet 'dispatcherServlet'
2026-06-03T09:46:03.278-04:00  INFO 15256 --- [payment-service] [RMI TCP Connection(2)-127.0.0.1] o.s.web.servlet.DispatcherServlet        : Initializing Servlet 'dispatcherServlet'
2026-06-03T09:46:03.280-04:00  INFO 15256 --- [payment-service] [RMI TCP Connection(2)-127.0.0.1] o.s.web.servlet.DispatcherServlet        : Completed initialization in 2 ms
2026-06-03T09:47:53.710-04:00  INFO 15256 --- [payment-service] [http-nio-8085-exec-1] cl.duoc.pago.controller.PagoController   : Procesando transacción de pago...
2026-06-03T09:47:59.651-04:00  INFO 15256 --- [payment-service] [http-nio-8085-exec-3] cl.duoc.pago.controller.PagoController   : Procesando transacción de pago...
2026-06-03T09:48:07.765-04:00  INFO 15256 --- [payment-service] [http-nio-8085-exec-4] cl.duoc.pago.controller.PagoController   : Procesando transacción de pago...
2026-06-03T09:48:26.086-04:00  INFO 15256 --- [payment-service] [http-nio-8085-exec-5] cl.duoc.pago.controller.PagoController   : Procesando transacción de pago...
2026-06-03T09:49:01.470-04:00  INFO 15256 --- [payment-service] [http-nio-8085-exec-6] cl.duoc.pago.controller.PagoController   : Consultando estado del pago con ID: 23
2026-06-03T09:49:07.042-04:00  INFO 15256 --- [payment-service] [http-nio-8085-exec-7] cl.duoc.pago.controller.PagoController   : Consultando estado del pago con ID: 23
2026-06-03T09:49:34.378-04:00  INFO 15256 --- [payment-service] [http-nio-8085-exec-9] cl.duoc.pago.controller.PagoController   : Consultando estado del pago con ID: 23
2026-06-03T09:49:36.746-04:00  INFO 15256 --- [payment-service] [http-nio-8085-exec-10] cl.duoc.pago.controller.PagoController   : Consultando estado del pago con ID: 23
2026-06-03T09:50:06.354-04:00  INFO 15256 --- [payment-service] [http-nio-8085-exec-2] cl.duoc.pago.controller.PagoController   : Consultando estado del pago con ID: 23
2026-06-03T09:50:07.759-04:00  INFO 15256 --- [payment-service] [http-nio-8085-exec-1] cl.duoc.pago.controller.PagoController   : Consultando estado del pago con ID: 23
2026-06-03T09:50:52.292-04:00  INFO 15256 --- [payment-service] [http-nio-8085-exec-3] cl.duoc.pago.controller.PagoController   : Consultando estado del pago con ID: 23
2026-06-03T09:51:02.582-04:00  INFO 15256 --- [payment-service] [AsyncResolver-bootstrap-executor-0] c.n.d.s.r.aws.ConfigClusterResolver      : Resolving eureka endpoints via configuration
2026-06-03T09:51:06.705-04:00  INFO 15256 --- [payment-service] [http-nio-8085-exec-4] cl.duoc.pago.controller.PagoController   : Consultando estado del pago con ID: 23
2026-06-03T10:08:55.314-04:00  INFO 7608 --- [payment-service] [main] cl.duoc.pago.PagoApplication             : Starting PagoApplication using Java 21.0.10 with PID 7608 (C:\Users\diego\OneDrive\Escritorio\Perfumeria-DiegoGalvezSantander-eureka\pago\target\classes started by diego in C:\Users\diego\OneDrive\Escritorio\Perfumeria-DiegoGalvezSantander-eureka\pago)
2026-06-03T10:08:55.320-04:00  INFO 7608 --- [payment-service] [main] cl.duoc.pago.PagoApplication             : No active profile set, falling back to 1 default profile: "default"
2026-06-03T10:08:58.506-04:00  INFO 7608 --- [payment-service] [main] .s.d.r.c.RepositoryConfigurationDelegate : Bootstrapping Spring Data JPA repositories in DEFAULT mode.
2026-06-03T10:08:58.793-04:00  INFO 7608 --- [payment-service] [main] .s.d.r.c.RepositoryConfigurationDelegate : Finished Spring Data repository scanning in 272 ms. Found 1 JPA repository interface.
2026-06-03T10:08:59.396-04:00  INFO 7608 --- [payment-service] [main] o.s.cloud.context.scope.GenericScope     : BeanFactory id=eb8be85e-bf4e-3a5d-b75a-8b398e34ecf3
2026-06-03T10:09:00.146-04:00  WARN 7608 --- [payment-service] [main] trationDelegate$BeanPostProcessorChecker : Bean 'org.springframework.cloud.client.loadbalancer.LoadBalancerAutoConfiguration$DeferringLoadBalancerInterceptorConfig' of type [org.springframework.cloud.client.loadbalancer.LoadBalancerAutoConfiguration$DeferringLoadBalancerInterceptorConfig] is not eligible for getting processed by all BeanPostProcessors (for example: not eligible for auto-proxying). The currently created BeanPostProcessor [lbRestClientPostProcessor] is declared through a non-static factory method on that class; consider declaring it as static instead.
2026-06-03T10:09:00.154-04:00  WARN 7608 --- [payment-service] [main] trationDelegate$BeanPostProcessorChecker : Bean 'deferringLoadBalancerInterceptor' of type [org.springframework.cloud.client.loadbalancer.DeferringLoadBalancerInterceptor] is not eligible for getting processed by all BeanPostProcessors (for example: not eligible for auto-proxying). Is this bean getting eagerly injected into a currently created BeanPostProcessor [lbRestClientPostProcessor]? Check the corresponding BeanPostProcessor declaration and its dependencies.
2026-06-03T10:09:00.162-04:00  WARN 7608 --- [payment-service] [main] trationDelegate$BeanPostProcessorChecker : Bean 'org.springframework.cloud.client.loadbalancer.reactive.LoadBalancerBeanPostProcessorAutoConfiguration' of type [org.springframework.cloud.client.loadbalancer.reactive.LoadBalancerBeanPostProcessorAutoConfiguration] is not eligible for getting processed by all BeanPostProcessors (for example: not eligible for auto-proxying). The currently created BeanPostProcessor [loadBalancerWebClientBuilderBeanPostProcessor] is declared through a non-static factory method on that class; consider declaring it as static instead.
2026-06-03T10:09:00.169-04:00  WARN 7608 --- [payment-service] [main] trationDelegate$BeanPostProcessorChecker : Bean 'org.springframework.cloud.client.loadbalancer.reactive.LoadBalancerBeanPostProcessorAutoConfiguration$ReactorDeferringLoadBalancerFilterConfig' of type [org.springframework.cloud.client.loadbalancer.reactive.LoadBalancerBeanPostProcessorAutoConfiguration$ReactorDeferringLoadBalancerFilterConfig] is not eligible for getting processed by all BeanPostProcessors (for example: not eligible for auto-proxying). Is this bean getting eagerly injected into a currently created BeanPostProcessor [loadBalancerWebClientBuilderBeanPostProcessor]? Check the corresponding BeanPostProcessor declaration and its dependencies.
2026-06-03T10:09:00.175-04:00  WARN 7608 --- [payment-service] [main] trationDelegate$BeanPostProcessorChecker : Bean 'reactorDeferringLoadBalancerExchangeFilterFunction' of type [org.springframework.cloud.client.loadbalancer.reactive.DeferringLoadBalancerExchangeFilterFunction] is not eligible for getting processed by all BeanPostProcessors (for example: not eligible for auto-proxying). Is this bean getting eagerly injected into a currently created BeanPostProcessor [loadBalancerWebClientBuilderBeanPostProcessor]? Check the corresponding BeanPostProcessor declaration and its dependencies.
2026-06-03T10:09:00.769-04:00  INFO 7608 --- [payment-service] [main] o.s.b.w.embedded.tomcat.TomcatWebServer  : Tomcat initialized with port 8085 (http)
2026-06-03T10:09:00.799-04:00  INFO 7608 --- [payment-service] [main] o.apache.catalina.core.StandardService   : Starting service [Tomcat]
2026-06-03T10:09:00.800-04:00  INFO 7608 --- [payment-service] [main] o.apache.catalina.core.StandardEngine    : Starting Servlet engine: [Apache Tomcat/10.1.19]
2026-06-03T10:09:00.950-04:00  INFO 7608 --- [payment-service] [main] o.a.c.c.C.[Tomcat].[localhost].[/]       : Initializing Spring embedded WebApplicationContext
2026-06-03T10:09:00.951-04:00  INFO 7608 --- [payment-service] [main] w.s.c.ServletWebServerApplicationContext : Root WebApplicationContext: initialization completed in 5542 ms
2026-06-03T10:09:01.525-04:00  INFO 7608 --- [payment-service] [main] o.hibernate.jpa.internal.util.LogHelper  : HHH000204: Processing PersistenceUnitInfo [name: default]
2026-06-03T10:09:01.638-04:00  INFO 7608 --- [payment-service] [main] org.hibernate.Version                    : HHH000412: Hibernate ORM core version 6.4.4.Final
2026-06-03T10:09:01.700-04:00  INFO 7608 --- [payment-service] [main] o.h.c.internal.RegionFactoryInitiator    : HHH000026: Second-level cache disabled
2026-06-03T10:09:02.283-04:00  INFO 7608 --- [payment-service] [main] o.s.o.j.p.SpringPersistenceUnitInfo      : No LoadTimeWeaver setup: ignoring JPA class transformer
2026-06-03T10:09:02.386-04:00  INFO 7608 --- [payment-service] [main] com.zaxxer.hikari.HikariDataSource       : HikariPool-1 - Starting...
2026-06-03T10:09:02.862-04:00  INFO 7608 --- [payment-service] [main] com.zaxxer.hikari.pool.HikariPool        : HikariPool-1 - Added connection com.mysql.cj.jdbc.ConnectionImpl@5392aa2b
2026-06-03T10:09:02.865-04:00  INFO 7608 --- [payment-service] [main] com.zaxxer.hikari.HikariDataSource       : HikariPool-1 - Start completed.
2026-06-03T10:09:02.924-04:00  WARN 7608 --- [payment-service] [main] org.hibernate.orm.deprecation            : HHH90000025: MySQLDialect does not need to be specified explicitly using 'hibernate.dialect' (remove the property setting and it will be selected by default)
2026-06-03T10:09:03.904-04:00  INFO 7608 --- [payment-service] [main] o.h.e.t.j.p.i.JtaPlatformInitiator       : HHH000489: No JTA platform available (set 'hibernate.transaction.jta.platform' to enable JTA platform integration)
2026-06-03T10:09:03.955-04:00  INFO 7608 --- [payment-service] [main] j.LocalContainerEntityManagerFactoryBean : Initialized JPA EntityManagerFactory for persistence unit 'default'
2026-06-03T10:09:04.603-04:00  WARN 7608 --- [payment-service] [main] JpaBaseConfiguration$JpaWebConfiguration : spring.jpa.open-in-view is enabled by default. Therefore, database queries may be performed during view rendering. Explicitly configure spring.jpa.open-in-view to disable this warning
2026-06-03T10:09:05.852-04:00  INFO 7608 --- [payment-service] [main] DiscoveryClientOptionalArgsConfiguration : Eureka HTTP Client uses RestTemplate.
2026-06-03T10:09:05.928-04:00  WARN 7608 --- [payment-service] [main] iguration$LoadBalancerCaffeineWarnLogger : Spring Cloud LoadBalancer is currently working with the default cache. While this cache implementation is useful for development and tests, it's recommended to use Caffeine cache in production.You can switch to using Caffeine cache, by adding it and org.springframework.cache.caffeine.CaffeineCacheManager to the classpath.
2026-06-03T10:09:05.940-04:00  INFO 7608 --- [payment-service] [main] o.s.b.a.e.web.EndpointLinksResolver      : Exposing 1 endpoint(s) beneath base path '/actuator'
2026-06-03T10:09:06.083-04:00  INFO 7608 --- [payment-service] [main] o.s.c.n.eureka.InstanceInfoFactory       : Setting initial instance status as: STARTING
2026-06-03T10:09:06.147-04:00  INFO 7608 --- [payment-service] [main] com.netflix.discovery.DiscoveryClient    : Initializing Eureka in region us-east-1
2026-06-03T10:09:06.155-04:00  INFO 7608 --- [payment-service] [main] c.n.d.s.r.aws.ConfigClusterResolver      : Resolving eureka endpoints via configuration
2026-06-03T10:09:06.201-04:00  INFO 7608 --- [payment-service] [main] com.netflix.discovery.DiscoveryClient    : Disable delta property : false
2026-06-03T10:09:06.201-04:00  INFO 7608 --- [payment-service] [main] com.netflix.discovery.DiscoveryClient    : Single vip registry refresh property : null
2026-06-03T10:09:06.201-04:00  INFO 7608 --- [payment-service] [main] com.netflix.discovery.DiscoveryClient    : Force full registry fetch : false
2026-06-03T10:09:06.202-04:00  INFO 7608 --- [payment-service] [main] com.netflix.discovery.DiscoveryClient    : Application is null : false
2026-06-03T10:09:06.203-04:00  INFO 7608 --- [payment-service] [main] com.netflix.discovery.DiscoveryClient    : Registered Applications size is zero : true
2026-06-03T10:09:06.204-04:00  INFO 7608 --- [payment-service] [main] com.netflix.discovery.DiscoveryClient    : Application version is -1: true
2026-06-03T10:09:06.205-04:00  INFO 7608 --- [payment-service] [main] com.netflix.discovery.DiscoveryClient    : Getting all instance registry info from the eureka server
2026-06-03T10:09:06.665-04:00  INFO 7608 --- [payment-service] [main] com.netflix.discovery.DiscoveryClient    : The response status is 200
2026-06-03T10:09:06.670-04:00  INFO 7608 --- [payment-service] [main] com.netflix.discovery.DiscoveryClient    : Starting heartbeat executor: renew interval is: 30
2026-06-03T10:09:06.675-04:00  INFO 7608 --- [payment-service] [main] c.n.discovery.InstanceInfoReplicator     : InstanceInfoReplicator onDemand update allowed rate per min is 4
2026-06-03T10:09:06.684-04:00  INFO 7608 --- [payment-service] [main] com.netflix.discovery.DiscoveryClient    : Discovery Client initialized at timestamp 1780495746682 with initial instances count: 1
2026-06-03T10:09:06.689-04:00  INFO 7608 --- [payment-service] [RMI TCP Connection(2)-127.0.0.1] o.a.c.c.C.[Tomcat].[localhost].[/]       : Initializing Spring DispatcherServlet 'dispatcherServlet'
2026-06-03T10:09:06.689-04:00  INFO 7608 --- [payment-service] [RMI TCP Connection(2)-127.0.0.1] o.s.web.servlet.DispatcherServlet        : Initializing Servlet 'dispatcherServlet'
2026-06-03T10:09:06.693-04:00  INFO 7608 --- [payment-service] [RMI TCP Connection(2)-127.0.0.1] o.s.web.servlet.DispatcherServlet        : Completed initialization in 2 ms
2026-06-03T10:09:06.696-04:00  INFO 7608 --- [payment-service] [main] o.s.c.n.e.s.EurekaServiceRegistry        : Registering application PAYMENT-SERVICE with eureka with status UP
2026-06-03T10:09:06.697-04:00  INFO 7608 --- [payment-service] [main] com.netflix.discovery.DiscoveryClient    : Saw local status change event StatusChangeEvent [timestamp=1780495746697, current=UP, previous=STARTING]
2026-06-03T10:09:06.701-04:00  INFO 7608 --- [payment-service] [DiscoveryClient-InstanceInfoReplicator-0] com.netflix.discovery.DiscoveryClient    : DiscoveryClient_PAYMENT-SERVICE/Diego:payment-service:8085: registering service...
2026-06-03T10:09:06.744-04:00  INFO 7608 --- [payment-service] [main] o.s.b.w.embedded.tomcat.TomcatWebServer  : Tomcat started on port 8085 (http) with context path ''
2026-06-03T10:09:06.746-04:00  INFO 7608 --- [payment-service] [main] .s.c.n.e.s.EurekaAutoServiceRegistration : Updating port to 8085
2026-06-03T10:09:06.750-04:00  INFO 7608 --- [payment-service] [DiscoveryClient-InstanceInfoReplicator-0] com.netflix.discovery.DiscoveryClient    : DiscoveryClient_PAYMENT-SERVICE/Diego:payment-service:8085 - registration status: 204
2026-06-03T10:09:06.756-04:00  INFO 7608 --- [payment-service] [main] cl.duoc.pago.PagoApplication             : Started PagoApplication in 12.121 seconds (process running for 13.364)
2026-06-03T10:14:06.213-04:00  INFO 7608 --- [payment-service] [AsyncResolver-bootstrap-executor-0] c.n.d.s.r.aws.ConfigClusterResolver      : Resolving eureka endpoints via configuration
2026-06-03T10:18:14.038-04:00  INFO 7608 --- [payment-service] [http-nio-8085-exec-4] cl.duoc.pago.controller.PagoController   : Procesando transacción de pago...
2026-06-03T10:18:15.929-04:00  INFO 7608 --- [payment-service] [http-nio-8085-exec-3] cl.duoc.pago.controller.PagoController   : Procesando transacción de pago...
2026-06-03T10:18:17.200-04:00  INFO 7608 --- [payment-service] [http-nio-8085-exec-8] cl.duoc.pago.controller.PagoController   : Procesando transacción de pago...
2026-06-03T10:18:22.196-04:00  INFO 7608 --- [payment-service] [http-nio-8085-exec-1] cl.duoc.pago.controller.PagoController   : Procesando transacción de pago...
2026-06-03T10:18:35.129-04:00  INFO 7608 --- [payment-service] [http-nio-8085-exec-5] cl.duoc.pago.controller.PagoController   : Procesando transacción de pago...
2026-06-03T10:18:51.965-04:00  INFO 7608 --- [payment-service] [http-nio-8085-exec-9] cl.duoc.pago.controller.PagoController   : Consultando estado del pago con ID: 23
2026-06-03T10:18:53.639-04:00  INFO 7608 --- [payment-service] [http-nio-8085-exec-6] cl.duoc.pago.controller.PagoController   : Consultando estado del pago con ID: 23
2026-06-03T10:18:58.034-04:00  INFO 7608 --- [payment-service] [http-nio-8085-exec-7] cl.duoc.pago.controller.PagoController   : Consultando estado del pago con ID: 23
2026-06-03T10:18:59.038-04:00  INFO 7608 --- [payment-service] [http-nio-8085-exec-10] cl.duoc.pago.controller.PagoController   : Consultando estado del pago con ID: 23
2026-06-03T10:19:00.034-04:00  INFO 7608 --- [payment-service] [http-nio-8085-exec-2] cl.duoc.pago.controller.PagoController   : Consultando estado del pago con ID: 23
2026-06-03T10:19:06.221-04:00  INFO 7608 --- [payment-service] [AsyncResolver-bootstrap-executor-0] c.n.d.s.r.aws.ConfigClusterResolver      : Resolving eureka endpoints via configuration
2026-06-03T10:21:55.156-04:00  INFO 7608 --- [payment-service] [http-nio-8085-exec-1] cl.duoc.pago.controller.PagoController   : Consultando estado del pago con ID: 23
2026-06-03T10:21:56.338-04:00  INFO 7608 --- [payment-service] [http-nio-8085-exec-5] cl.duoc.pago.controller.PagoController   : Consultando estado del pago con ID: 23
2026-06-03T10:21:57.295-04:00  INFO 7608 --- [payment-service] [http-nio-8085-exec-9] cl.duoc.pago.controller.PagoController   : Consultando estado del pago con ID: 23
2026-06-03T10:24:06.328-04:00  INFO 7608 --- [payment-service] [AsyncResolver-bootstrap-executor-0] c.n.d.s.r.aws.ConfigClusterResolver      : Resolving eureka endpoints via configuration
2026-06-03T10:26:33.851-04:00  INFO 7608 --- [payment-service] [http-nio-8085-exec-7] cl.duoc.pago.controller.PagoController   : Procesando transacción de pago...
2026-06-03T10:26:57.277-04:00  INFO 7608 --- [payment-service] [http-nio-8085-exec-10] cl.duoc.pago.controller.PagoController   : Procesando transacción de pago...
2026-06-03T10:26:58.677-04:00  INFO 7608 --- [payment-service] [http-nio-8085-exec-2] cl.duoc.pago.controller.PagoController   : Procesando transacción de pago...
2026-06-03T10:27:00.050-04:00  INFO 7608 --- [payment-service] [http-nio-8085-exec-4] cl.duoc.pago.controller.PagoController   : Procesando transacción de pago...
2026-06-03T10:29:06.338-04:00  INFO 7608 --- [payment-service] [AsyncResolver-bootstrap-executor-0] c.n.d.s.r.aws.ConfigClusterResolver      : Resolving eureka endpoints via configuration
2026-06-03T10:29:55.036-04:00  INFO 7608 --- [payment-service] [http-nio-8085-exec-2] o.springdoc.api.AbstractOpenApiResource  : Init duration for springdoc-openapi is: 234 ms
