2026-06-03T08:49:54.143-04:00  INFO 15556 --- [inventario-service] [main] c.duoc.inventario.InventarioApplication  : Starting InventarioApplication using Java 21.0.10 with PID 15556 (C:\Users\diego\OneDrive\Escritorio\Perfumeria-DiegoGalvezSantander-eureka\inventario\target\classes started by diego in C:\Users\diego\OneDrive\Escritorio\Perfumeria-DiegoGalvezSantander-eureka)
2026-06-03T08:49:54.147-04:00  INFO 15556 --- [inventario-service] [main] c.duoc.inventario.InventarioApplication  : No active profile set, falling back to 1 default profile: "default"
2026-06-03T08:49:55.903-04:00  INFO 15556 --- [inventario-service] [main] .s.d.r.c.RepositoryConfigurationDelegate : Bootstrapping Spring Data JPA repositories in DEFAULT mode.
2026-06-03T08:49:56.095-04:00  INFO 15556 --- [inventario-service] [main] .s.d.r.c.RepositoryConfigurationDelegate : Finished Spring Data repository scanning in 169 ms. Found 2 JPA repository interfaces.
2026-06-03T08:49:56.491-04:00  INFO 15556 --- [inventario-service] [main] o.s.cloud.context.scope.GenericScope     : BeanFactory id=68b2370a-87e3-3de1-adc1-97a914f08c81
2026-06-03T08:49:56.904-04:00  WARN 15556 --- [inventario-service] [main] trationDelegate$BeanPostProcessorChecker : Bean 'org.springframework.cloud.client.loadbalancer.LoadBalancerAutoConfiguration$DeferringLoadBalancerInterceptorConfig' of type [org.springframework.cloud.client.loadbalancer.LoadBalancerAutoConfiguration$DeferringLoadBalancerInterceptorConfig] is not eligible for getting processed by all BeanPostProcessors (for example: not eligible for auto-proxying). The currently created BeanPostProcessor [lbRestClientPostProcessor] is declared through a non-static factory method on that class; consider declaring it as static instead.
2026-06-03T08:49:56.909-04:00  WARN 15556 --- [inventario-service] [main] trationDelegate$BeanPostProcessorChecker : Bean 'deferringLoadBalancerInterceptor' of type [org.springframework.cloud.client.loadbalancer.DeferringLoadBalancerInterceptor] is not eligible for getting processed by all BeanPostProcessors (for example: not eligible for auto-proxying). Is this bean getting eagerly injected into a currently created BeanPostProcessor [lbRestClientPostProcessor]? Check the corresponding BeanPostProcessor declaration and its dependencies.
2026-06-03T08:49:56.913-04:00  WARN 15556 --- [inventario-service] [main] trationDelegate$BeanPostProcessorChecker : Bean 'org.springframework.cloud.client.loadbalancer.reactive.LoadBalancerBeanPostProcessorAutoConfiguration' of type [org.springframework.cloud.client.loadbalancer.reactive.LoadBalancerBeanPostProcessorAutoConfiguration] is not eligible for getting processed by all BeanPostProcessors (for example: not eligible for auto-proxying). The currently created BeanPostProcessor [loadBalancerWebClientBuilderBeanPostProcessor] is declared through a non-static factory method on that class; consider declaring it as static instead.
2026-06-03T08:49:56.916-04:00  WARN 15556 --- [inventario-service] [main] trationDelegate$BeanPostProcessorChecker : Bean 'org.springframework.cloud.client.loadbalancer.reactive.LoadBalancerBeanPostProcessorAutoConfiguration$ReactorDeferringLoadBalancerFilterConfig' of type [org.springframework.cloud.client.loadbalancer.reactive.LoadBalancerBeanPostProcessorAutoConfiguration$ReactorDeferringLoadBalancerFilterConfig] is not eligible for getting processed by all BeanPostProcessors (for example: not eligible for auto-proxying). Is this bean getting eagerly injected into a currently created BeanPostProcessor [loadBalancerWebClientBuilderBeanPostProcessor]? Check the corresponding BeanPostProcessor declaration and its dependencies.
2026-06-03T08:49:56.919-04:00  WARN 15556 --- [inventario-service] [main] trationDelegate$BeanPostProcessorChecker : Bean 'reactorDeferringLoadBalancerExchangeFilterFunction' of type [org.springframework.cloud.client.loadbalancer.reactive.DeferringLoadBalancerExchangeFilterFunction] is not eligible for getting processed by all BeanPostProcessors (for example: not eligible for auto-proxying). Is this bean getting eagerly injected into a currently created BeanPostProcessor [loadBalancerWebClientBuilderBeanPostProcessor]? Check the corresponding BeanPostProcessor declaration and its dependencies.
2026-06-03T08:49:57.283-04:00  INFO 15556 --- [inventario-service] [main] o.s.b.w.embedded.tomcat.TomcatWebServer  : Tomcat initialized with port 8084 (http)
2026-06-03T08:49:57.303-04:00  INFO 15556 --- [inventario-service] [main] o.apache.catalina.core.StandardService   : Starting service [Tomcat]
2026-06-03T08:49:57.303-04:00  INFO 15556 --- [inventario-service] [main] o.apache.catalina.core.StandardEngine    : Starting Servlet engine: [Apache Tomcat/10.1.20]
2026-06-03T08:49:57.410-04:00  INFO 15556 --- [inventario-service] [main] o.a.c.c.C.[Tomcat].[localhost].[/]       : Initializing Spring embedded WebApplicationContext
2026-06-03T08:49:57.411-04:00  INFO 15556 --- [inventario-service] [main] w.s.c.ServletWebServerApplicationContext : Root WebApplicationContext: initialization completed in 3200 ms
2026-06-03T08:49:58.043-04:00  INFO 15556 --- [inventario-service] [main] o.hibernate.jpa.internal.util.LogHelper  : HHH000204: Processing PersistenceUnitInfo [name: default]
2026-06-03T08:49:58.138-04:00  INFO 15556 --- [inventario-service] [main] org.hibernate.Version                    : HHH000412: Hibernate ORM core version 6.4.4.Final
2026-06-03T08:49:58.191-04:00  INFO 15556 --- [inventario-service] [main] o.h.c.internal.RegionFactoryInitiator    : HHH000026: Second-level cache disabled
2026-06-03T08:49:58.580-04:00  INFO 15556 --- [inventario-service] [main] o.s.o.j.p.SpringPersistenceUnitInfo      : No LoadTimeWeaver setup: ignoring JPA class transformer
2026-06-03T08:49:58.613-04:00  INFO 15556 --- [inventario-service] [main] com.zaxxer.hikari.HikariDataSource       : HikariPool-1 - Starting...
2026-06-03T08:49:59.032-04:00  INFO 15556 --- [inventario-service] [main] com.zaxxer.hikari.pool.HikariPool        : HikariPool-1 - Added connection com.mysql.cj.jdbc.ConnectionImpl@7a364e1c
2026-06-03T08:49:59.035-04:00  INFO 15556 --- [inventario-service] [main] com.zaxxer.hikari.HikariDataSource       : HikariPool-1 - Start completed.
2026-06-03T08:50:00.306-04:00  INFO 15556 --- [inventario-service] [main] o.h.e.t.j.p.i.JtaPlatformInitiator       : HHH000489: No JTA platform available (set 'hibernate.transaction.jta.platform' to enable JTA platform integration)
2026-06-03T08:50:00.358-04:00  INFO 15556 --- [inventario-service] [main] j.LocalContainerEntityManagerFactoryBean : Initialized JPA EntityManagerFactory for persistence unit 'default'
2026-06-03T08:50:01.075-04:00  WARN 15556 --- [inventario-service] [main] JpaBaseConfiguration$JpaWebConfiguration : spring.jpa.open-in-view is enabled by default. Therefore, database queries may be performed during view rendering. Explicitly configure spring.jpa.open-in-view to disable this warning
2026-06-03T08:50:02.357-04:00  INFO 15556 --- [inventario-service] [main] DiscoveryClientOptionalArgsConfiguration : Eureka HTTP Client uses RestTemplate.
2026-06-03T08:50:02.439-04:00  WARN 15556 --- [inventario-service] [main] iguration$LoadBalancerCaffeineWarnLogger : Spring Cloud LoadBalancer is currently working with the default cache. While this cache implementation is useful for development and tests, it's recommended to use Caffeine cache in production.You can switch to using Caffeine cache, by adding it and org.springframework.cache.caffeine.CaffeineCacheManager to the classpath.
2026-06-03T08:50:02.449-04:00  INFO 15556 --- [inventario-service] [main] o.s.b.a.e.web.EndpointLinksResolver      : Exposing 1 endpoint(s) beneath base path '/actuator'
2026-06-03T08:50:02.583-04:00  INFO 15556 --- [inventario-service] [main] o.s.c.n.eureka.InstanceInfoFactory       : Setting initial instance status as: STARTING
2026-06-03T08:50:02.641-04:00  INFO 15556 --- [inventario-service] [main] com.netflix.discovery.DiscoveryClient    : Initializing Eureka in region us-east-1
2026-06-03T08:50:02.657-04:00  INFO 15556 --- [inventario-service] [main] c.n.d.s.r.aws.ConfigClusterResolver      : Resolving eureka endpoints via configuration
2026-06-03T08:50:02.690-04:00  INFO 15556 --- [inventario-service] [main] com.netflix.discovery.DiscoveryClient    : Disable delta property : false
2026-06-03T08:50:02.690-04:00  INFO 15556 --- [inventario-service] [main] com.netflix.discovery.DiscoveryClient    : Single vip registry refresh property : null
2026-06-03T08:50:02.690-04:00  INFO 15556 --- [inventario-service] [main] com.netflix.discovery.DiscoveryClient    : Force full registry fetch : false
2026-06-03T08:50:02.690-04:00  INFO 15556 --- [inventario-service] [main] com.netflix.discovery.DiscoveryClient    : Application is null : false
2026-06-03T08:50:02.690-04:00  INFO 15556 --- [inventario-service] [main] com.netflix.discovery.DiscoveryClient    : Registered Applications size is zero : true
2026-06-03T08:50:02.690-04:00  INFO 15556 --- [inventario-service] [main] com.netflix.discovery.DiscoveryClient    : Application version is -1: true
2026-06-03T08:50:02.690-04:00  INFO 15556 --- [inventario-service] [main] com.netflix.discovery.DiscoveryClient    : Getting all instance registry info from the eureka server
2026-06-03T08:50:02.749-04:00  INFO 15556 --- [inventario-service] [RMI TCP Connection(2)-127.0.0.1] o.a.c.c.C.[Tomcat].[localhost].[/]       : Initializing Spring DispatcherServlet 'dispatcherServlet'
2026-06-03T08:50:02.754-04:00  INFO 15556 --- [inventario-service] [RMI TCP Connection(2)-127.0.0.1] o.s.web.servlet.DispatcherServlet        : Initializing Servlet 'dispatcherServlet'
2026-06-03T08:50:02.757-04:00  INFO 15556 --- [inventario-service] [RMI TCP Connection(2)-127.0.0.1] o.s.web.servlet.DispatcherServlet        : Completed initialization in 3 ms
2026-06-03T08:50:03.176-04:00  INFO 15556 --- [inventario-service] [main] com.netflix.discovery.DiscoveryClient    : The response status is 200
2026-06-03T08:50:03.176-04:00  INFO 15556 --- [inventario-service] [main] com.netflix.discovery.DiscoveryClient    : Starting heartbeat executor: renew interval is: 30
2026-06-03T08:50:03.188-04:00  INFO 15556 --- [inventario-service] [main] c.n.discovery.InstanceInfoReplicator     : InstanceInfoReplicator onDemand update allowed rate per min is 4
2026-06-03T08:50:03.191-04:00  INFO 15556 --- [inventario-service] [main] com.netflix.discovery.DiscoveryClient    : Discovery Client initialized at timestamp 1780491003191 with initial instances count: 6
2026-06-03T08:50:03.191-04:00  INFO 15556 --- [inventario-service] [main] o.s.c.n.e.s.EurekaServiceRegistry        : Registering application INVENTARIO-SERVICE with eureka with status UP
2026-06-03T08:50:03.191-04:00  INFO 15556 --- [inventario-service] [main] com.netflix.discovery.DiscoveryClient    : Saw local status change event StatusChangeEvent [timestamp=1780491003191, current=UP, previous=STARTING]
2026-06-03T08:50:03.207-04:00  INFO 15556 --- [inventario-service] [DiscoveryClient-InstanceInfoReplicator-0] com.netflix.discovery.DiscoveryClient    : DiscoveryClient_INVENTARIO-SERVICE/Diego:inventario-service:8084: registering service...
2026-06-03T08:50:03.236-04:00  INFO 15556 --- [inventario-service] [main] o.s.b.w.embedded.tomcat.TomcatWebServer  : Tomcat started on port 8084 (http) with context path ''
2026-06-03T08:50:03.238-04:00  INFO 15556 --- [inventario-service] [main] .s.c.n.e.s.EurekaAutoServiceRegistration : Updating port to 8084
2026-06-03T08:50:03.245-04:00  INFO 15556 --- [inventario-service] [DiscoveryClient-InstanceInfoReplicator-0] com.netflix.discovery.DiscoveryClient    : DiscoveryClient_INVENTARIO-SERVICE/Diego:inventario-service:8084 - registration status: 204
2026-06-03T08:50:03.246-04:00  INFO 15556 --- [inventario-service] [main] c.duoc.inventario.InventarioApplication  : Started InventarioApplication in 9.688 seconds (process running for 10.488)
2026-06-03T08:51:05.603-04:00  INFO 15556 --- [inventario-service] [http-nio-8084-exec-2] c.d.i.controller.InventarioController    : Consultando stock actual para el producto ID: 1
2026-06-03T08:51:19.247-04:00  INFO 15556 --- [inventario-service] [http-nio-8084-exec-3] c.d.i.controller.InventarioController    : Consultando stock actual para el producto ID: 1
2026-06-03T08:51:22.810-04:00  INFO 15556 --- [inventario-service] [http-nio-8084-exec-4] c.d.i.controller.InventarioController    : Consultando stock actual para el producto ID: 1
2026-06-03T08:51:49.686-04:00  INFO 15556 --- [inventario-service] [http-nio-8084-exec-5] c.d.i.controller.InventarioController    : Consultando stock actual para el producto ID: 1
2026-06-03T08:51:52.321-04:00  INFO 15556 --- [inventario-service] [http-nio-8084-exec-6] c.d.i.controller.InventarioController    : Consultando stock actual para el producto ID: 1
2026-06-03T08:51:56.751-04:00  INFO 15556 --- [inventario-service] [http-nio-8084-exec-7] c.d.i.controller.InventarioController    : Consultando stock actual para el producto ID: 1
2026-06-03T08:52:34.400-04:00  INFO 15556 --- [inventario-service] [http-nio-8084-exec-8] c.d.i.controller.InventarioController    : Consultando stock actual para el producto ID: 1
2026-06-03T08:52:39.124-04:00  INFO 15556 --- [inventario-service] [http-nio-8084-exec-9] c.d.i.controller.InventarioController    : Consultando stock actual para el producto ID: 5
2026-06-03T08:52:47.972-04:00  INFO 15556 --- [inventario-service] [http-nio-8084-exec-10] c.d.i.controller.InventarioController    : Consultando stock actual para el producto ID: 2
2026-06-03T08:54:02.545-04:00  INFO 15556 --- [inventario-service] [http-nio-8084-exec-3] c.d.i.controller.InventarioController    : Consultando stock actual para el producto ID: 2
2026-06-03T08:54:06.857-04:00  INFO 15556 --- [inventario-service] [http-nio-8084-exec-4] c.d.i.controller.InventarioController    : Consultando stock actual para el producto ID: 5
2026-06-03T08:54:11.071-04:00  INFO 15556 --- [inventario-service] [http-nio-8084-exec-5] c.d.i.controller.InventarioController    : Consultando stock actual para el producto ID: 3
2026-06-03T08:55:02.704-04:00  INFO 15556 --- [inventario-service] [AsyncResolver-bootstrap-executor-0] c.n.d.s.r.aws.ConfigClusterResolver      : Resolving eureka endpoints via configuration
2026-06-03T09:00:02.720-04:00  INFO 15556 --- [inventario-service] [AsyncResolver-bootstrap-executor-0] c.n.d.s.r.aws.ConfigClusterResolver      : Resolving eureka endpoints via configuration
2026-06-03T09:05:02.728-04:00  INFO 15556 --- [inventario-service] [AsyncResolver-bootstrap-executor-0] c.n.d.s.r.aws.ConfigClusterResolver      : Resolving eureka endpoints via configuration
2026-06-03T09:10:02.736-04:00  INFO 15556 --- [inventario-service] [AsyncResolver-bootstrap-executor-0] c.n.d.s.r.aws.ConfigClusterResolver      : Resolving eureka endpoints via configuration
2026-06-03T09:15:02.737-04:00  INFO 15556 --- [inventario-service] [AsyncResolver-bootstrap-executor-0] c.n.d.s.r.aws.ConfigClusterResolver      : Resolving eureka endpoints via configuration
2026-06-03T09:20:02.753-04:00  INFO 15556 --- [inventario-service] [AsyncResolver-bootstrap-executor-0] c.n.d.s.r.aws.ConfigClusterResolver      : Resolving eureka endpoints via configuration
2026-06-03T09:25:02.767-04:00  INFO 15556 --- [inventario-service] [AsyncResolver-bootstrap-executor-0] c.n.d.s.r.aws.ConfigClusterResolver      : Resolving eureka endpoints via configuration
2026-06-03T09:30:02.780-04:00  INFO 15556 --- [inventario-service] [AsyncResolver-bootstrap-executor-0] c.n.d.s.r.aws.ConfigClusterResolver      : Resolving eureka endpoints via configuration
2026-06-03T09:35:02.783-04:00  INFO 15556 --- [inventario-service] [AsyncResolver-bootstrap-executor-0] c.n.d.s.r.aws.ConfigClusterResolver      : Resolving eureka endpoints via configuration
2026-06-03T09:40:02.785-04:00  INFO 15556 --- [inventario-service] [AsyncResolver-bootstrap-executor-0] c.n.d.s.r.aws.ConfigClusterResolver      : Resolving eureka endpoints via configuration
2026-06-03T09:45:02.798-04:00  INFO 15556 --- [inventario-service] [AsyncResolver-bootstrap-executor-0] c.n.d.s.r.aws.ConfigClusterResolver      : Resolving eureka endpoints via configuration
