2026-06-02T15:23:34.140-04:00  INFO 8244 --- [payment-service] [main] cl.duoc.pago.PagoApplication             : Starting PagoApplication using Java 21.0.10 with PID 8244 (C:\Users\diego\OneDrive\Escritorio\Perfumeria-DiegoGalvezSantander-eureka\pago\target\classes started by diego in C:\Users\diego\OneDrive\Escritorio\Perfumeria-DiegoGalvezSantander-eureka)
2026-06-02T15:23:34.143-04:00  INFO 8244 --- [payment-service] [main] cl.duoc.pago.PagoApplication             : No active profile set, falling back to 1 default profile: "default"
2026-06-02T15:23:35.789-04:00  INFO 8244 --- [payment-service] [main] .s.d.r.c.RepositoryConfigurationDelegate : Bootstrapping Spring Data JPA repositories in DEFAULT mode.
2026-06-02T15:23:35.976-04:00  INFO 8244 --- [payment-service] [main] .s.d.r.c.RepositoryConfigurationDelegate : Finished Spring Data repository scanning in 176 ms. Found 1 JPA repository interface.
2026-06-02T15:23:36.356-04:00  INFO 8244 --- [payment-service] [main] o.s.cloud.context.scope.GenericScope     : BeanFactory id=eb8be85e-bf4e-3a5d-b75a-8b398e34ecf3
2026-06-02T15:23:36.820-04:00  WARN 8244 --- [payment-service] [main] trationDelegate$BeanPostProcessorChecker : Bean 'org.springframework.cloud.client.loadbalancer.LoadBalancerAutoConfiguration$DeferringLoadBalancerInterceptorConfig' of type [org.springframework.cloud.client.loadbalancer.LoadBalancerAutoConfiguration$DeferringLoadBalancerInterceptorConfig] is not eligible for getting processed by all BeanPostProcessors (for example: not eligible for auto-proxying). The currently created BeanPostProcessor [lbRestClientPostProcessor] is declared through a non-static factory method on that class; consider declaring it as static instead.
2026-06-02T15:23:36.827-04:00  WARN 8244 --- [payment-service] [main] trationDelegate$BeanPostProcessorChecker : Bean 'deferringLoadBalancerInterceptor' of type [org.springframework.cloud.client.loadbalancer.DeferringLoadBalancerInterceptor] is not eligible for getting processed by all BeanPostProcessors (for example: not eligible for auto-proxying). Is this bean getting eagerly injected into a currently created BeanPostProcessor [lbRestClientPostProcessor]? Check the corresponding BeanPostProcessor declaration and its dependencies.
2026-06-02T15:23:36.832-04:00  WARN 8244 --- [payment-service] [main] trationDelegate$BeanPostProcessorChecker : Bean 'org.springframework.cloud.client.loadbalancer.reactive.LoadBalancerBeanPostProcessorAutoConfiguration' of type [org.springframework.cloud.client.loadbalancer.reactive.LoadBalancerBeanPostProcessorAutoConfiguration] is not eligible for getting processed by all BeanPostProcessors (for example: not eligible for auto-proxying). The currently created BeanPostProcessor [loadBalancerWebClientBuilderBeanPostProcessor] is declared through a non-static factory method on that class; consider declaring it as static instead.
2026-06-02T15:23:36.835-04:00  WARN 8244 --- [payment-service] [main] trationDelegate$BeanPostProcessorChecker : Bean 'org.springframework.cloud.client.loadbalancer.reactive.LoadBalancerBeanPostProcessorAutoConfiguration$ReactorDeferringLoadBalancerFilterConfig' of type [org.springframework.cloud.client.loadbalancer.reactive.LoadBalancerBeanPostProcessorAutoConfiguration$ReactorDeferringLoadBalancerFilterConfig] is not eligible for getting processed by all BeanPostProcessors (for example: not eligible for auto-proxying). Is this bean getting eagerly injected into a currently created BeanPostProcessor [loadBalancerWebClientBuilderBeanPostProcessor]? Check the corresponding BeanPostProcessor declaration and its dependencies.
2026-06-02T15:23:36.840-04:00  WARN 8244 --- [payment-service] [main] trationDelegate$BeanPostProcessorChecker : Bean 'reactorDeferringLoadBalancerExchangeFilterFunction' of type [org.springframework.cloud.client.loadbalancer.reactive.DeferringLoadBalancerExchangeFilterFunction] is not eligible for getting processed by all BeanPostProcessors (for example: not eligible for auto-proxying). Is this bean getting eagerly injected into a currently created BeanPostProcessor [loadBalancerWebClientBuilderBeanPostProcessor]? Check the corresponding BeanPostProcessor declaration and its dependencies.
2026-06-02T15:23:37.308-04:00  INFO 8244 --- [payment-service] [main] o.s.b.w.embedded.tomcat.TomcatWebServer  : Tomcat initialized with port 8085 (http)
2026-06-02T15:23:37.321-04:00  INFO 8244 --- [payment-service] [main] o.apache.catalina.core.StandardService   : Starting service [Tomcat]
2026-06-02T15:23:37.322-04:00  INFO 8244 --- [payment-service] [main] o.apache.catalina.core.StandardEngine    : Starting Servlet engine: [Apache Tomcat/10.1.19]
2026-06-02T15:23:37.430-04:00  INFO 8244 --- [payment-service] [main] o.a.c.c.C.[Tomcat].[localhost].[/]       : Initializing Spring embedded WebApplicationContext
2026-06-02T15:23:37.431-04:00  INFO 8244 --- [payment-service] [main] w.s.c.ServletWebServerApplicationContext : Root WebApplicationContext: initialization completed in 3233 ms
2026-06-02T15:23:37.967-04:00  INFO 8244 --- [payment-service] [main] o.hibernate.jpa.internal.util.LogHelper  : HHH000204: Processing PersistenceUnitInfo [name: default]
2026-06-02T15:23:38.055-04:00  INFO 8244 --- [payment-service] [main] org.hibernate.Version                    : HHH000412: Hibernate ORM core version 6.4.4.Final
2026-06-02T15:23:38.104-04:00  INFO 8244 --- [payment-service] [main] o.h.c.internal.RegionFactoryInitiator    : HHH000026: Second-level cache disabled
2026-06-02T15:23:38.536-04:00  INFO 8244 --- [payment-service] [main] o.s.o.j.p.SpringPersistenceUnitInfo      : No LoadTimeWeaver setup: ignoring JPA class transformer
2026-06-02T15:23:38.584-04:00  INFO 8244 --- [payment-service] [main] com.zaxxer.hikari.HikariDataSource       : HikariPool-1 - Starting...
2026-06-02T15:23:39.024-04:00  INFO 8244 --- [payment-service] [main] com.zaxxer.hikari.pool.HikariPool        : HikariPool-1 - Added connection com.mysql.cj.jdbc.ConnectionImpl@39dce2df
2026-06-02T15:23:39.027-04:00  INFO 8244 --- [payment-service] [main] com.zaxxer.hikari.HikariDataSource       : HikariPool-1 - Start completed.
2026-06-02T15:23:39.106-04:00  WARN 8244 --- [payment-service] [main] org.hibernate.orm.deprecation            : HHH90000025: MySQLDialect does not need to be specified explicitly using 'hibernate.dialect' (remove the property setting and it will be selected by default)
2026-06-02T15:23:40.057-04:00  INFO 8244 --- [payment-service] [main] o.h.e.t.j.p.i.JtaPlatformInitiator       : HHH000489: No JTA platform available (set 'hibernate.transaction.jta.platform' to enable JTA platform integration)
2026-06-02T15:23:40.102-04:00  INFO 8244 --- [payment-service] [main] j.LocalContainerEntityManagerFactoryBean : Initialized JPA EntityManagerFactory for persistence unit 'default'
2026-06-02T15:23:40.754-04:00  WARN 8244 --- [payment-service] [main] JpaBaseConfiguration$JpaWebConfiguration : spring.jpa.open-in-view is enabled by default. Therefore, database queries may be performed during view rendering. Explicitly configure spring.jpa.open-in-view to disable this warning
2026-06-02T15:23:41.976-04:00  INFO 8244 --- [payment-service] [main] DiscoveryClientOptionalArgsConfiguration : Eureka HTTP Client uses RestTemplate.
2026-06-02T15:23:42.051-04:00  WARN 8244 --- [payment-service] [main] iguration$LoadBalancerCaffeineWarnLogger : Spring Cloud LoadBalancer is currently working with the default cache. While this cache implementation is useful for development and tests, it's recommended to use Caffeine cache in production.You can switch to using Caffeine cache, by adding it and org.springframework.cache.caffeine.CaffeineCacheManager to the classpath.
2026-06-02T15:23:42.063-04:00  INFO 8244 --- [payment-service] [main] o.s.b.a.e.web.EndpointLinksResolver      : Exposing 1 endpoint(s) beneath base path '/actuator'
2026-06-02T15:23:42.240-04:00  INFO 8244 --- [payment-service] [main] o.s.c.n.eureka.InstanceInfoFactory       : Setting initial instance status as: STARTING
2026-06-02T15:23:42.308-04:00  INFO 8244 --- [payment-service] [main] com.netflix.discovery.DiscoveryClient    : Initializing Eureka in region us-east-1
2026-06-02T15:23:42.319-04:00  INFO 8244 --- [payment-service] [main] c.n.d.s.r.aws.ConfigClusterResolver      : Resolving eureka endpoints via configuration
2026-06-02T15:23:42.366-04:00  INFO 8244 --- [payment-service] [main] com.netflix.discovery.DiscoveryClient    : Disable delta property : false
2026-06-02T15:23:42.366-04:00  INFO 8244 --- [payment-service] [main] com.netflix.discovery.DiscoveryClient    : Single vip registry refresh property : null
2026-06-02T15:23:42.366-04:00  INFO 8244 --- [payment-service] [main] com.netflix.discovery.DiscoveryClient    : Force full registry fetch : false
2026-06-02T15:23:42.367-04:00  INFO 8244 --- [payment-service] [main] com.netflix.discovery.DiscoveryClient    : Application is null : false
2026-06-02T15:23:42.367-04:00  INFO 8244 --- [payment-service] [main] com.netflix.discovery.DiscoveryClient    : Registered Applications size is zero : true
2026-06-02T15:23:42.367-04:00  INFO 8244 --- [payment-service] [main] com.netflix.discovery.DiscoveryClient    : Application version is -1: true
2026-06-02T15:23:42.367-04:00  INFO 8244 --- [payment-service] [main] com.netflix.discovery.DiscoveryClient    : Getting all instance registry info from the eureka server
2026-06-02T15:23:42.404-04:00  INFO 8244 --- [payment-service] [RMI TCP Connection(2)-127.0.0.1] o.a.c.c.C.[Tomcat].[localhost].[/]       : Initializing Spring DispatcherServlet 'dispatcherServlet'
2026-06-02T15:23:42.404-04:00  INFO 8244 --- [payment-service] [RMI TCP Connection(2)-127.0.0.1] o.s.web.servlet.DispatcherServlet        : Initializing Servlet 'dispatcherServlet'
2026-06-02T15:23:42.406-04:00  INFO 8244 --- [payment-service] [RMI TCP Connection(2)-127.0.0.1] o.s.web.servlet.DispatcherServlet        : Completed initialization in 2 ms
2026-06-02T15:23:42.871-04:00  INFO 8244 --- [payment-service] [main] com.netflix.discovery.DiscoveryClient    : The response status is 200
2026-06-02T15:23:42.875-04:00  INFO 8244 --- [payment-service] [main] com.netflix.discovery.DiscoveryClient    : Starting heartbeat executor: renew interval is: 30
2026-06-02T15:23:42.878-04:00  INFO 8244 --- [payment-service] [main] c.n.discovery.InstanceInfoReplicator     : InstanceInfoReplicator onDemand update allowed rate per min is 4
2026-06-02T15:23:42.885-04:00  INFO 8244 --- [payment-service] [main] com.netflix.discovery.DiscoveryClient    : Discovery Client initialized at timestamp 1780428222884 with initial instances count: 6
2026-06-02T15:23:42.892-04:00  INFO 8244 --- [payment-service] [main] o.s.c.n.e.s.EurekaServiceRegistry        : Registering application PAYMENT-SERVICE with eureka with status UP
2026-06-02T15:23:42.892-04:00  INFO 8244 --- [payment-service] [main] com.netflix.discovery.DiscoveryClient    : Saw local status change event StatusChangeEvent [timestamp=1780428222892, current=UP, previous=STARTING]
2026-06-02T15:23:42.896-04:00  INFO 8244 --- [payment-service] [DiscoveryClient-InstanceInfoReplicator-0] com.netflix.discovery.DiscoveryClient    : DiscoveryClient_PAYMENT-SERVICE/Diego:payment-service:8085: registering service...
2026-06-02T15:23:42.925-04:00  INFO 8244 --- [payment-service] [main] o.s.b.w.embedded.tomcat.TomcatWebServer  : Tomcat started on port 8085 (http) with context path ''
2026-06-02T15:23:42.928-04:00  INFO 8244 --- [payment-service] [main] .s.c.n.e.s.EurekaAutoServiceRegistration : Updating port to 8085
2026-06-02T15:23:42.935-04:00  INFO 8244 --- [payment-service] [DiscoveryClient-InstanceInfoReplicator-0] com.netflix.discovery.DiscoveryClient    : DiscoveryClient_PAYMENT-SERVICE/Diego:payment-service:8085 - registration status: 204
2026-06-02T15:23:42.940-04:00  INFO 8244 --- [payment-service] [main] cl.duoc.pago.PagoApplication             : Started PagoApplication in 9.45 seconds (process running for 10.54)
2026-06-02T15:23:49.457-04:00  INFO 8244 --- [payment-service] [http-nio-8085-exec-1] cl.duoc.pago.controller.PagoController   : Procesando transacción de pago...
2026-06-02T15:24:14.339-04:00  INFO 8244 --- [payment-service] [http-nio-8085-exec-4] cl.duoc.pago.controller.PagoController   : Procesando transacción de pago...
2026-06-02T15:24:47.454-04:00  INFO 8244 --- [payment-service] [http-nio-8085-exec-2] cl.duoc.pago.controller.PagoController   : Procesando transacción de pago...
