2026-06-03T08:36:10.309-04:00  INFO 15660 --- [product-service] [main] cl.duoc.producto.ProductoApplication     : Starting ProductoApplication using Java 21.0.10 with PID 15660 (C:\Users\diego\OneDrive\Escritorio\Perfumeria-DiegoGalvezSantander-eureka\producto\target\classes started by diego in C:\Users\diego\OneDrive\Escritorio\Perfumeria-DiegoGalvezSantander-eureka)
2026-06-03T08:36:10.311-04:00  INFO 15660 --- [product-service] [main] cl.duoc.producto.ProductoApplication     : No active profile set, falling back to 1 default profile: "default"
2026-06-03T08:36:12.187-04:00  INFO 15660 --- [product-service] [main] .s.d.r.c.RepositoryConfigurationDelegate : Bootstrapping Spring Data JPA repositories in DEFAULT mode.
2026-06-03T08:36:12.414-04:00  INFO 15660 --- [product-service] [main] .s.d.r.c.RepositoryConfigurationDelegate : Finished Spring Data repository scanning in 214 ms. Found 3 JPA repository interfaces.
2026-06-03T08:36:12.809-04:00  INFO 15660 --- [product-service] [main] o.s.cloud.context.scope.GenericScope     : BeanFactory id=f84404b5-70a7-3b48-99c7-d368e0880946
2026-06-03T08:36:13.267-04:00  WARN 15660 --- [product-service] [main] trationDelegate$BeanPostProcessorChecker : Bean 'org.springframework.cloud.client.loadbalancer.LoadBalancerAutoConfiguration$DeferringLoadBalancerInterceptorConfig' of type [org.springframework.cloud.client.loadbalancer.LoadBalancerAutoConfiguration$DeferringLoadBalancerInterceptorConfig] is not eligible for getting processed by all BeanPostProcessors (for example: not eligible for auto-proxying). The currently created BeanPostProcessor [lbRestClientPostProcessor] is declared through a non-static factory method on that class; consider declaring it as static instead.
2026-06-03T08:36:13.271-04:00  WARN 15660 --- [product-service] [main] trationDelegate$BeanPostProcessorChecker : Bean 'deferringLoadBalancerInterceptor' of type [org.springframework.cloud.client.loadbalancer.DeferringLoadBalancerInterceptor] is not eligible for getting processed by all BeanPostProcessors (for example: not eligible for auto-proxying). Is this bean getting eagerly injected into a currently created BeanPostProcessor [lbRestClientPostProcessor]? Check the corresponding BeanPostProcessor declaration and its dependencies.
2026-06-03T08:36:13.279-04:00  WARN 15660 --- [product-service] [main] trationDelegate$BeanPostProcessorChecker : Bean 'org.springframework.cloud.client.loadbalancer.reactive.LoadBalancerBeanPostProcessorAutoConfiguration' of type [org.springframework.cloud.client.loadbalancer.reactive.LoadBalancerBeanPostProcessorAutoConfiguration] is not eligible for getting processed by all BeanPostProcessors (for example: not eligible for auto-proxying). The currently created BeanPostProcessor [loadBalancerWebClientBuilderBeanPostProcessor] is declared through a non-static factory method on that class; consider declaring it as static instead.
2026-06-03T08:36:13.283-04:00  WARN 15660 --- [product-service] [main] trationDelegate$BeanPostProcessorChecker : Bean 'org.springframework.cloud.client.loadbalancer.reactive.LoadBalancerBeanPostProcessorAutoConfiguration$ReactorDeferringLoadBalancerFilterConfig' of type [org.springframework.cloud.client.loadbalancer.reactive.LoadBalancerBeanPostProcessorAutoConfiguration$ReactorDeferringLoadBalancerFilterConfig] is not eligible for getting processed by all BeanPostProcessors (for example: not eligible for auto-proxying). Is this bean getting eagerly injected into a currently created BeanPostProcessor [loadBalancerWebClientBuilderBeanPostProcessor]? Check the corresponding BeanPostProcessor declaration and its dependencies.
2026-06-03T08:36:13.286-04:00  WARN 15660 --- [product-service] [main] trationDelegate$BeanPostProcessorChecker : Bean 'reactorDeferringLoadBalancerExchangeFilterFunction' of type [org.springframework.cloud.client.loadbalancer.reactive.DeferringLoadBalancerExchangeFilterFunction] is not eligible for getting processed by all BeanPostProcessors (for example: not eligible for auto-proxying). Is this bean getting eagerly injected into a currently created BeanPostProcessor [loadBalancerWebClientBuilderBeanPostProcessor]? Check the corresponding BeanPostProcessor declaration and its dependencies.
2026-06-03T08:36:13.721-04:00  INFO 15660 --- [product-service] [main] o.s.b.w.embedded.tomcat.TomcatWebServer  : Tomcat initialized with port 8083 (http)
2026-06-03T08:36:13.767-04:00  INFO 15660 --- [product-service] [main] o.apache.catalina.core.StandardService   : Starting service [Tomcat]
2026-06-03T08:36:13.770-04:00  INFO 15660 --- [product-service] [main] o.apache.catalina.core.StandardEngine    : Starting Servlet engine: [Apache Tomcat/10.1.20]
2026-06-03T08:36:13.949-04:00  INFO 15660 --- [product-service] [main] o.a.c.c.C.[Tomcat].[localhost].[/]       : Initializing Spring embedded WebApplicationContext
2026-06-03T08:36:13.950-04:00  INFO 15660 --- [product-service] [main] w.s.c.ServletWebServerApplicationContext : Root WebApplicationContext: initialization completed in 3565 ms
2026-06-03T08:36:14.457-04:00  INFO 15660 --- [product-service] [main] o.hibernate.jpa.internal.util.LogHelper  : HHH000204: Processing PersistenceUnitInfo [name: default]
2026-06-03T08:36:14.546-04:00  INFO 15660 --- [product-service] [main] org.hibernate.Version                    : HHH000412: Hibernate ORM core version 6.4.4.Final
2026-06-03T08:36:14.608-04:00  INFO 15660 --- [product-service] [main] o.h.c.internal.RegionFactoryInitiator    : HHH000026: Second-level cache disabled
2026-06-03T08:36:14.943-04:00  INFO 15660 --- [product-service] [main] o.s.o.j.p.SpringPersistenceUnitInfo      : No LoadTimeWeaver setup: ignoring JPA class transformer
2026-06-03T08:36:14.974-04:00  INFO 15660 --- [product-service] [main] com.zaxxer.hikari.HikariDataSource       : HikariPool-1 - Starting...
2026-06-03T08:36:15.386-04:00  INFO 15660 --- [product-service] [main] com.zaxxer.hikari.pool.HikariPool        : HikariPool-1 - Added connection com.mysql.cj.jdbc.ConnectionImpl@7187078a
2026-06-03T08:36:15.388-04:00  INFO 15660 --- [product-service] [main] com.zaxxer.hikari.HikariDataSource       : HikariPool-1 - Start completed.
2026-06-03T08:36:16.536-04:00  INFO 15660 --- [product-service] [main] o.h.e.t.j.p.i.JtaPlatformInitiator       : HHH000489: No JTA platform available (set 'hibernate.transaction.jta.platform' to enable JTA platform integration)
2026-06-03T08:36:16.613-04:00  INFO 15660 --- [product-service] [main] j.LocalContainerEntityManagerFactoryBean : Initialized JPA EntityManagerFactory for persistence unit 'default'
2026-06-03T08:36:17.410-04:00  WARN 15660 --- [product-service] [main] JpaBaseConfiguration$JpaWebConfiguration : spring.jpa.open-in-view is enabled by default. Therefore, database queries may be performed during view rendering. Explicitly configure spring.jpa.open-in-view to disable this warning
2026-06-03T08:36:18.685-04:00  INFO 15660 --- [product-service] [main] DiscoveryClientOptionalArgsConfiguration : Eureka HTTP Client uses RestTemplate.
2026-06-03T08:36:18.804-04:00  WARN 15660 --- [product-service] [main] iguration$LoadBalancerCaffeineWarnLogger : Spring Cloud LoadBalancer is currently working with the default cache. While this cache implementation is useful for development and tests, it's recommended to use Caffeine cache in production.You can switch to using Caffeine cache, by adding it and org.springframework.cache.caffeine.CaffeineCacheManager to the classpath.
2026-06-03T08:36:18.816-04:00  INFO 15660 --- [product-service] [main] o.s.b.a.e.web.EndpointLinksResolver      : Exposing 1 endpoint(s) beneath base path '/actuator'
2026-06-03T08:36:18.967-04:00  INFO 15660 --- [product-service] [main] o.s.c.n.eureka.InstanceInfoFactory       : Setting initial instance status as: STARTING
2026-06-03T08:36:18.972-04:00  INFO 15660 --- [product-service] [RMI TCP Connection(2)-127.0.0.1] o.a.c.c.C.[Tomcat].[localhost].[/]       : Initializing Spring DispatcherServlet 'dispatcherServlet'
2026-06-03T08:36:18.972-04:00  INFO 15660 --- [product-service] [RMI TCP Connection(2)-127.0.0.1] o.s.web.servlet.DispatcherServlet        : Initializing Servlet 'dispatcherServlet'
2026-06-03T08:36:18.976-04:00  INFO 15660 --- [product-service] [RMI TCP Connection(2)-127.0.0.1] o.s.web.servlet.DispatcherServlet        : Completed initialization in 3 ms
2026-06-03T08:36:19.043-04:00  INFO 15660 --- [product-service] [main] com.netflix.discovery.DiscoveryClient    : Initializing Eureka in region us-east-1
2026-06-03T08:36:19.052-04:00  INFO 15660 --- [product-service] [main] c.n.d.s.r.aws.ConfigClusterResolver      : Resolving eureka endpoints via configuration
2026-06-03T08:36:19.105-04:00  INFO 15660 --- [product-service] [main] com.netflix.discovery.DiscoveryClient    : Disable delta property : false
2026-06-03T08:36:19.106-04:00  INFO 15660 --- [product-service] [main] com.netflix.discovery.DiscoveryClient    : Single vip registry refresh property : null
2026-06-03T08:36:19.106-04:00  INFO 15660 --- [product-service] [main] com.netflix.discovery.DiscoveryClient    : Force full registry fetch : false
2026-06-03T08:36:19.107-04:00  INFO 15660 --- [product-service] [main] com.netflix.discovery.DiscoveryClient    : Application is null : false
2026-06-03T08:36:19.107-04:00  INFO 15660 --- [product-service] [main] com.netflix.discovery.DiscoveryClient    : Registered Applications size is zero : true
2026-06-03T08:36:19.109-04:00  INFO 15660 --- [product-service] [main] com.netflix.discovery.DiscoveryClient    : Application version is -1: true
2026-06-03T08:36:19.112-04:00  INFO 15660 --- [product-service] [main] com.netflix.discovery.DiscoveryClient    : Getting all instance registry info from the eureka server
2026-06-03T08:36:19.668-04:00  INFO 15660 --- [product-service] [main] com.netflix.discovery.DiscoveryClient    : The response status is 200
2026-06-03T08:36:19.675-04:00  INFO 15660 --- [product-service] [main] com.netflix.discovery.DiscoveryClient    : Starting heartbeat executor: renew interval is: 30
2026-06-03T08:36:19.679-04:00  INFO 15660 --- [product-service] [main] c.n.discovery.InstanceInfoReplicator     : InstanceInfoReplicator onDemand update allowed rate per min is 4
2026-06-03T08:36:19.688-04:00  INFO 15660 --- [product-service] [main] com.netflix.discovery.DiscoveryClient    : Discovery Client initialized at timestamp 1780490179687 with initial instances count: 6
2026-06-03T08:36:19.696-04:00  INFO 15660 --- [product-service] [main] o.s.c.n.e.s.EurekaServiceRegistry        : Registering application PRODUCT-SERVICE with eureka with status UP
2026-06-03T08:36:19.697-04:00  INFO 15660 --- [product-service] [main] com.netflix.discovery.DiscoveryClient    : Saw local status change event StatusChangeEvent [timestamp=1780490179697, current=UP, previous=STARTING]
2026-06-03T08:36:19.700-04:00  INFO 15660 --- [product-service] [DiscoveryClient-InstanceInfoReplicator-0] com.netflix.discovery.DiscoveryClient    : DiscoveryClient_PRODUCT-SERVICE/Diego:product-service:8083: registering service...
2026-06-03T08:36:19.730-04:00  INFO 15660 --- [product-service] [main] o.s.b.w.embedded.tomcat.TomcatWebServer  : Tomcat started on port 8083 (http) with context path ''
2026-06-03T08:36:19.732-04:00  INFO 15660 --- [product-service] [main] .s.c.n.e.s.EurekaAutoServiceRegistration : Updating port to 8083
2026-06-03T08:36:19.738-04:00  INFO 15660 --- [product-service] [DiscoveryClient-InstanceInfoReplicator-0] com.netflix.discovery.DiscoveryClient    : DiscoveryClient_PRODUCT-SERVICE/Diego:product-service:8083 - registration status: 204
2026-06-03T08:36:19.743-04:00  INFO 15660 --- [product-service] [main] cl.duoc.producto.ProductoApplication     : Started ProductoApplication in 10.012 seconds (process running for 10.897)
