2026-06-02T15:17:10.273-04:00  INFO 10156 --- [user-service] [main] cl.duoc.usuario.UsuarioApplication       : Starting UsuarioApplication using Java 21.0.10 with PID 10156 (C:\Users\diego\OneDrive\Escritorio\Perfumeria-DiegoGalvezSantander-eureka\usuario\target\classes started by diego in C:\Users\diego\OneDrive\Escritorio\Perfumeria-DiegoGalvezSantander-eureka)
2026-06-02T15:17:10.276-04:00  INFO 10156 --- [user-service] [main] cl.duoc.usuario.UsuarioApplication       : No active profile set, falling back to 1 default profile: "default"
2026-06-02T15:17:12.010-04:00  INFO 10156 --- [user-service] [main] .s.d.r.c.RepositoryConfigurationDelegate : Bootstrapping Spring Data JPA repositories in DEFAULT mode.
2026-06-02T15:17:12.188-04:00  INFO 10156 --- [user-service] [main] .s.d.r.c.RepositoryConfigurationDelegate : Finished Spring Data repository scanning in 164 ms. Found 1 JPA repository interface.
2026-06-02T15:17:12.584-04:00  INFO 10156 --- [user-service] [main] o.s.cloud.context.scope.GenericScope     : BeanFactory id=f2e8f068-994e-3816-9a93-9ee51306a320
2026-06-02T15:17:13.025-04:00  WARN 10156 --- [user-service] [main] trationDelegate$BeanPostProcessorChecker : Bean 'org.springframework.cloud.client.loadbalancer.LoadBalancerAutoConfiguration$DeferringLoadBalancerInterceptorConfig' of type [org.springframework.cloud.client.loadbalancer.LoadBalancerAutoConfiguration$DeferringLoadBalancerInterceptorConfig] is not eligible for getting processed by all BeanPostProcessors (for example: not eligible for auto-proxying). The currently created BeanPostProcessor [lbRestClientPostProcessor] is declared through a non-static factory method on that class; consider declaring it as static instead.
2026-06-02T15:17:13.031-04:00  WARN 10156 --- [user-service] [main] trationDelegate$BeanPostProcessorChecker : Bean 'deferringLoadBalancerInterceptor' of type [org.springframework.cloud.client.loadbalancer.DeferringLoadBalancerInterceptor] is not eligible for getting processed by all BeanPostProcessors (for example: not eligible for auto-proxying). Is this bean getting eagerly injected into a currently created BeanPostProcessor [lbRestClientPostProcessor]? Check the corresponding BeanPostProcessor declaration and its dependencies.
2026-06-02T15:17:13.037-04:00  WARN 10156 --- [user-service] [main] trationDelegate$BeanPostProcessorChecker : Bean 'org.springframework.cloud.client.loadbalancer.reactive.LoadBalancerBeanPostProcessorAutoConfiguration' of type [org.springframework.cloud.client.loadbalancer.reactive.LoadBalancerBeanPostProcessorAutoConfiguration] is not eligible for getting processed by all BeanPostProcessors (for example: not eligible for auto-proxying). The currently created BeanPostProcessor [loadBalancerWebClientBuilderBeanPostProcessor] is declared through a non-static factory method on that class; consider declaring it as static instead.
2026-06-02T15:17:13.042-04:00  WARN 10156 --- [user-service] [main] trationDelegate$BeanPostProcessorChecker : Bean 'org.springframework.cloud.client.loadbalancer.reactive.LoadBalancerBeanPostProcessorAutoConfiguration$ReactorDeferringLoadBalancerFilterConfig' of type [org.springframework.cloud.client.loadbalancer.reactive.LoadBalancerBeanPostProcessorAutoConfiguration$ReactorDeferringLoadBalancerFilterConfig] is not eligible for getting processed by all BeanPostProcessors (for example: not eligible for auto-proxying). Is this bean getting eagerly injected into a currently created BeanPostProcessor [loadBalancerWebClientBuilderBeanPostProcessor]? Check the corresponding BeanPostProcessor declaration and its dependencies.
2026-06-02T15:17:13.047-04:00  WARN 10156 --- [user-service] [main] trationDelegate$BeanPostProcessorChecker : Bean 'reactorDeferringLoadBalancerExchangeFilterFunction' of type [org.springframework.cloud.client.loadbalancer.reactive.DeferringLoadBalancerExchangeFilterFunction] is not eligible for getting processed by all BeanPostProcessors (for example: not eligible for auto-proxying). Is this bean getting eagerly injected into a currently created BeanPostProcessor [loadBalancerWebClientBuilderBeanPostProcessor]? Check the corresponding BeanPostProcessor declaration and its dependencies.
2026-06-02T15:17:13.433-04:00  INFO 10156 --- [user-service] [main] o.s.b.w.embedded.tomcat.TomcatWebServer  : Tomcat initialized with port 8082 (http)
2026-06-02T15:17:13.449-04:00  INFO 10156 --- [user-service] [main] o.apache.catalina.core.StandardService   : Starting service [Tomcat]
2026-06-02T15:17:13.449-04:00  INFO 10156 --- [user-service] [main] o.apache.catalina.core.StandardEngine    : Starting Servlet engine: [Apache Tomcat/10.1.19]
2026-06-02T15:17:13.557-04:00  INFO 10156 --- [user-service] [main] o.a.c.c.C.[Tomcat].[localhost].[/]       : Initializing Spring embedded WebApplicationContext
2026-06-02T15:17:13.558-04:00  INFO 10156 --- [user-service] [main] w.s.c.ServletWebServerApplicationContext : Root WebApplicationContext: initialization completed in 3221 ms
2026-06-02T15:17:14.208-04:00  INFO 10156 --- [user-service] [main] o.hibernate.jpa.internal.util.LogHelper  : HHH000204: Processing PersistenceUnitInfo [name: default]
2026-06-02T15:17:14.346-04:00  INFO 10156 --- [user-service] [main] org.hibernate.Version                    : HHH000412: Hibernate ORM core version 6.4.4.Final
2026-06-02T15:17:14.404-04:00  INFO 10156 --- [user-service] [main] o.h.c.internal.RegionFactoryInitiator    : HHH000026: Second-level cache disabled
2026-06-02T15:17:14.724-04:00  INFO 10156 --- [user-service] [main] o.s.o.j.p.SpringPersistenceUnitInfo      : No LoadTimeWeaver setup: ignoring JPA class transformer
2026-06-02T15:17:14.752-04:00  INFO 10156 --- [user-service] [main] com.zaxxer.hikari.HikariDataSource       : HikariPool-1 - Starting...
2026-06-02T15:17:15.138-04:00  INFO 10156 --- [user-service] [main] com.zaxxer.hikari.pool.HikariPool        : HikariPool-1 - Added connection com.mysql.cj.jdbc.ConnectionImpl@39dce2df
2026-06-02T15:17:15.142-04:00  INFO 10156 --- [user-service] [main] com.zaxxer.hikari.HikariDataSource       : HikariPool-1 - Start completed.
2026-06-02T15:17:16.190-04:00  INFO 10156 --- [user-service] [main] o.h.e.t.j.p.i.JtaPlatformInitiator       : HHH000489: No JTA platform available (set 'hibernate.transaction.jta.platform' to enable JTA platform integration)
2026-06-02T15:17:16.234-04:00  INFO 10156 --- [user-service] [main] j.LocalContainerEntityManagerFactoryBean : Initialized JPA EntityManagerFactory for persistence unit 'default'
2026-06-02T15:17:16.896-04:00  WARN 10156 --- [user-service] [main] JpaBaseConfiguration$JpaWebConfiguration : spring.jpa.open-in-view is enabled by default. Therefore, database queries may be performed during view rendering. Explicitly configure spring.jpa.open-in-view to disable this warning
2026-06-02T15:17:18.235-04:00  INFO 10156 --- [user-service] [main] DiscoveryClientOptionalArgsConfiguration : Eureka HTTP Client uses RestTemplate.
2026-06-02T15:17:18.318-04:00  WARN 10156 --- [user-service] [main] iguration$LoadBalancerCaffeineWarnLogger : Spring Cloud LoadBalancer is currently working with the default cache. While this cache implementation is useful for development and tests, it's recommended to use Caffeine cache in production.You can switch to using Caffeine cache, by adding it and org.springframework.cache.caffeine.CaffeineCacheManager to the classpath.
2026-06-02T15:17:18.328-04:00  INFO 10156 --- [user-service] [main] o.s.b.a.e.web.EndpointLinksResolver      : Exposing 1 endpoint(s) beneath base path '/actuator'
2026-06-02T15:17:18.449-04:00  INFO 10156 --- [user-service] [main] o.s.c.n.eureka.InstanceInfoFactory       : Setting initial instance status as: STARTING
2026-06-02T15:17:18.506-04:00  INFO 10156 --- [user-service] [main] com.netflix.discovery.DiscoveryClient    : Initializing Eureka in region us-east-1
2026-06-02T15:17:18.511-04:00  INFO 10156 --- [user-service] [main] c.n.d.s.r.aws.ConfigClusterResolver      : Resolving eureka endpoints via configuration
2026-06-02T15:17:18.540-04:00  INFO 10156 --- [user-service] [main] com.netflix.discovery.DiscoveryClient    : Disable delta property : false
2026-06-02T15:17:18.541-04:00  INFO 10156 --- [user-service] [main] com.netflix.discovery.DiscoveryClient    : Single vip registry refresh property : null
2026-06-02T15:17:18.541-04:00  INFO 10156 --- [user-service] [main] com.netflix.discovery.DiscoveryClient    : Force full registry fetch : false
2026-06-02T15:17:18.541-04:00  INFO 10156 --- [user-service] [main] com.netflix.discovery.DiscoveryClient    : Application is null : false
2026-06-02T15:17:18.541-04:00  INFO 10156 --- [user-service] [main] com.netflix.discovery.DiscoveryClient    : Registered Applications size is zero : true
2026-06-02T15:17:18.542-04:00  INFO 10156 --- [user-service] [main] com.netflix.discovery.DiscoveryClient    : Application version is -1: true
2026-06-02T15:17:18.542-04:00  INFO 10156 --- [user-service] [main] com.netflix.discovery.DiscoveryClient    : Getting all instance registry info from the eureka server
2026-06-02T15:17:18.823-04:00  INFO 10156 --- [user-service] [RMI TCP Connection(2)-127.0.0.1] o.a.c.c.C.[Tomcat].[localhost].[/]       : Initializing Spring DispatcherServlet 'dispatcherServlet'
2026-06-02T15:17:18.823-04:00  INFO 10156 --- [user-service] [RMI TCP Connection(2)-127.0.0.1] o.s.web.servlet.DispatcherServlet        : Initializing Servlet 'dispatcherServlet'
2026-06-02T15:17:18.825-04:00  INFO 10156 --- [user-service] [RMI TCP Connection(2)-127.0.0.1] o.s.web.servlet.DispatcherServlet        : Completed initialization in 2 ms
2026-06-02T15:17:19.059-04:00  INFO 10156 --- [user-service] [main] com.netflix.discovery.DiscoveryClient    : The response status is 200
2026-06-02T15:17:19.065-04:00  INFO 10156 --- [user-service] [main] com.netflix.discovery.DiscoveryClient    : Starting heartbeat executor: renew interval is: 30
2026-06-02T15:17:19.069-04:00  INFO 10156 --- [user-service] [main] c.n.discovery.InstanceInfoReplicator     : InstanceInfoReplicator onDemand update allowed rate per min is 4
2026-06-02T15:17:19.078-04:00  INFO 10156 --- [user-service] [main] com.netflix.discovery.DiscoveryClient    : Discovery Client initialized at timestamp 1780427839076 with initial instances count: 6
2026-06-02T15:17:19.086-04:00  INFO 10156 --- [user-service] [main] o.s.c.n.e.s.EurekaServiceRegistry        : Registering application USER-SERVICE with eureka with status UP
2026-06-02T15:17:19.087-04:00  INFO 10156 --- [user-service] [main] com.netflix.discovery.DiscoveryClient    : Saw local status change event StatusChangeEvent [timestamp=1780427839087, current=UP, previous=STARTING]
2026-06-02T15:17:19.090-04:00  INFO 10156 --- [user-service] [DiscoveryClient-InstanceInfoReplicator-0] com.netflix.discovery.DiscoveryClient    : DiscoveryClient_USER-SERVICE/Diego:user-service:8082: registering service...
2026-06-02T15:17:19.118-04:00  INFO 10156 --- [user-service] [main] o.s.b.w.embedded.tomcat.TomcatWebServer  : Tomcat started on port 8082 (http) with context path ''
2026-06-02T15:17:19.119-04:00  INFO 10156 --- [user-service] [main] .s.c.n.e.s.EurekaAutoServiceRegistration : Updating port to 8082
2026-06-02T15:17:19.128-04:00  INFO 10156 --- [user-service] [main] cl.duoc.usuario.UsuarioApplication       : Started UsuarioApplication in 9.421 seconds (process running for 10.239)
2026-06-02T15:17:19.129-04:00  INFO 10156 --- [user-service] [DiscoveryClient-InstanceInfoReplicator-0] com.netflix.discovery.DiscoveryClient    : DiscoveryClient_USER-SERVICE/Diego:user-service:8082 - registration status: 204
2026-06-02T15:17:47.576-04:00  INFO 10156 --- [user-service] [http-nio-8082-exec-1] c.d.u.controller.UsuarioController       : Iniciando registro de nuevo perfil de usuario en el sistema...
2026-06-02T15:17:51.110-04:00  INFO 10156 --- [user-service] [http-nio-8082-exec-3] c.d.u.controller.UsuarioController       : Iniciando registro de nuevo perfil de usuario en el sistema...
2026-06-02T15:17:52.787-04:00  INFO 10156 --- [user-service] [http-nio-8082-exec-4] c.d.u.controller.UsuarioController       : Iniciando registro de nuevo perfil de usuario en el sistema...
2026-06-02T15:18:13.719-04:00  INFO 10156 --- [user-service] [http-nio-8082-exec-5] c.d.u.controller.UsuarioController       : Iniciando registro de nuevo perfil de usuario en el sistema...
2026-06-02T15:18:20.965-04:00  INFO 10156 --- [user-service] [http-nio-8082-exec-6] c.d.u.controller.UsuarioController       : Iniciando registro de nuevo perfil de usuario en el sistema...
2026-06-02T15:18:22.412-04:00  INFO 10156 --- [user-service] [http-nio-8082-exec-7] c.d.u.controller.UsuarioController       : Iniciando registro de nuevo perfil de usuario en el sistema...
2026-06-02T15:18:23.614-04:00  INFO 10156 --- [user-service] [http-nio-8082-exec-8] c.d.u.controller.UsuarioController       : Iniciando registro de nuevo perfil de usuario en el sistema...
2026-06-02T15:18:24.592-04:00  INFO 10156 --- [user-service] [http-nio-8082-exec-9] c.d.u.controller.UsuarioController       : Iniciando registro de nuevo perfil de usuario en el sistema...
2026-06-02T15:18:26.278-04:00  INFO 10156 --- [user-service] [http-nio-8082-exec-10] c.d.u.controller.UsuarioController       : Iniciando registro de nuevo perfil de usuario en el sistema...
2026-06-02T15:19:09.607-04:00  INFO 10156 --- [user-service] [http-nio-8082-exec-2] c.d.u.controller.UsuarioController       : Iniciando registro de nuevo perfil de usuario en el sistema...
2026-06-02T15:19:10.975-04:00  INFO 10156 --- [user-service] [http-nio-8082-exec-1] c.d.u.controller.UsuarioController       : Iniciando registro de nuevo perfil de usuario en el sistema...
2026-06-02T15:22:18.548-04:00  INFO 10156 --- [user-service] [AsyncResolver-bootstrap-executor-0] c.n.d.s.r.aws.ConfigClusterResolver      : Resolving eureka endpoints via configuration
2026-06-02T16:08:39.620-04:00  INFO 15428 --- [user-service] [main] cl.duoc.usuario.UsuarioApplication       : Starting UsuarioApplication using Java 21.0.10 with PID 15428 (C:\Users\diego\OneDrive\Escritorio\Perfumeria-DiegoGalvezSantander-eureka\usuario\target\classes started by diego in C:\Users\diego\OneDrive\Escritorio\Perfumeria-DiegoGalvezSantander-eureka)
2026-06-02T16:08:39.624-04:00  INFO 15428 --- [user-service] [main] cl.duoc.usuario.UsuarioApplication       : No active profile set, falling back to 1 default profile: "default"
2026-06-02T16:08:41.856-04:00  INFO 15428 --- [user-service] [main] .s.d.r.c.RepositoryConfigurationDelegate : Bootstrapping Spring Data JPA repositories in DEFAULT mode.
2026-06-02T16:08:42.074-04:00  INFO 15428 --- [user-service] [main] .s.d.r.c.RepositoryConfigurationDelegate : Finished Spring Data repository scanning in 204 ms. Found 1 JPA repository interface.
2026-06-02T16:08:42.489-04:00  INFO 15428 --- [user-service] [main] o.s.cloud.context.scope.GenericScope     : BeanFactory id=f2e8f068-994e-3816-9a93-9ee51306a320
2026-06-02T16:08:42.909-04:00  WARN 15428 --- [user-service] [main] trationDelegate$BeanPostProcessorChecker : Bean 'org.springframework.cloud.client.loadbalancer.LoadBalancerAutoConfiguration$DeferringLoadBalancerInterceptorConfig' of type [org.springframework.cloud.client.loadbalancer.LoadBalancerAutoConfiguration$DeferringLoadBalancerInterceptorConfig] is not eligible for getting processed by all BeanPostProcessors (for example: not eligible for auto-proxying). The currently created BeanPostProcessor [lbRestClientPostProcessor] is declared through a non-static factory method on that class; consider declaring it as static instead.
2026-06-02T16:08:42.914-04:00  WARN 15428 --- [user-service] [main] trationDelegate$BeanPostProcessorChecker : Bean 'deferringLoadBalancerInterceptor' of type [org.springframework.cloud.client.loadbalancer.DeferringLoadBalancerInterceptor] is not eligible for getting processed by all BeanPostProcessors (for example: not eligible for auto-proxying). Is this bean getting eagerly injected into a currently created BeanPostProcessor [lbRestClientPostProcessor]? Check the corresponding BeanPostProcessor declaration and its dependencies.
2026-06-02T16:08:42.918-04:00  WARN 15428 --- [user-service] [main] trationDelegate$BeanPostProcessorChecker : Bean 'org.springframework.cloud.client.loadbalancer.reactive.LoadBalancerBeanPostProcessorAutoConfiguration' of type [org.springframework.cloud.client.loadbalancer.reactive.LoadBalancerBeanPostProcessorAutoConfiguration] is not eligible for getting processed by all BeanPostProcessors (for example: not eligible for auto-proxying). The currently created BeanPostProcessor [loadBalancerWebClientBuilderBeanPostProcessor] is declared through a non-static factory method on that class; consider declaring it as static instead.
2026-06-02T16:08:42.922-04:00  WARN 15428 --- [user-service] [main] trationDelegate$BeanPostProcessorChecker : Bean 'org.springframework.cloud.client.loadbalancer.reactive.LoadBalancerBeanPostProcessorAutoConfiguration$ReactorDeferringLoadBalancerFilterConfig' of type [org.springframework.cloud.client.loadbalancer.reactive.LoadBalancerBeanPostProcessorAutoConfiguration$ReactorDeferringLoadBalancerFilterConfig] is not eligible for getting processed by all BeanPostProcessors (for example: not eligible for auto-proxying). Is this bean getting eagerly injected into a currently created BeanPostProcessor [loadBalancerWebClientBuilderBeanPostProcessor]? Check the corresponding BeanPostProcessor declaration and its dependencies.
2026-06-02T16:08:42.925-04:00  WARN 15428 --- [user-service] [main] trationDelegate$BeanPostProcessorChecker : Bean 'reactorDeferringLoadBalancerExchangeFilterFunction' of type [org.springframework.cloud.client.loadbalancer.reactive.DeferringLoadBalancerExchangeFilterFunction] is not eligible for getting processed by all BeanPostProcessors (for example: not eligible for auto-proxying). Is this bean getting eagerly injected into a currently created BeanPostProcessor [loadBalancerWebClientBuilderBeanPostProcessor]? Check the corresponding BeanPostProcessor declaration and its dependencies.
2026-06-02T16:08:43.278-04:00  INFO 15428 --- [user-service] [main] o.s.b.w.embedded.tomcat.TomcatWebServer  : Tomcat initialized with port 8082 (http)
2026-06-02T16:08:43.294-04:00  INFO 15428 --- [user-service] [main] o.apache.catalina.core.StandardService   : Starting service [Tomcat]
2026-06-02T16:08:43.295-04:00  INFO 15428 --- [user-service] [main] o.apache.catalina.core.StandardEngine    : Starting Servlet engine: [Apache Tomcat/10.1.19]
2026-06-02T16:08:43.398-04:00  INFO 15428 --- [user-service] [main] o.a.c.c.C.[Tomcat].[localhost].[/]       : Initializing Spring embedded WebApplicationContext
2026-06-02T16:08:43.399-04:00  INFO 15428 --- [user-service] [main] w.s.c.ServletWebServerApplicationContext : Root WebApplicationContext: initialization completed in 3702 ms
2026-06-02T16:08:43.951-04:00  INFO 15428 --- [user-service] [main] o.hibernate.jpa.internal.util.LogHelper  : HHH000204: Processing PersistenceUnitInfo [name: default]
2026-06-02T16:08:44.072-04:00  INFO 15428 --- [user-service] [main] org.hibernate.Version                    : HHH000412: Hibernate ORM core version 6.4.4.Final
2026-06-02T16:08:44.127-04:00  INFO 15428 --- [user-service] [main] o.h.c.internal.RegionFactoryInitiator    : HHH000026: Second-level cache disabled
2026-06-02T16:08:44.507-04:00  INFO 15428 --- [user-service] [main] o.s.o.j.p.SpringPersistenceUnitInfo      : No LoadTimeWeaver setup: ignoring JPA class transformer
2026-06-02T16:08:44.548-04:00  INFO 15428 --- [user-service] [main] com.zaxxer.hikari.HikariDataSource       : HikariPool-1 - Starting...
2026-06-02T16:08:45.078-04:00  INFO 15428 --- [user-service] [main] com.zaxxer.hikari.pool.HikariPool        : HikariPool-1 - Added connection com.mysql.cj.jdbc.ConnectionImpl@7a053795
2026-06-02T16:08:45.090-04:00  INFO 15428 --- [user-service] [main] com.zaxxer.hikari.HikariDataSource       : HikariPool-1 - Start completed.
2026-06-02T16:08:46.307-04:00  INFO 15428 --- [user-service] [main] o.h.e.t.j.p.i.JtaPlatformInitiator       : HHH000489: No JTA platform available (set 'hibernate.transaction.jta.platform' to enable JTA platform integration)
2026-06-02T16:08:46.374-04:00  INFO 15428 --- [user-service] [main] j.LocalContainerEntityManagerFactoryBean : Initialized JPA EntityManagerFactory for persistence unit 'default'
2026-06-02T16:08:47.202-04:00  WARN 15428 --- [user-service] [main] JpaBaseConfiguration$JpaWebConfiguration : spring.jpa.open-in-view is enabled by default. Therefore, database queries may be performed during view rendering. Explicitly configure spring.jpa.open-in-view to disable this warning
2026-06-02T16:08:48.593-04:00  INFO 15428 --- [user-service] [main] DiscoveryClientOptionalArgsConfiguration : Eureka HTTP Client uses RestTemplate.
2026-06-02T16:08:48.666-04:00  WARN 15428 --- [user-service] [main] iguration$LoadBalancerCaffeineWarnLogger : Spring Cloud LoadBalancer is currently working with the default cache. While this cache implementation is useful for development and tests, it's recommended to use Caffeine cache in production.You can switch to using Caffeine cache, by adding it and org.springframework.cache.caffeine.CaffeineCacheManager to the classpath.
2026-06-02T16:08:48.677-04:00  INFO 15428 --- [user-service] [main] o.s.b.a.e.web.EndpointLinksResolver      : Exposing 1 endpoint(s) beneath base path '/actuator'
2026-06-02T16:08:48.795-04:00  INFO 15428 --- [user-service] [main] o.s.c.n.eureka.InstanceInfoFactory       : Setting initial instance status as: STARTING
2026-06-02T16:08:48.846-04:00  INFO 15428 --- [user-service] [main] com.netflix.discovery.DiscoveryClient    : Initializing Eureka in region us-east-1
2026-06-02T16:08:48.853-04:00  INFO 15428 --- [user-service] [main] c.n.d.s.r.aws.ConfigClusterResolver      : Resolving eureka endpoints via configuration
2026-06-02T16:08:48.894-04:00  INFO 15428 --- [user-service] [main] com.netflix.discovery.DiscoveryClient    : Disable delta property : false
2026-06-02T16:08:48.895-04:00  INFO 15428 --- [user-service] [main] com.netflix.discovery.DiscoveryClient    : Single vip registry refresh property : null
2026-06-02T16:08:48.895-04:00  INFO 15428 --- [user-service] [main] com.netflix.discovery.DiscoveryClient    : Force full registry fetch : false
2026-06-02T16:08:48.895-04:00  INFO 15428 --- [user-service] [main] com.netflix.discovery.DiscoveryClient    : Application is null : false
2026-06-02T16:08:48.896-04:00  INFO 15428 --- [user-service] [main] com.netflix.discovery.DiscoveryClient    : Registered Applications size is zero : true
2026-06-02T16:08:48.896-04:00  INFO 15428 --- [user-service] [main] com.netflix.discovery.DiscoveryClient    : Application version is -1: true
2026-06-02T16:08:48.896-04:00  INFO 15428 --- [user-service] [main] com.netflix.discovery.DiscoveryClient    : Getting all instance registry info from the eureka server
2026-06-02T16:08:49.264-04:00  INFO 15428 --- [user-service] [main] com.netflix.discovery.DiscoveryClient    : The response status is 200
2026-06-02T16:08:49.268-04:00  INFO 15428 --- [user-service] [main] com.netflix.discovery.DiscoveryClient    : Starting heartbeat executor: renew interval is: 30
2026-06-02T16:08:49.270-04:00  INFO 15428 --- [user-service] [main] c.n.discovery.InstanceInfoReplicator     : InstanceInfoReplicator onDemand update allowed rate per min is 4
2026-06-02T16:08:49.276-04:00  INFO 15428 --- [user-service] [main] com.netflix.discovery.DiscoveryClient    : Discovery Client initialized at timestamp 1780430929275 with initial instances count: 6
2026-06-02T16:08:49.281-04:00  INFO 15428 --- [user-service] [main] o.s.c.n.e.s.EurekaServiceRegistry        : Registering application USER-SERVICE with eureka with status UP
2026-06-02T16:08:49.282-04:00  INFO 15428 --- [user-service] [main] com.netflix.discovery.DiscoveryClient    : Saw local status change event StatusChangeEvent [timestamp=1780430929282, current=UP, previous=STARTING]
2026-06-02T16:08:49.284-04:00  INFO 15428 --- [user-service] [DiscoveryClient-InstanceInfoReplicator-0] com.netflix.discovery.DiscoveryClient    : DiscoveryClient_USER-SERVICE/Diego:user-service:8082: registering service...
2026-06-02T16:08:49.313-04:00  INFO 15428 --- [user-service] [main] o.s.b.w.embedded.tomcat.TomcatWebServer  : Tomcat started on port 8082 (http) with context path ''
2026-06-02T16:08:49.315-04:00  INFO 15428 --- [user-service] [main] .s.c.n.e.s.EurekaAutoServiceRegistration : Updating port to 8082
2026-06-02T16:08:49.342-04:00  INFO 15428 --- [user-service] [main] cl.duoc.usuario.UsuarioApplication       : Started UsuarioApplication in 10.321 seconds (process running for 11.237)
2026-06-02T16:08:49.342-04:00  INFO 15428 --- [user-service] [DiscoveryClient-InstanceInfoReplicator-0] com.netflix.discovery.DiscoveryClient    : DiscoveryClient_USER-SERVICE/Diego:user-service:8082 - registration status: 204
2026-06-02T16:08:51.262-04:00  INFO 15428 --- [user-service] [RMI TCP Connection(2)-127.0.0.1] o.a.c.c.C.[Tomcat].[localhost].[/]       : Initializing Spring DispatcherServlet 'dispatcherServlet'
2026-06-02T16:08:51.264-04:00  INFO 15428 --- [user-service] [RMI TCP Connection(2)-127.0.0.1] o.s.web.servlet.DispatcherServlet        : Initializing Servlet 'dispatcherServlet'
2026-06-02T16:08:51.267-04:00  INFO 15428 --- [user-service] [RMI TCP Connection(2)-127.0.0.1] o.s.web.servlet.DispatcherServlet        : Completed initialization in 1 ms
2026-06-02T16:13:48.901-04:00  INFO 15428 --- [user-service] [AsyncResolver-bootstrap-executor-0] c.n.d.s.r.aws.ConfigClusterResolver      : Resolving eureka endpoints via configuration
