2026-06-03T10:25:44.023-04:00  INFO 324 --- [venta-service] [main] cl.duoc.venta.VentaApplication           : Starting VentaApplication using Java 21.0.10 with PID 324 (C:\Users\diego\OneDrive\Escritorio\Perfumeria-DiegoGalvezSantander-eureka\venta\target\classes started by diego in C:\Users\diego\OneDrive\Escritorio\Perfumeria-DiegoGalvezSantander-eureka)
2026-06-03T10:25:44.131-04:00  INFO 324 --- [venta-service] [main] cl.duoc.venta.VentaApplication           : No active profile set, falling back to 1 default profile: "default"
2026-06-03T10:25:45.820-04:00  INFO 324 --- [venta-service] [main] .s.d.r.c.RepositoryConfigurationDelegate : Bootstrapping Spring Data JPA repositories in DEFAULT mode.
2026-06-03T10:25:46.001-04:00  INFO 324 --- [venta-service] [main] .s.d.r.c.RepositoryConfigurationDelegate : Finished Spring Data repository scanning in 170 ms. Found 2 JPA repository interfaces.
2026-06-03T10:25:46.393-04:00  INFO 324 --- [venta-service] [main] o.s.cloud.context.scope.GenericScope     : BeanFactory id=cf6650da-9348-3f25-83ba-e473eab95017
2026-06-03T10:25:46.841-04:00  WARN 324 --- [venta-service] [main] trationDelegate$BeanPostProcessorChecker : Bean 'org.springframework.cloud.client.loadbalancer.LoadBalancerAutoConfiguration$DeferringLoadBalancerInterceptorConfig' of type [org.springframework.cloud.client.loadbalancer.LoadBalancerAutoConfiguration$DeferringLoadBalancerInterceptorConfig] is not eligible for getting processed by all BeanPostProcessors (for example: not eligible for auto-proxying). The currently created BeanPostProcessor [lbRestClientPostProcessor] is declared through a non-static factory method on that class; consider declaring it as static instead.
2026-06-03T10:25:46.845-04:00  WARN 324 --- [venta-service] [main] trationDelegate$BeanPostProcessorChecker : Bean 'deferringLoadBalancerInterceptor' of type [org.springframework.cloud.client.loadbalancer.DeferringLoadBalancerInterceptor] is not eligible for getting processed by all BeanPostProcessors (for example: not eligible for auto-proxying). Is this bean getting eagerly injected into a currently created BeanPostProcessor [lbRestClientPostProcessor]? Check the corresponding BeanPostProcessor declaration and its dependencies.
2026-06-03T10:25:46.851-04:00  WARN 324 --- [venta-service] [main] trationDelegate$BeanPostProcessorChecker : Bean 'org.springframework.cloud.client.loadbalancer.reactive.LoadBalancerBeanPostProcessorAutoConfiguration' of type [org.springframework.cloud.client.loadbalancer.reactive.LoadBalancerBeanPostProcessorAutoConfiguration] is not eligible for getting processed by all BeanPostProcessors (for example: not eligible for auto-proxying). The currently created BeanPostProcessor [loadBalancerWebClientBuilderBeanPostProcessor] is declared through a non-static factory method on that class; consider declaring it as static instead.
2026-06-03T10:25:46.854-04:00  WARN 324 --- [venta-service] [main] trationDelegate$BeanPostProcessorChecker : Bean 'org.springframework.cloud.client.loadbalancer.reactive.LoadBalancerBeanPostProcessorAutoConfiguration$ReactorDeferringLoadBalancerFilterConfig' of type [org.springframework.cloud.client.loadbalancer.reactive.LoadBalancerBeanPostProcessorAutoConfiguration$ReactorDeferringLoadBalancerFilterConfig] is not eligible for getting processed by all BeanPostProcessors (for example: not eligible for auto-proxying). Is this bean getting eagerly injected into a currently created BeanPostProcessor [loadBalancerWebClientBuilderBeanPostProcessor]? Check the corresponding BeanPostProcessor declaration and its dependencies.
2026-06-03T10:25:46.858-04:00  WARN 324 --- [venta-service] [main] trationDelegate$BeanPostProcessorChecker : Bean 'reactorDeferringLoadBalancerExchangeFilterFunction' of type [org.springframework.cloud.client.loadbalancer.reactive.DeferringLoadBalancerExchangeFilterFunction] is not eligible for getting processed by all BeanPostProcessors (for example: not eligible for auto-proxying). Is this bean getting eagerly injected into a currently created BeanPostProcessor [loadBalancerWebClientBuilderBeanPostProcessor]? Check the corresponding BeanPostProcessor declaration and its dependencies.
2026-06-03T10:25:47.217-04:00  INFO 324 --- [venta-service] [main] o.s.b.w.embedded.tomcat.TomcatWebServer  : Tomcat initialized with port 8086 (http)
2026-06-03T10:25:47.232-04:00  INFO 324 --- [venta-service] [main] o.apache.catalina.core.StandardService   : Starting service [Tomcat]
2026-06-03T10:25:47.233-04:00  INFO 324 --- [venta-service] [main] o.apache.catalina.core.StandardEngine    : Starting Servlet engine: [Apache Tomcat/10.1.19]
2026-06-03T10:25:47.364-04:00  INFO 324 --- [venta-service] [main] o.a.c.c.C.[Tomcat].[localhost].[/]       : Initializing Spring embedded WebApplicationContext
2026-06-03T10:25:47.364-04:00  INFO 324 --- [venta-service] [main] w.s.c.ServletWebServerApplicationContext : Root WebApplicationContext: initialization completed in 3151 ms
2026-06-03T10:25:47.902-04:00  INFO 324 --- [venta-service] [main] o.hibernate.jpa.internal.util.LogHelper  : HHH000204: Processing PersistenceUnitInfo [name: default]
2026-06-03T10:25:47.987-04:00  INFO 324 --- [venta-service] [main] org.hibernate.Version                    : HHH000412: Hibernate ORM core version 6.4.4.Final
2026-06-03T10:25:48.046-04:00  INFO 324 --- [venta-service] [main] o.h.c.internal.RegionFactoryInitiator    : HHH000026: Second-level cache disabled
2026-06-03T10:25:48.372-04:00  INFO 324 --- [venta-service] [main] o.s.o.j.p.SpringPersistenceUnitInfo      : No LoadTimeWeaver setup: ignoring JPA class transformer
2026-06-03T10:25:48.418-04:00  INFO 324 --- [venta-service] [main] com.zaxxer.hikari.HikariDataSource       : HikariPool-1 - Starting...
2026-06-03T10:25:48.841-04:00  INFO 324 --- [venta-service] [main] com.zaxxer.hikari.pool.HikariPool        : HikariPool-1 - Added connection com.mysql.cj.jdbc.ConnectionImpl@1cc81ea1
2026-06-03T10:25:48.844-04:00  INFO 324 --- [venta-service] [main] com.zaxxer.hikari.HikariDataSource       : HikariPool-1 - Start completed.
2026-06-03T10:25:50.151-04:00  INFO 324 --- [venta-service] [main] o.h.e.t.j.p.i.JtaPlatformInitiator       : HHH000489: No JTA platform available (set 'hibernate.transaction.jta.platform' to enable JTA platform integration)
2026-06-03T10:25:52.468-04:00  INFO 324 --- [venta-service] [main] j.LocalContainerEntityManagerFactoryBean : Initialized JPA EntityManagerFactory for persistence unit 'default'
2026-06-03T10:25:53.589-04:00  WARN 324 --- [venta-service] [main] JpaBaseConfiguration$JpaWebConfiguration : spring.jpa.open-in-view is enabled by default. Therefore, database queries may be performed during view rendering. Explicitly configure spring.jpa.open-in-view to disable this warning
2026-06-03T10:25:54.857-04:00  INFO 324 --- [venta-service] [main] DiscoveryClientOptionalArgsConfiguration : Eureka HTTP Client uses RestTemplate.
2026-06-03T10:25:54.939-04:00  WARN 324 --- [venta-service] [main] iguration$LoadBalancerCaffeineWarnLogger : Spring Cloud LoadBalancer is currently working with the default cache. While this cache implementation is useful for development and tests, it's recommended to use Caffeine cache in production.You can switch to using Caffeine cache, by adding it and org.springframework.cache.caffeine.CaffeineCacheManager to the classpath.
2026-06-03T10:25:54.950-04:00  INFO 324 --- [venta-service] [main] o.s.b.a.e.web.EndpointLinksResolver      : Exposing 1 endpoint(s) beneath base path '/actuator'
2026-06-03T10:25:55.089-04:00  INFO 324 --- [venta-service] [main] o.s.c.n.eureka.InstanceInfoFactory       : Setting initial instance status as: STARTING
2026-06-03T10:25:55.156-04:00  INFO 324 --- [venta-service] [main] com.netflix.discovery.DiscoveryClient    : Initializing Eureka in region us-east-1
2026-06-03T10:25:55.166-04:00  INFO 324 --- [venta-service] [main] c.n.d.s.r.aws.ConfigClusterResolver      : Resolving eureka endpoints via configuration
2026-06-03T10:25:55.203-04:00  INFO 324 --- [venta-service] [main] com.netflix.discovery.DiscoveryClient    : Disable delta property : false
2026-06-03T10:25:55.203-04:00  INFO 324 --- [venta-service] [main] com.netflix.discovery.DiscoveryClient    : Single vip registry refresh property : null
2026-06-03T10:25:55.204-04:00  INFO 324 --- [venta-service] [main] com.netflix.discovery.DiscoveryClient    : Force full registry fetch : false
2026-06-03T10:25:55.204-04:00  INFO 324 --- [venta-service] [main] com.netflix.discovery.DiscoveryClient    : Application is null : false
2026-06-03T10:25:55.204-04:00  INFO 324 --- [venta-service] [main] com.netflix.discovery.DiscoveryClient    : Registered Applications size is zero : true
2026-06-03T10:25:55.204-04:00  INFO 324 --- [venta-service] [main] com.netflix.discovery.DiscoveryClient    : Application version is -1: true
2026-06-03T10:25:55.204-04:00  INFO 324 --- [venta-service] [main] com.netflix.discovery.DiscoveryClient    : Getting all instance registry info from the eureka server
2026-06-03T10:25:55.620-04:00  INFO 324 --- [venta-service] [RMI TCP Connection(2)-127.0.0.1] o.a.c.c.C.[Tomcat].[localhost].[/]       : Initializing Spring DispatcherServlet 'dispatcherServlet'
2026-06-03T10:25:55.621-04:00  INFO 324 --- [venta-service] [RMI TCP Connection(2)-127.0.0.1] o.s.web.servlet.DispatcherServlet        : Initializing Servlet 'dispatcherServlet'
2026-06-03T10:25:55.623-04:00  INFO 324 --- [venta-service] [RMI TCP Connection(2)-127.0.0.1] o.s.web.servlet.DispatcherServlet        : Completed initialization in 2 ms
2026-06-03T10:25:55.719-04:00  INFO 324 --- [venta-service] [main] com.netflix.discovery.DiscoveryClient    : The response status is 200
2026-06-03T10:25:55.730-04:00  INFO 324 --- [venta-service] [main] com.netflix.discovery.DiscoveryClient    : Starting heartbeat executor: renew interval is: 30
2026-06-03T10:25:55.736-04:00  INFO 324 --- [venta-service] [main] c.n.discovery.InstanceInfoReplicator     : InstanceInfoReplicator onDemand update allowed rate per min is 4
2026-06-03T10:25:55.756-04:00  INFO 324 --- [venta-service] [main] com.netflix.discovery.DiscoveryClient    : Discovery Client initialized at timestamp 1780496755752 with initial instances count: 6
2026-06-03T10:25:55.766-04:00  INFO 324 --- [venta-service] [main] o.s.c.n.e.s.EurekaServiceRegistry        : Registering application VENTA-SERVICE with eureka with status UP
2026-06-03T10:25:55.768-04:00  INFO 324 --- [venta-service] [main] com.netflix.discovery.DiscoveryClient    : Saw local status change event StatusChangeEvent [timestamp=1780496755768, current=UP, previous=STARTING]
2026-06-03T10:25:55.772-04:00  INFO 324 --- [venta-service] [DiscoveryClient-InstanceInfoReplicator-0] com.netflix.discovery.DiscoveryClient    : DiscoveryClient_VENTA-SERVICE/Diego:venta-service:8086: registering service...
2026-06-03T10:25:55.876-04:00  INFO 324 --- [venta-service] [main] o.s.b.w.embedded.tomcat.TomcatWebServer  : Tomcat started on port 8086 (http) with context path ''
2026-06-03T10:25:55.889-04:00  INFO 324 --- [venta-service] [main] .s.c.n.e.s.EurekaAutoServiceRegistration : Updating port to 8086
2026-06-03T10:25:55.899-04:00  INFO 324 --- [venta-service] [main] cl.duoc.venta.VentaApplication           : Started VentaApplication in 12.456 seconds (process running for 13.243)
2026-06-03T10:25:55.918-04:00  INFO 324 --- [venta-service] [DiscoveryClient-InstanceInfoReplicator-0] com.netflix.discovery.DiscoveryClient    : DiscoveryClient_VENTA-SERVICE/Diego:venta-service:8086 - registration status: 204
2026-06-03T10:26:33.586-04:00  INFO 324 --- [venta-service] [http-nio-8086-exec-7] c.duoc.venta.controller.VentaController  : Iniciando orquestación: Creando nueva venta...
2026-06-03T10:26:57.120-04:00  INFO 324 --- [venta-service] [http-nio-8086-exec-10] c.duoc.venta.controller.VentaController  : Iniciando orquestación: Creando nueva venta...
2026-06-03T10:26:58.512-04:00  INFO 324 --- [venta-service] [http-nio-8086-exec-8] c.duoc.venta.controller.VentaController  : Iniciando orquestación: Creando nueva venta...
2026-06-03T10:26:59.847-04:00  INFO 324 --- [venta-service] [http-nio-8086-exec-9] c.duoc.venta.controller.VentaController  : Iniciando orquestación: Creando nueva venta...
2026-06-03T10:30:08.394-04:00  INFO 324 --- [venta-service] [http-nio-8086-exec-9] o.springdoc.api.AbstractOpenApiResource  : Init duration for springdoc-openapi is: 261 ms
2026-06-03T10:30:55.216-04:00  INFO 324 --- [venta-service] [AsyncResolver-bootstrap-executor-0] c.n.d.s.r.aws.ConfigClusterResolver      : Resolving eureka endpoints via configuration
