2026-06-03T08:31:05.898-04:00  INFO 12308 --- [auth-service] [main] c.d.a.AutenticacionApplication           : Starting AutenticacionApplication using Java 21.0.10 with PID 12308 (C:\Users\diego\OneDrive\Escritorio\Perfumeria-DiegoGalvezSantander-eureka\autenticacion_lista\target\classes started by diego in C:\Users\diego\OneDrive\Escritorio\Perfumeria-DiegoGalvezSantander-eureka\autenticacion_lista)
2026-06-03T08:31:05.929-04:00  INFO 12308 --- [auth-service] [main] c.d.a.AutenticacionApplication           : No active profile set, falling back to 1 default profile: "default"
2026-06-03T08:31:16.401-04:00  INFO 12308 --- [auth-service] [main] .s.d.r.c.RepositoryConfigurationDelegate : Bootstrapping Spring Data JPA repositories in DEFAULT mode.
2026-06-03T08:31:17.252-04:00  INFO 12308 --- [auth-service] [main] .s.d.r.c.RepositoryConfigurationDelegate : Finished Spring Data repository scanning in 679 ms. Found 2 JPA repository interfaces.
2026-06-03T08:31:19.272-04:00  INFO 12308 --- [auth-service] [main] o.s.cloud.context.scope.GenericScope     : BeanFactory id=a127217c-9518-3603-a827-17de3c5d77cc
2026-06-03T08:31:20.573-04:00  INFO 12308 --- [auth-service] [main] o.s.boot.tomcat.TomcatWebServer          : Tomcat initialized with port 8081 (http)
2026-06-03T08:31:20.588-04:00  INFO 12308 --- [auth-service] [main] o.apache.catalina.core.StandardService   : Starting service [Tomcat]
2026-06-03T08:31:20.588-04:00  INFO 12308 --- [auth-service] [main] o.apache.catalina.core.StandardEngine    : Starting Servlet engine: [Apache Tomcat/11.0.21]
2026-06-03T08:31:20.696-04:00  INFO 12308 --- [auth-service] [main] b.w.c.s.WebApplicationContextInitializer : Root WebApplicationContext: initialization completed in 14289 ms
2026-06-03T08:31:21.794-04:00  INFO 12308 --- [auth-service] [main] org.hibernate.orm.jpa                    : HHH008540: Processing PersistenceUnitInfo [name: default]
2026-06-03T08:31:21.987-04:00  INFO 12308 --- [auth-service] [main] org.hibernate.orm.core                   : HHH000001: Hibernate ORM core version 7.2.12.Final
2026-06-03T08:31:23.378-04:00  INFO 12308 --- [auth-service] [main] o.s.o.j.p.SpringPersistenceUnitInfo      : No LoadTimeWeaver setup: ignoring JPA class transformer
2026-06-03T08:31:23.448-04:00  INFO 12308 --- [auth-service] [main] com.zaxxer.hikari.HikariDataSource       : HikariPool-1 - Starting...
2026-06-03T08:31:24.212-04:00  INFO 12308 --- [auth-service] [main] com.zaxxer.hikari.pool.HikariPool        : HikariPool-1 - Added connection com.mysql.cj.jdbc.ConnectionImpl@589a4305
2026-06-03T08:31:24.243-04:00  INFO 12308 --- [auth-service] [main] com.zaxxer.hikari.HikariDataSource       : HikariPool-1 - Start completed.
2026-06-03T08:31:24.538-04:00  INFO 12308 --- [auth-service] [main] org.hibernate.orm.connections.pooling    : HHH10001005: Database info:
	Database JDBC URL [jdbc:mysql://localhost:3306/db_auth]
	Database driver: MySQL Connector/J
	Database dialect: MySQLDialect
	Database version: 8.4.3
	Default catalog/schema: db_auth/undefined
	Autocommit mode: undefined/unknown
	Isolation level: REPEATABLE_READ [default REPEATABLE_READ]
	JDBC fetch size: none
	Pool: DataSourceConnectionProvider
	Minimum pool size: undefined/unknown
	Maximum pool size: undefined/unknown
2026-06-03T08:31:26.832-04:00  INFO 12308 --- [auth-service] [main] org.hibernate.orm.core                   : HHH000489: No JTA platform available (set 'hibernate.transaction.jta.platform' to enable JTA platform integration)
2026-06-03T08:31:26.964-04:00  INFO 12308 --- [auth-service] [main] j.LocalContainerEntityManagerFactoryBean : Initialized JPA EntityManagerFactory for persistence unit 'default'
2026-06-03T08:31:27.169-04:00  INFO 12308 --- [auth-service] [main] o.s.d.j.r.query.QueryEnhancerFactories   : Hibernate is in classpath; If applicable, HQL parser will be used.
2026-06-03T08:31:27.973-04:00  WARN 12308 --- [auth-service] [main] JpaBaseConfiguration$JpaWebConfiguration : spring.jpa.open-in-view is enabled by default. Therefore, database queries may be performed during view rendering. Explicitly configure spring.jpa.open-in-view to disable this warning
2026-06-03T08:31:28.076-04:00  WARN 12308 --- [auth-service] [main] .s.a.UserDetailsServiceAutoConfiguration : 

Using generated security password: cf776a40-93cf-4eac-ac9b-c654c022b416

This generated password is for development use only. Your security configuration must be updated before running your application in production.

2026-06-03T08:31:28.092-04:00  INFO 12308 --- [auth-service] [main] r$InitializeUserDetailsManagerConfigurer : Global AuthenticationManager configured with UserDetailsService bean with name inMemoryUserDetailsManager
2026-06-03T08:31:31.189-04:00  INFO 12308 --- [auth-service] [main] DiscoveryClientOptionalArgsConfiguration : Eureka HTTP Client uses RestClient.
2026-06-03T08:31:31.241-04:00  WARN 12308 --- [auth-service] [main] iguration$LoadBalancerCaffeineWarnLogger : Spring Cloud LoadBalancer is currently working with the default cache. While this cache implementation is useful for development and tests, it's recommended to use Caffeine cache in production.You can switch to using Caffeine cache, by adding it and org.springframework.cache.caffeine.CaffeineCacheManager to the classpath.
2026-06-03T08:31:31.253-04:00  INFO 12308 --- [auth-service] [main] o.s.b.a.e.web.EndpointLinksResolver      : Exposing 1 endpoint beneath base path '/actuator'
2026-06-03T08:31:31.415-04:00  INFO 12308 --- [auth-service] [main] o.s.c.n.eureka.InstanceInfoFactory       : Setting initial instance status as: STARTING
2026-06-03T08:31:31.448-04:00  INFO 12308 --- [auth-service] [main] com.netflix.discovery.DiscoveryClient    : Initializing Eureka in region us-east-1
2026-06-03T08:31:31.503-04:00  INFO 12308 --- [auth-service] [main] c.n.d.s.r.aws.ConfigClusterResolver      : Resolving eureka endpoints via configuration
2026-06-03T08:31:31.517-04:00  INFO 12308 --- [auth-service] [main] com.netflix.discovery.DiscoveryClient    : Disable delta property : false
2026-06-03T08:31:31.517-04:00  INFO 12308 --- [auth-service] [main] com.netflix.discovery.DiscoveryClient    : Single vip registry refresh property : null
2026-06-03T08:31:31.517-04:00  INFO 12308 --- [auth-service] [main] com.netflix.discovery.DiscoveryClient    : Force full registry fetch : false
2026-06-03T08:31:31.517-04:00  INFO 12308 --- [auth-service] [main] com.netflix.discovery.DiscoveryClient    : Application is null : false
2026-06-03T08:31:31.517-04:00  INFO 12308 --- [auth-service] [main] com.netflix.discovery.DiscoveryClient    : Registered Applications size is zero : true
2026-06-03T08:31:31.517-04:00  INFO 12308 --- [auth-service] [main] com.netflix.discovery.DiscoveryClient    : Application version is -1: true
2026-06-03T08:31:31.517-04:00  INFO 12308 --- [auth-service] [main] com.netflix.discovery.DiscoveryClient    : Getting all instance registry info from the eureka server
2026-06-03T08:31:32.561-04:00  INFO 12308 --- [auth-service] [RMI TCP Connection(2)-127.0.0.1] o.a.c.c.C.[Tomcat].[localhost].[/]       : Initializing Spring DispatcherServlet 'dispatcherServlet'
2026-06-03T08:31:32.564-04:00  INFO 12308 --- [auth-service] [RMI TCP Connection(2)-127.0.0.1] o.s.web.servlet.DispatcherServlet        : Initializing Servlet 'dispatcherServlet'
2026-06-03T08:31:32.569-04:00  INFO 12308 --- [auth-service] [RMI TCP Connection(2)-127.0.0.1] o.s.web.servlet.DispatcherServlet        : Completed initialization in 3 ms
2026-06-03T08:31:34.498-04:00  INFO 12308 --- [auth-service] [main] com.netflix.discovery.DiscoveryClient    : The response status is 200
2026-06-03T08:31:34.500-04:00  INFO 12308 --- [auth-service] [main] com.netflix.discovery.DiscoveryClient    : Starting heartbeat executor: renew interval is: 30
2026-06-03T08:31:34.500-04:00  INFO 12308 --- [auth-service] [main] c.n.discovery.InstanceInfoReplicator     : InstanceInfoReplicator onDemand update allowed rate per min is 4
2026-06-03T08:31:34.500-04:00  INFO 12308 --- [auth-service] [main] com.netflix.discovery.DiscoveryClient    : Discovery Client initialized at timestamp 1780489894500 with initial instances count: 0
2026-06-03T08:31:34.500-04:00  INFO 12308 --- [auth-service] [main] o.s.c.n.e.s.EurekaServiceRegistry        : Registering application AUTH-SERVICE with eureka with status UP
2026-06-03T08:31:34.500-04:00  INFO 12308 --- [auth-service] [main] com.netflix.discovery.DiscoveryClient    : Saw local status change event StatusChangeEvent [timestamp=1780489894500, current=UP, previous=STARTING]
2026-06-03T08:31:34.500-04:00  INFO 12308 --- [auth-service] [DiscoveryClient-InstanceInfoReplicator-%d] com.netflix.discovery.DiscoveryClient    : DiscoveryClient_AUTH-SERVICE/Diego:auth-service:8081: registering service...
2026-06-03T08:31:34.534-04:00  INFO 12308 --- [auth-service] [main] o.s.boot.tomcat.TomcatWebServer          : Tomcat started on port 8081 (http) with context path '/'
2026-06-03T08:31:34.534-04:00  INFO 12308 --- [auth-service] [main] .s.c.n.e.s.EurekaAutoServiceRegistration : Updating port to 8081
2026-06-03T08:31:34.534-04:00  INFO 12308 --- [auth-service] [main] c.d.a.AutenticacionApplication           : Started AutenticacionApplication in 30.556 seconds (process running for 34.257)
2026-06-03T08:31:34.550-04:00  WARN 12308 --- [auth-service] [main] o.s.core.events.SpringDocAppInitializer  : SpringDoc /v3/api-docs endpoint is enabled by default. To disable it in production, set the property 'springdoc.api-docs.enabled=false'
2026-06-03T08:31:34.550-04:00  WARN 12308 --- [auth-service] [main] o.s.core.events.SpringDocAppInitializer  : SpringDoc /swagger-ui.html endpoint is enabled by default. To disable it in production, set the property 'springdoc.swagger-ui.enabled=false'
2026-06-03T08:31:34.668-04:00  INFO 12308 --- [auth-service] [DiscoveryClient-InstanceInfoReplicator-%d] com.netflix.discovery.DiscoveryClient    : DiscoveryClient_AUTH-SERVICE/Diego:auth-service:8081 - registration status: 204
2026-06-03T08:31:47.241-04:00  INFO 12308 --- [auth-service] [http-nio-8081-exec-2] c.d.a.controller.AuthController          : Validando credenciales de acceso para el usuario: javiera_admin
2026-06-03T08:32:04.515-04:00  INFO 12308 --- [auth-service] [DiscoveryClient-CacheRefreshExecutor-%d] com.netflix.discovery.DiscoveryClient    : Disable delta property : false
2026-06-03T08:32:04.518-04:00  INFO 12308 --- [auth-service] [DiscoveryClient-CacheRefreshExecutor-%d] com.netflix.discovery.DiscoveryClient    : Single vip registry refresh property : null
2026-06-03T08:32:04.520-04:00  INFO 12308 --- [auth-service] [DiscoveryClient-CacheRefreshExecutor-%d] com.netflix.discovery.DiscoveryClient    : Force full registry fetch : false
2026-06-03T08:32:04.522-04:00  INFO 12308 --- [auth-service] [DiscoveryClient-CacheRefreshExecutor-%d] com.netflix.discovery.DiscoveryClient    : Application is null : false
2026-06-03T08:32:04.522-04:00  INFO 12308 --- [auth-service] [DiscoveryClient-CacheRefreshExecutor-%d] com.netflix.discovery.DiscoveryClient    : Registered Applications size is zero : true
2026-06-03T08:32:04.523-04:00  INFO 12308 --- [auth-service] [DiscoveryClient-CacheRefreshExecutor-%d] com.netflix.discovery.DiscoveryClient    : Application version is -1: false
2026-06-03T08:32:04.523-04:00  INFO 12308 --- [auth-service] [DiscoveryClient-CacheRefreshExecutor-%d] com.netflix.discovery.DiscoveryClient    : Getting all instance registry info from the eureka server
2026-06-03T08:32:04.565-04:00  INFO 12308 --- [auth-service] [DiscoveryClient-CacheRefreshExecutor-%d] com.netflix.discovery.DiscoveryClient    : The response status is 200
2026-06-03T08:36:31.527-04:00  INFO 12308 --- [auth-service] [AsyncResolver-bootstrap-executor-%d] c.n.d.s.r.aws.ConfigClusterResolver      : Resolving eureka endpoints via configuration
2026-06-03T08:41:31.543-04:00  INFO 12308 --- [auth-service] [AsyncResolver-bootstrap-executor-%d] c.n.d.s.r.aws.ConfigClusterResolver      : Resolving eureka endpoints via configuration
2026-06-03T08:46:31.559-04:00  INFO 12308 --- [auth-service] [AsyncResolver-bootstrap-executor-%d] c.n.d.s.r.aws.ConfigClusterResolver      : Resolving eureka endpoints via configuration
2026-06-03T08:51:31.564-04:00  INFO 12308 --- [auth-service] [AsyncResolver-bootstrap-executor-%d] c.n.d.s.r.aws.ConfigClusterResolver      : Resolving eureka endpoints via configuration
2026-06-03T08:56:31.568-04:00  INFO 12308 --- [auth-service] [AsyncResolver-bootstrap-executor-%d] c.n.d.s.r.aws.ConfigClusterResolver      : Resolving eureka endpoints via configuration
2026-06-03T09:01:31.580-04:00  INFO 12308 --- [auth-service] [AsyncResolver-bootstrap-executor-%d] c.n.d.s.r.aws.ConfigClusterResolver      : Resolving eureka endpoints via configuration
2026-06-03T09:06:31.594-04:00  INFO 12308 --- [auth-service] [AsyncResolver-bootstrap-executor-%d] c.n.d.s.r.aws.ConfigClusterResolver      : Resolving eureka endpoints via configuration
2026-06-03T09:11:31.606-04:00  INFO 12308 --- [auth-service] [AsyncResolver-bootstrap-executor-%d] c.n.d.s.r.aws.ConfigClusterResolver      : Resolving eureka endpoints via configuration
2026-06-03T09:16:31.607-04:00  INFO 12308 --- [auth-service] [AsyncResolver-bootstrap-executor-%d] c.n.d.s.r.aws.ConfigClusterResolver      : Resolving eureka endpoints via configuration
2026-06-03T09:21:31.613-04:00  INFO 12308 --- [auth-service] [AsyncResolver-bootstrap-executor-%d] c.n.d.s.r.aws.ConfigClusterResolver      : Resolving eureka endpoints via configuration
2026-06-03T09:26:31.615-04:00  INFO 12308 --- [auth-service] [AsyncResolver-bootstrap-executor-%d] c.n.d.s.r.aws.ConfigClusterResolver      : Resolving eureka endpoints via configuration
2026-06-03T09:31:31.618-04:00  INFO 12308 --- [auth-service] [AsyncResolver-bootstrap-executor-%d] c.n.d.s.r.aws.ConfigClusterResolver      : Resolving eureka endpoints via configuration
2026-06-03T09:36:31.623-04:00  INFO 12308 --- [auth-service] [AsyncResolver-bootstrap-executor-%d] c.n.d.s.r.aws.ConfigClusterResolver      : Resolving eureka endpoints via configuration
2026-06-03T09:41:31.639-04:00  INFO 12308 --- [auth-service] [AsyncResolver-bootstrap-executor-%d] c.n.d.s.r.aws.ConfigClusterResolver      : Resolving eureka endpoints via configuration
2026-06-03T09:45:30.008-04:00  INFO 16692 --- [auth-service] [main] c.d.a.AutenticacionApplication           : Starting AutenticacionApplication using Java 21.0.10 with PID 16692 (C:\Users\diego\OneDrive\Escritorio\Perfumeria-DiegoGalvezSantander-eureka\autenticacion_lista\target\classes started by diego in C:\Users\diego\OneDrive\Escritorio\Perfumeria-DiegoGalvezSantander-eureka\autenticacion_lista)
2026-06-03T09:45:30.013-04:00  INFO 16692 --- [auth-service] [main] c.d.a.AutenticacionApplication           : No active profile set, falling back to 1 default profile: "default"
2026-06-03T09:45:31.730-04:00  INFO 16692 --- [auth-service] [main] .s.d.r.c.RepositoryConfigurationDelegate : Bootstrapping Spring Data JPA repositories in DEFAULT mode.
2026-06-03T09:45:31.922-04:00  INFO 16692 --- [auth-service] [main] .s.d.r.c.RepositoryConfigurationDelegate : Finished Spring Data repository scanning in 178 ms. Found 2 JPA repository interfaces.
2026-06-03T09:45:32.468-04:00  INFO 16692 --- [auth-service] [main] o.s.cloud.context.scope.GenericScope     : BeanFactory id=a127217c-9518-3603-a827-17de3c5d77cc
2026-06-03T09:45:32.986-04:00  INFO 16692 --- [auth-service] [main] o.s.boot.tomcat.TomcatWebServer          : Tomcat initialized with port 8081 (http)
2026-06-03T09:45:33.024-04:00  INFO 16692 --- [auth-service] [main] o.apache.catalina.core.StandardService   : Starting service [Tomcat]
2026-06-03T09:45:33.024-04:00  INFO 16692 --- [auth-service] [main] o.apache.catalina.core.StandardEngine    : Starting Servlet engine: [Apache Tomcat/11.0.21]
2026-06-03T09:45:33.112-04:00  INFO 16692 --- [auth-service] [main] b.w.c.s.WebApplicationContextInitializer : Root WebApplicationContext: initialization completed in 3027 ms
2026-06-03T09:45:33.525-04:00  INFO 16692 --- [auth-service] [main] org.hibernate.orm.jpa                    : HHH008540: Processing PersistenceUnitInfo [name: default]
2026-06-03T09:45:33.609-04:00  INFO 16692 --- [auth-service] [main] org.hibernate.orm.core                   : HHH000001: Hibernate ORM core version 7.2.12.Final
2026-06-03T09:45:34.372-04:00  INFO 16692 --- [auth-service] [main] o.s.o.j.p.SpringPersistenceUnitInfo      : No LoadTimeWeaver setup: ignoring JPA class transformer
2026-06-03T09:45:34.408-04:00  INFO 16692 --- [auth-service] [main] com.zaxxer.hikari.HikariDataSource       : HikariPool-1 - Starting...
2026-06-03T09:45:34.855-04:00  INFO 16692 --- [auth-service] [main] com.zaxxer.hikari.pool.HikariPool        : HikariPool-1 - Added connection com.mysql.cj.jdbc.ConnectionImpl@22349ad3
2026-06-03T09:45:34.857-04:00  INFO 16692 --- [auth-service] [main] com.zaxxer.hikari.HikariDataSource       : HikariPool-1 - Start completed.
2026-06-03T09:45:34.950-04:00  INFO 16692 --- [auth-service] [main] org.hibernate.orm.connections.pooling    : HHH10001005: Database info:
	Database JDBC URL [jdbc:mysql://localhost:3306/db_auth]
	Database driver: MySQL Connector/J
	Database dialect: MySQLDialect
	Database version: 8.4.3
	Default catalog/schema: db_auth/undefined
	Autocommit mode: undefined/unknown
	Isolation level: REPEATABLE_READ [default REPEATABLE_READ]
	JDBC fetch size: none
	Pool: DataSourceConnectionProvider
	Minimum pool size: undefined/unknown
	Maximum pool size: undefined/unknown
2026-06-03T09:45:36.060-04:00  INFO 16692 --- [auth-service] [main] org.hibernate.orm.core                   : HHH000489: No JTA platform available (set 'hibernate.transaction.jta.platform' to enable JTA platform integration)
2026-06-03T09:45:36.159-04:00  INFO 16692 --- [auth-service] [main] j.LocalContainerEntityManagerFactoryBean : Initialized JPA EntityManagerFactory for persistence unit 'default'
2026-06-03T09:45:36.263-04:00  INFO 16692 --- [auth-service] [main] o.s.d.j.r.query.QueryEnhancerFactories   : Hibernate is in classpath; If applicable, HQL parser will be used.
2026-06-03T09:45:36.689-04:00  WARN 16692 --- [auth-service] [main] JpaBaseConfiguration$JpaWebConfiguration : spring.jpa.open-in-view is enabled by default. Therefore, database queries may be performed during view rendering. Explicitly configure spring.jpa.open-in-view to disable this warning
2026-06-03T09:45:36.792-04:00  WARN 16692 --- [auth-service] [main] .s.a.UserDetailsServiceAutoConfiguration : 

Using generated security password: 1204684f-c370-4bb8-8e0d-b5348532c502

This generated password is for development use only. Your security configuration must be updated before running your application in production.

2026-06-03T09:45:36.804-04:00  INFO 16692 --- [auth-service] [main] r$InitializeUserDetailsManagerConfigurer : Global AuthenticationManager configured with UserDetailsService bean with name inMemoryUserDetailsManager
2026-06-03T09:45:37.939-04:00  INFO 16692 --- [auth-service] [main] DiscoveryClientOptionalArgsConfiguration : Eureka HTTP Client uses RestClient.
2026-06-03T09:45:37.993-04:00  WARN 16692 --- [auth-service] [main] iguration$LoadBalancerCaffeineWarnLogger : Spring Cloud LoadBalancer is currently working with the default cache. While this cache implementation is useful for development and tests, it's recommended to use Caffeine cache in production.You can switch to using Caffeine cache, by adding it and org.springframework.cache.caffeine.CaffeineCacheManager to the classpath.
2026-06-03T09:45:38.003-04:00  INFO 16692 --- [auth-service] [main] o.s.b.a.e.web.EndpointLinksResolver      : Exposing 1 endpoint beneath base path '/actuator'
2026-06-03T09:45:38.122-04:00  INFO 16692 --- [auth-service] [main] o.s.c.n.eureka.InstanceInfoFactory       : Setting initial instance status as: STARTING
2026-06-03T09:45:38.164-04:00  INFO 16692 --- [auth-service] [main] com.netflix.discovery.DiscoveryClient    : Initializing Eureka in region us-east-1
2026-06-03T09:45:38.170-04:00  INFO 16692 --- [auth-service] [main] c.n.d.s.r.aws.ConfigClusterResolver      : Resolving eureka endpoints via configuration
2026-06-03T09:45:38.187-04:00  INFO 16692 --- [auth-service] [main] com.netflix.discovery.DiscoveryClient    : Disable delta property : false
2026-06-03T09:45:38.188-04:00  INFO 16692 --- [auth-service] [main] com.netflix.discovery.DiscoveryClient    : Single vip registry refresh property : null
2026-06-03T09:45:38.188-04:00  INFO 16692 --- [auth-service] [main] com.netflix.discovery.DiscoveryClient    : Force full registry fetch : false
2026-06-03T09:45:38.188-04:00  INFO 16692 --- [auth-service] [main] com.netflix.discovery.DiscoveryClient    : Application is null : false
2026-06-03T09:45:38.189-04:00  INFO 16692 --- [auth-service] [main] com.netflix.discovery.DiscoveryClient    : Registered Applications size is zero : true
2026-06-03T09:45:38.189-04:00  INFO 16692 --- [auth-service] [main] com.netflix.discovery.DiscoveryClient    : Application version is -1: true
2026-06-03T09:45:38.189-04:00  INFO 16692 --- [auth-service] [main] com.netflix.discovery.DiscoveryClient    : Getting all instance registry info from the eureka server
2026-06-03T09:45:38.375-04:00  INFO 16692 --- [auth-service] [RMI TCP Connection(2)-127.0.0.1] o.a.c.c.C.[Tomcat].[localhost].[/]       : Initializing Spring DispatcherServlet 'dispatcherServlet'
2026-06-03T09:45:38.377-04:00  INFO 16692 --- [auth-service] [RMI TCP Connection(2)-127.0.0.1] o.s.web.servlet.DispatcherServlet        : Initializing Servlet 'dispatcherServlet'
2026-06-03T09:45:38.379-04:00  INFO 16692 --- [auth-service] [RMI TCP Connection(2)-127.0.0.1] o.s.web.servlet.DispatcherServlet        : Completed initialization in 2 ms
2026-06-03T09:45:38.882-04:00  INFO 16692 --- [auth-service] [main] com.netflix.discovery.DiscoveryClient    : The response status is 200
2026-06-03T09:45:38.884-04:00  INFO 16692 --- [auth-service] [main] com.netflix.discovery.DiscoveryClient    : Starting heartbeat executor: renew interval is: 30
2026-06-03T09:45:38.886-04:00  INFO 16692 --- [auth-service] [main] c.n.discovery.InstanceInfoReplicator     : InstanceInfoReplicator onDemand update allowed rate per min is 4
2026-06-03T09:45:38.889-04:00  INFO 16692 --- [auth-service] [main] com.netflix.discovery.DiscoveryClient    : Discovery Client initialized at timestamp 1780494338887 with initial instances count: 0
2026-06-03T09:45:38.894-04:00  INFO 16692 --- [auth-service] [main] o.s.c.n.e.s.EurekaServiceRegistry        : Registering application AUTH-SERVICE with eureka with status UP
2026-06-03T09:45:38.895-04:00  INFO 16692 --- [auth-service] [main] com.netflix.discovery.DiscoveryClient    : Saw local status change event StatusChangeEvent [timestamp=1780494338895, current=UP, previous=STARTING]
2026-06-03T09:45:38.897-04:00  INFO 16692 --- [auth-service] [DiscoveryClient-InstanceInfoReplicator-%d] com.netflix.discovery.DiscoveryClient    : DiscoveryClient_AUTH-SERVICE/Diego:auth-service:8081: registering service...
2026-06-03T09:45:38.930-04:00  INFO 16692 --- [auth-service] [main] o.s.boot.tomcat.TomcatWebServer          : Tomcat started on port 8081 (http) with context path '/'
2026-06-03T09:45:38.931-04:00  INFO 16692 --- [auth-service] [main] .s.c.n.e.s.EurekaAutoServiceRegistration : Updating port to 8081
2026-06-03T09:45:38.938-04:00  INFO 16692 --- [auth-service] [main] c.d.a.AutenticacionApplication           : Started AutenticacionApplication in 9.523 seconds (process running for 10.573)
2026-06-03T09:45:38.949-04:00  WARN 16692 --- [auth-service] [main] o.s.core.events.SpringDocAppInitializer  : SpringDoc /v3/api-docs endpoint is enabled by default. To disable it in production, set the property 'springdoc.api-docs.enabled=false'
2026-06-03T09:45:38.949-04:00  WARN 16692 --- [auth-service] [main] o.s.core.events.SpringDocAppInitializer  : SpringDoc /swagger-ui.html endpoint is enabled by default. To disable it in production, set the property 'springdoc.swagger-ui.enabled=false'
2026-06-03T09:45:39.075-04:00  INFO 16692 --- [auth-service] [DiscoveryClient-InstanceInfoReplicator-%d] com.netflix.discovery.DiscoveryClient    : DiscoveryClient_AUTH-SERVICE/Diego:auth-service:8081 - registration status: 204
2026-06-03T09:46:08.898-04:00  INFO 16692 --- [auth-service] [DiscoveryClient-CacheRefreshExecutor-%d] com.netflix.discovery.DiscoveryClient    : Disable delta property : false
2026-06-03T09:46:08.900-04:00  INFO 16692 --- [auth-service] [DiscoveryClient-CacheRefreshExecutor-%d] com.netflix.discovery.DiscoveryClient    : Single vip registry refresh property : null
2026-06-03T09:46:08.900-04:00  INFO 16692 --- [auth-service] [DiscoveryClient-CacheRefreshExecutor-%d] com.netflix.discovery.DiscoveryClient    : Force full registry fetch : false
2026-06-03T09:46:08.901-04:00  INFO 16692 --- [auth-service] [DiscoveryClient-CacheRefreshExecutor-%d] com.netflix.discovery.DiscoveryClient    : Application is null : false
2026-06-03T09:46:08.902-04:00  INFO 16692 --- [auth-service] [DiscoveryClient-CacheRefreshExecutor-%d] com.netflix.discovery.DiscoveryClient    : Registered Applications size is zero : true
2026-06-03T09:46:08.903-04:00  INFO 16692 --- [auth-service] [DiscoveryClient-CacheRefreshExecutor-%d] com.netflix.discovery.DiscoveryClient    : Application version is -1: false
2026-06-03T09:46:08.904-04:00  INFO 16692 --- [auth-service] [DiscoveryClient-CacheRefreshExecutor-%d] com.netflix.discovery.DiscoveryClient    : Getting all instance registry info from the eureka server
2026-06-03T09:46:08.937-04:00  INFO 16692 --- [auth-service] [DiscoveryClient-CacheRefreshExecutor-%d] com.netflix.discovery.DiscoveryClient    : The response status is 200
2026-06-03T09:46:59.383-04:00  INFO 16692 --- [auth-service] [http-nio-8081-exec-4] c.d.a.controller.AuthController          : Validando credenciales de acceso para el usuario: javiera_admin
2026-06-03T09:47:05.337-04:00  INFO 16692 --- [auth-service] [http-nio-8081-exec-5] c.d.a.controller.AuthController          : Validando credenciales de acceso para el usuario: di.galvezz
2026-06-03T09:50:38.202-04:00  INFO 16692 --- [auth-service] [AsyncResolver-bootstrap-executor-%d] c.n.d.s.r.aws.ConfigClusterResolver      : Resolving eureka endpoints via configuration
2026-06-03T10:08:31.623-04:00  INFO 12960 --- [auth-service] [main] c.d.a.AutenticacionApplication           : Starting AutenticacionApplication using Java 21.0.10 with PID 12960 (C:\Users\diego\OneDrive\Escritorio\Perfumeria-DiegoGalvezSantander-eureka\autenticacion_lista\target\classes started by diego in C:\Users\diego\OneDrive\Escritorio\Perfumeria-DiegoGalvezSantander-eureka\autenticacion_lista)
2026-06-03T10:08:31.630-04:00  INFO 12960 --- [auth-service] [main] c.d.a.AutenticacionApplication           : No active profile set, falling back to 1 default profile: "default"
2026-06-03T10:08:33.330-04:00  INFO 12960 --- [auth-service] [main] .s.d.r.c.RepositoryConfigurationDelegate : Bootstrapping Spring Data JPA repositories in DEFAULT mode.
2026-06-03T10:08:33.536-04:00  INFO 12960 --- [auth-service] [main] .s.d.r.c.RepositoryConfigurationDelegate : Finished Spring Data repository scanning in 190 ms. Found 2 JPA repository interfaces.
2026-06-03T10:08:34.220-04:00  INFO 12960 --- [auth-service] [main] o.s.cloud.context.scope.GenericScope     : BeanFactory id=a127217c-9518-3603-a827-17de3c5d77cc
2026-06-03T10:08:34.928-04:00  INFO 12960 --- [auth-service] [main] o.s.boot.tomcat.TomcatWebServer          : Tomcat initialized with port 8081 (http)
2026-06-03T10:08:34.961-04:00  INFO 12960 --- [auth-service] [main] o.apache.catalina.core.StandardService   : Starting service [Tomcat]
2026-06-03T10:08:34.963-04:00  INFO 12960 --- [auth-service] [main] o.apache.catalina.core.StandardEngine    : Starting Servlet engine: [Apache Tomcat/11.0.21]
2026-06-03T10:08:35.091-04:00  INFO 12960 --- [auth-service] [main] b.w.c.s.WebApplicationContextInitializer : Root WebApplicationContext: initialization completed in 3387 ms
2026-06-03T10:08:35.750-04:00  INFO 12960 --- [auth-service] [main] org.hibernate.orm.jpa                    : HHH008540: Processing PersistenceUnitInfo [name: default]
2026-06-03T10:08:35.856-04:00  INFO 12960 --- [auth-service] [main] org.hibernate.orm.core                   : HHH000001: Hibernate ORM core version 7.2.12.Final
2026-06-03T10:08:36.830-04:00  INFO 12960 --- [auth-service] [main] o.s.o.j.p.SpringPersistenceUnitInfo      : No LoadTimeWeaver setup: ignoring JPA class transformer
2026-06-03T10:08:36.880-04:00  INFO 12960 --- [auth-service] [main] com.zaxxer.hikari.HikariDataSource       : HikariPool-1 - Starting...
2026-06-03T10:08:37.390-04:00  INFO 12960 --- [auth-service] [main] com.zaxxer.hikari.pool.HikariPool        : HikariPool-1 - Added connection com.mysql.cj.jdbc.ConnectionImpl@2e2c9e24
2026-06-03T10:08:37.394-04:00  INFO 12960 --- [auth-service] [main] com.zaxxer.hikari.HikariDataSource       : HikariPool-1 - Start completed.
2026-06-03T10:08:37.536-04:00  INFO 12960 --- [auth-service] [main] org.hibernate.orm.connections.pooling    : HHH10001005: Database info:
	Database JDBC URL [jdbc:mysql://localhost:3306/db_auth]
	Database driver: MySQL Connector/J
	Database dialect: MySQLDialect
	Database version: 8.4.3
	Default catalog/schema: db_auth/undefined
	Autocommit mode: undefined/unknown
	Isolation level: REPEATABLE_READ [default REPEATABLE_READ]
	JDBC fetch size: none
	Pool: DataSourceConnectionProvider
	Minimum pool size: undefined/unknown
	Maximum pool size: undefined/unknown
2026-06-03T10:08:38.939-04:00  INFO 12960 --- [auth-service] [main] org.hibernate.orm.core                   : HHH000489: No JTA platform available (set 'hibernate.transaction.jta.platform' to enable JTA platform integration)
2026-06-03T10:08:39.036-04:00  INFO 12960 --- [auth-service] [main] j.LocalContainerEntityManagerFactoryBean : Initialized JPA EntityManagerFactory for persistence unit 'default'
2026-06-03T10:08:39.220-04:00  INFO 12960 --- [auth-service] [main] o.s.d.j.r.query.QueryEnhancerFactories   : Hibernate is in classpath; If applicable, HQL parser will be used.
2026-06-03T10:08:39.760-04:00  WARN 12960 --- [auth-service] [main] JpaBaseConfiguration$JpaWebConfiguration : spring.jpa.open-in-view is enabled by default. Therefore, database queries may be performed during view rendering. Explicitly configure spring.jpa.open-in-view to disable this warning
2026-06-03T10:08:39.900-04:00  WARN 12960 --- [auth-service] [main] .s.a.UserDetailsServiceAutoConfiguration : 

Using generated security password: 68198380-9c80-4fd7-8491-cfe8f0fb0c61

This generated password is for development use only. Your security configuration must be updated before running your application in production.

2026-06-03T10:08:39.917-04:00  INFO 12960 --- [auth-service] [main] r$InitializeUserDetailsManagerConfigurer : Global AuthenticationManager configured with UserDetailsService bean with name inMemoryUserDetailsManager
2026-06-03T10:08:41.498-04:00  INFO 12960 --- [auth-service] [main] DiscoveryClientOptionalArgsConfiguration : Eureka HTTP Client uses RestClient.
2026-06-03T10:08:41.563-04:00  WARN 12960 --- [auth-service] [main] iguration$LoadBalancerCaffeineWarnLogger : Spring Cloud LoadBalancer is currently working with the default cache. While this cache implementation is useful for development and tests, it's recommended to use Caffeine cache in production.You can switch to using Caffeine cache, by adding it and org.springframework.cache.caffeine.CaffeineCacheManager to the classpath.
2026-06-03T10:08:41.573-04:00  INFO 12960 --- [auth-service] [main] o.s.b.a.e.web.EndpointLinksResolver      : Exposing 1 endpoint beneath base path '/actuator'
2026-06-03T10:08:41.715-04:00  INFO 12960 --- [auth-service] [main] o.s.c.n.eureka.InstanceInfoFactory       : Setting initial instance status as: STARTING
2026-06-03T10:08:41.748-04:00  INFO 12960 --- [auth-service] [main] com.netflix.discovery.DiscoveryClient    : Initializing Eureka in region us-east-1
2026-06-03T10:08:41.755-04:00  INFO 12960 --- [auth-service] [main] c.n.d.s.r.aws.ConfigClusterResolver      : Resolving eureka endpoints via configuration
2026-06-03T10:08:41.769-04:00  INFO 12960 --- [auth-service] [main] com.netflix.discovery.DiscoveryClient    : Disable delta property : false
2026-06-03T10:08:41.770-04:00  INFO 12960 --- [auth-service] [main] com.netflix.discovery.DiscoveryClient    : Single vip registry refresh property : null
2026-06-03T10:08:41.770-04:00  INFO 12960 --- [auth-service] [main] com.netflix.discovery.DiscoveryClient    : Force full registry fetch : false
2026-06-03T10:08:41.770-04:00  INFO 12960 --- [auth-service] [main] com.netflix.discovery.DiscoveryClient    : Application is null : false
2026-06-03T10:08:41.771-04:00  INFO 12960 --- [auth-service] [main] com.netflix.discovery.DiscoveryClient    : Registered Applications size is zero : true
2026-06-03T10:08:41.771-04:00  INFO 12960 --- [auth-service] [main] com.netflix.discovery.DiscoveryClient    : Application version is -1: true
2026-06-03T10:08:41.771-04:00  INFO 12960 --- [auth-service] [main] com.netflix.discovery.DiscoveryClient    : Getting all instance registry info from the eureka server
2026-06-03T10:08:42.424-04:00  INFO 12960 --- [auth-service] [main] com.netflix.discovery.DiscoveryClient    : The response status is 200
2026-06-03T10:08:42.426-04:00  INFO 12960 --- [auth-service] [main] com.netflix.discovery.DiscoveryClient    : Starting heartbeat executor: renew interval is: 30
2026-06-03T10:08:42.428-04:00  INFO 12960 --- [auth-service] [main] c.n.discovery.InstanceInfoReplicator     : InstanceInfoReplicator onDemand update allowed rate per min is 4
2026-06-03T10:08:42.432-04:00  INFO 12960 --- [auth-service] [main] com.netflix.discovery.DiscoveryClient    : Discovery Client initialized at timestamp 1780495722430 with initial instances count: 0
2026-06-03T10:08:42.439-04:00  INFO 12960 --- [auth-service] [main] o.s.c.n.e.s.EurekaServiceRegistry        : Registering application AUTH-SERVICE with eureka with status UP
2026-06-03T10:08:42.440-04:00  INFO 12960 --- [auth-service] [main] com.netflix.discovery.DiscoveryClient    : Saw local status change event StatusChangeEvent [timestamp=1780495722440, current=UP, previous=STARTING]
2026-06-03T10:08:42.444-04:00  INFO 12960 --- [auth-service] [DiscoveryClient-InstanceInfoReplicator-%d] com.netflix.discovery.DiscoveryClient    : DiscoveryClient_AUTH-SERVICE/Diego:auth-service:8081: registering service...
2026-06-03T10:08:42.480-04:00  INFO 12960 --- [auth-service] [main] o.s.boot.tomcat.TomcatWebServer          : Tomcat started on port 8081 (http) with context path '/'
2026-06-03T10:08:42.483-04:00  INFO 12960 --- [auth-service] [main] .s.c.n.e.s.EurekaAutoServiceRegistration : Updating port to 8081
2026-06-03T10:08:42.513-04:00  INFO 12960 --- [auth-service] [main] c.d.a.AutenticacionApplication           : Started AutenticacionApplication in 11.477 seconds (process running for 12.539)
2026-06-03T10:08:42.580-04:00  WARN 12960 --- [auth-service] [main] o.s.core.events.SpringDocAppInitializer  : SpringDoc /v3/api-docs endpoint is enabled by default. To disable it in production, set the property 'springdoc.api-docs.enabled=false'
2026-06-03T10:08:42.588-04:00  WARN 12960 --- [auth-service] [main] o.s.core.events.SpringDocAppInitializer  : SpringDoc /swagger-ui.html endpoint is enabled by default. To disable it in production, set the property 'springdoc.swagger-ui.enabled=false'
2026-06-03T10:08:42.772-04:00  INFO 12960 --- [auth-service] [DiscoveryClient-InstanceInfoReplicator-%d] com.netflix.discovery.DiscoveryClient    : DiscoveryClient_AUTH-SERVICE/Diego:auth-service:8081 - registration status: 204
2026-06-03T10:08:42.982-04:00  INFO 12960 --- [auth-service] [RMI TCP Connection(2)-127.0.0.1] o.a.c.c.C.[Tomcat].[localhost].[/]       : Initializing Spring DispatcherServlet 'dispatcherServlet'
2026-06-03T10:08:42.982-04:00  INFO 12960 --- [auth-service] [RMI TCP Connection(2)-127.0.0.1] o.s.web.servlet.DispatcherServlet        : Initializing Servlet 'dispatcherServlet'
2026-06-03T10:08:42.986-04:00  INFO 12960 --- [auth-service] [RMI TCP Connection(2)-127.0.0.1] o.s.web.servlet.DispatcherServlet        : Completed initialization in 2 ms
2026-06-03T10:09:12.433-04:00  INFO 12960 --- [auth-service] [DiscoveryClient-CacheRefreshExecutor-%d] com.netflix.discovery.DiscoveryClient    : Disable delta property : false
2026-06-03T10:09:12.434-04:00  INFO 12960 --- [auth-service] [DiscoveryClient-CacheRefreshExecutor-%d] com.netflix.discovery.DiscoveryClient    : Single vip registry refresh property : null
2026-06-03T10:09:12.434-04:00  INFO 12960 --- [auth-service] [DiscoveryClient-CacheRefreshExecutor-%d] com.netflix.discovery.DiscoveryClient    : Force full registry fetch : false
2026-06-03T10:09:12.434-04:00  INFO 12960 --- [auth-service] [DiscoveryClient-CacheRefreshExecutor-%d] com.netflix.discovery.DiscoveryClient    : Application is null : false
2026-06-03T10:09:12.434-04:00  INFO 12960 --- [auth-service] [DiscoveryClient-CacheRefreshExecutor-%d] com.netflix.discovery.DiscoveryClient    : Registered Applications size is zero : true
2026-06-03T10:09:12.434-04:00  INFO 12960 --- [auth-service] [DiscoveryClient-CacheRefreshExecutor-%d] com.netflix.discovery.DiscoveryClient    : Application version is -1: false
2026-06-03T10:09:12.435-04:00  INFO 12960 --- [auth-service] [DiscoveryClient-CacheRefreshExecutor-%d] com.netflix.discovery.DiscoveryClient    : Getting all instance registry info from the eureka server
2026-06-03T10:09:12.467-04:00  INFO 12960 --- [auth-service] [DiscoveryClient-CacheRefreshExecutor-%d] com.netflix.discovery.DiscoveryClient    : The response status is 200
2026-06-03T10:13:41.774-04:00  INFO 12960 --- [auth-service] [AsyncResolver-bootstrap-executor-%d] c.n.d.s.r.aws.ConfigClusterResolver      : Resolving eureka endpoints via configuration
2026-06-03T10:18:41.779-04:00  INFO 12960 --- [auth-service] [AsyncResolver-bootstrap-executor-%d] c.n.d.s.r.aws.ConfigClusterResolver      : Resolving eureka endpoints via configuration
2026-06-03T10:23:41.793-04:00  INFO 12960 --- [auth-service] [AsyncResolver-bootstrap-executor-%d] c.n.d.s.r.aws.ConfigClusterResolver      : Resolving eureka endpoints via configuration
2026-06-03T10:28:37.917-04:00  INFO 12960 --- [auth-service] [http-nio-8081-exec-10] o.springdoc.api.AbstractOpenApiResource  : Init duration for springdoc-openapi is: 255 ms
2026-06-03T10:28:41.799-04:00  INFO 12960 --- [auth-service] [AsyncResolver-bootstrap-executor-%d] c.n.d.s.r.aws.ConfigClusterResolver      : Resolving eureka endpoints via configuration
