2026-06-02T14:52:52.688-04:00  INFO 14040 --- [eureka-server] [main] cl.duoc.eureka.EurekaApplication         : Starting EurekaApplication using Java 21.0.10 with PID 14040 (C:\Users\diego\OneDrive\Escritorio\Perfumeria-DiegoGalvezSantander-eureka\eureka\target\classes started by diego in C:\Users\diego\OneDrive\Escritorio\Perfumeria-DiegoGalvezSantander-eureka\eureka)
2026-06-02T14:52:52.696-04:00  INFO 14040 --- [eureka-server] [main] cl.duoc.eureka.EurekaApplication         : No active profile set, falling back to 1 default profile: "default"
2026-06-02T14:52:54.404-04:00  INFO 14040 --- [eureka-server] [main] o.s.cloud.context.scope.GenericScope     : BeanFactory id=4bf7d4e1-6b13-3cfb-a6ed-46d561a70328
2026-06-02T14:52:54.967-04:00  INFO 14040 --- [eureka-server] [main] o.s.boot.tomcat.TomcatWebServer          : Tomcat initialized with port 8761 (http)
2026-06-02T14:52:54.985-04:00  INFO 14040 --- [eureka-server] [main] o.apache.catalina.core.StandardService   : Starting service [Tomcat]
2026-06-02T14:52:54.985-04:00  INFO 14040 --- [eureka-server] [main] o.apache.catalina.core.StandardEngine    : Starting Servlet engine: [Apache Tomcat/11.0.21]
2026-06-02T14:52:55.068-04:00  INFO 14040 --- [eureka-server] [main] b.w.c.s.WebApplicationContextInitializer : Root WebApplicationContext: initialization completed in 2295 ms
2026-06-02T14:52:56.286-04:00  INFO 14040 --- [eureka-server] [main] c.n.d.provider.DiscoveryJerseyProvider   : Using JSON encoding codec LegacyJacksonJson
2026-06-02T14:52:56.286-04:00  INFO 14040 --- [eureka-server] [main] c.n.d.provider.DiscoveryJerseyProvider   : Using JSON decoding codec LegacyJacksonJson
2026-06-02T14:52:56.540-04:00  INFO 14040 --- [eureka-server] [main] c.n.d.provider.DiscoveryJerseyProvider   : Using XML encoding codec XStreamXml
2026-06-02T14:52:56.540-04:00  INFO 14040 --- [eureka-server] [main] c.n.d.provider.DiscoveryJerseyProvider   : Using XML decoding codec XStreamXml
2026-06-02T14:52:56.806-04:00  INFO 14040 --- [eureka-server] [main] o.s.v.b.OptionalValidatorFactoryBean     : Failed to set up a Bean Validation provider: jakarta.validation.NoProviderFoundException: Unable to create a Configuration, because no Jakarta Validation provider could be found. Add a provider like Hibernate Validator (RI) to your classpath.
2026-06-02T14:52:57.825-04:00  WARN 14040 --- [eureka-server] [main] iguration$LoadBalancerCaffeineWarnLogger : Spring Cloud LoadBalancer is currently working with the default cache. While this cache implementation is useful for development and tests, it's recommended to use Caffeine cache in production.You can switch to using Caffeine cache, by adding it and org.springframework.cache.caffeine.CaffeineCacheManager to the classpath.
2026-06-02T14:52:57.852-04:00  INFO 14040 --- [eureka-server] [main] o.s.c.n.eureka.InstanceInfoFactory       : Setting initial instance status as: STARTING
2026-06-02T14:52:57.875-04:00  INFO 14040 --- [eureka-server] [main] com.netflix.discovery.DiscoveryClient    : Initializing Eureka in region us-east-1
2026-06-02T14:52:57.875-04:00  INFO 14040 --- [eureka-server] [main] com.netflix.discovery.DiscoveryClient    : Client configured to neither register nor query for data.
2026-06-02T14:52:57.875-04:00  INFO 14040 --- [eureka-server] [main] com.netflix.discovery.DiscoveryClient    : Discovery Client initialized at timestamp 1780426377875 with initial instances count: 0
2026-06-02T14:52:57.944-04:00  INFO 14040 --- [eureka-server] [main] c.n.eureka.DefaultEurekaServerContext    : Initializing ...
2026-06-02T14:52:57.946-04:00  INFO 14040 --- [eureka-server] [main] c.n.eureka.cluster.PeerEurekaNodes       : Adding new peer nodes [http://localhost:8761/eureka/]
2026-06-02T14:52:58.104-04:00  INFO 14040 --- [eureka-server] [RMI TCP Connection(2)-127.0.0.1] o.a.c.c.C.[Tomcat].[localhost].[/]       : Initializing Spring DispatcherServlet 'dispatcherServlet'
2026-06-02T14:52:58.104-04:00  INFO 14040 --- [eureka-server] [RMI TCP Connection(2)-127.0.0.1] o.s.web.servlet.DispatcherServlet        : Initializing Servlet 'dispatcherServlet'
2026-06-02T14:52:58.116-04:00  INFO 14040 --- [eureka-server] [RMI TCP Connection(2)-127.0.0.1] o.s.b.f.s.DefaultListableBeanFactory     : Obtaining singleton bean 'webEndpointServletHandlerMapping' in thread "RMI TCP Connection(2)-127.0.0.1" while other thread holds singleton lock for other beans [eurekaServerBootstrap, org.springframework.cloud.netflix.eureka.server.EurekaServerInitializerConfiguration, eurekaServerContext]
2026-06-02T14:52:58.121-04:00  INFO 14040 --- [eureka-server] [RMI TCP Connection(2)-127.0.0.1] o.s.b.f.s.DefaultListableBeanFactory     : Obtaining singleton bean 'management.endpoints.web.cors-org.springframework.boot.actuate.autoconfigure.endpoint.web.CorsEndpointProperties' in thread "RMI TCP Connection(2)-127.0.0.1" while other thread holds singleton lock for other beans [eurekaServerBootstrap, org.springframework.cloud.netflix.eureka.server.EurekaServerInitializerConfiguration, eurekaServerContext]
2026-06-02T14:52:58.125-04:00  INFO 14040 --- [eureka-server] [RMI TCP Connection(2)-127.0.0.1] o.s.b.a.e.web.EndpointLinksResolver      : Exposing 1 endpoint beneath base path '/actuator'
2026-06-02T14:52:58.139-04:00  INFO 14040 --- [eureka-server] [main] c.n.d.provider.DiscoveryJerseyProvider   : Using JSON encoding codec LegacyJacksonJson
2026-06-02T14:52:58.140-04:00  INFO 14040 --- [eureka-server] [main] c.n.d.provider.DiscoveryJerseyProvider   : Using JSON decoding codec LegacyJacksonJson
2026-06-02T14:52:58.140-04:00  INFO 14040 --- [eureka-server] [main] c.n.d.provider.DiscoveryJerseyProvider   : Using XML encoding codec XStreamXml
2026-06-02T14:52:58.141-04:00  INFO 14040 --- [eureka-server] [main] c.n.d.provider.DiscoveryJerseyProvider   : Using XML decoding codec XStreamXml
2026-06-02T14:52:58.143-04:00  INFO 14040 --- [eureka-server] [RMI TCP Connection(2)-127.0.0.1] o.s.b.f.s.DefaultListableBeanFactory     : Obtaining singleton bean 'controllerEndpointHandlerMapping' in thread "RMI TCP Connection(2)-127.0.0.1" while other thread holds singleton lock for other beans [eurekaServerBootstrap, org.springframework.cloud.netflix.eureka.server.EurekaServerInitializerConfiguration, eurekaServerContext]
2026-06-02T14:52:58.154-04:00  INFO 14040 --- [eureka-server] [RMI TCP Connection(2)-127.0.0.1] o.s.web.servlet.DispatcherServlet        : Completed initialization in 50 ms
2026-06-02T14:52:58.207-04:00  INFO 14040 --- [eureka-server] [main] c.n.eureka.cluster.PeerEurekaNodes       : Replica node URL:  http://localhost:8761/eureka/
2026-06-02T14:52:58.225-04:00  INFO 14040 --- [eureka-server] [main] c.n.e.registry.AbstractInstanceRegistry  : Finished initializing remote region registries. All known remote regions: []
2026-06-02T14:52:58.227-04:00  INFO 14040 --- [eureka-server] [main] c.n.eureka.DefaultEurekaServerContext    : Initialized
2026-06-02T14:52:58.373-04:00  INFO 14040 --- [eureka-server] [main] o.s.c.n.e.s.EurekaServiceRegistry        : Registering application EUREKA-SERVER with eureka with status UP
2026-06-02T14:52:58.414-04:00  INFO 14040 --- [eureka-server] [Thread-9] o.s.c.n.e.server.EurekaServerBootstrap   : isAws returned false
2026-06-02T14:52:58.416-04:00  INFO 14040 --- [eureka-server] [Thread-9] o.s.c.n.e.server.EurekaServerBootstrap   : Initialized server context
2026-06-02T14:52:58.416-04:00  INFO 14040 --- [eureka-server] [Thread-9] c.n.e.r.PeerAwareInstanceRegistryImpl    : Got 1 instances from neighboring DS node
2026-06-02T14:52:58.416-04:00  INFO 14040 --- [eureka-server] [Thread-9] c.n.e.r.PeerAwareInstanceRegistryImpl    : Renew threshold is: 1
2026-06-02T14:52:58.419-04:00  INFO 14040 --- [eureka-server] [Thread-9] c.n.e.r.PeerAwareInstanceRegistryImpl    : Changing status to UP
2026-06-02T14:52:58.427-04:00  INFO 14040 --- [eureka-server] [Thread-9] e.s.EurekaServerInitializerConfiguration : Started Eureka Server
2026-06-02T14:52:58.442-04:00  INFO 14040 --- [eureka-server] [main] o.s.boot.tomcat.TomcatWebServer          : Tomcat started on port 8761 (http) with context path '/'
2026-06-02T14:52:58.444-04:00  INFO 14040 --- [eureka-server] [main] .s.c.n.e.s.EurekaAutoServiceRegistration : Updating port to 8761
2026-06-02T14:52:58.450-04:00  INFO 14040 --- [eureka-server] [main] cl.duoc.eureka.EurekaApplication         : Started EurekaApplication in 6.344 seconds (process running for 7.404)
2026-06-02T14:53:15.461-04:00  INFO 14040 --- [eureka-server] [http-nio-8761-exec-1] c.n.e.registry.AbstractInstanceRegistry  : Registered instance INVENTARIO-SERVICE/Diego:inventario-service:8084 with status UP (replication=false)
2026-06-02T14:53:16.170-04:00  INFO 14040 --- [eureka-server] [http-nio-8761-exec-3] c.n.e.registry.AbstractInstanceRegistry  : Registered instance INVENTARIO-SERVICE/Diego:inventario-service:8084 with status UP (replication=true)
2026-06-02T14:53:58.427-04:00  INFO 14040 --- [eureka-server] [Eureka-EvictionTimer] c.n.e.registry.AbstractInstanceRegistry  : Running the evict task with compensationTime 0ms
2026-06-02T14:54:12.922-04:00  INFO 14040 --- [eureka-server] [http-nio-8761-exec-8] c.n.e.registry.AbstractInstanceRegistry  : Registered instance PAYMENT-SERVICE/Diego:payment-service:8085 with status UP (replication=false)
2026-06-02T14:54:13.450-04:00  INFO 14040 --- [eureka-server] [http-nio-8761-exec-9] c.n.e.registry.AbstractInstanceRegistry  : Registered instance PAYMENT-SERVICE/Diego:payment-service:8085 with status UP (replication=true)
2026-06-02T14:54:30.507-04:00  INFO 14040 --- [eureka-server] [http-nio-8761-exec-4] c.n.e.registry.AbstractInstanceRegistry  : Registered instance PRODUCT-SERVICE/Diego:product-service:8083 with status UP (replication=false)
2026-06-02T14:54:31.025-04:00  INFO 14040 --- [eureka-server] [http-nio-8761-exec-7] c.n.e.registry.AbstractInstanceRegistry  : Registered instance PRODUCT-SERVICE/Diego:product-service:8083 with status UP (replication=true)
2026-06-02T14:54:34.257-04:00  INFO 14040 --- [eureka-server] [http-nio-8761-exec-6] c.n.e.registry.AbstractInstanceRegistry  : Registered instance USER-SERVICE/Diego:user-service:8082 with status UP (replication=false)
2026-06-02T14:54:34.765-04:00  INFO 14040 --- [eureka-server] [http-nio-8761-exec-8] c.n.e.registry.AbstractInstanceRegistry  : Registered instance USER-SERVICE/Diego:user-service:8082 with status UP (replication=true)
2026-06-02T14:54:49.743-04:00  INFO 14040 --- [eureka-server] [http-nio-8761-exec-5] c.n.e.registry.AbstractInstanceRegistry  : Registered instance VENTA-SERVICE/Diego:venta-service:8086 with status UP (replication=false)
2026-06-02T14:54:50.257-04:00  INFO 14040 --- [eureka-server] [http-nio-8761-exec-6] c.n.e.registry.AbstractInstanceRegistry  : Registered instance VENTA-SERVICE/Diego:venta-service:8086 with status UP (replication=true)
2026-06-02T14:54:58.427-04:00  INFO 14040 --- [eureka-server] [Eureka-EvictionTimer] c.n.e.registry.AbstractInstanceRegistry  : Running the evict task with compensationTime 0ms
2026-06-02T14:55:30.920-04:00  INFO 14040 --- [eureka-server] [http-nio-8761-exec-6] c.n.e.registry.AbstractInstanceRegistry  : Registered instance INVENTARIO-SERVICE/Diego:inventario-service:8084 with status UP (replication=false)
2026-06-02T14:55:30.978-04:00  INFO 14040 --- [eureka-server] [http-nio-8761-exec-9] c.n.e.registry.AbstractInstanceRegistry  : Registered instance INVENTARIO-SERVICE/Diego:inventario-service:8084 with status UP (replication=true)
2026-06-02T14:55:58.430-04:00  INFO 14040 --- [eureka-server] [Eureka-EvictionTimer] c.n.e.registry.AbstractInstanceRegistry  : Running the evict task with compensationTime 2ms
2026-06-02T14:56:58.442-04:00  INFO 14040 --- [eureka-server] [Eureka-EvictionTimer] c.n.e.registry.AbstractInstanceRegistry  : Running the evict task with compensationTime 12ms
2026-06-02T14:57:58.451-04:00  INFO 14040 --- [eureka-server] [Eureka-EvictionTimer] c.n.e.registry.AbstractInstanceRegistry  : Running the evict task with compensationTime 9ms
2026-06-02T14:58:58.464-04:00  INFO 14040 --- [eureka-server] [Eureka-EvictionTimer] c.n.e.registry.AbstractInstanceRegistry  : Running the evict task with compensationTime 12ms
2026-06-02T14:59:58.475-04:00  INFO 14040 --- [eureka-server] [Eureka-EvictionTimer] c.n.e.registry.AbstractInstanceRegistry  : Running the evict task with compensationTime 12ms
2026-06-02T15:00:58.476-04:00  INFO 14040 --- [eureka-server] [Eureka-EvictionTimer] c.n.e.registry.AbstractInstanceRegistry  : Running the evict task with compensationTime 0ms
2026-06-02T15:01:58.490-04:00  INFO 14040 --- [eureka-server] [Eureka-EvictionTimer] c.n.e.registry.AbstractInstanceRegistry  : Running the evict task with compensationTime 14ms
2026-06-02T15:02:58.504-04:00  INFO 14040 --- [eureka-server] [Eureka-EvictionTimer] c.n.e.registry.AbstractInstanceRegistry  : Running the evict task with compensationTime 13ms
2026-06-02T15:03:58.529-04:00  INFO 14040 --- [eureka-server] [Eureka-EvictionTimer] c.n.e.registry.AbstractInstanceRegistry  : Running the evict task with compensationTime 20ms
2026-06-02T15:04:04.465-04:00  INFO 14040 --- [eureka-server] [http-nio-8761-exec-7] c.n.e.registry.AbstractInstanceRegistry  : Registered instance INVENTARIO-SERVICE/Diego:inventario-service:8084 with status UP (replication=false)
2026-06-02T15:04:05.018-04:00  INFO 14040 --- [eureka-server] [http-nio-8761-exec-8] c.n.e.registry.AbstractInstanceRegistry  : Registered instance INVENTARIO-SERVICE/Diego:inventario-service:8084 with status UP (replication=true)
2026-06-02T15:04:15.470-04:00  INFO 14040 --- [eureka-server] [http-nio-8761-exec-2] c.n.e.registry.AbstractInstanceRegistry  : Registered instance PAYMENT-SERVICE/Diego:payment-service:8085 with status UP (replication=false)
2026-06-02T15:04:16.115-04:00  INFO 14040 --- [eureka-server] [http-nio-8761-exec-4] c.n.e.registry.AbstractInstanceRegistry  : Registered instance PAYMENT-SERVICE/Diego:payment-service:8085 with status UP (replication=true)
2026-06-02T15:04:16.181-04:00 ERROR 14040 --- [eureka-server] [TaskBatchingWorker-target_localhost-16] c.n.e.cluster.ReplicationTaskProcessor   : It seems to be a socket read timeout exception, it will retry later. if it continues to happen and some eureka node occupied all the cpu time, you should set property 'eureka.server.peer-node-read-timeout-ms' to a bigger value

jakarta.ws.rs.ProcessingException: java.net.SocketTimeoutException: Read timed out
	at org.glassfish.jersey.apache.connector.ApacheConnector.apply(ApacheConnector.java:535) ~[jersey-apache-connector-3.0.5.jar:na]
	at org.glassfish.jersey.client.ClientRuntime.invoke(ClientRuntime.java:300) ~[jersey-client-4.0.2.jar:na]
	at org.glassfish.jersey.client.JerseyInvocation.lambda$invoke$0(JerseyInvocation.java:671) ~[jersey-client-4.0.2.jar:na]
	at org.glassfish.jersey.client.JerseyInvocation.call(JerseyInvocation.java:706) ~[jersey-client-4.0.2.jar:na]
	at org.glassfish.jersey.client.JerseyInvocation.lambda$runInScope$3(JerseyInvocation.java:700) ~[jersey-client-4.0.2.jar:na]
	at org.glassfish.jersey.internal.Errors.process(Errors.java:292) ~[jersey-common-4.0.2.jar:na]
	at org.glassfish.jersey.internal.Errors.process(Errors.java:274) ~[jersey-common-4.0.2.jar:na]
	at org.glassfish.jersey.internal.Errors.process(Errors.java:205) ~[jersey-common-4.0.2.jar:na]
	at org.glassfish.jersey.process.internal.RequestScope.runInScope(RequestScope.java:391) ~[jersey-common-4.0.2.jar:na]
	at org.glassfish.jersey.client.JerseyInvocation.runInScope(JerseyInvocation.java:700) ~[jersey-client-4.0.2.jar:na]
	at org.glassfish.jersey.client.JerseyInvocation.invoke(JerseyInvocation.java:670) ~[jersey-client-4.0.2.jar:na]
	at org.glassfish.jersey.client.JerseyInvocation$Builder.method(JerseyInvocation.java:436) ~[jersey-client-4.0.2.jar:na]
	at org.glassfish.jersey.client.JerseyInvocation$Builder.post(JerseyInvocation.java:342) ~[jersey-client-4.0.2.jar:na]
	at com.netflix.eureka.transport.Jersey3ReplicationClient.submitBatchUpdates(Jersey3ReplicationClient.java:116) ~[eureka-core-jersey3-2.0.5.jar:2.0.5]
	at com.netflix.eureka.cluster.ReplicationTaskProcessor.process(ReplicationTaskProcessor.java:80) ~[eureka-core-2.0.5.jar:2.0.5]
	at com.netflix.eureka.util.batcher.TaskExecutors$BatchWorkerRunnable.run(TaskExecutors.java:178) ~[eureka-core-2.0.5.jar:2.0.5]
	at java.base/java.lang.Thread.run(Unknown Source) ~[na:na]
Caused by: java.net.SocketTimeoutException: Read timed out
	at java.base/sun.nio.ch.NioSocketImpl.timedRead(Unknown Source) ~[na:na]
	at java.base/sun.nio.ch.NioSocketImpl.implRead(Unknown Source) ~[na:na]
	at java.base/sun.nio.ch.NioSocketImpl.read(Unknown Source) ~[na:na]
	at java.base/sun.nio.ch.NioSocketImpl$1.read(Unknown Source) ~[na:na]
	at java.base/java.net.Socket$SocketInputStream.read(Unknown Source) ~[na:na]
	at org.apache.http.impl.io.SessionInputBufferImpl.streamRead(SessionInputBufferImpl.java:137) ~[httpcore-4.4.16.jar:4.4.16]
	at org.apache.http.impl.io.SessionInputBufferImpl.fillBuffer(SessionInputBufferImpl.java:153) ~[httpcore-4.4.16.jar:4.4.16]
	at org.apache.http.impl.io.SessionInputBufferImpl.readLine(SessionInputBufferImpl.java:280) ~[httpcore-4.4.16.jar:4.4.16]
	at org.apache.http.impl.conn.DefaultHttpResponseParser.parseHead(DefaultHttpResponseParser.java:138) ~[httpclient-4.5.3.jar:4.5.3]
	at org.apache.http.impl.conn.DefaultHttpResponseParser.parseHead(DefaultHttpResponseParser.java:56) ~[httpclient-4.5.3.jar:4.5.3]
	at org.apache.http.impl.io.AbstractMessageParser.parse(AbstractMessageParser.java:259) ~[httpcore-4.4.16.jar:4.4.16]
	at org.apache.http.impl.DefaultBHttpClientConnection.receiveResponseHeader(DefaultBHttpClientConnection.java:163) ~[httpcore-4.4.16.jar:4.4.16]
	at org.apache.http.impl.conn.CPoolProxy.receiveResponseHeader(CPoolProxy.java:165) ~[httpclient-4.5.3.jar:4.5.3]
	at org.apache.http.protocol.HttpRequestExecutor.doReceiveResponse(HttpRequestExecutor.java:273) ~[httpcore-4.4.16.jar:4.4.16]
	at org.apache.http.protocol.HttpRequestExecutor.execute(HttpRequestExecutor.java:125) ~[httpcore-4.4.16.jar:4.4.16]
	at org.apache.http.impl.execchain.MainClientExec.execute(MainClientExec.java:272) ~[httpclient-4.5.3.jar:4.5.3]
	at org.apache.http.impl.execchain.ProtocolExec.execute(ProtocolExec.java:185) ~[httpclient-4.5.3.jar:4.5.3]
	at org.apache.http.impl.execchain.RetryExec.execute(RetryExec.java:89) ~[httpclient-4.5.3.jar:4.5.3]
	at org.apache.http.impl.execchain.RedirectExec.execute(RedirectExec.java:111) ~[httpclient-4.5.3.jar:4.5.3]
	at org.apache.http.impl.client.InternalHttpClient.doExecute(InternalHttpClient.java:185) ~[httpclient-4.5.3.jar:4.5.3]
	at org.apache.http.impl.client.CloseableHttpClient.execute(CloseableHttpClient.java:72) ~[httpclient-4.5.3.jar:4.5.3]
	at org.glassfish.jersey.apache.connector.ApacheConnector.apply(ApacheConnector.java:487) ~[jersey-apache-connector-3.0.5.jar:na]
	... 16 common frames omitted

2026-06-02T15:04:17.237-04:00  INFO 14040 --- [eureka-server] [http-nio-8761-exec-1] c.n.e.registry.AbstractInstanceRegistry  : Registered instance PAYMENT-SERVICE/Diego:payment-service:8085 with status UP (replication=true)
2026-06-02T15:04:21.643-04:00  INFO 14040 --- [eureka-server] [http-nio-8761-exec-10] c.n.e.registry.AbstractInstanceRegistry  : Registered instance PRODUCT-SERVICE/Diego:product-service:8083 with status UP (replication=false)
2026-06-02T15:04:21.781-04:00  INFO 14040 --- [eureka-server] [http-nio-8761-exec-5] c.n.e.registry.AbstractInstanceRegistry  : Registered instance USER-SERVICE/Diego:user-service:8082 with status UP (replication=false)
2026-06-02T15:04:22.157-04:00  INFO 14040 --- [eureka-server] [http-nio-8761-exec-7] c.n.e.registry.AbstractInstanceRegistry  : Registered instance PRODUCT-SERVICE/Diego:product-service:8083 with status UP (replication=true)
2026-06-02T15:04:22.158-04:00  INFO 14040 --- [eureka-server] [http-nio-8761-exec-7] c.n.e.registry.AbstractInstanceRegistry  : Registered instance USER-SERVICE/Diego:user-service:8082 with status UP (replication=true)
2026-06-02T15:04:26.900-04:00  INFO 14040 --- [eureka-server] [http-nio-8761-exec-3] c.n.e.registry.AbstractInstanceRegistry  : Registered instance AUTH-SERVICE/Diego:auth-service:8081 with status UP (replication=false)
2026-06-02T15:04:27.046-04:00  INFO 14040 --- [eureka-server] [http-nio-8761-exec-4] c.n.e.registry.AbstractInstanceRegistry  : Registered instance VENTA-SERVICE/Diego:venta-service:8086 with status UP (replication=false)
2026-06-02T15:04:27.410-04:00  INFO 14040 --- [eureka-server] [http-nio-8761-exec-1] c.n.e.registry.AbstractInstanceRegistry  : Registered instance AUTH-SERVICE/Diego:auth-service:8081 with status UP (replication=true)
2026-06-02T15:04:27.410-04:00  INFO 14040 --- [eureka-server] [http-nio-8761-exec-1] c.n.e.registry.AbstractInstanceRegistry  : Registered instance VENTA-SERVICE/Diego:venta-service:8086 with status UP (replication=true)
2026-06-02T15:04:58.525-04:00  INFO 14040 --- [eureka-server] [Eureka-EvictionTimer] c.n.e.registry.AbstractInstanceRegistry  : Running the evict task with compensationTime 0ms
2026-06-02T15:05:58.525-04:00  INFO 14040 --- [eureka-server] [Eureka-EvictionTimer] c.n.e.registry.AbstractInstanceRegistry  : Running the evict task with compensationTime 0ms
2026-06-02T15:06:58.531-04:00  INFO 14040 --- [eureka-server] [Eureka-EvictionTimer] c.n.e.registry.AbstractInstanceRegistry  : Running the evict task with compensationTime 6ms
2026-06-02T15:07:58.234-04:00  INFO 14040 --- [eureka-server] [ReplicaAwareInstanceRegistry - RenewalThresholdUpdater] c.n.e.r.PeerAwareInstanceRegistryImpl    : Current renewal threshold is : 11
2026-06-02T15:07:58.546-04:00  INFO 14040 --- [eureka-server] [Eureka-EvictionTimer] c.n.e.registry.AbstractInstanceRegistry  : Running the evict task with compensationTime 14ms
2026-06-02T15:08:58.546-04:00  INFO 14040 --- [eureka-server] [Eureka-EvictionTimer] c.n.e.registry.AbstractInstanceRegistry  : Running the evict task with compensationTime 0ms
2026-06-02T15:09:58.557-04:00  INFO 14040 --- [eureka-server] [Eureka-EvictionTimer] c.n.e.registry.AbstractInstanceRegistry  : Running the evict task with compensationTime 11ms
2026-06-02T15:10:58.566-04:00  INFO 14040 --- [eureka-server] [Eureka-EvictionTimer] c.n.e.registry.AbstractInstanceRegistry  : Running the evict task with compensationTime 8ms
2026-06-02T15:11:58.575-04:00  INFO 14040 --- [eureka-server] [Eureka-EvictionTimer] c.n.e.registry.AbstractInstanceRegistry  : Running the evict task with compensationTime 8ms
2026-06-02T15:12:58.583-04:00  INFO 14040 --- [eureka-server] [Eureka-EvictionTimer] c.n.e.registry.AbstractInstanceRegistry  : Running the evict task with compensationTime 8ms
2026-06-02T15:13:58.585-04:00  INFO 14040 --- [eureka-server] [Eureka-EvictionTimer] c.n.e.registry.AbstractInstanceRegistry  : Running the evict task with compensationTime 2ms
2026-06-02T15:14:58.585-04:00  INFO 14040 --- [eureka-server] [Eureka-EvictionTimer] c.n.e.registry.AbstractInstanceRegistry  : Running the evict task with compensationTime 0ms
2026-06-02T15:15:58.595-04:00  INFO 14040 --- [eureka-server] [Eureka-EvictionTimer] c.n.e.registry.AbstractInstanceRegistry  : Running the evict task with compensationTime 9ms
2026-06-02T15:16:58.600-04:00  INFO 14040 --- [eureka-server] [Eureka-EvictionTimer] c.n.e.registry.AbstractInstanceRegistry  : Running the evict task with compensationTime 5ms
2026-06-02T15:17:19.127-04:00  INFO 14040 --- [eureka-server] [http-nio-8761-exec-7] c.n.e.registry.AbstractInstanceRegistry  : Registered instance USER-SERVICE/Diego:user-service:8082 with status UP (replication=false)
2026-06-02T15:17:19.634-04:00  INFO 14040 --- [eureka-server] [http-nio-8761-exec-1] c.n.e.registry.AbstractInstanceRegistry  : Registered instance USER-SERVICE/Diego:user-service:8082 with status UP (replication=true)
2026-06-02T15:17:58.601-04:00  INFO 14040 --- [eureka-server] [Eureka-EvictionTimer] c.n.e.registry.AbstractInstanceRegistry  : Running the evict task with compensationTime 0ms
2026-06-02T15:18:58.612-04:00  INFO 14040 --- [eureka-server] [Eureka-EvictionTimer] c.n.e.registry.AbstractInstanceRegistry  : Running the evict task with compensationTime 10ms
2026-06-02T15:19:58.619-04:00  INFO 14040 --- [eureka-server] [Eureka-EvictionTimer] c.n.e.registry.AbstractInstanceRegistry  : Running the evict task with compensationTime 7ms
2026-06-02T15:20:58.619-04:00  INFO 14040 --- [eureka-server] [Eureka-EvictionTimer] c.n.e.registry.AbstractInstanceRegistry  : Running the evict task with compensationTime 0ms
2026-06-02T15:21:58.620-04:00  INFO 14040 --- [eureka-server] [Eureka-EvictionTimer] c.n.e.registry.AbstractInstanceRegistry  : Running the evict task with compensationTime 0ms
2026-06-02T15:22:58.235-04:00  INFO 14040 --- [eureka-server] [ReplicaAwareInstanceRegistry - RenewalThresholdUpdater] c.n.e.r.PeerAwareInstanceRegistryImpl    : Current renewal threshold is : 11
2026-06-02T15:22:58.623-04:00  INFO 14040 --- [eureka-server] [Eureka-EvictionTimer] c.n.e.registry.AbstractInstanceRegistry  : Running the evict task with compensationTime 3ms
2026-06-02T15:23:42.933-04:00  INFO 14040 --- [eureka-server] [http-nio-8761-exec-5] c.n.e.registry.AbstractInstanceRegistry  : Registered instance PAYMENT-SERVICE/Diego:payment-service:8085 with status UP (replication=false)
2026-06-02T15:23:43.437-04:00  INFO 14040 --- [eureka-server] [http-nio-8761-exec-1] c.n.e.registry.AbstractInstanceRegistry  : Registered instance PAYMENT-SERVICE/Diego:payment-service:8085 with status UP (replication=true)
2026-06-02T15:23:58.626-04:00  INFO 14040 --- [eureka-server] [Eureka-EvictionTimer] c.n.e.registry.AbstractInstanceRegistry  : Running the evict task with compensationTime 3ms
2026-06-02T15:24:58.627-04:00  INFO 14040 --- [eureka-server] [Eureka-EvictionTimer] c.n.e.registry.AbstractInstanceRegistry  : Running the evict task with compensationTime 1ms
2026-06-02T15:25:58.628-04:00  INFO 14040 --- [eureka-server] [Eureka-EvictionTimer] c.n.e.registry.AbstractInstanceRegistry  : Running the evict task with compensationTime 0ms
2026-06-02T15:26:58.642-04:00  INFO 14040 --- [eureka-server] [Eureka-EvictionTimer] c.n.e.registry.AbstractInstanceRegistry  : Running the evict task with compensationTime 14ms
2026-06-02T15:27:44.154-04:00  INFO 14040 --- [eureka-server] [http-nio-8761-exec-2] c.n.e.registry.AbstractInstanceRegistry  : Registered instance INVENTARIO-SERVICE/Diego:inventario-service:8084 with status UP (replication=false)
2026-06-02T15:27:44.693-04:00  INFO 14040 --- [eureka-server] [http-nio-8761-exec-6] c.n.e.registry.AbstractInstanceRegistry  : Registered instance INVENTARIO-SERVICE/Diego:inventario-service:8084 with status UP (replication=true)
2026-06-02T15:27:48.718-04:00  INFO 14040 --- [eureka-server] [http-nio-8761-exec-10] c.n.e.registry.AbstractInstanceRegistry  : Registered instance PAYMENT-SERVICE/Diego:payment-service:8085 with status UP (replication=false)
2026-06-02T15:27:49.249-04:00  INFO 14040 --- [eureka-server] [http-nio-8761-exec-5] c.n.e.registry.AbstractInstanceRegistry  : Registered instance PAYMENT-SERVICE/Diego:payment-service:8085 with status UP (replication=true)
2026-06-02T15:27:51.554-04:00  INFO 14040 --- [eureka-server] [http-nio-8761-exec-7] c.n.e.registry.AbstractInstanceRegistry  : Registered instance PRODUCT-SERVICE/Diego:product-service:8083 with status UP (replication=false)
2026-06-02T15:27:52.068-04:00  INFO 14040 --- [eureka-server] [http-nio-8761-exec-1] c.n.e.registry.AbstractInstanceRegistry  : Registered instance PRODUCT-SERVICE/Diego:product-service:8083 with status UP (replication=true)
2026-06-02T15:27:52.414-04:00  INFO 14040 --- [eureka-server] [http-nio-8761-exec-3] c.n.e.registry.AbstractInstanceRegistry  : Registered instance USER-SERVICE/Diego:user-service:8082 with status UP (replication=false)
2026-06-02T15:27:52.920-04:00  INFO 14040 --- [eureka-server] [http-nio-8761-exec-2] c.n.e.registry.AbstractInstanceRegistry  : Registered instance USER-SERVICE/Diego:user-service:8082 with status UP (replication=true)
2026-06-02T15:27:58.642-04:00  INFO 14040 --- [eureka-server] [Eureka-EvictionTimer] c.n.e.registry.AbstractInstanceRegistry  : Running the evict task with compensationTime 0ms
2026-06-02T15:28:14.107-04:00  INFO 14040 --- [eureka-server] [http-nio-8761-exec-5] c.n.e.registry.AbstractInstanceRegistry  : Registered instance AUTH-SERVICE/Diego:auth-service:8081 with status UP (replication=false)
2026-06-02T15:28:14.207-04:00  INFO 14040 --- [eureka-server] [http-nio-8761-exec-9] c.n.e.registry.AbstractInstanceRegistry  : Registered instance AUTH-SERVICE/Diego:auth-service:8081 with status UP (replication=true)
2026-06-02T15:29:41.140-04:00  INFO 12960 --- [eureka-server] [main] cl.duoc.eureka.EurekaApplication         : Starting EurekaApplication using Java 21.0.10 with PID 12960 (C:\Users\diego\OneDrive\Escritorio\Perfumeria-DiegoGalvezSantander-eureka\eureka\target\classes started by diego in C:\Users\diego\OneDrive\Escritorio\Perfumeria-DiegoGalvezSantander-eureka\eureka)
2026-06-02T15:29:41.147-04:00  INFO 12960 --- [eureka-server] [main] cl.duoc.eureka.EurekaApplication         : No active profile set, falling back to 1 default profile: "default"
2026-06-02T15:29:42.717-04:00  INFO 12960 --- [eureka-server] [main] o.s.cloud.context.scope.GenericScope     : BeanFactory id=4bf7d4e1-6b13-3cfb-a6ed-46d561a70328
2026-06-02T15:29:43.122-04:00  INFO 12960 --- [eureka-server] [main] o.s.boot.tomcat.TomcatWebServer          : Tomcat initialized with port 8761 (http)
2026-06-02T15:29:43.146-04:00  INFO 12960 --- [eureka-server] [main] o.apache.catalina.core.StandardService   : Starting service [Tomcat]
2026-06-02T15:29:43.147-04:00  INFO 12960 --- [eureka-server] [main] o.apache.catalina.core.StandardEngine    : Starting Servlet engine: [Apache Tomcat/11.0.21]
2026-06-02T15:29:43.235-04:00  INFO 12960 --- [eureka-server] [main] b.w.c.s.WebApplicationContextInitializer : Root WebApplicationContext: initialization completed in 1947 ms
2026-06-02T15:29:44.441-04:00  INFO 12960 --- [eureka-server] [main] c.n.d.provider.DiscoveryJerseyProvider   : Using JSON encoding codec LegacyJacksonJson
2026-06-02T15:29:44.441-04:00  INFO 12960 --- [eureka-server] [main] c.n.d.provider.DiscoveryJerseyProvider   : Using JSON decoding codec LegacyJacksonJson
2026-06-02T15:29:44.681-04:00  INFO 12960 --- [eureka-server] [main] c.n.d.provider.DiscoveryJerseyProvider   : Using XML encoding codec XStreamXml
2026-06-02T15:29:44.681-04:00  INFO 12960 --- [eureka-server] [main] c.n.d.provider.DiscoveryJerseyProvider   : Using XML decoding codec XStreamXml
2026-06-02T15:29:44.886-04:00  INFO 12960 --- [eureka-server] [main] o.s.v.b.OptionalValidatorFactoryBean     : Failed to set up a Bean Validation provider: jakarta.validation.NoProviderFoundException: Unable to create a Configuration, because no Jakarta Validation provider could be found. Add a provider like Hibernate Validator (RI) to your classpath.
2026-06-02T15:29:45.831-04:00  WARN 12960 --- [eureka-server] [main] iguration$LoadBalancerCaffeineWarnLogger : Spring Cloud LoadBalancer is currently working with the default cache. While this cache implementation is useful for development and tests, it's recommended to use Caffeine cache in production.You can switch to using Caffeine cache, by adding it and org.springframework.cache.caffeine.CaffeineCacheManager to the classpath.
2026-06-02T15:29:45.864-04:00  INFO 12960 --- [eureka-server] [main] o.s.c.n.eureka.InstanceInfoFactory       : Setting initial instance status as: STARTING
2026-06-02T15:29:45.890-04:00  INFO 12960 --- [eureka-server] [main] com.netflix.discovery.DiscoveryClient    : Initializing Eureka in region us-east-1
2026-06-02T15:29:45.891-04:00  INFO 12960 --- [eureka-server] [main] com.netflix.discovery.DiscoveryClient    : Client configured to neither register nor query for data.
2026-06-02T15:29:45.894-04:00  INFO 12960 --- [eureka-server] [main] com.netflix.discovery.DiscoveryClient    : Discovery Client initialized at timestamp 1780428585893 with initial instances count: 0
2026-06-02T15:29:45.942-04:00  INFO 12960 --- [eureka-server] [main] c.n.eureka.DefaultEurekaServerContext    : Initializing ...
2026-06-02T15:29:45.946-04:00  INFO 12960 --- [eureka-server] [main] c.n.eureka.cluster.PeerEurekaNodes       : Adding new peer nodes [http://localhost:8761/eureka/]
2026-06-02T15:29:46.097-04:00  INFO 12960 --- [eureka-server] [main] c.n.d.provider.DiscoveryJerseyProvider   : Using JSON encoding codec LegacyJacksonJson
2026-06-02T15:29:46.098-04:00  INFO 12960 --- [eureka-server] [main] c.n.d.provider.DiscoveryJerseyProvider   : Using JSON decoding codec LegacyJacksonJson
2026-06-02T15:29:46.098-04:00  INFO 12960 --- [eureka-server] [main] c.n.d.provider.DiscoveryJerseyProvider   : Using XML encoding codec XStreamXml
2026-06-02T15:29:46.098-04:00  INFO 12960 --- [eureka-server] [main] c.n.d.provider.DiscoveryJerseyProvider   : Using XML decoding codec XStreamXml
2026-06-02T15:29:46.157-04:00  INFO 12960 --- [eureka-server] [main] c.n.eureka.cluster.PeerEurekaNodes       : Replica node URL:  http://localhost:8761/eureka/
2026-06-02T15:29:46.168-04:00  INFO 12960 --- [eureka-server] [main] c.n.e.registry.AbstractInstanceRegistry  : Finished initializing remote region registries. All known remote regions: []
2026-06-02T15:29:46.168-04:00  INFO 12960 --- [eureka-server] [main] c.n.eureka.DefaultEurekaServerContext    : Initialized
2026-06-02T15:29:46.186-04:00  INFO 12960 --- [eureka-server] [main] o.s.b.a.e.web.EndpointLinksResolver      : Exposing 1 endpoint beneath base path '/actuator'
2026-06-02T15:29:46.284-04:00  INFO 12960 --- [eureka-server] [main] o.s.c.n.e.s.EurekaServiceRegistry        : Registering application EUREKA-SERVER with eureka with status UP
2026-06-02T15:29:46.302-04:00  INFO 12960 --- [eureka-server] [Thread-9] o.s.c.n.e.server.EurekaServerBootstrap   : isAws returned false
2026-06-02T15:29:46.303-04:00  INFO 12960 --- [eureka-server] [Thread-9] o.s.c.n.e.server.EurekaServerBootstrap   : Initialized server context
2026-06-02T15:29:46.303-04:00  INFO 12960 --- [eureka-server] [Thread-9] c.n.e.r.PeerAwareInstanceRegistryImpl    : Got 1 instances from neighboring DS node
2026-06-02T15:29:46.303-04:00  INFO 12960 --- [eureka-server] [Thread-9] c.n.e.r.PeerAwareInstanceRegistryImpl    : Renew threshold is: 1
2026-06-02T15:29:46.304-04:00  INFO 12960 --- [eureka-server] [Thread-9] c.n.e.r.PeerAwareInstanceRegistryImpl    : Changing status to UP
2026-06-02T15:29:46.307-04:00  INFO 12960 --- [eureka-server] [Thread-9] e.s.EurekaServerInitializerConfiguration : Started Eureka Server
2026-06-02T15:29:46.321-04:00  INFO 12960 --- [eureka-server] [main] o.s.boot.tomcat.TomcatWebServer          : Tomcat started on port 8761 (http) with context path '/'
2026-06-02T15:29:46.322-04:00  INFO 12960 --- [eureka-server] [main] .s.c.n.e.s.EurekaAutoServiceRegistration : Updating port to 8761
2026-06-02T15:29:46.337-04:00  INFO 12960 --- [eureka-server] [main] cl.duoc.eureka.EurekaApplication         : Started EurekaApplication in 5.802 seconds (process running for 6.81)
2026-06-02T15:29:46.410-04:00  INFO 12960 --- [eureka-server] [RMI TCP Connection(2)-127.0.0.1] o.a.c.c.C.[Tomcat].[localhost].[/]       : Initializing Spring DispatcherServlet 'dispatcherServlet'
2026-06-02T15:29:46.411-04:00  INFO 12960 --- [eureka-server] [RMI TCP Connection(2)-127.0.0.1] o.s.web.servlet.DispatcherServlet        : Initializing Servlet 'dispatcherServlet'
2026-06-02T15:29:46.412-04:00  INFO 12960 --- [eureka-server] [RMI TCP Connection(2)-127.0.0.1] o.s.web.servlet.DispatcherServlet        : Completed initialization in 1 ms
2026-06-02T15:29:58.979-04:00  INFO 12960 --- [eureka-server] [http-nio-8761-exec-2] c.n.e.registry.AbstractInstanceRegistry  : Registered instance AUTH-SERVICE/Diego:auth-service:8081 with status UP (replication=false)
2026-06-02T15:29:59.655-04:00  INFO 12960 --- [eureka-server] [http-nio-8761-exec-3] c.n.e.registry.AbstractInstanceRegistry  : Registered instance AUTH-SERVICE/Diego:auth-service:8081 with status UP (replication=true)
2026-06-02T15:30:13.527-04:00  INFO 12960 --- [eureka-server] [http-nio-8761-exec-4] c.n.e.registry.AbstractInstanceRegistry  : Registered instance INVENTARIO-SERVICE/Diego:inventario-service:8084 with status UP (replication=false)
2026-06-02T15:30:14.050-04:00  INFO 12960 --- [eureka-server] [http-nio-8761-exec-7] c.n.e.registry.AbstractInstanceRegistry  : Registered instance INVENTARIO-SERVICE/Diego:inventario-service:8084 with status UP (replication=true)
2026-06-02T15:30:37.496-04:00  INFO 12960 --- [eureka-server] [http-nio-8761-exec-1] c.n.e.registry.AbstractInstanceRegistry  : Registered instance USER-SERVICE/Diego:user-service:8082 with status UP (replication=false)
2026-06-02T15:30:38.019-04:00  INFO 12960 --- [eureka-server] [http-nio-8761-exec-2] c.n.e.registry.AbstractInstanceRegistry  : Registered instance USER-SERVICE/Diego:user-service:8082 with status UP (replication=true)
2026-06-02T15:30:46.306-04:00  INFO 12960 --- [eureka-server] [Eureka-EvictionTimer] c.n.e.registry.AbstractInstanceRegistry  : Running the evict task with compensationTime 0ms
2026-06-02T15:30:49.781-04:00  INFO 12960 --- [eureka-server] [http-nio-8761-exec-8] c.n.e.registry.AbstractInstanceRegistry  : Registered instance PRODUCT-SERVICE/Diego:product-service:8083 with status UP (replication=false)
2026-06-02T15:30:50.313-04:00  INFO 12960 --- [eureka-server] [http-nio-8761-exec-6] c.n.e.registry.AbstractInstanceRegistry  : Registered instance PRODUCT-SERVICE/Diego:product-service:8083 with status UP (replication=true)
2026-06-02T15:31:03.338-04:00  INFO 12960 --- [eureka-server] [http-nio-8761-exec-3] c.n.e.registry.AbstractInstanceRegistry  : Registered instance PAYMENT-SERVICE/Diego:payment-service:8085 with status UP (replication=false)
2026-06-02T15:31:03.854-04:00  INFO 12960 --- [eureka-server] [http-nio-8761-exec-5] c.n.e.registry.AbstractInstanceRegistry  : Registered instance PAYMENT-SERVICE/Diego:payment-service:8085 with status UP (replication=true)
2026-06-02T15:31:46.318-04:00  INFO 12960 --- [eureka-server] [Eureka-EvictionTimer] c.n.e.registry.AbstractInstanceRegistry  : Running the evict task with compensationTime 11ms
2026-06-02T15:31:48.593-04:00  INFO 12960 --- [eureka-server] [http-nio-8761-exec-8] c.n.e.registry.AbstractInstanceRegistry  : Registered instance VENTA-SERVICE/Diego:venta-service:8086 with status UP (replication=false)
2026-06-02T15:31:49.110-04:00  INFO 12960 --- [eureka-server] [http-nio-8761-exec-6] c.n.e.registry.AbstractInstanceRegistry  : Registered instance VENTA-SERVICE/Diego:venta-service:8086 with status UP (replication=true)
2026-06-02T15:32:46.318-04:00  INFO 12960 --- [eureka-server] [Eureka-EvictionTimer] c.n.e.registry.AbstractInstanceRegistry  : Running the evict task with compensationTime 0ms
2026-06-02T15:33:46.319-04:00  INFO 12960 --- [eureka-server] [Eureka-EvictionTimer] c.n.e.registry.AbstractInstanceRegistry  : Running the evict task with compensationTime 0ms
2026-06-02T15:34:46.326-04:00  INFO 12960 --- [eureka-server] [Eureka-EvictionTimer] c.n.e.registry.AbstractInstanceRegistry  : Running the evict task with compensationTime 7ms
2026-06-02T15:35:11.428-04:00  INFO 12960 --- [eureka-server] [http-nio-8761-exec-5] c.n.e.registry.AbstractInstanceRegistry  : Registered instance VENTA-SERVICE/Diego:venta-service:8086 with status UP (replication=false)
2026-06-02T15:35:11.936-04:00  INFO 12960 --- [eureka-server] [http-nio-8761-exec-3] c.n.e.registry.AbstractInstanceRegistry  : Registered instance VENTA-SERVICE/Diego:venta-service:8086 with status UP (replication=true)
2026-06-02T15:35:46.326-04:00  INFO 12960 --- [eureka-server] [Eureka-EvictionTimer] c.n.e.registry.AbstractInstanceRegistry  : Running the evict task with compensationTime 0ms
2026-06-02T15:36:46.326-04:00  INFO 12960 --- [eureka-server] [Eureka-EvictionTimer] c.n.e.registry.AbstractInstanceRegistry  : Running the evict task with compensationTime 0ms
2026-06-02T15:37:46.333-04:00  INFO 12960 --- [eureka-server] [Eureka-EvictionTimer] c.n.e.registry.AbstractInstanceRegistry  : Running the evict task with compensationTime 7ms
2026-06-02T15:38:46.345-04:00  INFO 12960 --- [eureka-server] [Eureka-EvictionTimer] c.n.e.registry.AbstractInstanceRegistry  : Running the evict task with compensationTime 11ms
2026-06-02T15:39:46.352-04:00  INFO 12960 --- [eureka-server] [Eureka-EvictionTimer] c.n.e.registry.AbstractInstanceRegistry  : Running the evict task with compensationTime 7ms
2026-06-02T15:40:07.615-04:00  INFO 15204 --- [eureka-server] [main] cl.duoc.eureka.EurekaApplication         : Starting EurekaApplication using Java 21.0.10 with PID 15204 (C:\Users\diego\OneDrive\Escritorio\Perfumeria-DiegoGalvezSantander-eureka\eureka\target\classes started by diego in C:\Users\diego\OneDrive\Escritorio\Perfumeria-DiegoGalvezSantander-eureka\eureka)
2026-06-02T15:40:07.621-04:00  INFO 15204 --- [eureka-server] [main] cl.duoc.eureka.EurekaApplication         : No active profile set, falling back to 1 default profile: "default"
2026-06-02T15:40:09.058-04:00  INFO 15204 --- [eureka-server] [main] o.s.cloud.context.scope.GenericScope     : BeanFactory id=4bf7d4e1-6b13-3cfb-a6ed-46d561a70328
2026-06-02T15:40:09.437-04:00  INFO 15204 --- [eureka-server] [main] o.s.boot.tomcat.TomcatWebServer          : Tomcat initialized with port 8761 (http)
2026-06-02T15:40:09.455-04:00  INFO 15204 --- [eureka-server] [main] o.apache.catalina.core.StandardService   : Starting service [Tomcat]
2026-06-02T15:40:09.455-04:00  INFO 15204 --- [eureka-server] [main] o.apache.catalina.core.StandardEngine    : Starting Servlet engine: [Apache Tomcat/11.0.21]
2026-06-02T15:40:09.533-04:00  INFO 15204 --- [eureka-server] [main] b.w.c.s.WebApplicationContextInitializer : Root WebApplicationContext: initialization completed in 1836 ms
2026-06-02T15:40:10.787-04:00  INFO 15204 --- [eureka-server] [main] c.n.d.provider.DiscoveryJerseyProvider   : Using JSON encoding codec LegacyJacksonJson
2026-06-02T15:40:10.788-04:00  INFO 15204 --- [eureka-server] [main] c.n.d.provider.DiscoveryJerseyProvider   : Using JSON decoding codec LegacyJacksonJson
2026-06-02T15:40:11.009-04:00  INFO 15204 --- [eureka-server] [main] c.n.d.provider.DiscoveryJerseyProvider   : Using XML encoding codec XStreamXml
2026-06-02T15:40:11.009-04:00  INFO 15204 --- [eureka-server] [main] c.n.d.provider.DiscoveryJerseyProvider   : Using XML decoding codec XStreamXml
2026-06-02T15:40:11.200-04:00  INFO 15204 --- [eureka-server] [main] o.s.v.b.OptionalValidatorFactoryBean     : Failed to set up a Bean Validation provider: jakarta.validation.NoProviderFoundException: Unable to create a Configuration, because no Jakarta Validation provider could be found. Add a provider like Hibernate Validator (RI) to your classpath.
2026-06-02T15:40:12.159-04:00  WARN 15204 --- [eureka-server] [main] iguration$LoadBalancerCaffeineWarnLogger : Spring Cloud LoadBalancer is currently working with the default cache. While this cache implementation is useful for development and tests, it's recommended to use Caffeine cache in production.You can switch to using Caffeine cache, by adding it and org.springframework.cache.caffeine.CaffeineCacheManager to the classpath.
2026-06-02T15:40:12.191-04:00  INFO 15204 --- [eureka-server] [main] o.s.c.n.eureka.InstanceInfoFactory       : Setting initial instance status as: STARTING
2026-06-02T15:40:12.227-04:00  INFO 15204 --- [eureka-server] [main] com.netflix.discovery.DiscoveryClient    : Initializing Eureka in region us-east-1
2026-06-02T15:40:12.228-04:00  INFO 15204 --- [eureka-server] [main] com.netflix.discovery.DiscoveryClient    : Client configured to neither register nor query for data.
2026-06-02T15:40:12.232-04:00  INFO 15204 --- [eureka-server] [main] com.netflix.discovery.DiscoveryClient    : Discovery Client initialized at timestamp 1780429212230 with initial instances count: 0
2026-06-02T15:40:12.288-04:00  INFO 15204 --- [eureka-server] [main] c.n.eureka.DefaultEurekaServerContext    : Initializing ...
2026-06-02T15:40:12.291-04:00  INFO 15204 --- [eureka-server] [main] c.n.eureka.cluster.PeerEurekaNodes       : Adding new peer nodes [http://localhost:8761/eureka/]
2026-06-02T15:40:12.455-04:00  INFO 15204 --- [eureka-server] [main] c.n.d.provider.DiscoveryJerseyProvider   : Using JSON encoding codec LegacyJacksonJson
2026-06-02T15:40:12.456-04:00  INFO 15204 --- [eureka-server] [main] c.n.d.provider.DiscoveryJerseyProvider   : Using JSON decoding codec LegacyJacksonJson
2026-06-02T15:40:12.457-04:00  INFO 15204 --- [eureka-server] [main] c.n.d.provider.DiscoveryJerseyProvider   : Using XML encoding codec XStreamXml
2026-06-02T15:40:12.457-04:00  INFO 15204 --- [eureka-server] [main] c.n.d.provider.DiscoveryJerseyProvider   : Using XML decoding codec XStreamXml
2026-06-02T15:40:12.509-04:00  INFO 15204 --- [eureka-server] [main] c.n.eureka.cluster.PeerEurekaNodes       : Replica node URL:  http://localhost:8761/eureka/
2026-06-02T15:40:12.519-04:00  INFO 15204 --- [eureka-server] [main] c.n.e.registry.AbstractInstanceRegistry  : Finished initializing remote region registries. All known remote regions: []
2026-06-02T15:40:12.520-04:00  INFO 15204 --- [eureka-server] [main] c.n.eureka.DefaultEurekaServerContext    : Initialized
2026-06-02T15:40:12.534-04:00  INFO 15204 --- [eureka-server] [main] o.s.b.a.e.web.EndpointLinksResolver      : Exposing 1 endpoint beneath base path '/actuator'
2026-06-02T15:40:12.622-04:00  INFO 15204 --- [eureka-server] [main] o.s.c.n.e.s.EurekaServiceRegistry        : Registering application EUREKA-SERVER with eureka with status UP
2026-06-02T15:40:12.638-04:00  INFO 15204 --- [eureka-server] [Thread-9] o.s.c.n.e.server.EurekaServerBootstrap   : isAws returned false
2026-06-02T15:40:12.639-04:00  INFO 15204 --- [eureka-server] [Thread-9] o.s.c.n.e.server.EurekaServerBootstrap   : Initialized server context
2026-06-02T15:40:12.639-04:00  INFO 15204 --- [eureka-server] [Thread-9] c.n.e.r.PeerAwareInstanceRegistryImpl    : Got 1 instances from neighboring DS node
2026-06-02T15:40:12.639-04:00  INFO 15204 --- [eureka-server] [Thread-9] c.n.e.r.PeerAwareInstanceRegistryImpl    : Renew threshold is: 1
2026-06-02T15:40:12.639-04:00  INFO 15204 --- [eureka-server] [Thread-9] c.n.e.r.PeerAwareInstanceRegistryImpl    : Changing status to UP
2026-06-02T15:40:12.643-04:00  INFO 15204 --- [eureka-server] [Thread-9] e.s.EurekaServerInitializerConfiguration : Started Eureka Server
2026-06-02T15:40:12.653-04:00  INFO 15204 --- [eureka-server] [main] o.s.boot.tomcat.TomcatWebServer          : Tomcat started on port 8761 (http) with context path '/'
2026-06-02T15:40:12.655-04:00  INFO 15204 --- [eureka-server] [main] .s.c.n.e.s.EurekaAutoServiceRegistration : Updating port to 8761
2026-06-02T15:40:12.668-04:00  INFO 15204 --- [eureka-server] [main] cl.duoc.eureka.EurekaApplication         : Started EurekaApplication in 5.663 seconds (process running for 6.726)
2026-06-02T15:40:12.921-04:00  INFO 15204 --- [eureka-server] [RMI TCP Connection(2)-127.0.0.1] o.a.c.c.C.[Tomcat].[localhost].[/]       : Initializing Spring DispatcherServlet 'dispatcherServlet'
2026-06-02T15:40:12.921-04:00  INFO 15204 --- [eureka-server] [RMI TCP Connection(2)-127.0.0.1] o.s.web.servlet.DispatcherServlet        : Initializing Servlet 'dispatcherServlet'
2026-06-02T15:40:12.924-04:00  INFO 15204 --- [eureka-server] [RMI TCP Connection(2)-127.0.0.1] o.s.web.servlet.DispatcherServlet        : Completed initialization in 2 ms
2026-06-02T15:40:26.720-04:00  INFO 15204 --- [eureka-server] [http-nio-8761-exec-2] c.n.e.registry.AbstractInstanceRegistry  : Registered instance AUTH-SERVICE/Diego:auth-service:8081 with status UP (replication=false)
2026-06-02T15:40:27.411-04:00  INFO 15204 --- [eureka-server] [http-nio-8761-exec-3] c.n.e.registry.AbstractInstanceRegistry  : Registered instance AUTH-SERVICE/Diego:auth-service:8081 with status UP (replication=true)
2026-06-02T15:41:09.755-04:00  INFO 15204 --- [eureka-server] [http-nio-8761-exec-8] c.n.e.registry.AbstractInstanceRegistry  : Registered instance INVENTARIO-SERVICE/Diego:inventario-service:8084 with status UP (replication=false)
2026-06-02T15:41:10.292-04:00  INFO 15204 --- [eureka-server] [http-nio-8761-exec-9] c.n.e.registry.AbstractInstanceRegistry  : Registered instance INVENTARIO-SERVICE/Diego:inventario-service:8084 with status UP (replication=true)
2026-06-02T15:41:12.641-04:00  INFO 15204 --- [eureka-server] [Eureka-EvictionTimer] c.n.e.registry.AbstractInstanceRegistry  : Running the evict task with compensationTime 0ms
2026-06-02T15:41:29.912-04:00  INFO 15204 --- [eureka-server] [http-nio-8761-exec-4] c.n.e.registry.AbstractInstanceRegistry  : Registered instance PAYMENT-SERVICE/Diego:payment-service:8085 with status UP (replication=false)
2026-06-02T15:41:30.435-04:00  INFO 15204 --- [eureka-server] [http-nio-8761-exec-5] c.n.e.registry.AbstractInstanceRegistry  : Registered instance PAYMENT-SERVICE/Diego:payment-service:8085 with status UP (replication=true)
2026-06-02T15:41:46.161-04:00  INFO 15204 --- [eureka-server] [http-nio-8761-exec-10] c.n.e.registry.AbstractInstanceRegistry  : Registered instance PRODUCT-SERVICE/Diego:product-service:8083 with status UP (replication=false)
2026-06-02T15:41:46.681-04:00  INFO 15204 --- [eureka-server] [http-nio-8761-exec-1] c.n.e.registry.AbstractInstanceRegistry  : Registered instance PRODUCT-SERVICE/Diego:product-service:8083 with status UP (replication=true)
2026-06-02T15:41:57.747-04:00  INFO 15204 --- [eureka-server] [http-nio-8761-exec-6] c.n.e.registry.AbstractInstanceRegistry  : Registered instance USER-SERVICE/Diego:user-service:8082 with status UP (replication=false)
2026-06-02T15:41:58.261-04:00  INFO 15204 --- [eureka-server] [http-nio-8761-exec-7] c.n.e.registry.AbstractInstanceRegistry  : Registered instance USER-SERVICE/Diego:user-service:8082 with status UP (replication=true)
2026-06-02T15:42:09.835-04:00  INFO 15204 --- [eureka-server] [http-nio-8761-exec-4] c.n.e.registry.AbstractInstanceRegistry  : Registered instance VENTA-SERVICE/Diego:venta-service:8086 with status UP (replication=false)
2026-06-02T15:42:10.235-04:00  INFO 15204 --- [eureka-server] [http-nio-8761-exec-5] c.n.e.registry.AbstractInstanceRegistry  : Registered instance VENTA-SERVICE/Diego:venta-service:8086 with status UP (replication=true)
2026-06-02T15:42:12.651-04:00  INFO 15204 --- [eureka-server] [Eureka-EvictionTimer] c.n.e.registry.AbstractInstanceRegistry  : Running the evict task with compensationTime 11ms
2026-06-02T15:43:12.652-04:00  INFO 15204 --- [eureka-server] [Eureka-EvictionTimer] c.n.e.registry.AbstractInstanceRegistry  : Running the evict task with compensationTime 0ms
2026-06-02T15:44:12.652-04:00  INFO 15204 --- [eureka-server] [Eureka-EvictionTimer] c.n.e.registry.AbstractInstanceRegistry  : Running the evict task with compensationTime 0ms
2026-06-02T15:45:12.653-04:00  INFO 15204 --- [eureka-server] [Eureka-EvictionTimer] c.n.e.registry.AbstractInstanceRegistry  : Running the evict task with compensationTime 0ms
2026-06-02T15:46:12.654-04:00  INFO 15204 --- [eureka-server] [Eureka-EvictionTimer] c.n.e.registry.AbstractInstanceRegistry  : Running the evict task with compensationTime 0ms
2026-06-02T15:47:12.654-04:00  INFO 15204 --- [eureka-server] [Eureka-EvictionTimer] c.n.e.registry.AbstractInstanceRegistry  : Running the evict task with compensationTime 0ms
2026-06-02T15:48:12.669-04:00  INFO 15204 --- [eureka-server] [Eureka-EvictionTimer] c.n.e.registry.AbstractInstanceRegistry  : Running the evict task with compensationTime 14ms
2026-06-02T15:49:12.671-04:00  INFO 15204 --- [eureka-server] [Eureka-EvictionTimer] c.n.e.registry.AbstractInstanceRegistry  : Running the evict task with compensationTime 2ms
2026-06-02T15:50:12.678-04:00  INFO 15204 --- [eureka-server] [Eureka-EvictionTimer] c.n.e.registry.AbstractInstanceRegistry  : Running the evict task with compensationTime 6ms
2026-06-02T15:51:12.679-04:00  INFO 15204 --- [eureka-server] [Eureka-EvictionTimer] c.n.e.registry.AbstractInstanceRegistry  : Running the evict task with compensationTime 1ms
2026-06-02T15:52:12.685-04:00  INFO 15204 --- [eureka-server] [Eureka-EvictionTimer] c.n.e.registry.AbstractInstanceRegistry  : Running the evict task with compensationTime 6ms
2026-06-02T15:53:12.692-04:00  INFO 15204 --- [eureka-server] [Eureka-EvictionTimer] c.n.e.registry.AbstractInstanceRegistry  : Running the evict task with compensationTime 7ms
2026-06-02T15:54:12.693-04:00  INFO 15204 --- [eureka-server] [Eureka-EvictionTimer] c.n.e.registry.AbstractInstanceRegistry  : Running the evict task with compensationTime 0ms
2026-06-02T15:55:12.521-04:00  INFO 15204 --- [eureka-server] [ReplicaAwareInstanceRegistry - RenewalThresholdUpdater] c.n.e.r.PeerAwareInstanceRegistryImpl    : Current renewal threshold is : 11
2026-06-02T15:55:12.696-04:00  INFO 15204 --- [eureka-server] [Eureka-EvictionTimer] c.n.e.registry.AbstractInstanceRegistry  : Running the evict task with compensationTime 3ms
2026-06-02T15:56:12.702-04:00  INFO 15204 --- [eureka-server] [Eureka-EvictionTimer] c.n.e.registry.AbstractInstanceRegistry  : Running the evict task with compensationTime 5ms
2026-06-02T15:57:12.708-04:00  INFO 15204 --- [eureka-server] [Eureka-EvictionTimer] c.n.e.registry.AbstractInstanceRegistry  : Running the evict task with compensationTime 6ms
2026-06-02T15:58:12.722-04:00  INFO 15204 --- [eureka-server] [Eureka-EvictionTimer] c.n.e.registry.AbstractInstanceRegistry  : Running the evict task with compensationTime 13ms
2026-06-02T15:59:12.723-04:00  INFO 15204 --- [eureka-server] [Eureka-EvictionTimer] c.n.e.registry.AbstractInstanceRegistry  : Running the evict task with compensationTime 1ms
2026-06-02T16:00:12.738-04:00  INFO 15204 --- [eureka-server] [Eureka-EvictionTimer] c.n.e.registry.AbstractInstanceRegistry  : Running the evict task with compensationTime 15ms
2026-06-02T16:01:12.751-04:00  INFO 15204 --- [eureka-server] [Eureka-EvictionTimer] c.n.e.registry.AbstractInstanceRegistry  : Running the evict task with compensationTime 13ms
2026-06-02T16:02:12.763-04:00  INFO 15204 --- [eureka-server] [Eureka-EvictionTimer] c.n.e.registry.AbstractInstanceRegistry  : Running the evict task with compensationTime 11ms
2026-06-02T16:03:12.774-04:00  INFO 15204 --- [eureka-server] [Eureka-EvictionTimer] c.n.e.registry.AbstractInstanceRegistry  : Running the evict task with compensationTime 10ms
2026-06-02T16:04:12.779-04:00  INFO 15204 --- [eureka-server] [Eureka-EvictionTimer] c.n.e.registry.AbstractInstanceRegistry  : Running the evict task with compensationTime 4ms
2026-06-02T16:05:12.795-04:00  INFO 15204 --- [eureka-server] [Eureka-EvictionTimer] c.n.e.registry.AbstractInstanceRegistry  : Running the evict task with compensationTime 16ms
2026-06-02T16:06:12.805-04:00  INFO 15204 --- [eureka-server] [Eureka-EvictionTimer] c.n.e.registry.AbstractInstanceRegistry  : Running the evict task with compensationTime 9ms
2026-06-02T16:07:12.816-04:00  INFO 15204 --- [eureka-server] [Eureka-EvictionTimer] c.n.e.registry.AbstractInstanceRegistry  : Running the evict task with compensationTime 11ms
2026-06-02T16:08:12.828-04:00  INFO 15204 --- [eureka-server] [Eureka-EvictionTimer] c.n.e.registry.AbstractInstanceRegistry  : Running the evict task with compensationTime 12ms
2026-06-02T16:08:49.341-04:00  INFO 15204 --- [eureka-server] [http-nio-8761-exec-5] c.n.e.registry.AbstractInstanceRegistry  : Registered instance USER-SERVICE/Diego:user-service:8082 with status UP (replication=false)
2026-06-02T16:08:49.853-04:00  INFO 15204 --- [eureka-server] [http-nio-8761-exec-7] c.n.e.registry.AbstractInstanceRegistry  : Registered instance USER-SERVICE/Diego:user-service:8082 with status UP (replication=true)
2026-06-02T16:09:12.835-04:00  INFO 15204 --- [eureka-server] [Eureka-EvictionTimer] c.n.e.registry.AbstractInstanceRegistry  : Running the evict task with compensationTime 6ms
2026-06-02T16:10:12.521-04:00  INFO 15204 --- [eureka-server] [ReplicaAwareInstanceRegistry - RenewalThresholdUpdater] c.n.e.r.PeerAwareInstanceRegistryImpl    : Current renewal threshold is : 11
2026-06-02T16:10:12.839-04:00  INFO 15204 --- [eureka-server] [Eureka-EvictionTimer] c.n.e.registry.AbstractInstanceRegistry  : Running the evict task with compensationTime 4ms
2026-06-02T16:11:12.846-04:00  INFO 15204 --- [eureka-server] [Eureka-EvictionTimer] c.n.e.registry.AbstractInstanceRegistry  : Running the evict task with compensationTime 6ms
2026-06-02T16:12:12.848-04:00  INFO 15204 --- [eureka-server] [Eureka-EvictionTimer] c.n.e.registry.AbstractInstanceRegistry  : Running the evict task with compensationTime 1ms
2026-06-02T16:13:12.857-04:00  INFO 15204 --- [eureka-server] [Eureka-EvictionTimer] c.n.e.registry.AbstractInstanceRegistry  : Running the evict task with compensationTime 9ms
2026-06-02T16:14:12.869-04:00  INFO 15204 --- [eureka-server] [Eureka-EvictionTimer] c.n.e.registry.AbstractInstanceRegistry  : Running the evict task with compensationTime 11ms
2026-06-02T16:15:12.875-04:00  INFO 15204 --- [eureka-server] [Eureka-EvictionTimer] c.n.e.registry.AbstractInstanceRegistry  : Running the evict task with compensationTime 6ms
2026-06-02T16:16:12.881-04:00  INFO 15204 --- [eureka-server] [Eureka-EvictionTimer] c.n.e.registry.AbstractInstanceRegistry  : Running the evict task with compensationTime 5ms
2026-06-02T16:17:12.882-04:00  INFO 15204 --- [eureka-server] [Eureka-EvictionTimer] c.n.e.registry.AbstractInstanceRegistry  : Running the evict task with compensationTime 0ms
2026-06-02T16:17:34.512-04:00  INFO 7112 --- [eureka-server] [main] cl.duoc.eureka.EurekaApplication         : Starting EurekaApplication using Java 21.0.10 with PID 7112 (C:\Users\diego\OneDrive\Escritorio\Perfumeria-DiegoGalvezSantander-eureka\eureka\target\classes started by diego in C:\Users\diego\OneDrive\Escritorio\Perfumeria-DiegoGalvezSantander-eureka\eureka)
2026-06-02T16:17:34.517-04:00  INFO 7112 --- [eureka-server] [main] cl.duoc.eureka.EurekaApplication         : No active profile set, falling back to 1 default profile: "default"
2026-06-02T16:17:36.079-04:00  INFO 7112 --- [eureka-server] [main] o.s.cloud.context.scope.GenericScope     : BeanFactory id=4bf7d4e1-6b13-3cfb-a6ed-46d561a70328
2026-06-02T16:17:36.507-04:00  INFO 7112 --- [eureka-server] [main] o.s.boot.tomcat.TomcatWebServer          : Tomcat initialized with port 8761 (http)
2026-06-02T16:17:36.526-04:00  INFO 7112 --- [eureka-server] [main] o.apache.catalina.core.StandardService   : Starting service [Tomcat]
2026-06-02T16:17:36.526-04:00  INFO 7112 --- [eureka-server] [main] o.apache.catalina.core.StandardEngine    : Starting Servlet engine: [Apache Tomcat/11.0.21]
2026-06-02T16:17:36.599-04:00  INFO 7112 --- [eureka-server] [main] b.w.c.s.WebApplicationContextInitializer : Root WebApplicationContext: initialization completed in 2010 ms
2026-06-02T16:17:37.795-04:00  INFO 7112 --- [eureka-server] [main] c.n.d.provider.DiscoveryJerseyProvider   : Using JSON encoding codec LegacyJacksonJson
2026-06-02T16:17:37.796-04:00  INFO 7112 --- [eureka-server] [main] c.n.d.provider.DiscoveryJerseyProvider   : Using JSON decoding codec LegacyJacksonJson
2026-06-02T16:17:38.083-04:00  INFO 7112 --- [eureka-server] [main] c.n.d.provider.DiscoveryJerseyProvider   : Using XML encoding codec XStreamXml
2026-06-02T16:17:38.083-04:00  INFO 7112 --- [eureka-server] [main] c.n.d.provider.DiscoveryJerseyProvider   : Using XML decoding codec XStreamXml
2026-06-02T16:17:38.298-04:00  INFO 7112 --- [eureka-server] [main] o.s.v.b.OptionalValidatorFactoryBean     : Failed to set up a Bean Validation provider: jakarta.validation.NoProviderFoundException: Unable to create a Configuration, because no Jakarta Validation provider could be found. Add a provider like Hibernate Validator (RI) to your classpath.
2026-06-02T16:17:39.186-04:00  WARN 7112 --- [eureka-server] [main] iguration$LoadBalancerCaffeineWarnLogger : Spring Cloud LoadBalancer is currently working with the default cache. While this cache implementation is useful for development and tests, it's recommended to use Caffeine cache in production.You can switch to using Caffeine cache, by adding it and org.springframework.cache.caffeine.CaffeineCacheManager to the classpath.
2026-06-02T16:17:39.214-04:00  INFO 7112 --- [eureka-server] [main] o.s.c.n.eureka.InstanceInfoFactory       : Setting initial instance status as: STARTING
2026-06-02T16:17:39.240-04:00  INFO 7112 --- [eureka-server] [main] com.netflix.discovery.DiscoveryClient    : Initializing Eureka in region us-east-1
2026-06-02T16:17:39.240-04:00  INFO 7112 --- [eureka-server] [main] com.netflix.discovery.DiscoveryClient    : Client configured to neither register nor query for data.
2026-06-02T16:17:39.245-04:00  INFO 7112 --- [eureka-server] [main] com.netflix.discovery.DiscoveryClient    : Discovery Client initialized at timestamp 1780431459244 with initial instances count: 0
2026-06-02T16:17:39.295-04:00  INFO 7112 --- [eureka-server] [main] c.n.eureka.DefaultEurekaServerContext    : Initializing ...
2026-06-02T16:17:39.297-04:00  INFO 7112 --- [eureka-server] [main] c.n.eureka.cluster.PeerEurekaNodes       : Adding new peer nodes [http://localhost:8761/eureka/]
2026-06-02T16:17:39.451-04:00  INFO 7112 --- [eureka-server] [main] c.n.d.provider.DiscoveryJerseyProvider   : Using JSON encoding codec LegacyJacksonJson
2026-06-02T16:17:39.453-04:00  INFO 7112 --- [eureka-server] [main] c.n.d.provider.DiscoveryJerseyProvider   : Using JSON decoding codec LegacyJacksonJson
2026-06-02T16:17:39.455-04:00  INFO 7112 --- [eureka-server] [main] c.n.d.provider.DiscoveryJerseyProvider   : Using XML encoding codec XStreamXml
2026-06-02T16:17:39.455-04:00  INFO 7112 --- [eureka-server] [main] c.n.d.provider.DiscoveryJerseyProvider   : Using XML decoding codec XStreamXml
2026-06-02T16:17:39.520-04:00  INFO 7112 --- [eureka-server] [main] c.n.eureka.cluster.PeerEurekaNodes       : Replica node URL:  http://localhost:8761/eureka/
2026-06-02T16:17:39.540-04:00  INFO 7112 --- [eureka-server] [main] c.n.e.registry.AbstractInstanceRegistry  : Finished initializing remote region registries. All known remote regions: []
2026-06-02T16:17:39.540-04:00  INFO 7112 --- [eureka-server] [main] c.n.eureka.DefaultEurekaServerContext    : Initialized
2026-06-02T16:17:39.558-04:00  INFO 7112 --- [eureka-server] [main] o.s.b.a.e.web.EndpointLinksResolver      : Exposing 1 endpoint beneath base path '/actuator'
2026-06-02T16:17:39.653-04:00  INFO 7112 --- [eureka-server] [main] o.s.c.n.e.s.EurekaServiceRegistry        : Registering application EUREKA-SERVER with eureka with status UP
2026-06-02T16:17:39.676-04:00  INFO 7112 --- [eureka-server] [Thread-9] o.s.c.n.e.server.EurekaServerBootstrap   : isAws returned false
2026-06-02T16:17:39.677-04:00  INFO 7112 --- [eureka-server] [Thread-9] o.s.c.n.e.server.EurekaServerBootstrap   : Initialized server context
2026-06-02T16:17:39.678-04:00  INFO 7112 --- [eureka-server] [Thread-9] c.n.e.r.PeerAwareInstanceRegistryImpl    : Got 1 instances from neighboring DS node
2026-06-02T16:17:39.679-04:00  INFO 7112 --- [eureka-server] [Thread-9] c.n.e.r.PeerAwareInstanceRegistryImpl    : Renew threshold is: 1
2026-06-02T16:17:39.679-04:00  INFO 7112 --- [eureka-server] [Thread-9] c.n.e.r.PeerAwareInstanceRegistryImpl    : Changing status to UP
2026-06-02T16:17:39.686-04:00  INFO 7112 --- [eureka-server] [Thread-9] e.s.EurekaServerInitializerConfiguration : Started Eureka Server
2026-06-02T16:17:39.702-04:00  INFO 7112 --- [eureka-server] [main] o.s.boot.tomcat.TomcatWebServer          : Tomcat started on port 8761 (http) with context path '/'
2026-06-02T16:17:39.704-04:00  INFO 7112 --- [eureka-server] [main] .s.c.n.e.s.EurekaAutoServiceRegistration : Updating port to 8761
2026-06-02T16:17:39.713-04:00  INFO 7112 --- [eureka-server] [main] cl.duoc.eureka.EurekaApplication         : Started EurekaApplication in 5.807 seconds (process running for 6.968)
2026-06-02T16:17:39.714-04:00  INFO 7112 --- [eureka-server] [RMI TCP Connection(2)-127.0.0.1] o.a.c.c.C.[Tomcat].[localhost].[/]       : Initializing Spring DispatcherServlet 'dispatcherServlet'
2026-06-02T16:17:39.714-04:00  INFO 7112 --- [eureka-server] [RMI TCP Connection(2)-127.0.0.1] o.s.web.servlet.DispatcherServlet        : Initializing Servlet 'dispatcherServlet'
2026-06-02T16:17:39.716-04:00  INFO 7112 --- [eureka-server] [RMI TCP Connection(2)-127.0.0.1] o.s.web.servlet.DispatcherServlet        : Completed initialization in 1 ms
2026-06-02T16:18:09.428-04:00  INFO 7112 --- [eureka-server] [http-nio-8761-exec-2] c.n.e.registry.AbstractInstanceRegistry  : Registered instance AUTH-SERVICE/Diego:auth-service:8081 with status UP (replication=false)
2026-06-02T16:18:10.076-04:00  INFO 7112 --- [eureka-server] [http-nio-8761-exec-3] c.n.e.registry.AbstractInstanceRegistry  : Registered instance AUTH-SERVICE/Diego:auth-service:8081 with status UP (replication=true)
2026-06-02T16:18:26.720-04:00  INFO 7112 --- [eureka-server] [http-nio-8761-exec-7] c.n.e.registry.AbstractInstanceRegistry  : Registered instance INVENTARIO-SERVICE/Diego:inventario-service:8084 with status UP (replication=false)
2026-06-02T16:18:27.232-04:00  INFO 7112 --- [eureka-server] [http-nio-8761-exec-5] c.n.e.registry.AbstractInstanceRegistry  : Registered instance INVENTARIO-SERVICE/Diego:inventario-service:8084 with status UP (replication=true)
2026-06-02T16:18:39.683-04:00  INFO 7112 --- [eureka-server] [Eureka-EvictionTimer] c.n.e.registry.AbstractInstanceRegistry  : Running the evict task with compensationTime 0ms
2026-06-02T16:19:17.893-04:00  INFO 7112 --- [eureka-server] [http-nio-8761-exec-8] c.n.e.registry.AbstractInstanceRegistry  : Registered instance PAYMENT-SERVICE/Diego:payment-service:8085 with status UP (replication=false)
2026-06-02T16:19:18.406-04:00  INFO 7112 --- [eureka-server] [http-nio-8761-exec-6] c.n.e.registry.AbstractInstanceRegistry  : Registered instance PAYMENT-SERVICE/Diego:payment-service:8085 with status UP (replication=true)
2026-06-02T16:19:30.470-04:00  INFO 7112 --- [eureka-server] [http-nio-8761-exec-4] c.n.e.registry.AbstractInstanceRegistry  : Registered instance PRODUCT-SERVICE/Diego:product-service:8083 with status UP (replication=false)
2026-06-02T16:19:30.991-04:00  INFO 7112 --- [eureka-server] [http-nio-8761-exec-3] c.n.e.registry.AbstractInstanceRegistry  : Registered instance PRODUCT-SERVICE/Diego:product-service:8083 with status UP (replication=true)
2026-06-02T16:19:39.684-04:00  INFO 7112 --- [eureka-server] [Eureka-EvictionTimer] c.n.e.registry.AbstractInstanceRegistry  : Running the evict task with compensationTime 0ms
2026-06-02T16:19:43.769-04:00  INFO 7112 --- [eureka-server] [http-nio-8761-exec-9] c.n.e.registry.AbstractInstanceRegistry  : Registered instance USER-SERVICE/Diego:user-service:8082 with status UP (replication=false)
2026-06-02T16:19:44.283-04:00  INFO 7112 --- [eureka-server] [http-nio-8761-exec-10] c.n.e.registry.AbstractInstanceRegistry  : Registered instance USER-SERVICE/Diego:user-service:8082 with status UP (replication=true)
2026-06-02T16:19:56.533-04:00  INFO 7112 --- [eureka-server] [http-nio-8761-exec-5] c.n.e.registry.AbstractInstanceRegistry  : Registered instance VENTA-SERVICE/Diego:venta-service:8086 with status UP (replication=false)
2026-06-02T16:19:57.055-04:00  INFO 7112 --- [eureka-server] [http-nio-8761-exec-6] c.n.e.registry.AbstractInstanceRegistry  : Registered instance VENTA-SERVICE/Diego:venta-service:8086 with status UP (replication=true)
2026-06-02T16:20:39.684-04:00  INFO 7112 --- [eureka-server] [Eureka-EvictionTimer] c.n.e.registry.AbstractInstanceRegistry  : Running the evict task with compensationTime 0ms
2026-06-02T16:21:39.691-04:00  INFO 7112 --- [eureka-server] [Eureka-EvictionTimer] c.n.e.registry.AbstractInstanceRegistry  : Running the evict task with compensationTime 7ms
2026-06-02T16:22:39.692-04:00  INFO 7112 --- [eureka-server] [Eureka-EvictionTimer] c.n.e.registry.AbstractInstanceRegistry  : Running the evict task with compensationTime 0ms
2026-06-02T16:23:39.692-04:00  INFO 7112 --- [eureka-server] [Eureka-EvictionTimer] c.n.e.registry.AbstractInstanceRegistry  : Running the evict task with compensationTime 0ms
2026-06-02T16:24:39.693-04:00  INFO 7112 --- [eureka-server] [Eureka-EvictionTimer] c.n.e.registry.AbstractInstanceRegistry  : Running the evict task with compensationTime 0ms
2026-06-02T16:25:39.694-04:00  INFO 7112 --- [eureka-server] [Eureka-EvictionTimer] c.n.e.registry.AbstractInstanceRegistry  : Running the evict task with compensationTime 0ms
2026-06-02T16:26:39.694-04:00  INFO 7112 --- [eureka-server] [Eureka-EvictionTimer] c.n.e.registry.AbstractInstanceRegistry  : Running the evict task with compensationTime 0ms
2026-06-02T16:27:39.694-04:00  INFO 7112 --- [eureka-server] [Eureka-EvictionTimer] c.n.e.registry.AbstractInstanceRegistry  : Running the evict task with compensationTime 0ms
2026-06-02T16:28:39.695-04:00  INFO 7112 --- [eureka-server] [Eureka-EvictionTimer] c.n.e.registry.AbstractInstanceRegistry  : Running the evict task with compensationTime 0ms
