2026-06-02T14:51:39.769-04:00  INFO 8876 --- [product-service] [main] cl.duoc.producto.ProductoApplication     : Starting ProductoApplication using Java 21.0.10 with PID 8876 (C:\Users\diego\OneDrive\Escritorio\Perfumeria-DiegoGalvezSantander-eureka\producto\target\classes started by diego in C:\Users\diego\OneDrive\Escritorio\Perfumeria-DiegoGalvezSantander-eureka\producto)
2026-06-02T14:51:39.774-04:00  INFO 8876 --- [product-service] [main] cl.duoc.producto.ProductoApplication     : No active profile set, falling back to 1 default profile: "default"
2026-06-02T14:51:50.586-04:00  INFO 8876 --- [product-service] [main] .s.d.r.c.RepositoryConfigurationDelegate : Bootstrapping Spring Data JPA repositories in DEFAULT mode.
2026-06-02T14:51:51.303-04:00  INFO 8876 --- [product-service] [main] .s.d.r.c.RepositoryConfigurationDelegate : Finished Spring Data repository scanning in 631 ms. Found 3 JPA repository interfaces.
2026-06-02T14:51:53.183-04:00  INFO 8876 --- [product-service] [main] o.s.cloud.context.scope.GenericScope     : BeanFactory id=f84404b5-70a7-3b48-99c7-d368e0880946
2026-06-02T14:51:55.499-04:00  WARN 8876 --- [product-service] [main] trationDelegate$BeanPostProcessorChecker : Bean 'org.springframework.cloud.client.loadbalancer.LoadBalancerAutoConfiguration$DeferringLoadBalancerInterceptorConfig' of type [org.springframework.cloud.client.loadbalancer.LoadBalancerAutoConfiguration$DeferringLoadBalancerInterceptorConfig] is not eligible for getting processed by all BeanPostProcessors (for example: not eligible for auto-proxying). The currently created BeanPostProcessor [lbRestClientPostProcessor] is declared through a non-static factory method on that class; consider declaring it as static instead.
2026-06-02T14:51:55.506-04:00  WARN 8876 --- [product-service] [main] trationDelegate$BeanPostProcessorChecker : Bean 'deferringLoadBalancerInterceptor' of type [org.springframework.cloud.client.loadbalancer.DeferringLoadBalancerInterceptor] is not eligible for getting processed by all BeanPostProcessors (for example: not eligible for auto-proxying). Is this bean getting eagerly injected into a currently created BeanPostProcessor [lbRestClientPostProcessor]? Check the corresponding BeanPostProcessor declaration and its dependencies.
2026-06-02T14:51:55.536-04:00  WARN 8876 --- [product-service] [main] trationDelegate$BeanPostProcessorChecker : Bean 'org.springframework.cloud.client.loadbalancer.reactive.LoadBalancerBeanPostProcessorAutoConfiguration' of type [org.springframework.cloud.client.loadbalancer.reactive.LoadBalancerBeanPostProcessorAutoConfiguration] is not eligible for getting processed by all BeanPostProcessors (for example: not eligible for auto-proxying). The currently created BeanPostProcessor [loadBalancerWebClientBuilderBeanPostProcessor] is declared through a non-static factory method on that class; consider declaring it as static instead.
2026-06-02T14:51:55.646-04:00  WARN 8876 --- [product-service] [main] trationDelegate$BeanPostProcessorChecker : Bean 'org.springframework.cloud.client.loadbalancer.reactive.LoadBalancerBeanPostProcessorAutoConfiguration$ReactorDeferringLoadBalancerFilterConfig' of type [org.springframework.cloud.client.loadbalancer.reactive.LoadBalancerBeanPostProcessorAutoConfiguration$ReactorDeferringLoadBalancerFilterConfig] is not eligible for getting processed by all BeanPostProcessors (for example: not eligible for auto-proxying). Is this bean getting eagerly injected into a currently created BeanPostProcessor [loadBalancerWebClientBuilderBeanPostProcessor]? Check the corresponding BeanPostProcessor declaration and its dependencies.
2026-06-02T14:51:55.652-04:00  WARN 8876 --- [product-service] [main] trationDelegate$BeanPostProcessorChecker : Bean 'reactorDeferringLoadBalancerExchangeFilterFunction' of type [org.springframework.cloud.client.loadbalancer.reactive.DeferringLoadBalancerExchangeFilterFunction] is not eligible for getting processed by all BeanPostProcessors (for example: not eligible for auto-proxying). Is this bean getting eagerly injected into a currently created BeanPostProcessor [loadBalancerWebClientBuilderBeanPostProcessor]? Check the corresponding BeanPostProcessor declaration and its dependencies.
2026-06-02T14:51:57.428-04:00  INFO 8876 --- [product-service] [main] o.s.b.w.embedded.tomcat.TomcatWebServer  : Tomcat initialized with port 8083 (http)
2026-06-02T14:51:57.564-04:00  INFO 8876 --- [product-service] [main] o.apache.catalina.core.StandardService   : Starting service [Tomcat]
2026-06-02T14:51:57.654-04:00  INFO 8876 --- [product-service] [main] o.apache.catalina.core.StandardEngine    : Starting Servlet engine: [Apache Tomcat/10.1.20]
2026-06-02T14:51:57.986-04:00  INFO 8876 --- [product-service] [main] o.a.c.c.C.[Tomcat].[localhost].[/]       : Initializing Spring embedded WebApplicationContext
2026-06-02T14:51:57.988-04:00  INFO 8876 --- [product-service] [main] w.s.c.ServletWebServerApplicationContext : Root WebApplicationContext: initialization completed in 18069 ms
2026-06-02T14:52:01.483-04:00  INFO 8876 --- [product-service] [main] o.hibernate.jpa.internal.util.LogHelper  : HHH000204: Processing PersistenceUnitInfo [name: default]
2026-06-02T14:52:01.624-04:00  INFO 8876 --- [product-service] [main] org.hibernate.Version                    : HHH000412: Hibernate ORM core version 6.4.4.Final
2026-06-02T14:52:01.801-04:00  INFO 8876 --- [product-service] [main] o.h.c.internal.RegionFactoryInitiator    : HHH000026: Second-level cache disabled
2026-06-02T14:52:02.804-04:00  INFO 8876 --- [product-service] [main] o.s.o.j.p.SpringPersistenceUnitInfo      : No LoadTimeWeaver setup: ignoring JPA class transformer
2026-06-02T14:52:03.143-04:00  INFO 8876 --- [product-service] [main] com.zaxxer.hikari.HikariDataSource       : HikariPool-1 - Starting...
2026-06-02T14:52:04.606-04:00  INFO 8876 --- [product-service] [main] com.zaxxer.hikari.pool.HikariPool        : HikariPool-1 - Added connection com.mysql.cj.jdbc.ConnectionImpl@38b0e2a7
2026-06-02T14:52:04.650-04:00  INFO 8876 --- [product-service] [main] com.zaxxer.hikari.HikariDataSource       : HikariPool-1 - Start completed.
2026-06-02T14:52:09.887-04:00  INFO 8876 --- [product-service] [main] o.h.e.t.j.p.i.JtaPlatformInitiator       : HHH000489: No JTA platform available (set 'hibernate.transaction.jta.platform' to enable JTA platform integration)
2026-06-02T14:52:10.267-04:00  INFO 8876 --- [product-service] [main] j.LocalContainerEntityManagerFactoryBean : Initialized JPA EntityManagerFactory for persistence unit 'default'
2026-06-02T14:52:13.819-04:00  WARN 8876 --- [product-service] [main] JpaBaseConfiguration$JpaWebConfiguration : spring.jpa.open-in-view is enabled by default. Therefore, database queries may be performed during view rendering. Explicitly configure spring.jpa.open-in-view to disable this warning
2026-06-02T14:52:17.573-04:00  INFO 8876 --- [product-service] [main] DiscoveryClientOptionalArgsConfiguration : Eureka HTTP Client uses RestTemplate.
2026-06-02T14:52:17.764-04:00  WARN 8876 --- [product-service] [main] iguration$LoadBalancerCaffeineWarnLogger : Spring Cloud LoadBalancer is currently working with the default cache. While this cache implementation is useful for development and tests, it's recommended to use Caffeine cache in production.You can switch to using Caffeine cache, by adding it and org.springframework.cache.caffeine.CaffeineCacheManager to the classpath.
2026-06-02T14:52:17.806-04:00  INFO 8876 --- [product-service] [main] o.s.b.a.e.web.EndpointLinksResolver      : Exposing 1 endpoint(s) beneath base path '/actuator'
2026-06-02T14:52:18.050-04:00  INFO 8876 --- [product-service] [main] o.s.c.n.eureka.InstanceInfoFactory       : Setting initial instance status as: STARTING
2026-06-02T14:52:18.149-04:00  INFO 8876 --- [product-service] [main] com.netflix.discovery.DiscoveryClient    : Initializing Eureka in region us-east-1
2026-06-02T14:52:18.160-04:00  INFO 8876 --- [product-service] [main] c.n.d.s.r.aws.ConfigClusterResolver      : Resolving eureka endpoints via configuration
2026-06-02T14:52:18.199-04:00  INFO 8876 --- [product-service] [main] com.netflix.discovery.DiscoveryClient    : Disable delta property : false
2026-06-02T14:52:18.203-04:00  INFO 8876 --- [product-service] [main] com.netflix.discovery.DiscoveryClient    : Single vip registry refresh property : null
2026-06-02T14:52:18.207-04:00  INFO 8876 --- [product-service] [main] com.netflix.discovery.DiscoveryClient    : Force full registry fetch : false
2026-06-02T14:52:18.213-04:00  INFO 8876 --- [product-service] [main] com.netflix.discovery.DiscoveryClient    : Application is null : false
2026-06-02T14:52:18.216-04:00  INFO 8876 --- [product-service] [main] com.netflix.discovery.DiscoveryClient    : Registered Applications size is zero : true
2026-06-02T14:52:18.217-04:00  INFO 8876 --- [product-service] [main] com.netflix.discovery.DiscoveryClient    : Application version is -1: true
2026-06-02T14:52:18.218-04:00  INFO 8876 --- [product-service] [main] com.netflix.discovery.DiscoveryClient    : Getting all instance registry info from the eureka server
2026-06-02T14:52:18.791-04:00  INFO 8876 --- [product-service] [main] com.netflix.discovery.DiscoveryClient    : The response status is 200
2026-06-02T14:52:18.794-04:00  INFO 8876 --- [product-service] [main] com.netflix.discovery.DiscoveryClient    : Starting heartbeat executor: renew interval is: 30
2026-06-02T14:52:18.822-04:00  INFO 8876 --- [product-service] [main] c.n.discovery.InstanceInfoReplicator     : InstanceInfoReplicator onDemand update allowed rate per min is 4
2026-06-02T14:52:18.835-04:00  INFO 8876 --- [product-service] [main] com.netflix.discovery.DiscoveryClient    : Discovery Client initialized at timestamp 1780426338832 with initial instances count: 0
2026-06-02T14:52:18.845-04:00  INFO 8876 --- [product-service] [main] o.s.c.n.e.s.EurekaServiceRegistry        : Registering application PRODUCT-SERVICE with eureka with status UP
2026-06-02T14:52:18.848-04:00  INFO 8876 --- [product-service] [main] com.netflix.discovery.DiscoveryClient    : Saw local status change event StatusChangeEvent [timestamp=1780426338848, current=UP, previous=STARTING]
2026-06-02T14:52:18.852-04:00  INFO 8876 --- [product-service] [DiscoveryClient-InstanceInfoReplicator-0] com.netflix.discovery.DiscoveryClient    : DiscoveryClient_PRODUCT-SERVICE/Diego:product-service:8083: registering service...
2026-06-02T14:52:18.902-04:00  INFO 8876 --- [product-service] [main] o.s.b.w.embedded.tomcat.TomcatWebServer  : Tomcat started on port 8083 (http) with context path ''
2026-06-02T14:52:18.905-04:00  INFO 8876 --- [product-service] [main] .s.c.n.e.s.EurekaAutoServiceRegistration : Updating port to 8083
2026-06-02T14:52:18.965-04:00  INFO 8876 --- [product-service] [main] cl.duoc.producto.ProductoApplication     : Started ProductoApplication in 41.37 seconds (process running for 46.266)
2026-06-02T14:52:18.967-04:00  INFO 8876 --- [product-service] [DiscoveryClient-InstanceInfoReplicator-0] com.netflix.discovery.DiscoveryClient    : DiscoveryClient_PRODUCT-SERVICE/Diego:product-service:8083 - registration status: 204
2026-06-02T14:54:16.657-04:00  INFO 11548 --- [product-service] [main] cl.duoc.producto.ProductoApplication     : Starting ProductoApplication using Java 21.0.10 with PID 11548 (C:\Users\diego\OneDrive\Escritorio\Perfumeria-DiegoGalvezSantander-eureka\producto\target\classes started by diego in C:\Users\diego\OneDrive\Escritorio\Perfumeria-DiegoGalvezSantander-eureka\producto)
2026-06-02T14:54:16.660-04:00  INFO 11548 --- [product-service] [main] cl.duoc.producto.ProductoApplication     : No active profile set, falling back to 1 default profile: "default"
2026-06-02T14:54:18.464-04:00  INFO 11548 --- [product-service] [main] .s.d.r.c.RepositoryConfigurationDelegate : Bootstrapping Spring Data JPA repositories in DEFAULT mode.
2026-06-02T14:54:18.702-04:00  INFO 11548 --- [product-service] [main] .s.d.r.c.RepositoryConfigurationDelegate : Finished Spring Data repository scanning in 224 ms. Found 3 JPA repository interfaces.
2026-06-02T14:54:19.328-04:00  INFO 11548 --- [product-service] [main] o.s.cloud.context.scope.GenericScope     : BeanFactory id=f84404b5-70a7-3b48-99c7-d368e0880946
2026-06-02T14:54:19.970-04:00  WARN 11548 --- [product-service] [main] trationDelegate$BeanPostProcessorChecker : Bean 'org.springframework.cloud.client.loadbalancer.LoadBalancerAutoConfiguration$DeferringLoadBalancerInterceptorConfig' of type [org.springframework.cloud.client.loadbalancer.LoadBalancerAutoConfiguration$DeferringLoadBalancerInterceptorConfig] is not eligible for getting processed by all BeanPostProcessors (for example: not eligible for auto-proxying). The currently created BeanPostProcessor [lbRestClientPostProcessor] is declared through a non-static factory method on that class; consider declaring it as static instead.
2026-06-02T14:54:19.976-04:00  WARN 11548 --- [product-service] [main] trationDelegate$BeanPostProcessorChecker : Bean 'deferringLoadBalancerInterceptor' of type [org.springframework.cloud.client.loadbalancer.DeferringLoadBalancerInterceptor] is not eligible for getting processed by all BeanPostProcessors (for example: not eligible for auto-proxying). Is this bean getting eagerly injected into a currently created BeanPostProcessor [lbRestClientPostProcessor]? Check the corresponding BeanPostProcessor declaration and its dependencies.
2026-06-02T14:54:19.984-04:00  WARN 11548 --- [product-service] [main] trationDelegate$BeanPostProcessorChecker : Bean 'org.springframework.cloud.client.loadbalancer.reactive.LoadBalancerBeanPostProcessorAutoConfiguration' of type [org.springframework.cloud.client.loadbalancer.reactive.LoadBalancerBeanPostProcessorAutoConfiguration] is not eligible for getting processed by all BeanPostProcessors (for example: not eligible for auto-proxying). The currently created BeanPostProcessor [loadBalancerWebClientBuilderBeanPostProcessor] is declared through a non-static factory method on that class; consider declaring it as static instead.
2026-06-02T14:54:19.989-04:00  WARN 11548 --- [product-service] [main] trationDelegate$BeanPostProcessorChecker : Bean 'org.springframework.cloud.client.loadbalancer.reactive.LoadBalancerBeanPostProcessorAutoConfiguration$ReactorDeferringLoadBalancerFilterConfig' of type [org.springframework.cloud.client.loadbalancer.reactive.LoadBalancerBeanPostProcessorAutoConfiguration$ReactorDeferringLoadBalancerFilterConfig] is not eligible for getting processed by all BeanPostProcessors (for example: not eligible for auto-proxying). Is this bean getting eagerly injected into a currently created BeanPostProcessor [loadBalancerWebClientBuilderBeanPostProcessor]? Check the corresponding BeanPostProcessor declaration and its dependencies.
2026-06-02T14:54:19.993-04:00  WARN 11548 --- [product-service] [main] trationDelegate$BeanPostProcessorChecker : Bean 'reactorDeferringLoadBalancerExchangeFilterFunction' of type [org.springframework.cloud.client.loadbalancer.reactive.DeferringLoadBalancerExchangeFilterFunction] is not eligible for getting processed by all BeanPostProcessors (for example: not eligible for auto-proxying). Is this bean getting eagerly injected into a currently created BeanPostProcessor [loadBalancerWebClientBuilderBeanPostProcessor]? Check the corresponding BeanPostProcessor declaration and its dependencies.
2026-06-02T14:54:20.456-04:00  INFO 11548 --- [product-service] [main] o.s.b.w.embedded.tomcat.TomcatWebServer  : Tomcat initialized with port 8083 (http)
2026-06-02T14:54:20.481-04:00  INFO 11548 --- [product-service] [main] o.apache.catalina.core.StandardService   : Starting service [Tomcat]
2026-06-02T14:54:20.482-04:00  INFO 11548 --- [product-service] [main] o.apache.catalina.core.StandardEngine    : Starting Servlet engine: [Apache Tomcat/10.1.20]
2026-06-02T14:54:20.644-04:00  INFO 11548 --- [product-service] [main] o.a.c.c.C.[Tomcat].[localhost].[/]       : Initializing Spring embedded WebApplicationContext
2026-06-02T14:54:20.644-04:00  INFO 11548 --- [product-service] [main] w.s.c.ServletWebServerApplicationContext : Root WebApplicationContext: initialization completed in 3926 ms
2026-06-02T14:54:21.834-04:00  INFO 11548 --- [product-service] [main] o.hibernate.jpa.internal.util.LogHelper  : HHH000204: Processing PersistenceUnitInfo [name: default]
2026-06-02T14:54:22.058-04:00  INFO 11548 --- [product-service] [main] org.hibernate.Version                    : HHH000412: Hibernate ORM core version 6.4.4.Final
2026-06-02T14:54:22.198-04:00  INFO 11548 --- [product-service] [main] o.h.c.internal.RegionFactoryInitiator    : HHH000026: Second-level cache disabled
2026-06-02T14:54:22.915-04:00  INFO 11548 --- [product-service] [main] o.s.o.j.p.SpringPersistenceUnitInfo      : No LoadTimeWeaver setup: ignoring JPA class transformer
2026-06-02T14:54:22.963-04:00  INFO 11548 --- [product-service] [main] com.zaxxer.hikari.HikariDataSource       : HikariPool-1 - Starting...
2026-06-02T14:54:23.520-04:00  INFO 11548 --- [product-service] [main] com.zaxxer.hikari.pool.HikariPool        : HikariPool-1 - Added connection com.mysql.cj.jdbc.ConnectionImpl@75ef1392
2026-06-02T14:54:23.527-04:00  INFO 11548 --- [product-service] [main] com.zaxxer.hikari.HikariDataSource       : HikariPool-1 - Start completed.
2026-06-02T14:54:25.014-04:00  INFO 11548 --- [product-service] [main] o.h.e.t.j.p.i.JtaPlatformInitiator       : HHH000489: No JTA platform available (set 'hibernate.transaction.jta.platform' to enable JTA platform integration)
2026-06-02T14:54:25.100-04:00  INFO 11548 --- [product-service] [main] j.LocalContainerEntityManagerFactoryBean : Initialized JPA EntityManagerFactory for persistence unit 'default'
2026-06-02T14:54:26.949-04:00  WARN 11548 --- [product-service] [main] JpaBaseConfiguration$JpaWebConfiguration : spring.jpa.open-in-view is enabled by default. Therefore, database queries may be performed during view rendering. Explicitly configure spring.jpa.open-in-view to disable this warning
2026-06-02T14:54:29.550-04:00  INFO 11548 --- [product-service] [main] DiscoveryClientOptionalArgsConfiguration : Eureka HTTP Client uses RestTemplate.
2026-06-02T14:54:29.670-04:00  WARN 11548 --- [product-service] [main] iguration$LoadBalancerCaffeineWarnLogger : Spring Cloud LoadBalancer is currently working with the default cache. While this cache implementation is useful for development and tests, it's recommended to use Caffeine cache in production.You can switch to using Caffeine cache, by adding it and org.springframework.cache.caffeine.CaffeineCacheManager to the classpath.
2026-06-02T14:54:29.684-04:00  INFO 11548 --- [product-service] [main] o.s.b.a.e.web.EndpointLinksResolver      : Exposing 1 endpoint(s) beneath base path '/actuator'
2026-06-02T14:54:29.931-04:00  INFO 11548 --- [product-service] [main] o.s.c.n.eureka.InstanceInfoFactory       : Setting initial instance status as: STARTING
2026-06-02T14:54:29.994-04:00  INFO 11548 --- [product-service] [main] com.netflix.discovery.DiscoveryClient    : Initializing Eureka in region us-east-1
2026-06-02T14:54:30.001-04:00  INFO 11548 --- [product-service] [main] c.n.d.s.r.aws.ConfigClusterResolver      : Resolving eureka endpoints via configuration
2026-06-02T14:54:30.035-04:00  INFO 11548 --- [product-service] [main] com.netflix.discovery.DiscoveryClient    : Disable delta property : false
2026-06-02T14:54:30.036-04:00  INFO 11548 --- [product-service] [main] com.netflix.discovery.DiscoveryClient    : Single vip registry refresh property : null
2026-06-02T14:54:30.036-04:00  INFO 11548 --- [product-service] [main] com.netflix.discovery.DiscoveryClient    : Force full registry fetch : false
2026-06-02T14:54:30.036-04:00  INFO 11548 --- [product-service] [main] com.netflix.discovery.DiscoveryClient    : Application is null : false
2026-06-02T14:54:30.037-04:00  INFO 11548 --- [product-service] [main] com.netflix.discovery.DiscoveryClient    : Registered Applications size is zero : true
2026-06-02T14:54:30.037-04:00  INFO 11548 --- [product-service] [main] com.netflix.discovery.DiscoveryClient    : Application version is -1: true
2026-06-02T14:54:30.037-04:00  INFO 11548 --- [product-service] [main] com.netflix.discovery.DiscoveryClient    : Getting all instance registry info from the eureka server
2026-06-02T14:54:30.410-04:00  INFO 11548 --- [product-service] [main] com.netflix.discovery.DiscoveryClient    : The response status is 200
2026-06-02T14:54:30.414-04:00  INFO 11548 --- [product-service] [main] com.netflix.discovery.DiscoveryClient    : Starting heartbeat executor: renew interval is: 30
2026-06-02T14:54:30.417-04:00  INFO 11548 --- [product-service] [main] c.n.discovery.InstanceInfoReplicator     : InstanceInfoReplicator onDemand update allowed rate per min is 4
2026-06-02T14:54:30.423-04:00  INFO 11548 --- [product-service] [main] com.netflix.discovery.DiscoveryClient    : Discovery Client initialized at timestamp 1780426470422 with initial instances count: 2
2026-06-02T14:54:30.440-04:00  INFO 11548 --- [product-service] [main] o.s.c.n.e.s.EurekaServiceRegistry        : Registering application PRODUCT-SERVICE with eureka with status UP
2026-06-02T14:54:30.442-04:00  INFO 11548 --- [product-service] [main] com.netflix.discovery.DiscoveryClient    : Saw local status change event StatusChangeEvent [timestamp=1780426470442, current=UP, previous=STARTING]
2026-06-02T14:54:30.446-04:00  INFO 11548 --- [product-service] [DiscoveryClient-InstanceInfoReplicator-0] com.netflix.discovery.DiscoveryClient    : DiscoveryClient_PRODUCT-SERVICE/Diego:product-service:8083: registering service...
2026-06-02T14:54:30.473-04:00  INFO 11548 --- [product-service] [main] o.s.b.w.embedded.tomcat.TomcatWebServer  : Tomcat started on port 8083 (http) with context path ''
2026-06-02T14:54:30.475-04:00  INFO 11548 --- [product-service] [main] .s.c.n.e.s.EurekaAutoServiceRegistration : Updating port to 8083
2026-06-02T14:54:30.511-04:00  INFO 11548 --- [product-service] [DiscoveryClient-InstanceInfoReplicator-0] com.netflix.discovery.DiscoveryClient    : DiscoveryClient_PRODUCT-SERVICE/Diego:product-service:8083 - registration status: 204
2026-06-02T14:54:30.520-04:00  INFO 11548 --- [product-service] [main] cl.duoc.producto.ProductoApplication     : Started ProductoApplication in 14.432 seconds (process running for 15.258)
2026-06-02T14:54:31.559-04:00  INFO 11548 --- [product-service] [RMI TCP Connection(2)-127.0.0.1] o.a.c.c.C.[Tomcat].[localhost].[/]       : Initializing Spring DispatcherServlet 'dispatcherServlet'
2026-06-02T14:54:31.560-04:00  INFO 11548 --- [product-service] [RMI TCP Connection(2)-127.0.0.1] o.s.web.servlet.DispatcherServlet        : Initializing Servlet 'dispatcherServlet'
2026-06-02T14:54:31.565-04:00  INFO 11548 --- [product-service] [RMI TCP Connection(2)-127.0.0.1] o.s.web.servlet.DispatcherServlet        : Completed initialization in 4 ms
2026-06-02T14:58:29.853-04:00  INFO 11548 --- [product-service] [http-nio-8083-exec-2] c.d.p.controller.ProductoController      : Iniciando creación de un nuevo producto en el catálogo...
2026-06-02T14:58:30.300-04:00  WARN 11548 --- [product-service] [http-nio-8083-exec-2] o.s.c.l.core.RoundRobinLoadBalancer      : No servers available for service: AUTH-SERVICE
2026-06-02T14:58:30.301-04:00  WARN 11548 --- [product-service] [http-nio-8083-exec-2] eactorLoadBalancerExchangeFilterFunction : LoadBalancer does not contain an instance for the service AUTH-SERVICE
2026-06-02T14:58:48.685-04:00  INFO 11548 --- [product-service] [http-nio-8083-exec-3] c.d.p.controller.ProductoController      : Iniciando creación de un nuevo producto en el catálogo...
2026-06-02T14:58:48.687-04:00  WARN 11548 --- [product-service] [http-nio-8083-exec-3] o.s.c.l.core.RoundRobinLoadBalancer      : No servers available for service: AUTH-SERVICE
2026-06-02T14:58:48.687-04:00  WARN 11548 --- [product-service] [http-nio-8083-exec-3] eactorLoadBalancerExchangeFilterFunction : LoadBalancer does not contain an instance for the service AUTH-SERVICE
2026-06-02T14:58:50.155-04:00  INFO 11548 --- [product-service] [http-nio-8083-exec-4] c.d.p.controller.ProductoController      : Iniciando creación de un nuevo producto en el catálogo...
2026-06-02T14:58:50.158-04:00  WARN 11548 --- [product-service] [http-nio-8083-exec-4] o.s.c.l.core.RoundRobinLoadBalancer      : No servers available for service: AUTH-SERVICE
2026-06-02T14:58:50.158-04:00  WARN 11548 --- [product-service] [http-nio-8083-exec-4] eactorLoadBalancerExchangeFilterFunction : LoadBalancer does not contain an instance for the service AUTH-SERVICE
2026-06-02T14:59:30.046-04:00  INFO 11548 --- [product-service] [AsyncResolver-bootstrap-executor-0] c.n.d.s.r.aws.ConfigClusterResolver      : Resolving eureka endpoints via configuration
2026-06-02T15:02:30.916-04:00  INFO 11548 --- [product-service] [http-nio-8083-exec-7] c.d.p.controller.ProductoController      : Iniciando creación de un nuevo producto en el catálogo...
2026-06-02T15:02:30.918-04:00  WARN 11548 --- [product-service] [http-nio-8083-exec-7] o.s.c.l.core.RoundRobinLoadBalancer      : No servers available for service: AUTH-SERVICE
2026-06-02T15:02:30.918-04:00  WARN 11548 --- [product-service] [http-nio-8083-exec-7] eactorLoadBalancerExchangeFilterFunction : LoadBalancer does not contain an instance for the service AUTH-SERVICE
2026-06-02T15:03:47.575-04:00  INFO 8324 --- [product-service] [main] cl.duoc.producto.ProductoApplication     : Starting ProductoApplication using Java 21.0.10 with PID 8324 (C:\Users\diego\OneDrive\Escritorio\Perfumeria-DiegoGalvezSantander-eureka\producto\target\classes started by diego in C:\Users\diego\OneDrive\Escritorio\Perfumeria-DiegoGalvezSantander-eureka\producto)
2026-06-02T15:03:47.578-04:00  INFO 8324 --- [product-service] [main] cl.duoc.producto.ProductoApplication     : No active profile set, falling back to 1 default profile: "default"
2026-06-02T15:03:53.776-04:00  INFO 8324 --- [product-service] [main] .s.d.r.c.RepositoryConfigurationDelegate : Bootstrapping Spring Data JPA repositories in DEFAULT mode.
2026-06-02T15:03:54.554-04:00  INFO 8324 --- [product-service] [main] .s.d.r.c.RepositoryConfigurationDelegate : Finished Spring Data repository scanning in 625 ms. Found 3 JPA repository interfaces.
2026-06-02T15:03:56.151-04:00  INFO 8324 --- [product-service] [main] o.s.cloud.context.scope.GenericScope     : BeanFactory id=f84404b5-70a7-3b48-99c7-d368e0880946
2026-06-02T15:03:58.370-04:00  WARN 8324 --- [product-service] [main] trationDelegate$BeanPostProcessorChecker : Bean 'org.springframework.cloud.client.loadbalancer.LoadBalancerAutoConfiguration$DeferringLoadBalancerInterceptorConfig' of type [org.springframework.cloud.client.loadbalancer.LoadBalancerAutoConfiguration$DeferringLoadBalancerInterceptorConfig] is not eligible for getting processed by all BeanPostProcessors (for example: not eligible for auto-proxying). The currently created BeanPostProcessor [lbRestClientPostProcessor] is declared through a non-static factory method on that class; consider declaring it as static instead.
2026-06-02T15:03:58.388-04:00  WARN 8324 --- [product-service] [main] trationDelegate$BeanPostProcessorChecker : Bean 'deferringLoadBalancerInterceptor' of type [org.springframework.cloud.client.loadbalancer.DeferringLoadBalancerInterceptor] is not eligible for getting processed by all BeanPostProcessors (for example: not eligible for auto-proxying). Is this bean getting eagerly injected into a currently created BeanPostProcessor [lbRestClientPostProcessor]? Check the corresponding BeanPostProcessor declaration and its dependencies.
2026-06-02T15:03:58.423-04:00  WARN 8324 --- [product-service] [main] trationDelegate$BeanPostProcessorChecker : Bean 'org.springframework.cloud.client.loadbalancer.reactive.LoadBalancerBeanPostProcessorAutoConfiguration' of type [org.springframework.cloud.client.loadbalancer.reactive.LoadBalancerBeanPostProcessorAutoConfiguration] is not eligible for getting processed by all BeanPostProcessors (for example: not eligible for auto-proxying). The currently created BeanPostProcessor [loadBalancerWebClientBuilderBeanPostProcessor] is declared through a non-static factory method on that class; consider declaring it as static instead.
2026-06-02T15:03:58.439-04:00  WARN 8324 --- [product-service] [main] trationDelegate$BeanPostProcessorChecker : Bean 'org.springframework.cloud.client.loadbalancer.reactive.LoadBalancerBeanPostProcessorAutoConfiguration$ReactorDeferringLoadBalancerFilterConfig' of type [org.springframework.cloud.client.loadbalancer.reactive.LoadBalancerBeanPostProcessorAutoConfiguration$ReactorDeferringLoadBalancerFilterConfig] is not eligible for getting processed by all BeanPostProcessors (for example: not eligible for auto-proxying). Is this bean getting eagerly injected into a currently created BeanPostProcessor [loadBalancerWebClientBuilderBeanPostProcessor]? Check the corresponding BeanPostProcessor declaration and its dependencies.
2026-06-02T15:03:58.448-04:00  WARN 8324 --- [product-service] [main] trationDelegate$BeanPostProcessorChecker : Bean 'reactorDeferringLoadBalancerExchangeFilterFunction' of type [org.springframework.cloud.client.loadbalancer.reactive.DeferringLoadBalancerExchangeFilterFunction] is not eligible for getting processed by all BeanPostProcessors (for example: not eligible for auto-proxying). Is this bean getting eagerly injected into a currently created BeanPostProcessor [loadBalancerWebClientBuilderBeanPostProcessor]? Check the corresponding BeanPostProcessor declaration and its dependencies.
2026-06-02T15:04:00.129-04:00  INFO 8324 --- [product-service] [main] o.s.b.w.embedded.tomcat.TomcatWebServer  : Tomcat initialized with port 8083 (http)
2026-06-02T15:04:00.158-04:00  INFO 8324 --- [product-service] [main] o.apache.catalina.core.StandardService   : Starting service [Tomcat]
2026-06-02T15:04:00.159-04:00  INFO 8324 --- [product-service] [main] o.apache.catalina.core.StandardEngine    : Starting Servlet engine: [Apache Tomcat/10.1.20]
2026-06-02T15:04:00.469-04:00  INFO 8324 --- [product-service] [main] o.a.c.c.C.[Tomcat].[localhost].[/]       : Initializing Spring embedded WebApplicationContext
2026-06-02T15:04:00.470-04:00  INFO 8324 --- [product-service] [main] w.s.c.ServletWebServerApplicationContext : Root WebApplicationContext: initialization completed in 12780 ms
2026-06-02T15:04:03.101-04:00  INFO 8324 --- [product-service] [main] o.hibernate.jpa.internal.util.LogHelper  : HHH000204: Processing PersistenceUnitInfo [name: default]
2026-06-02T15:04:03.329-04:00  INFO 8324 --- [product-service] [main] org.hibernate.Version                    : HHH000412: Hibernate ORM core version 6.4.4.Final
2026-06-02T15:04:03.408-04:00  INFO 8324 --- [product-service] [main] o.h.c.internal.RegionFactoryInitiator    : HHH000026: Second-level cache disabled
2026-06-02T15:04:04.317-04:00  INFO 8324 --- [product-service] [main] o.s.o.j.p.SpringPersistenceUnitInfo      : No LoadTimeWeaver setup: ignoring JPA class transformer
2026-06-02T15:04:04.431-04:00  INFO 8324 --- [product-service] [main] com.zaxxer.hikari.HikariDataSource       : HikariPool-1 - Starting...
2026-06-02T15:04:05.966-04:00  INFO 8324 --- [product-service] [main] com.zaxxer.hikari.pool.HikariPool        : HikariPool-1 - Added connection com.mysql.cj.jdbc.ConnectionImpl@43e86c0c
2026-06-02T15:04:05.986-04:00  INFO 8324 --- [product-service] [main] com.zaxxer.hikari.HikariDataSource       : HikariPool-1 - Start completed.
2026-06-02T15:04:10.610-04:00  INFO 8324 --- [product-service] [main] o.h.e.t.j.p.i.JtaPlatformInitiator       : HHH000489: No JTA platform available (set 'hibernate.transaction.jta.platform' to enable JTA platform integration)
2026-06-02T15:04:10.844-04:00  INFO 8324 --- [product-service] [main] j.LocalContainerEntityManagerFactoryBean : Initialized JPA EntityManagerFactory for persistence unit 'default'
2026-06-02T15:04:15.333-04:00  WARN 8324 --- [product-service] [main] JpaBaseConfiguration$JpaWebConfiguration : spring.jpa.open-in-view is enabled by default. Therefore, database queries may be performed during view rendering. Explicitly configure spring.jpa.open-in-view to disable this warning
2026-06-02T15:04:19.682-04:00  INFO 8324 --- [product-service] [main] DiscoveryClientOptionalArgsConfiguration : Eureka HTTP Client uses RestTemplate.
2026-06-02T15:04:19.989-04:00  WARN 8324 --- [product-service] [main] iguration$LoadBalancerCaffeineWarnLogger : Spring Cloud LoadBalancer is currently working with the default cache. While this cache implementation is useful for development and tests, it's recommended to use Caffeine cache in production.You can switch to using Caffeine cache, by adding it and org.springframework.cache.caffeine.CaffeineCacheManager to the classpath.
2026-06-02T15:04:20.021-04:00  INFO 8324 --- [product-service] [RMI TCP Connection(3)-127.0.0.1] o.a.c.c.C.[Tomcat].[localhost].[/]       : Initializing Spring DispatcherServlet 'dispatcherServlet'
2026-06-02T15:04:20.032-04:00  INFO 8324 --- [product-service] [RMI TCP Connection(3)-127.0.0.1] o.s.web.servlet.DispatcherServlet        : Initializing Servlet 'dispatcherServlet'
2026-06-02T15:04:20.059-04:00  INFO 8324 --- [product-service] [main] o.s.b.a.e.web.EndpointLinksResolver      : Exposing 1 endpoint(s) beneath base path '/actuator'
2026-06-02T15:04:20.123-04:00  INFO 8324 --- [product-service] [RMI TCP Connection(3)-127.0.0.1] o.s.web.servlet.DispatcherServlet        : Completed initialization in 63 ms
2026-06-02T15:04:20.458-04:00  INFO 8324 --- [product-service] [main] o.s.c.n.eureka.InstanceInfoFactory       : Setting initial instance status as: STARTING
2026-06-02T15:04:20.573-04:00  INFO 8324 --- [product-service] [main] com.netflix.discovery.DiscoveryClient    : Initializing Eureka in region us-east-1
2026-06-02T15:04:20.599-04:00  INFO 8324 --- [product-service] [main] c.n.d.s.r.aws.ConfigClusterResolver      : Resolving eureka endpoints via configuration
2026-06-02T15:04:20.691-04:00  INFO 8324 --- [product-service] [main] com.netflix.discovery.DiscoveryClient    : Disable delta property : false
2026-06-02T15:04:20.692-04:00  INFO 8324 --- [product-service] [main] com.netflix.discovery.DiscoveryClient    : Single vip registry refresh property : null
2026-06-02T15:04:20.702-04:00  INFO 8324 --- [product-service] [main] com.netflix.discovery.DiscoveryClient    : Force full registry fetch : false
2026-06-02T15:04:20.705-04:00  INFO 8324 --- [product-service] [main] com.netflix.discovery.DiscoveryClient    : Application is null : false
2026-06-02T15:04:20.705-04:00  INFO 8324 --- [product-service] [main] com.netflix.discovery.DiscoveryClient    : Registered Applications size is zero : true
2026-06-02T15:04:20.706-04:00  INFO 8324 --- [product-service] [main] com.netflix.discovery.DiscoveryClient    : Application version is -1: true
2026-06-02T15:04:20.707-04:00  INFO 8324 --- [product-service] [main] com.netflix.discovery.DiscoveryClient    : Getting all instance registry info from the eureka server
2026-06-02T15:04:21.577-04:00  INFO 8324 --- [product-service] [main] com.netflix.discovery.DiscoveryClient    : The response status is 200
2026-06-02T15:04:21.582-04:00  INFO 8324 --- [product-service] [main] com.netflix.discovery.DiscoveryClient    : Starting heartbeat executor: renew interval is: 30
2026-06-02T15:04:21.585-04:00  INFO 8324 --- [product-service] [main] c.n.discovery.InstanceInfoReplicator     : InstanceInfoReplicator onDemand update allowed rate per min is 4
2026-06-02T15:04:21.594-04:00  INFO 8324 --- [product-service] [main] com.netflix.discovery.DiscoveryClient    : Discovery Client initialized at timestamp 1780427061591 with initial instances count: 5
2026-06-02T15:04:21.602-04:00  INFO 8324 --- [product-service] [main] o.s.c.n.e.s.EurekaServiceRegistry        : Registering application PRODUCT-SERVICE with eureka with status UP
2026-06-02T15:04:21.603-04:00  INFO 8324 --- [product-service] [main] com.netflix.discovery.DiscoveryClient    : Saw local status change event StatusChangeEvent [timestamp=1780427061602, current=UP, previous=STARTING]
2026-06-02T15:04:21.606-04:00  INFO 8324 --- [product-service] [DiscoveryClient-InstanceInfoReplicator-0] com.netflix.discovery.DiscoveryClient    : DiscoveryClient_PRODUCT-SERVICE/Diego:product-service:8083: registering service...
2026-06-02T15:04:21.637-04:00  INFO 8324 --- [product-service] [main] o.s.b.w.embedded.tomcat.TomcatWebServer  : Tomcat started on port 8083 (http) with context path ''
2026-06-02T15:04:21.639-04:00  INFO 8324 --- [product-service] [main] .s.c.n.e.s.EurekaAutoServiceRegistration : Updating port to 8083
2026-06-02T15:04:21.645-04:00  INFO 8324 --- [product-service] [DiscoveryClient-InstanceInfoReplicator-0] com.netflix.discovery.DiscoveryClient    : DiscoveryClient_PRODUCT-SERVICE/Diego:product-service:8083 - registration status: 204
2026-06-02T15:04:21.647-04:00  INFO 8324 --- [product-service] [main] cl.duoc.producto.ProductoApplication     : Started ProductoApplication in 35.652 seconds (process running for 38.446)
2026-06-02T15:06:24.594-04:00  INFO 8324 --- [product-service] [http-nio-8083-exec-1] c.d.p.controller.ProductoController      : Iniciando creación de un nuevo producto en el catálogo...
2026-06-02T15:06:26.686-04:00  INFO 8324 --- [product-service] [http-nio-8083-exec-3] c.d.p.controller.ProductoController      : Iniciando creación de un nuevo producto en el catálogo...
2026-06-02T15:06:50.836-04:00  INFO 8324 --- [product-service] [http-nio-8083-exec-6] c.d.p.controller.ProductoController      : Iniciando creación de un nuevo producto en el catálogo...
2026-06-02T15:07:04.083-04:00  INFO 8324 --- [product-service] [http-nio-8083-exec-5] c.d.p.controller.ProductoController      : Iniciando creación de un nuevo producto en el catálogo...
2026-06-02T15:09:20.718-04:00  INFO 8324 --- [product-service] [AsyncResolver-bootstrap-executor-0] c.n.d.s.r.aws.ConfigClusterResolver      : Resolving eureka endpoints via configuration
2026-06-02T15:14:20.736-04:00  INFO 8324 --- [product-service] [AsyncResolver-bootstrap-executor-0] c.n.d.s.r.aws.ConfigClusterResolver      : Resolving eureka endpoints via configuration
2026-06-02T15:15:03.862-04:00  INFO 8324 --- [product-service] [http-nio-8083-exec-5] c.d.p.controller.ProductoController      : Iniciando creación de un nuevo producto en el catálogo...
2026-06-02T15:15:07.331-04:00  INFO 8324 --- [product-service] [http-nio-8083-exec-7] c.d.p.controller.ProductoController      : Iniciando creación de un nuevo producto en el catálogo...
2026-06-02T15:15:08.736-04:00  INFO 8324 --- [product-service] [http-nio-8083-exec-9] c.d.p.controller.ProductoController      : Iniciando creación de un nuevo producto en el catálogo...
2026-06-02T15:17:43.659-04:00  INFO 8324 --- [product-service] [http-nio-8083-exec-2] c.d.p.controller.ProductoController      : Iniciando creación de un nuevo producto en el catálogo...
2026-06-02T15:19:13.978-04:00  INFO 8324 --- [product-service] [http-nio-8083-exec-6] c.d.p.controller.ProductoController      : Iniciando creación de un nuevo producto en el catálogo...
2026-06-02T15:19:17.889-04:00  INFO 8324 --- [product-service] [http-nio-8083-exec-4] c.d.p.controller.ProductoController      : Iniciando creación de un nuevo producto en el catálogo...
2026-06-02T15:19:20.741-04:00  INFO 8324 --- [product-service] [AsyncResolver-bootstrap-executor-0] c.n.d.s.r.aws.ConfigClusterResolver      : Resolving eureka endpoints via configuration
2026-06-02T15:24:20.756-04:00  INFO 8324 --- [product-service] [AsyncResolver-bootstrap-executor-0] c.n.d.s.r.aws.ConfigClusterResolver      : Resolving eureka endpoints via configuration
2026-06-02T15:27:25.129-04:00  INFO 8740 --- [product-service] [main] cl.duoc.producto.ProductoApplication     : Starting ProductoApplication using Java 21.0.10 with PID 8740 (C:\Users\diego\OneDrive\Escritorio\Perfumeria-DiegoGalvezSantander-eureka\producto\target\classes started by diego in C:\Users\diego\OneDrive\Escritorio\Perfumeria-DiegoGalvezSantander-eureka\producto)
2026-06-02T15:27:25.141-04:00  INFO 8740 --- [product-service] [main] cl.duoc.producto.ProductoApplication     : No active profile set, falling back to 1 default profile: "default"
2026-06-02T15:27:31.380-04:00  INFO 8740 --- [product-service] [main] .s.d.r.c.RepositoryConfigurationDelegate : Bootstrapping Spring Data JPA repositories in DEFAULT mode.
2026-06-02T15:27:32.030-04:00  INFO 8740 --- [product-service] [main] .s.d.r.c.RepositoryConfigurationDelegate : Finished Spring Data repository scanning in 625 ms. Found 3 JPA repository interfaces.
2026-06-02T15:27:33.203-04:00  INFO 8740 --- [product-service] [main] o.s.cloud.context.scope.GenericScope     : BeanFactory id=f84404b5-70a7-3b48-99c7-d368e0880946
2026-06-02T15:27:34.366-04:00  WARN 8740 --- [product-service] [main] trationDelegate$BeanPostProcessorChecker : Bean 'org.springframework.cloud.client.loadbalancer.LoadBalancerAutoConfiguration$DeferringLoadBalancerInterceptorConfig' of type [org.springframework.cloud.client.loadbalancer.LoadBalancerAutoConfiguration$DeferringLoadBalancerInterceptorConfig] is not eligible for getting processed by all BeanPostProcessors (for example: not eligible for auto-proxying). The currently created BeanPostProcessor [lbRestClientPostProcessor] is declared through a non-static factory method on that class; consider declaring it as static instead.
2026-06-02T15:27:34.380-04:00  WARN 8740 --- [product-service] [main] trationDelegate$BeanPostProcessorChecker : Bean 'deferringLoadBalancerInterceptor' of type [org.springframework.cloud.client.loadbalancer.DeferringLoadBalancerInterceptor] is not eligible for getting processed by all BeanPostProcessors (for example: not eligible for auto-proxying). Is this bean getting eagerly injected into a currently created BeanPostProcessor [lbRestClientPostProcessor]? Check the corresponding BeanPostProcessor declaration and its dependencies.
2026-06-02T15:27:34.387-04:00  WARN 8740 --- [product-service] [main] trationDelegate$BeanPostProcessorChecker : Bean 'org.springframework.cloud.client.loadbalancer.reactive.LoadBalancerBeanPostProcessorAutoConfiguration' of type [org.springframework.cloud.client.loadbalancer.reactive.LoadBalancerBeanPostProcessorAutoConfiguration] is not eligible for getting processed by all BeanPostProcessors (for example: not eligible for auto-proxying). The currently created BeanPostProcessor [loadBalancerWebClientBuilderBeanPostProcessor] is declared through a non-static factory method on that class; consider declaring it as static instead.
2026-06-02T15:27:34.399-04:00  WARN 8740 --- [product-service] [main] trationDelegate$BeanPostProcessorChecker : Bean 'org.springframework.cloud.client.loadbalancer.reactive.LoadBalancerBeanPostProcessorAutoConfiguration$ReactorDeferringLoadBalancerFilterConfig' of type [org.springframework.cloud.client.loadbalancer.reactive.LoadBalancerBeanPostProcessorAutoConfiguration$ReactorDeferringLoadBalancerFilterConfig] is not eligible for getting processed by all BeanPostProcessors (for example: not eligible for auto-proxying). Is this bean getting eagerly injected into a currently created BeanPostProcessor [loadBalancerWebClientBuilderBeanPostProcessor]? Check the corresponding BeanPostProcessor declaration and its dependencies.
2026-06-02T15:27:34.412-04:00  WARN 8740 --- [product-service] [main] trationDelegate$BeanPostProcessorChecker : Bean 'reactorDeferringLoadBalancerExchangeFilterFunction' of type [org.springframework.cloud.client.loadbalancer.reactive.DeferringLoadBalancerExchangeFilterFunction] is not eligible for getting processed by all BeanPostProcessors (for example: not eligible for auto-proxying). Is this bean getting eagerly injected into a currently created BeanPostProcessor [loadBalancerWebClientBuilderBeanPostProcessor]? Check the corresponding BeanPostProcessor declaration and its dependencies.
2026-06-02T15:27:35.421-04:00  INFO 8740 --- [product-service] [main] o.s.b.w.embedded.tomcat.TomcatWebServer  : Tomcat initialized with port 8083 (http)
2026-06-02T15:27:35.453-04:00  INFO 8740 --- [product-service] [main] o.apache.catalina.core.StandardService   : Starting service [Tomcat]
2026-06-02T15:27:35.456-04:00  INFO 8740 --- [product-service] [main] o.apache.catalina.core.StandardEngine    : Starting Servlet engine: [Apache Tomcat/10.1.20]
2026-06-02T15:27:35.724-04:00  INFO 8740 --- [product-service] [main] o.a.c.c.C.[Tomcat].[localhost].[/]       : Initializing Spring embedded WebApplicationContext
2026-06-02T15:27:35.726-04:00  INFO 8740 --- [product-service] [main] w.s.c.ServletWebServerApplicationContext : Root WebApplicationContext: initialization completed in 10424 ms
2026-06-02T15:27:38.308-04:00  INFO 8740 --- [product-service] [main] o.hibernate.jpa.internal.util.LogHelper  : HHH000204: Processing PersistenceUnitInfo [name: default]
2026-06-02T15:27:38.804-04:00  INFO 8740 --- [product-service] [main] org.hibernate.Version                    : HHH000412: Hibernate ORM core version 6.4.4.Final
2026-06-02T15:27:38.934-04:00  INFO 8740 --- [product-service] [main] o.h.c.internal.RegionFactoryInitiator    : HHH000026: Second-level cache disabled
2026-06-02T15:27:40.003-04:00  INFO 8740 --- [product-service] [main] o.s.o.j.p.SpringPersistenceUnitInfo      : No LoadTimeWeaver setup: ignoring JPA class transformer
2026-06-02T15:27:40.076-04:00  INFO 8740 --- [product-service] [main] com.zaxxer.hikari.HikariDataSource       : HikariPool-1 - Starting...
2026-06-02T15:27:41.349-04:00  INFO 8740 --- [product-service] [main] com.zaxxer.hikari.pool.HikariPool        : HikariPool-1 - Added connection com.mysql.cj.jdbc.ConnectionImpl@2d36add1
2026-06-02T15:27:41.354-04:00  INFO 8740 --- [product-service] [main] com.zaxxer.hikari.HikariDataSource       : HikariPool-1 - Start completed.
2026-06-02T15:27:45.460-04:00  INFO 8740 --- [product-service] [main] o.h.e.t.j.p.i.JtaPlatformInitiator       : HHH000489: No JTA platform available (set 'hibernate.transaction.jta.platform' to enable JTA platform integration)
2026-06-02T15:27:45.657-04:00  INFO 8740 --- [product-service] [main] j.LocalContainerEntityManagerFactoryBean : Initialized JPA EntityManagerFactory for persistence unit 'default'
2026-06-02T15:27:47.394-04:00  WARN 8740 --- [product-service] [main] JpaBaseConfiguration$JpaWebConfiguration : spring.jpa.open-in-view is enabled by default. Therefore, database queries may be performed during view rendering. Explicitly configure spring.jpa.open-in-view to disable this warning
2026-06-02T15:27:50.387-04:00  INFO 8740 --- [product-service] [main] DiscoveryClientOptionalArgsConfiguration : Eureka HTTP Client uses RestTemplate.
2026-06-02T15:27:50.476-04:00  WARN 8740 --- [product-service] [main] iguration$LoadBalancerCaffeineWarnLogger : Spring Cloud LoadBalancer is currently working with the default cache. While this cache implementation is useful for development and tests, it's recommended to use Caffeine cache in production.You can switch to using Caffeine cache, by adding it and org.springframework.cache.caffeine.CaffeineCacheManager to the classpath.
2026-06-02T15:27:50.490-04:00  INFO 8740 --- [product-service] [main] o.s.b.a.e.web.EndpointLinksResolver      : Exposing 1 endpoint(s) beneath base path '/actuator'
2026-06-02T15:27:50.699-04:00  INFO 8740 --- [product-service] [main] o.s.c.n.eureka.InstanceInfoFactory       : Setting initial instance status as: STARTING
2026-06-02T15:27:50.848-04:00  INFO 8740 --- [product-service] [main] com.netflix.discovery.DiscoveryClient    : Initializing Eureka in region us-east-1
2026-06-02T15:27:50.855-04:00  INFO 8740 --- [product-service] [main] c.n.d.s.r.aws.ConfigClusterResolver      : Resolving eureka endpoints via configuration
2026-06-02T15:27:50.896-04:00  INFO 8740 --- [product-service] [main] com.netflix.discovery.DiscoveryClient    : Disable delta property : false
2026-06-02T15:27:50.897-04:00  INFO 8740 --- [product-service] [main] com.netflix.discovery.DiscoveryClient    : Single vip registry refresh property : null
2026-06-02T15:27:50.897-04:00  INFO 8740 --- [product-service] [main] com.netflix.discovery.DiscoveryClient    : Force full registry fetch : false
2026-06-02T15:27:50.898-04:00  INFO 8740 --- [product-service] [main] com.netflix.discovery.DiscoveryClient    : Application is null : false
2026-06-02T15:27:50.898-04:00  INFO 8740 --- [product-service] [main] com.netflix.discovery.DiscoveryClient    : Registered Applications size is zero : true
2026-06-02T15:27:50.899-04:00  INFO 8740 --- [product-service] [main] com.netflix.discovery.DiscoveryClient    : Application version is -1: true
2026-06-02T15:27:50.899-04:00  INFO 8740 --- [product-service] [main] com.netflix.discovery.DiscoveryClient    : Getting all instance registry info from the eureka server
2026-06-02T15:27:51.478-04:00  INFO 8740 --- [product-service] [main] com.netflix.discovery.DiscoveryClient    : The response status is 200
2026-06-02T15:27:51.482-04:00  INFO 8740 --- [product-service] [main] com.netflix.discovery.DiscoveryClient    : Starting heartbeat executor: renew interval is: 30
2026-06-02T15:27:51.485-04:00  INFO 8740 --- [product-service] [main] c.n.discovery.InstanceInfoReplicator     : InstanceInfoReplicator onDemand update allowed rate per min is 4
2026-06-02T15:27:51.492-04:00  INFO 8740 --- [product-service] [main] com.netflix.discovery.DiscoveryClient    : Discovery Client initialized at timestamp 1780428471489 with initial instances count: 6
2026-06-02T15:27:51.499-04:00  INFO 8740 --- [product-service] [main] o.s.c.n.e.s.EurekaServiceRegistry        : Registering application PRODUCT-SERVICE with eureka with status UP
2026-06-02T15:27:51.499-04:00  INFO 8740 --- [product-service] [main] com.netflix.discovery.DiscoveryClient    : Saw local status change event StatusChangeEvent [timestamp=1780428471499, current=UP, previous=STARTING]
2026-06-02T15:27:51.502-04:00  INFO 8740 --- [product-service] [DiscoveryClient-InstanceInfoReplicator-0] com.netflix.discovery.DiscoveryClient    : DiscoveryClient_PRODUCT-SERVICE/Diego:product-service:8083: registering service...
2026-06-02T15:27:51.534-04:00  INFO 8740 --- [product-service] [main] o.s.b.w.embedded.tomcat.TomcatWebServer  : Tomcat started on port 8083 (http) with context path ''
2026-06-02T15:27:51.536-04:00  INFO 8740 --- [product-service] [main] .s.c.n.e.s.EurekaAutoServiceRegistration : Updating port to 8083
2026-06-02T15:27:51.556-04:00  INFO 8740 --- [product-service] [DiscoveryClient-InstanceInfoReplicator-0] com.netflix.discovery.DiscoveryClient    : DiscoveryClient_PRODUCT-SERVICE/Diego:product-service:8083 - registration status: 204
2026-06-02T15:27:51.566-04:00  INFO 8740 --- [product-service] [main] cl.duoc.producto.ProductoApplication     : Started ProductoApplication in 27.757 seconds (process running for 30.005)
2026-06-02T15:27:52.628-04:00  INFO 8740 --- [product-service] [RMI TCP Connection(2)-127.0.0.1] o.a.c.c.C.[Tomcat].[localhost].[/]       : Initializing Spring DispatcherServlet 'dispatcherServlet'
2026-06-02T15:27:52.628-04:00  INFO 8740 --- [product-service] [RMI TCP Connection(2)-127.0.0.1] o.s.web.servlet.DispatcherServlet        : Initializing Servlet 'dispatcherServlet'
2026-06-02T15:27:52.631-04:00  INFO 8740 --- [product-service] [RMI TCP Connection(2)-127.0.0.1] o.s.web.servlet.DispatcherServlet        : Completed initialization in 3 ms
2026-06-02T15:28:51.547-04:00  INFO 8740 --- [product-service] [DiscoveryClient-HeartbeatExecutor-0] com.netflix.discovery.DiscoveryClient    : DiscoveryClient_PRODUCT-SERVICE/Diego:product-service:8083 - Re-registering apps/PRODUCT-SERVICE
2026-06-02T15:28:51.549-04:00  INFO 8740 --- [product-service] [DiscoveryClient-HeartbeatExecutor-0] com.netflix.discovery.DiscoveryClient    : DiscoveryClient_PRODUCT-SERVICE/Diego:product-service:8083: registering service...
2026-06-02T15:28:51.567-04:00  INFO 8740 --- [product-service] [DiscoveryClient-HeartbeatExecutor-0] com.netflix.discovery.DiscoveryClient    : DiscoveryClient_PRODUCT-SERVICE/Diego:product-service:8083 - registration status: 204
2026-06-02T15:29:21.552-04:00  INFO 8740 --- [product-service] [DiscoveryClient-CacheRefreshExecutor-0] com.netflix.discovery.DiscoveryClient    : Disable delta property : false
2026-06-02T15:29:21.552-04:00  INFO 8740 --- [product-service] [DiscoveryClient-CacheRefreshExecutor-0] com.netflix.discovery.DiscoveryClient    : Single vip registry refresh property : null
2026-06-02T15:29:21.552-04:00  INFO 8740 --- [product-service] [DiscoveryClient-CacheRefreshExecutor-0] com.netflix.discovery.DiscoveryClient    : Force full registry fetch : false
2026-06-02T15:29:21.552-04:00  INFO 8740 --- [product-service] [DiscoveryClient-CacheRefreshExecutor-0] com.netflix.discovery.DiscoveryClient    : Application is null : false
2026-06-02T15:29:21.553-04:00  INFO 8740 --- [product-service] [DiscoveryClient-CacheRefreshExecutor-0] com.netflix.discovery.DiscoveryClient    : Registered Applications size is zero : true
2026-06-02T15:29:21.553-04:00  INFO 8740 --- [product-service] [DiscoveryClient-CacheRefreshExecutor-0] com.netflix.discovery.DiscoveryClient    : Application version is -1: false
2026-06-02T15:29:21.553-04:00  INFO 8740 --- [product-service] [DiscoveryClient-CacheRefreshExecutor-0] com.netflix.discovery.DiscoveryClient    : Getting all instance registry info from the eureka server
2026-06-02T15:29:21.572-04:00  INFO 8740 --- [product-service] [DiscoveryClient-CacheRefreshExecutor-0] com.netflix.discovery.DiscoveryClient    : The response status is 200
2026-06-02T15:30:41.002-04:00  INFO 8084 --- [product-service] [main] cl.duoc.producto.ProductoApplication     : Starting ProductoApplication using Java 21.0.10 with PID 8084 (C:\Users\diego\OneDrive\Escritorio\Perfumeria-DiegoGalvezSantander-eureka\producto\target\classes started by diego in C:\Users\diego\OneDrive\Escritorio\Perfumeria-DiegoGalvezSantander-eureka\producto)
2026-06-02T15:30:41.005-04:00  INFO 8084 --- [product-service] [main] cl.duoc.producto.ProductoApplication     : No active profile set, falling back to 1 default profile: "default"
2026-06-02T15:30:42.646-04:00  INFO 8084 --- [product-service] [main] .s.d.r.c.RepositoryConfigurationDelegate : Bootstrapping Spring Data JPA repositories in DEFAULT mode.
2026-06-02T15:30:42.871-04:00  INFO 8084 --- [product-service] [main] .s.d.r.c.RepositoryConfigurationDelegate : Finished Spring Data repository scanning in 211 ms. Found 3 JPA repository interfaces.
2026-06-02T15:30:43.188-04:00  INFO 8084 --- [product-service] [main] o.s.cloud.context.scope.GenericScope     : BeanFactory id=f84404b5-70a7-3b48-99c7-d368e0880946
2026-06-02T15:30:43.639-04:00  WARN 8084 --- [product-service] [main] trationDelegate$BeanPostProcessorChecker : Bean 'org.springframework.cloud.client.loadbalancer.LoadBalancerAutoConfiguration$DeferringLoadBalancerInterceptorConfig' of type [org.springframework.cloud.client.loadbalancer.LoadBalancerAutoConfiguration$DeferringLoadBalancerInterceptorConfig] is not eligible for getting processed by all BeanPostProcessors (for example: not eligible for auto-proxying). The currently created BeanPostProcessor [lbRestClientPostProcessor] is declared through a non-static factory method on that class; consider declaring it as static instead.
2026-06-02T15:30:43.644-04:00  WARN 8084 --- [product-service] [main] trationDelegate$BeanPostProcessorChecker : Bean 'deferringLoadBalancerInterceptor' of type [org.springframework.cloud.client.loadbalancer.DeferringLoadBalancerInterceptor] is not eligible for getting processed by all BeanPostProcessors (for example: not eligible for auto-proxying). Is this bean getting eagerly injected into a currently created BeanPostProcessor [lbRestClientPostProcessor]? Check the corresponding BeanPostProcessor declaration and its dependencies.
2026-06-02T15:30:43.652-04:00  WARN 8084 --- [product-service] [main] trationDelegate$BeanPostProcessorChecker : Bean 'org.springframework.cloud.client.loadbalancer.reactive.LoadBalancerBeanPostProcessorAutoConfiguration' of type [org.springframework.cloud.client.loadbalancer.reactive.LoadBalancerBeanPostProcessorAutoConfiguration] is not eligible for getting processed by all BeanPostProcessors (for example: not eligible for auto-proxying). The currently created BeanPostProcessor [loadBalancerWebClientBuilderBeanPostProcessor] is declared through a non-static factory method on that class; consider declaring it as static instead.
2026-06-02T15:30:43.655-04:00  WARN 8084 --- [product-service] [main] trationDelegate$BeanPostProcessorChecker : Bean 'org.springframework.cloud.client.loadbalancer.reactive.LoadBalancerBeanPostProcessorAutoConfiguration$ReactorDeferringLoadBalancerFilterConfig' of type [org.springframework.cloud.client.loadbalancer.reactive.LoadBalancerBeanPostProcessorAutoConfiguration$ReactorDeferringLoadBalancerFilterConfig] is not eligible for getting processed by all BeanPostProcessors (for example: not eligible for auto-proxying). Is this bean getting eagerly injected into a currently created BeanPostProcessor [loadBalancerWebClientBuilderBeanPostProcessor]? Check the corresponding BeanPostProcessor declaration and its dependencies.
2026-06-02T15:30:43.659-04:00  WARN 8084 --- [product-service] [main] trationDelegate$BeanPostProcessorChecker : Bean 'reactorDeferringLoadBalancerExchangeFilterFunction' of type [org.springframework.cloud.client.loadbalancer.reactive.DeferringLoadBalancerExchangeFilterFunction] is not eligible for getting processed by all BeanPostProcessors (for example: not eligible for auto-proxying). Is this bean getting eagerly injected into a currently created BeanPostProcessor [loadBalancerWebClientBuilderBeanPostProcessor]? Check the corresponding BeanPostProcessor declaration and its dependencies.
2026-06-02T15:30:44.012-04:00  INFO 8084 --- [product-service] [main] o.s.b.w.embedded.tomcat.TomcatWebServer  : Tomcat initialized with port 8083 (http)
2026-06-02T15:30:44.032-04:00  INFO 8084 --- [product-service] [main] o.apache.catalina.core.StandardService   : Starting service [Tomcat]
2026-06-02T15:30:44.032-04:00  INFO 8084 --- [product-service] [main] o.apache.catalina.core.StandardEngine    : Starting Servlet engine: [Apache Tomcat/10.1.20]
2026-06-02T15:30:44.145-04:00  INFO 8084 --- [product-service] [main] o.a.c.c.C.[Tomcat].[localhost].[/]       : Initializing Spring embedded WebApplicationContext
2026-06-02T15:30:44.146-04:00  INFO 8084 --- [product-service] [main] w.s.c.ServletWebServerApplicationContext : Root WebApplicationContext: initialization completed in 3081 ms
2026-06-02T15:30:44.795-04:00  INFO 8084 --- [product-service] [main] o.hibernate.jpa.internal.util.LogHelper  : HHH000204: Processing PersistenceUnitInfo [name: default]
2026-06-02T15:30:44.891-04:00  INFO 8084 --- [product-service] [main] org.hibernate.Version                    : HHH000412: Hibernate ORM core version 6.4.4.Final
2026-06-02T15:30:44.941-04:00  INFO 8084 --- [product-service] [main] o.h.c.internal.RegionFactoryInitiator    : HHH000026: Second-level cache disabled
2026-06-02T15:30:45.243-04:00  INFO 8084 --- [product-service] [main] o.s.o.j.p.SpringPersistenceUnitInfo      : No LoadTimeWeaver setup: ignoring JPA class transformer
2026-06-02T15:30:45.276-04:00  INFO 8084 --- [product-service] [main] com.zaxxer.hikari.HikariDataSource       : HikariPool-1 - Starting...
2026-06-02T15:30:45.689-04:00  INFO 8084 --- [product-service] [main] com.zaxxer.hikari.pool.HikariPool        : HikariPool-1 - Added connection com.mysql.cj.jdbc.ConnectionImpl@2e7e4480
2026-06-02T15:30:45.692-04:00  INFO 8084 --- [product-service] [main] com.zaxxer.hikari.HikariDataSource       : HikariPool-1 - Start completed.
2026-06-02T15:30:46.806-04:00  INFO 8084 --- [product-service] [main] o.h.e.t.j.p.i.JtaPlatformInitiator       : HHH000489: No JTA platform available (set 'hibernate.transaction.jta.platform' to enable JTA platform integration)
2026-06-02T15:30:46.873-04:00  INFO 8084 --- [product-service] [main] j.LocalContainerEntityManagerFactoryBean : Initialized JPA EntityManagerFactory for persistence unit 'default'
2026-06-02T15:30:47.627-04:00  WARN 8084 --- [product-service] [main] JpaBaseConfiguration$JpaWebConfiguration : spring.jpa.open-in-view is enabled by default. Therefore, database queries may be performed during view rendering. Explicitly configure spring.jpa.open-in-view to disable this warning
2026-06-02T15:30:48.825-04:00  INFO 8084 --- [product-service] [main] DiscoveryClientOptionalArgsConfiguration : Eureka HTTP Client uses RestTemplate.
2026-06-02T15:30:48.899-04:00  WARN 8084 --- [product-service] [main] iguration$LoadBalancerCaffeineWarnLogger : Spring Cloud LoadBalancer is currently working with the default cache. While this cache implementation is useful for development and tests, it's recommended to use Caffeine cache in production.You can switch to using Caffeine cache, by adding it and org.springframework.cache.caffeine.CaffeineCacheManager to the classpath.
2026-06-02T15:30:48.911-04:00  INFO 8084 --- [product-service] [main] o.s.b.a.e.web.EndpointLinksResolver      : Exposing 1 endpoint(s) beneath base path '/actuator'
2026-06-02T15:30:49.047-04:00  INFO 8084 --- [product-service] [main] o.s.c.n.eureka.InstanceInfoFactory       : Setting initial instance status as: STARTING
2026-06-02T15:30:49.106-04:00  INFO 8084 --- [product-service] [main] com.netflix.discovery.DiscoveryClient    : Initializing Eureka in region us-east-1
2026-06-02T15:30:49.112-04:00  INFO 8084 --- [product-service] [main] c.n.d.s.r.aws.ConfigClusterResolver      : Resolving eureka endpoints via configuration
2026-06-02T15:30:49.151-04:00  INFO 8084 --- [product-service] [main] com.netflix.discovery.DiscoveryClient    : Disable delta property : false
2026-06-02T15:30:49.152-04:00  INFO 8084 --- [product-service] [main] com.netflix.discovery.DiscoveryClient    : Single vip registry refresh property : null
2026-06-02T15:30:49.152-04:00  INFO 8084 --- [product-service] [main] com.netflix.discovery.DiscoveryClient    : Force full registry fetch : false
2026-06-02T15:30:49.152-04:00  INFO 8084 --- [product-service] [main] com.netflix.discovery.DiscoveryClient    : Application is null : false
2026-06-02T15:30:49.154-04:00  INFO 8084 --- [product-service] [main] com.netflix.discovery.DiscoveryClient    : Registered Applications size is zero : true
2026-06-02T15:30:49.154-04:00  INFO 8084 --- [product-service] [main] com.netflix.discovery.DiscoveryClient    : Application version is -1: true
2026-06-02T15:30:49.154-04:00  INFO 8084 --- [product-service] [main] com.netflix.discovery.DiscoveryClient    : Getting all instance registry info from the eureka server
2026-06-02T15:30:49.616-04:00  INFO 8084 --- [product-service] [RMI TCP Connection(2)-127.0.0.1] o.a.c.c.C.[Tomcat].[localhost].[/]       : Initializing Spring DispatcherServlet 'dispatcherServlet'
2026-06-02T15:30:49.616-04:00  INFO 8084 --- [product-service] [RMI TCP Connection(2)-127.0.0.1] o.s.web.servlet.DispatcherServlet        : Initializing Servlet 'dispatcherServlet'
2026-06-02T15:30:49.618-04:00  INFO 8084 --- [product-service] [RMI TCP Connection(2)-127.0.0.1] o.s.web.servlet.DispatcherServlet        : Completed initialization in 2 ms
2026-06-02T15:30:49.665-04:00  INFO 8084 --- [product-service] [main] com.netflix.discovery.DiscoveryClient    : The response status is 200
2026-06-02T15:30:49.670-04:00  INFO 8084 --- [product-service] [main] com.netflix.discovery.DiscoveryClient    : Starting heartbeat executor: renew interval is: 30
2026-06-02T15:30:49.675-04:00  INFO 8084 --- [product-service] [main] c.n.discovery.InstanceInfoReplicator     : InstanceInfoReplicator onDemand update allowed rate per min is 4
2026-06-02T15:30:49.683-04:00  INFO 8084 --- [product-service] [main] com.netflix.discovery.DiscoveryClient    : Discovery Client initialized at timestamp 1780428649680 with initial instances count: 2
2026-06-02T15:30:49.691-04:00  INFO 8084 --- [product-service] [main] o.s.c.n.e.s.EurekaServiceRegistry        : Registering application PRODUCT-SERVICE with eureka with status UP
2026-06-02T15:30:49.693-04:00  INFO 8084 --- [product-service] [main] com.netflix.discovery.DiscoveryClient    : Saw local status change event StatusChangeEvent [timestamp=1780428649693, current=UP, previous=STARTING]
2026-06-02T15:30:49.696-04:00  INFO 8084 --- [product-service] [DiscoveryClient-InstanceInfoReplicator-0] com.netflix.discovery.DiscoveryClient    : DiscoveryClient_PRODUCT-SERVICE/Diego:product-service:8083: registering service...
2026-06-02T15:30:49.748-04:00  INFO 8084 --- [product-service] [main] o.s.b.w.embedded.tomcat.TomcatWebServer  : Tomcat started on port 8083 (http) with context path ''
2026-06-02T15:30:49.751-04:00  INFO 8084 --- [product-service] [main] .s.c.n.e.s.EurekaAutoServiceRegistration : Updating port to 8083
2026-06-02T15:30:49.774-04:00  INFO 8084 --- [product-service] [main] cl.duoc.producto.ProductoApplication     : Started ProductoApplication in 9.316 seconds (process running for 10.167)
2026-06-02T15:30:49.787-04:00  INFO 8084 --- [product-service] [DiscoveryClient-InstanceInfoReplicator-0] com.netflix.discovery.DiscoveryClient    : DiscoveryClient_PRODUCT-SERVICE/Diego:product-service:8083 - registration status: 204
2026-06-02T15:32:22.188-04:00  INFO 8084 --- [product-service] [http-nio-8083-exec-2] c.d.p.controller.ProductoController      : Iniciando creación de un nuevo producto en el catálogo...
2026-06-02T15:32:24.922-04:00  INFO 8084 --- [product-service] [http-nio-8083-exec-4] c.d.p.controller.ProductoController      : Iniciando creación de un nuevo producto en el catálogo...
2026-06-02T15:32:35.876-04:00  INFO 8084 --- [product-service] [http-nio-8083-exec-3] c.d.p.controller.ProductoController      : Iniciando creación de un nuevo producto en el catálogo...
2026-06-02T15:35:49.171-04:00  INFO 8084 --- [product-service] [AsyncResolver-bootstrap-executor-0] c.n.d.s.r.aws.ConfigClusterResolver      : Resolving eureka endpoints via configuration
2026-06-02T15:41:37.222-04:00  INFO 13292 --- [product-service] [main] cl.duoc.producto.ProductoApplication     : Starting ProductoApplication using Java 21.0.10 with PID 13292 (C:\Users\diego\OneDrive\Escritorio\Perfumeria-DiegoGalvezSantander-eureka\producto\target\classes started by diego in C:\Users\diego\OneDrive\Escritorio\Perfumeria-DiegoGalvezSantander-eureka\producto)
2026-06-02T15:41:37.224-04:00  INFO 13292 --- [product-service] [main] cl.duoc.producto.ProductoApplication     : No active profile set, falling back to 1 default profile: "default"
2026-06-02T15:41:38.894-04:00  INFO 13292 --- [product-service] [main] .s.d.r.c.RepositoryConfigurationDelegate : Bootstrapping Spring Data JPA repositories in DEFAULT mode.
2026-06-02T15:41:39.071-04:00  INFO 13292 --- [product-service] [main] .s.d.r.c.RepositoryConfigurationDelegate : Finished Spring Data repository scanning in 164 ms. Found 3 JPA repository interfaces.
2026-06-02T15:41:39.416-04:00  INFO 13292 --- [product-service] [main] o.s.cloud.context.scope.GenericScope     : BeanFactory id=f84404b5-70a7-3b48-99c7-d368e0880946
2026-06-02T15:41:39.882-04:00  WARN 13292 --- [product-service] [main] trationDelegate$BeanPostProcessorChecker : Bean 'org.springframework.cloud.client.loadbalancer.LoadBalancerAutoConfiguration$DeferringLoadBalancerInterceptorConfig' of type [org.springframework.cloud.client.loadbalancer.LoadBalancerAutoConfiguration$DeferringLoadBalancerInterceptorConfig] is not eligible for getting processed by all BeanPostProcessors (for example: not eligible for auto-proxying). The currently created BeanPostProcessor [lbRestClientPostProcessor] is declared through a non-static factory method on that class; consider declaring it as static instead.
2026-06-02T15:41:39.886-04:00  WARN 13292 --- [product-service] [main] trationDelegate$BeanPostProcessorChecker : Bean 'deferringLoadBalancerInterceptor' of type [org.springframework.cloud.client.loadbalancer.DeferringLoadBalancerInterceptor] is not eligible for getting processed by all BeanPostProcessors (for example: not eligible for auto-proxying). Is this bean getting eagerly injected into a currently created BeanPostProcessor [lbRestClientPostProcessor]? Check the corresponding BeanPostProcessor declaration and its dependencies.
2026-06-02T15:41:39.891-04:00  WARN 13292 --- [product-service] [main] trationDelegate$BeanPostProcessorChecker : Bean 'org.springframework.cloud.client.loadbalancer.reactive.LoadBalancerBeanPostProcessorAutoConfiguration' of type [org.springframework.cloud.client.loadbalancer.reactive.LoadBalancerBeanPostProcessorAutoConfiguration] is not eligible for getting processed by all BeanPostProcessors (for example: not eligible for auto-proxying). The currently created BeanPostProcessor [loadBalancerWebClientBuilderBeanPostProcessor] is declared through a non-static factory method on that class; consider declaring it as static instead.
2026-06-02T15:41:39.895-04:00  WARN 13292 --- [product-service] [main] trationDelegate$BeanPostProcessorChecker : Bean 'org.springframework.cloud.client.loadbalancer.reactive.LoadBalancerBeanPostProcessorAutoConfiguration$ReactorDeferringLoadBalancerFilterConfig' of type [org.springframework.cloud.client.loadbalancer.reactive.LoadBalancerBeanPostProcessorAutoConfiguration$ReactorDeferringLoadBalancerFilterConfig] is not eligible for getting processed by all BeanPostProcessors (for example: not eligible for auto-proxying). Is this bean getting eagerly injected into a currently created BeanPostProcessor [loadBalancerWebClientBuilderBeanPostProcessor]? Check the corresponding BeanPostProcessor declaration and its dependencies.
2026-06-02T15:41:39.898-04:00  WARN 13292 --- [product-service] [main] trationDelegate$BeanPostProcessorChecker : Bean 'reactorDeferringLoadBalancerExchangeFilterFunction' of type [org.springframework.cloud.client.loadbalancer.reactive.DeferringLoadBalancerExchangeFilterFunction] is not eligible for getting processed by all BeanPostProcessors (for example: not eligible for auto-proxying). Is this bean getting eagerly injected into a currently created BeanPostProcessor [loadBalancerWebClientBuilderBeanPostProcessor]? Check the corresponding BeanPostProcessor declaration and its dependencies.
2026-06-02T15:41:40.297-04:00  INFO 13292 --- [product-service] [main] o.s.b.w.embedded.tomcat.TomcatWebServer  : Tomcat initialized with port 8083 (http)
2026-06-02T15:41:40.322-04:00  INFO 13292 --- [product-service] [main] o.apache.catalina.core.StandardService   : Starting service [Tomcat]
2026-06-02T15:41:40.323-04:00  INFO 13292 --- [product-service] [main] o.apache.catalina.core.StandardEngine    : Starting Servlet engine: [Apache Tomcat/10.1.20]
2026-06-02T15:41:40.435-04:00  INFO 13292 --- [product-service] [main] o.a.c.c.C.[Tomcat].[localhost].[/]       : Initializing Spring embedded WebApplicationContext
2026-06-02T15:41:40.436-04:00  INFO 13292 --- [product-service] [main] w.s.c.ServletWebServerApplicationContext : Root WebApplicationContext: initialization completed in 3135 ms
2026-06-02T15:41:40.909-04:00  INFO 13292 --- [product-service] [main] o.hibernate.jpa.internal.util.LogHelper  : HHH000204: Processing PersistenceUnitInfo [name: default]
2026-06-02T15:41:40.996-04:00  INFO 13292 --- [product-service] [main] org.hibernate.Version                    : HHH000412: Hibernate ORM core version 6.4.4.Final
2026-06-02T15:41:41.045-04:00  INFO 13292 --- [product-service] [main] o.h.c.internal.RegionFactoryInitiator    : HHH000026: Second-level cache disabled
2026-06-02T15:41:41.367-04:00  INFO 13292 --- [product-service] [main] o.s.o.j.p.SpringPersistenceUnitInfo      : No LoadTimeWeaver setup: ignoring JPA class transformer
2026-06-02T15:41:41.401-04:00  INFO 13292 --- [product-service] [main] com.zaxxer.hikari.HikariDataSource       : HikariPool-1 - Starting...
2026-06-02T15:41:41.828-04:00  INFO 13292 --- [product-service] [main] com.zaxxer.hikari.pool.HikariPool        : HikariPool-1 - Added connection com.mysql.cj.jdbc.ConnectionImpl@2f3a0f37
2026-06-02T15:41:41.839-04:00  INFO 13292 --- [product-service] [main] com.zaxxer.hikari.HikariDataSource       : HikariPool-1 - Start completed.
2026-06-02T15:41:43.057-04:00  INFO 13292 --- [product-service] [main] o.h.e.t.j.p.i.JtaPlatformInitiator       : HHH000489: No JTA platform available (set 'hibernate.transaction.jta.platform' to enable JTA platform integration)
2026-06-02T15:41:43.127-04:00  INFO 13292 --- [product-service] [main] j.LocalContainerEntityManagerFactoryBean : Initialized JPA EntityManagerFactory for persistence unit 'default'
2026-06-02T15:41:43.970-04:00  WARN 13292 --- [product-service] [main] JpaBaseConfiguration$JpaWebConfiguration : spring.jpa.open-in-view is enabled by default. Therefore, database queries may be performed during view rendering. Explicitly configure spring.jpa.open-in-view to disable this warning
2026-06-02T15:41:45.226-04:00  INFO 13292 --- [product-service] [main] DiscoveryClientOptionalArgsConfiguration : Eureka HTTP Client uses RestTemplate.
2026-06-02T15:41:45.319-04:00  WARN 13292 --- [product-service] [main] iguration$LoadBalancerCaffeineWarnLogger : Spring Cloud LoadBalancer is currently working with the default cache. While this cache implementation is useful for development and tests, it's recommended to use Caffeine cache in production.You can switch to using Caffeine cache, by adding it and org.springframework.cache.caffeine.CaffeineCacheManager to the classpath.
2026-06-02T15:41:45.335-04:00  INFO 13292 --- [product-service] [main] o.s.b.a.e.web.EndpointLinksResolver      : Exposing 1 endpoint(s) beneath base path '/actuator'
2026-06-02T15:41:45.477-04:00  INFO 13292 --- [product-service] [main] o.s.c.n.eureka.InstanceInfoFactory       : Setting initial instance status as: STARTING
2026-06-02T15:41:45.526-04:00  INFO 13292 --- [product-service] [main] com.netflix.discovery.DiscoveryClient    : Initializing Eureka in region us-east-1
2026-06-02T15:41:45.533-04:00  INFO 13292 --- [product-service] [main] c.n.d.s.r.aws.ConfigClusterResolver      : Resolving eureka endpoints via configuration
2026-06-02T15:41:45.568-04:00  INFO 13292 --- [product-service] [main] com.netflix.discovery.DiscoveryClient    : Disable delta property : false
2026-06-02T15:41:45.569-04:00  INFO 13292 --- [product-service] [main] com.netflix.discovery.DiscoveryClient    : Single vip registry refresh property : null
2026-06-02T15:41:45.569-04:00  INFO 13292 --- [product-service] [main] com.netflix.discovery.DiscoveryClient    : Force full registry fetch : false
2026-06-02T15:41:45.569-04:00  INFO 13292 --- [product-service] [main] com.netflix.discovery.DiscoveryClient    : Application is null : false
2026-06-02T15:41:45.569-04:00  INFO 13292 --- [product-service] [main] com.netflix.discovery.DiscoveryClient    : Registered Applications size is zero : true
2026-06-02T15:41:45.569-04:00  INFO 13292 --- [product-service] [main] com.netflix.discovery.DiscoveryClient    : Application version is -1: true
2026-06-02T15:41:45.569-04:00  INFO 13292 --- [product-service] [main] com.netflix.discovery.DiscoveryClient    : Getting all instance registry info from the eureka server
2026-06-02T15:41:45.857-04:00  INFO 13292 --- [product-service] [RMI TCP Connection(2)-127.0.0.1] o.a.c.c.C.[Tomcat].[localhost].[/]       : Initializing Spring DispatcherServlet 'dispatcherServlet'
2026-06-02T15:41:45.858-04:00  INFO 13292 --- [product-service] [RMI TCP Connection(2)-127.0.0.1] o.s.web.servlet.DispatcherServlet        : Initializing Servlet 'dispatcherServlet'
2026-06-02T15:41:45.860-04:00  INFO 13292 --- [product-service] [RMI TCP Connection(2)-127.0.0.1] o.s.web.servlet.DispatcherServlet        : Completed initialization in 2 ms
2026-06-02T15:41:46.084-04:00  INFO 13292 --- [product-service] [main] com.netflix.discovery.DiscoveryClient    : The response status is 200
2026-06-02T15:41:46.088-04:00  INFO 13292 --- [product-service] [main] com.netflix.discovery.DiscoveryClient    : Starting heartbeat executor: renew interval is: 30
2026-06-02T15:41:46.093-04:00  INFO 13292 --- [product-service] [main] c.n.discovery.InstanceInfoReplicator     : InstanceInfoReplicator onDemand update allowed rate per min is 4
2026-06-02T15:41:46.101-04:00  INFO 13292 --- [product-service] [main] com.netflix.discovery.DiscoveryClient    : Discovery Client initialized at timestamp 1780429306099 with initial instances count: 3
2026-06-02T15:41:46.110-04:00  INFO 13292 --- [product-service] [main] o.s.c.n.e.s.EurekaServiceRegistry        : Registering application PRODUCT-SERVICE with eureka with status UP
2026-06-02T15:41:46.112-04:00  INFO 13292 --- [product-service] [main] com.netflix.discovery.DiscoveryClient    : Saw local status change event StatusChangeEvent [timestamp=1780429306112, current=UP, previous=STARTING]
2026-06-02T15:41:46.114-04:00  INFO 13292 --- [product-service] [DiscoveryClient-InstanceInfoReplicator-0] com.netflix.discovery.DiscoveryClient    : DiscoveryClient_PRODUCT-SERVICE/Diego:product-service:8083: registering service...
2026-06-02T15:41:46.151-04:00  INFO 13292 --- [product-service] [main] o.s.b.w.embedded.tomcat.TomcatWebServer  : Tomcat started on port 8083 (http) with context path ''
2026-06-02T15:41:46.153-04:00  INFO 13292 --- [product-service] [main] .s.c.n.e.s.EurekaAutoServiceRegistration : Updating port to 8083
2026-06-02T15:41:46.163-04:00  INFO 13292 --- [product-service] [main] cl.duoc.producto.ProductoApplication     : Started ProductoApplication in 9.491 seconds (process running for 10.351)
2026-06-02T15:41:46.163-04:00  INFO 13292 --- [product-service] [DiscoveryClient-InstanceInfoReplicator-0] com.netflix.discovery.DiscoveryClient    : DiscoveryClient_PRODUCT-SERVICE/Diego:product-service:8083 - registration status: 204
2026-06-02T15:44:51.968-04:00  INFO 13292 --- [product-service] [http-nio-8083-exec-1] c.d.p.controller.ProductoController      : Iniciando creación de un nuevo producto en el catálogo...
2026-06-02T15:44:56.645-04:00  INFO 13292 --- [product-service] [http-nio-8083-exec-3] c.d.p.controller.ProductoController      : Iniciando creación de un nuevo producto en el catálogo...
2026-06-02T15:45:11.725-04:00  INFO 13292 --- [product-service] [http-nio-8083-exec-4] c.d.p.controller.ProductoController      : Iniciando creación de un nuevo producto en el catálogo...
2026-06-02T15:46:45.573-04:00  INFO 13292 --- [product-service] [AsyncResolver-bootstrap-executor-0] c.n.d.s.r.aws.ConfigClusterResolver      : Resolving eureka endpoints via configuration
2026-06-02T15:50:49.186-04:00  INFO 13292 --- [product-service] [http-nio-8083-exec-2] c.d.p.controller.ProductoController      : Iniciando creación de un nuevo producto en el catálogo...
2026-06-02T15:50:53.721-04:00  INFO 13292 --- [product-service] [http-nio-8083-exec-3] c.d.p.controller.ProductoController      : Iniciando creación de un nuevo producto en el catálogo...
2026-06-02T15:50:54.853-04:00  INFO 13292 --- [product-service] [http-nio-8083-exec-5] c.d.p.controller.ProductoController      : Iniciando creación de un nuevo producto en el catálogo...
2026-06-02T15:51:45.579-04:00  INFO 13292 --- [product-service] [AsyncResolver-bootstrap-executor-0] c.n.d.s.r.aws.ConfigClusterResolver      : Resolving eureka endpoints via configuration
2026-06-02T15:55:57.690-04:00  INFO 13292 --- [product-service] [http-nio-8083-exec-2] c.d.p.controller.ProductoController      : Iniciando creación de un nuevo producto en el catálogo...
2026-06-02T15:56:45.588-04:00  INFO 13292 --- [product-service] [AsyncResolver-bootstrap-executor-0] c.n.d.s.r.aws.ConfigClusterResolver      : Resolving eureka endpoints via configuration
2026-06-02T16:01:45.593-04:00  INFO 13292 --- [product-service] [AsyncResolver-bootstrap-executor-0] c.n.d.s.r.aws.ConfigClusterResolver      : Resolving eureka endpoints via configuration
2026-06-02T16:03:02.847-04:00  WARN 13292 --- [product-service] [http-nio-8083-exec-9] .w.s.m.s.DefaultHandlerExceptionResolver : Resolved [org.springframework.web.HttpRequestMethodNotSupportedException: Request method 'POST' is not supported]
2026-06-02T16:06:45.604-04:00  INFO 13292 --- [product-service] [AsyncResolver-bootstrap-executor-0] c.n.d.s.r.aws.ConfigClusterResolver      : Resolving eureka endpoints via configuration
2026-06-02T16:11:45.620-04:00  INFO 13292 --- [product-service] [AsyncResolver-bootstrap-executor-0] c.n.d.s.r.aws.ConfigClusterResolver      : Resolving eureka endpoints via configuration
2026-06-02T16:16:45.623-04:00  INFO 13292 --- [product-service] [AsyncResolver-bootstrap-executor-0] c.n.d.s.r.aws.ConfigClusterResolver      : Resolving eureka endpoints via configuration
2026-06-02T16:19:21.394-04:00  INFO 17744 --- [product-service] [main] cl.duoc.producto.ProductoApplication     : Starting ProductoApplication using Java 21.0.10 with PID 17744 (C:\Users\diego\OneDrive\Escritorio\Perfumeria-DiegoGalvezSantander-eureka\producto\target\classes started by diego in C:\Users\diego\OneDrive\Escritorio\Perfumeria-DiegoGalvezSantander-eureka\producto)
2026-06-02T16:19:21.397-04:00  INFO 17744 --- [product-service] [main] cl.duoc.producto.ProductoApplication     : No active profile set, falling back to 1 default profile: "default"
2026-06-02T16:19:23.028-04:00  INFO 17744 --- [product-service] [main] .s.d.r.c.RepositoryConfigurationDelegate : Bootstrapping Spring Data JPA repositories in DEFAULT mode.
2026-06-02T16:19:23.205-04:00  INFO 17744 --- [product-service] [main] .s.d.r.c.RepositoryConfigurationDelegate : Finished Spring Data repository scanning in 168 ms. Found 3 JPA repository interfaces.
2026-06-02T16:19:23.639-04:00  INFO 17744 --- [product-service] [main] o.s.cloud.context.scope.GenericScope     : BeanFactory id=f84404b5-70a7-3b48-99c7-d368e0880946
2026-06-02T16:19:24.070-04:00  WARN 17744 --- [product-service] [main] trationDelegate$BeanPostProcessorChecker : Bean 'org.springframework.cloud.client.loadbalancer.LoadBalancerAutoConfiguration$DeferringLoadBalancerInterceptorConfig' of type [org.springframework.cloud.client.loadbalancer.LoadBalancerAutoConfiguration$DeferringLoadBalancerInterceptorConfig] is not eligible for getting processed by all BeanPostProcessors (for example: not eligible for auto-proxying). The currently created BeanPostProcessor [lbRestClientPostProcessor] is declared through a non-static factory method on that class; consider declaring it as static instead.
2026-06-02T16:19:24.075-04:00  WARN 17744 --- [product-service] [main] trationDelegate$BeanPostProcessorChecker : Bean 'deferringLoadBalancerInterceptor' of type [org.springframework.cloud.client.loadbalancer.DeferringLoadBalancerInterceptor] is not eligible for getting processed by all BeanPostProcessors (for example: not eligible for auto-proxying). Is this bean getting eagerly injected into a currently created BeanPostProcessor [lbRestClientPostProcessor]? Check the corresponding BeanPostProcessor declaration and its dependencies.
2026-06-02T16:19:24.084-04:00  WARN 17744 --- [product-service] [main] trationDelegate$BeanPostProcessorChecker : Bean 'org.springframework.cloud.client.loadbalancer.reactive.LoadBalancerBeanPostProcessorAutoConfiguration' of type [org.springframework.cloud.client.loadbalancer.reactive.LoadBalancerBeanPostProcessorAutoConfiguration] is not eligible for getting processed by all BeanPostProcessors (for example: not eligible for auto-proxying). The currently created BeanPostProcessor [loadBalancerWebClientBuilderBeanPostProcessor] is declared through a non-static factory method on that class; consider declaring it as static instead.
2026-06-02T16:19:24.086-04:00  WARN 17744 --- [product-service] [main] trationDelegate$BeanPostProcessorChecker : Bean 'org.springframework.cloud.client.loadbalancer.reactive.LoadBalancerBeanPostProcessorAutoConfiguration$ReactorDeferringLoadBalancerFilterConfig' of type [org.springframework.cloud.client.loadbalancer.reactive.LoadBalancerBeanPostProcessorAutoConfiguration$ReactorDeferringLoadBalancerFilterConfig] is not eligible for getting processed by all BeanPostProcessors (for example: not eligible for auto-proxying). Is this bean getting eagerly injected into a currently created BeanPostProcessor [loadBalancerWebClientBuilderBeanPostProcessor]? Check the corresponding BeanPostProcessor declaration and its dependencies.
2026-06-02T16:19:24.090-04:00  WARN 17744 --- [product-service] [main] trationDelegate$BeanPostProcessorChecker : Bean 'reactorDeferringLoadBalancerExchangeFilterFunction' of type [org.springframework.cloud.client.loadbalancer.reactive.DeferringLoadBalancerExchangeFilterFunction] is not eligible for getting processed by all BeanPostProcessors (for example: not eligible for auto-proxying). Is this bean getting eagerly injected into a currently created BeanPostProcessor [loadBalancerWebClientBuilderBeanPostProcessor]? Check the corresponding BeanPostProcessor declaration and its dependencies.
2026-06-02T16:19:24.453-04:00  INFO 17744 --- [product-service] [main] o.s.b.w.embedded.tomcat.TomcatWebServer  : Tomcat initialized with port 8083 (http)
2026-06-02T16:19:24.474-04:00  INFO 17744 --- [product-service] [main] o.apache.catalina.core.StandardService   : Starting service [Tomcat]
2026-06-02T16:19:24.474-04:00  INFO 17744 --- [product-service] [main] o.apache.catalina.core.StandardEngine    : Starting Servlet engine: [Apache Tomcat/10.1.20]
2026-06-02T16:19:24.580-04:00  INFO 17744 --- [product-service] [main] o.a.c.c.C.[Tomcat].[localhost].[/]       : Initializing Spring embedded WebApplicationContext
2026-06-02T16:19:24.581-04:00  INFO 17744 --- [product-service] [main] w.s.c.ServletWebServerApplicationContext : Root WebApplicationContext: initialization completed in 3125 ms
2026-06-02T16:19:25.034-04:00  INFO 17744 --- [product-service] [main] o.hibernate.jpa.internal.util.LogHelper  : HHH000204: Processing PersistenceUnitInfo [name: default]
2026-06-02T16:19:25.158-04:00  INFO 17744 --- [product-service] [main] org.hibernate.Version                    : HHH000412: Hibernate ORM core version 6.4.4.Final
2026-06-02T16:19:25.223-04:00  INFO 17744 --- [product-service] [main] o.h.c.internal.RegionFactoryInitiator    : HHH000026: Second-level cache disabled
2026-06-02T16:19:25.542-04:00  INFO 17744 --- [product-service] [main] o.s.o.j.p.SpringPersistenceUnitInfo      : No LoadTimeWeaver setup: ignoring JPA class transformer
2026-06-02T16:19:25.575-04:00  INFO 17744 --- [product-service] [main] com.zaxxer.hikari.HikariDataSource       : HikariPool-1 - Starting...
2026-06-02T16:19:25.990-04:00  INFO 17744 --- [product-service] [main] com.zaxxer.hikari.pool.HikariPool        : HikariPool-1 - Added connection com.mysql.cj.jdbc.ConnectionImpl@57bfca3a
2026-06-02T16:19:25.993-04:00  INFO 17744 --- [product-service] [main] com.zaxxer.hikari.HikariDataSource       : HikariPool-1 - Start completed.
2026-06-02T16:19:27.156-04:00  INFO 17744 --- [product-service] [main] o.h.e.t.j.p.i.JtaPlatformInitiator       : HHH000489: No JTA platform available (set 'hibernate.transaction.jta.platform' to enable JTA platform integration)
2026-06-02T16:19:27.234-04:00  INFO 17744 --- [product-service] [main] j.LocalContainerEntityManagerFactoryBean : Initialized JPA EntityManagerFactory for persistence unit 'default'
2026-06-02T16:19:28.076-04:00  WARN 17744 --- [product-service] [main] JpaBaseConfiguration$JpaWebConfiguration : spring.jpa.open-in-view is enabled by default. Therefore, database queries may be performed during view rendering. Explicitly configure spring.jpa.open-in-view to disable this warning
2026-06-02T16:19:29.387-04:00  INFO 17744 --- [product-service] [main] DiscoveryClientOptionalArgsConfiguration : Eureka HTTP Client uses RestTemplate.
2026-06-02T16:19:29.465-04:00  WARN 17744 --- [product-service] [main] iguration$LoadBalancerCaffeineWarnLogger : Spring Cloud LoadBalancer is currently working with the default cache. While this cache implementation is useful for development and tests, it's recommended to use Caffeine cache in production.You can switch to using Caffeine cache, by adding it and org.springframework.cache.caffeine.CaffeineCacheManager to the classpath.
2026-06-02T16:19:29.476-04:00  INFO 17744 --- [product-service] [main] o.s.b.a.e.web.EndpointLinksResolver      : Exposing 1 endpoint(s) beneath base path '/actuator'
2026-06-02T16:19:29.600-04:00  INFO 17744 --- [product-service] [main] o.s.c.n.eureka.InstanceInfoFactory       : Setting initial instance status as: STARTING
2026-06-02T16:19:29.651-04:00  INFO 17744 --- [product-service] [main] com.netflix.discovery.DiscoveryClient    : Initializing Eureka in region us-east-1
2026-06-02T16:19:29.659-04:00  INFO 17744 --- [product-service] [main] c.n.d.s.r.aws.ConfigClusterResolver      : Resolving eureka endpoints via configuration
2026-06-02T16:19:29.698-04:00  INFO 17744 --- [product-service] [main] com.netflix.discovery.DiscoveryClient    : Disable delta property : false
2026-06-02T16:19:29.698-04:00  INFO 17744 --- [product-service] [main] com.netflix.discovery.DiscoveryClient    : Single vip registry refresh property : null
2026-06-02T16:19:29.698-04:00  INFO 17744 --- [product-service] [main] com.netflix.discovery.DiscoveryClient    : Force full registry fetch : false
2026-06-02T16:19:29.698-04:00  INFO 17744 --- [product-service] [main] com.netflix.discovery.DiscoveryClient    : Application is null : false
2026-06-02T16:19:29.699-04:00  INFO 17744 --- [product-service] [main] com.netflix.discovery.DiscoveryClient    : Registered Applications size is zero : true
2026-06-02T16:19:29.699-04:00  INFO 17744 --- [product-service] [main] com.netflix.discovery.DiscoveryClient    : Application version is -1: true
2026-06-02T16:19:29.699-04:00  INFO 17744 --- [product-service] [main] com.netflix.discovery.DiscoveryClient    : Getting all instance registry info from the eureka server
2026-06-02T16:19:29.967-04:00  INFO 17744 --- [product-service] [RMI TCP Connection(2)-127.0.0.1] o.a.c.c.C.[Tomcat].[localhost].[/]       : Initializing Spring DispatcherServlet 'dispatcherServlet'
2026-06-02T16:19:29.967-04:00  INFO 17744 --- [product-service] [RMI TCP Connection(2)-127.0.0.1] o.s.web.servlet.DispatcherServlet        : Initializing Servlet 'dispatcherServlet'
2026-06-02T16:19:29.971-04:00  INFO 17744 --- [product-service] [RMI TCP Connection(2)-127.0.0.1] o.s.web.servlet.DispatcherServlet        : Completed initialization in 2 ms
2026-06-02T16:19:30.394-04:00  INFO 17744 --- [product-service] [main] com.netflix.discovery.DiscoveryClient    : The response status is 200
2026-06-02T16:19:30.398-04:00  INFO 17744 --- [product-service] [main] com.netflix.discovery.DiscoveryClient    : Starting heartbeat executor: renew interval is: 30
2026-06-02T16:19:30.403-04:00  INFO 17744 --- [product-service] [main] c.n.discovery.InstanceInfoReplicator     : InstanceInfoReplicator onDemand update allowed rate per min is 4
2026-06-02T16:19:30.413-04:00  INFO 17744 --- [product-service] [main] com.netflix.discovery.DiscoveryClient    : Discovery Client initialized at timestamp 1780431570410 with initial instances count: 3
2026-06-02T16:19:30.423-04:00  INFO 17744 --- [product-service] [main] o.s.c.n.e.s.EurekaServiceRegistry        : Registering application PRODUCT-SERVICE with eureka with status UP
2026-06-02T16:19:30.424-04:00  INFO 17744 --- [product-service] [main] com.netflix.discovery.DiscoveryClient    : Saw local status change event StatusChangeEvent [timestamp=1780431570424, current=UP, previous=STARTING]
2026-06-02T16:19:30.426-04:00  INFO 17744 --- [product-service] [DiscoveryClient-InstanceInfoReplicator-0] com.netflix.discovery.DiscoveryClient    : DiscoveryClient_PRODUCT-SERVICE/Diego:product-service:8083: registering service...
2026-06-02T16:19:30.463-04:00  INFO 17744 --- [product-service] [main] o.s.b.w.embedded.tomcat.TomcatWebServer  : Tomcat started on port 8083 (http) with context path ''
2026-06-02T16:19:30.465-04:00  INFO 17744 --- [product-service] [main] .s.c.n.e.s.EurekaAutoServiceRegistration : Updating port to 8083
2026-06-02T16:19:30.471-04:00  INFO 17744 --- [product-service] [DiscoveryClient-InstanceInfoReplicator-0] com.netflix.discovery.DiscoveryClient    : DiscoveryClient_PRODUCT-SERVICE/Diego:product-service:8083 - registration status: 204
2026-06-02T16:19:30.474-04:00  INFO 17744 --- [product-service] [main] cl.duoc.producto.ProductoApplication     : Started ProductoApplication in 9.655 seconds (process running for 10.487)
2026-06-02T16:20:36.210-04:00  WARN 17744 --- [product-service] [http-nio-8083-exec-6] .w.s.m.s.DefaultHandlerExceptionResolver : Resolved [org.springframework.web.HttpRequestMethodNotSupportedException: Request method 'POST' is not supported]
2026-06-02T16:20:43.027-04:00  INFO 17744 --- [product-service] [http-nio-8083-exec-7] c.d.p.controller.ProductoController      : Iniciando creación de un nuevo producto en el catálogo...
2026-06-02T16:20:49.829-04:00  INFO 17744 --- [product-service] [http-nio-8083-exec-5] c.d.p.controller.ProductoController      : Iniciando creación de un nuevo producto en el catálogo...
2026-06-02T16:24:29.705-04:00  INFO 17744 --- [product-service] [AsyncResolver-bootstrap-executor-0] c.n.d.s.r.aws.ConfigClusterResolver      : Resolving eureka endpoints via configuration
2026-06-02T16:26:20.150-04:00  INFO 17744 --- [product-service] [http-nio-8083-exec-6] o.springdoc.api.AbstractOpenApiResource  : Init duration for springdoc-openapi is: 263 ms
