2026-06-03T08:32:46.785-04:00  INFO 14896 --- [user-service] [main] cl.duoc.usuario.UsuarioApplication       : Starting UsuarioApplication using Java 21.0.10 with PID 14896 (C:\Users\diego\OneDrive\Escritorio\Perfumeria-DiegoGalvezSantander-eureka\usuario\target\classes started by diego in C:\Users\diego\OneDrive\Escritorio\Perfumeria-DiegoGalvezSantander-eureka\usuario)
2026-06-03T08:32:46.800-04:00  INFO 14896 --- [user-service] [main] cl.duoc.usuario.UsuarioApplication       : No active profile set, falling back to 1 default profile: "default"
2026-06-03T08:32:49.027-04:00  INFO 14896 --- [user-service] [main] .s.d.r.c.RepositoryConfigurationDelegate : Bootstrapping Spring Data JPA repositories in DEFAULT mode.
2026-06-03T08:32:49.222-04:00  INFO 14896 --- [user-service] [main] .s.d.r.c.RepositoryConfigurationDelegate : Finished Spring Data repository scanning in 181 ms. Found 1 JPA repository interface.
2026-06-03T08:32:49.590-04:00  INFO 14896 --- [user-service] [main] o.s.cloud.context.scope.GenericScope     : BeanFactory id=f2e8f068-994e-3816-9a93-9ee51306a320
2026-06-03T08:32:50.084-04:00  WARN 14896 --- [user-service] [main] trationDelegate$BeanPostProcessorChecker : Bean 'org.springframework.cloud.client.loadbalancer.LoadBalancerAutoConfiguration$DeferringLoadBalancerInterceptorConfig' of type [org.springframework.cloud.client.loadbalancer.LoadBalancerAutoConfiguration$DeferringLoadBalancerInterceptorConfig] is not eligible for getting processed by all BeanPostProcessors (for example: not eligible for auto-proxying). The currently created BeanPostProcessor [lbRestClientPostProcessor] is declared through a non-static factory method on that class; consider declaring it as static instead.
2026-06-03T08:32:50.089-04:00  WARN 14896 --- [user-service] [main] trationDelegate$BeanPostProcessorChecker : Bean 'deferringLoadBalancerInterceptor' of type [org.springframework.cloud.client.loadbalancer.DeferringLoadBalancerInterceptor] is not eligible for getting processed by all BeanPostProcessors (for example: not eligible for auto-proxying). Is this bean getting eagerly injected into a currently created BeanPostProcessor [lbRestClientPostProcessor]? Check the corresponding BeanPostProcessor declaration and its dependencies.
2026-06-03T08:32:50.096-04:00  WARN 14896 --- [user-service] [main] trationDelegate$BeanPostProcessorChecker : Bean 'org.springframework.cloud.client.loadbalancer.reactive.LoadBalancerBeanPostProcessorAutoConfiguration' of type [org.springframework.cloud.client.loadbalancer.reactive.LoadBalancerBeanPostProcessorAutoConfiguration] is not eligible for getting processed by all BeanPostProcessors (for example: not eligible for auto-proxying). The currently created BeanPostProcessor [loadBalancerWebClientBuilderBeanPostProcessor] is declared through a non-static factory method on that class; consider declaring it as static instead.
2026-06-03T08:32:50.099-04:00  WARN 14896 --- [user-service] [main] trationDelegate$BeanPostProcessorChecker : Bean 'org.springframework.cloud.client.loadbalancer.reactive.LoadBalancerBeanPostProcessorAutoConfiguration$ReactorDeferringLoadBalancerFilterConfig' of type [org.springframework.cloud.client.loadbalancer.reactive.LoadBalancerBeanPostProcessorAutoConfiguration$ReactorDeferringLoadBalancerFilterConfig] is not eligible for getting processed by all BeanPostProcessors (for example: not eligible for auto-proxying). Is this bean getting eagerly injected into a currently created BeanPostProcessor [loadBalancerWebClientBuilderBeanPostProcessor]? Check the corresponding BeanPostProcessor declaration and its dependencies.
2026-06-03T08:32:50.103-04:00  WARN 14896 --- [user-service] [main] trationDelegate$BeanPostProcessorChecker : Bean 'reactorDeferringLoadBalancerExchangeFilterFunction' of type [org.springframework.cloud.client.loadbalancer.reactive.DeferringLoadBalancerExchangeFilterFunction] is not eligible for getting processed by all BeanPostProcessors (for example: not eligible for auto-proxying). Is this bean getting eagerly injected into a currently created BeanPostProcessor [loadBalancerWebClientBuilderBeanPostProcessor]? Check the corresponding BeanPostProcessor declaration and its dependencies.
2026-06-03T08:32:50.607-04:00  INFO 14896 --- [user-service] [main] o.s.b.w.embedded.tomcat.TomcatWebServer  : Tomcat initialized with port 8082 (http)
2026-06-03T08:32:50.629-04:00  INFO 14896 --- [user-service] [main] o.apache.catalina.core.StandardService   : Starting service [Tomcat]
2026-06-03T08:32:50.630-04:00  INFO 14896 --- [user-service] [main] o.apache.catalina.core.StandardEngine    : Starting Servlet engine: [Apache Tomcat/10.1.19]
2026-06-03T08:32:50.744-04:00  INFO 14896 --- [user-service] [main] o.a.c.c.C.[Tomcat].[localhost].[/]       : Initializing Spring embedded WebApplicationContext
2026-06-03T08:32:50.745-04:00  INFO 14896 --- [user-service] [main] w.s.c.ServletWebServerApplicationContext : Root WebApplicationContext: initialization completed in 3868 ms
2026-06-03T08:32:51.213-04:00  INFO 14896 --- [user-service] [main] o.hibernate.jpa.internal.util.LogHelper  : HHH000204: Processing PersistenceUnitInfo [name: default]
2026-06-03T08:32:51.315-04:00  INFO 14896 --- [user-service] [main] org.hibernate.Version                    : HHH000412: Hibernate ORM core version 6.4.4.Final
2026-06-03T08:32:51.380-04:00  INFO 14896 --- [user-service] [main] o.h.c.internal.RegionFactoryInitiator    : HHH000026: Second-level cache disabled
2026-06-03T08:32:51.751-04:00  INFO 14896 --- [user-service] [main] o.s.o.j.p.SpringPersistenceUnitInfo      : No LoadTimeWeaver setup: ignoring JPA class transformer
2026-06-03T08:32:51.792-04:00  INFO 14896 --- [user-service] [main] com.zaxxer.hikari.HikariDataSource       : HikariPool-1 - Starting...
2026-06-03T08:32:52.230-04:00  INFO 14896 --- [user-service] [main] com.zaxxer.hikari.pool.HikariPool        : HikariPool-1 - Added connection com.mysql.cj.jdbc.ConnectionImpl@79c2bc34
2026-06-03T08:32:52.232-04:00  INFO 14896 --- [user-service] [main] com.zaxxer.hikari.HikariDataSource       : HikariPool-1 - Start completed.
2026-06-03T08:32:53.333-04:00  INFO 14896 --- [user-service] [main] o.h.e.t.j.p.i.JtaPlatformInitiator       : HHH000489: No JTA platform available (set 'hibernate.transaction.jta.platform' to enable JTA platform integration)
2026-06-03T08:32:53.387-04:00  INFO 14896 --- [user-service] [main] j.LocalContainerEntityManagerFactoryBean : Initialized JPA EntityManagerFactory for persistence unit 'default'
2026-06-03T08:32:54.102-04:00  WARN 14896 --- [user-service] [main] JpaBaseConfiguration$JpaWebConfiguration : spring.jpa.open-in-view is enabled by default. Therefore, database queries may be performed during view rendering. Explicitly configure spring.jpa.open-in-view to disable this warning
2026-06-03T08:32:55.496-04:00  INFO 14896 --- [user-service] [main] DiscoveryClientOptionalArgsConfiguration : Eureka HTTP Client uses RestTemplate.
2026-06-03T08:32:55.571-04:00  WARN 14896 --- [user-service] [main] iguration$LoadBalancerCaffeineWarnLogger : Spring Cloud LoadBalancer is currently working with the default cache. While this cache implementation is useful for development and tests, it's recommended to use Caffeine cache in production.You can switch to using Caffeine cache, by adding it and org.springframework.cache.caffeine.CaffeineCacheManager to the classpath.
2026-06-03T08:32:55.581-04:00  INFO 14896 --- [user-service] [main] o.s.b.a.e.web.EndpointLinksResolver      : Exposing 1 endpoint(s) beneath base path '/actuator'
2026-06-03T08:32:55.718-04:00  INFO 14896 --- [user-service] [main] o.s.c.n.eureka.InstanceInfoFactory       : Setting initial instance status as: STARTING
2026-06-03T08:32:55.761-04:00  INFO 14896 --- [user-service] [main] com.netflix.discovery.DiscoveryClient    : Initializing Eureka in region us-east-1
2026-06-03T08:32:55.769-04:00  INFO 14896 --- [user-service] [main] c.n.d.s.r.aws.ConfigClusterResolver      : Resolving eureka endpoints via configuration
2026-06-03T08:32:55.804-04:00  INFO 14896 --- [user-service] [main] com.netflix.discovery.DiscoveryClient    : Disable delta property : false
2026-06-03T08:32:55.805-04:00  INFO 14896 --- [user-service] [main] com.netflix.discovery.DiscoveryClient    : Single vip registry refresh property : null
2026-06-03T08:32:55.805-04:00  INFO 14896 --- [user-service] [main] com.netflix.discovery.DiscoveryClient    : Force full registry fetch : false
2026-06-03T08:32:55.805-04:00  INFO 14896 --- [user-service] [main] com.netflix.discovery.DiscoveryClient    : Application is null : false
2026-06-03T08:32:55.805-04:00  INFO 14896 --- [user-service] [main] com.netflix.discovery.DiscoveryClient    : Registered Applications size is zero : true
2026-06-03T08:32:55.806-04:00  INFO 14896 --- [user-service] [main] com.netflix.discovery.DiscoveryClient    : Application version is -1: true
2026-06-03T08:32:55.806-04:00  INFO 14896 --- [user-service] [main] com.netflix.discovery.DiscoveryClient    : Getting all instance registry info from the eureka server
2026-06-03T08:32:56.240-04:00  INFO 14896 --- [user-service] [main] com.netflix.discovery.DiscoveryClient    : The response status is 200
2026-06-03T08:32:56.244-04:00  INFO 14896 --- [user-service] [main] com.netflix.discovery.DiscoveryClient    : Starting heartbeat executor: renew interval is: 30
2026-06-03T08:32:56.249-04:00  INFO 14896 --- [user-service] [main] c.n.discovery.InstanceInfoReplicator     : InstanceInfoReplicator onDemand update allowed rate per min is 4
2026-06-03T08:32:56.259-04:00  INFO 14896 --- [user-service] [main] com.netflix.discovery.DiscoveryClient    : Discovery Client initialized at timestamp 1780489976256 with initial instances count: 3
2026-06-03T08:32:56.269-04:00  INFO 14896 --- [user-service] [main] o.s.c.n.e.s.EurekaServiceRegistry        : Registering application USER-SERVICE with eureka with status UP
2026-06-03T08:32:56.270-04:00  INFO 14896 --- [user-service] [main] com.netflix.discovery.DiscoveryClient    : Saw local status change event StatusChangeEvent [timestamp=1780489976270, current=UP, previous=STARTING]
2026-06-03T08:32:56.274-04:00  INFO 14896 --- [user-service] [DiscoveryClient-InstanceInfoReplicator-0] com.netflix.discovery.DiscoveryClient    : DiscoveryClient_USER-SERVICE/Diego:user-service:8082: registering service...
2026-06-03T08:32:56.303-04:00  INFO 14896 --- [user-service] [main] o.s.b.w.embedded.tomcat.TomcatWebServer  : Tomcat started on port 8082 (http) with context path ''
2026-06-03T08:32:56.306-04:00  INFO 14896 --- [user-service] [main] .s.c.n.e.s.EurekaAutoServiceRegistration : Updating port to 8082
2026-06-03T08:32:56.331-04:00  INFO 14896 --- [user-service] [DiscoveryClient-InstanceInfoReplicator-0] com.netflix.discovery.DiscoveryClient    : DiscoveryClient_USER-SERVICE/Diego:user-service:8082 - registration status: 204
2026-06-03T08:32:56.334-04:00  INFO 14896 --- [user-service] [main] cl.duoc.usuario.UsuarioApplication       : Started UsuarioApplication in 10.109 seconds (process running for 11.013)
2026-06-03T08:32:58.319-04:00  INFO 14896 --- [user-service] [RMI TCP Connection(2)-127.0.0.1] o.a.c.c.C.[Tomcat].[localhost].[/]       : Initializing Spring DispatcherServlet 'dispatcherServlet'
2026-06-03T08:32:58.319-04:00  INFO 14896 --- [user-service] [RMI TCP Connection(2)-127.0.0.1] o.s.web.servlet.DispatcherServlet        : Initializing Servlet 'dispatcherServlet'
2026-06-03T08:32:58.322-04:00  INFO 14896 --- [user-service] [RMI TCP Connection(2)-127.0.0.1] o.s.web.servlet.DispatcherServlet        : Completed initialization in 2 ms
2026-06-03T08:37:55.816-04:00  INFO 14896 --- [user-service] [AsyncResolver-bootstrap-executor-0] c.n.d.s.r.aws.ConfigClusterResolver      : Resolving eureka endpoints via configuration
2026-06-03T08:42:55.821-04:00  INFO 14896 --- [user-service] [AsyncResolver-bootstrap-executor-0] c.n.d.s.r.aws.ConfigClusterResolver      : Resolving eureka endpoints via configuration
2026-06-03T08:47:55.830-04:00  INFO 14896 --- [user-service] [AsyncResolver-bootstrap-executor-0] c.n.d.s.r.aws.ConfigClusterResolver      : Resolving eureka endpoints via configuration
2026-06-03T08:52:55.845-04:00  INFO 14896 --- [user-service] [AsyncResolver-bootstrap-executor-0] c.n.d.s.r.aws.ConfigClusterResolver      : Resolving eureka endpoints via configuration
2026-06-03T08:57:55.847-04:00  INFO 14896 --- [user-service] [AsyncResolver-bootstrap-executor-0] c.n.d.s.r.aws.ConfigClusterResolver      : Resolving eureka endpoints via configuration
2026-06-03T09:02:55.870-04:00  INFO 14896 --- [user-service] [AsyncResolver-bootstrap-executor-0] c.n.d.s.r.aws.ConfigClusterResolver      : Resolving eureka endpoints via configuration
2026-06-03T09:07:55.958-04:00  INFO 14896 --- [user-service] [AsyncResolver-bootstrap-executor-0] c.n.d.s.r.aws.ConfigClusterResolver      : Resolving eureka endpoints via configuration
2026-06-03T09:12:55.961-04:00  INFO 14896 --- [user-service] [AsyncResolver-bootstrap-executor-0] c.n.d.s.r.aws.ConfigClusterResolver      : Resolving eureka endpoints via configuration
2026-06-03T09:17:55.977-04:00  INFO 14896 --- [user-service] [AsyncResolver-bootstrap-executor-0] c.n.d.s.r.aws.ConfigClusterResolver      : Resolving eureka endpoints via configuration
2026-06-03T09:22:55.989-04:00  INFO 14896 --- [user-service] [AsyncResolver-bootstrap-executor-0] c.n.d.s.r.aws.ConfigClusterResolver      : Resolving eureka endpoints via configuration
2026-06-03T09:27:55.993-04:00  INFO 14896 --- [user-service] [AsyncResolver-bootstrap-executor-0] c.n.d.s.r.aws.ConfigClusterResolver      : Resolving eureka endpoints via configuration
2026-06-03T09:32:56.008-04:00  INFO 14896 --- [user-service] [AsyncResolver-bootstrap-executor-0] c.n.d.s.r.aws.ConfigClusterResolver      : Resolving eureka endpoints via configuration
2026-06-03T09:37:56.022-04:00  INFO 14896 --- [user-service] [AsyncResolver-bootstrap-executor-0] c.n.d.s.r.aws.ConfigClusterResolver      : Resolving eureka endpoints via configuration
2026-06-03T09:42:56.024-04:00  INFO 14896 --- [user-service] [AsyncResolver-bootstrap-executor-0] c.n.d.s.r.aws.ConfigClusterResolver      : Resolving eureka endpoints via configuration
2026-06-03T09:46:19.757-04:00  INFO 13332 --- [user-service] [main] cl.duoc.usuario.UsuarioApplication       : Starting UsuarioApplication using Java 21.0.10 with PID 13332 (C:\Users\diego\OneDrive\Escritorio\Perfumeria-DiegoGalvezSantander-eureka\usuario\target\classes started by diego in C:\Users\diego\OneDrive\Escritorio\Perfumeria-DiegoGalvezSantander-eureka\usuario)
2026-06-03T09:46:19.759-04:00  INFO 13332 --- [user-service] [main] cl.duoc.usuario.UsuarioApplication       : No active profile set, falling back to 1 default profile: "default"
2026-06-03T09:46:21.538-04:00  INFO 13332 --- [user-service] [main] .s.d.r.c.RepositoryConfigurationDelegate : Bootstrapping Spring Data JPA repositories in DEFAULT mode.
2026-06-03T09:46:21.727-04:00  INFO 13332 --- [user-service] [main] .s.d.r.c.RepositoryConfigurationDelegate : Finished Spring Data repository scanning in 175 ms. Found 1 JPA repository interface.
2026-06-03T09:46:22.169-04:00  INFO 13332 --- [user-service] [main] o.s.cloud.context.scope.GenericScope     : BeanFactory id=f2e8f068-994e-3816-9a93-9ee51306a320
2026-06-03T09:46:22.673-04:00  WARN 13332 --- [user-service] [main] trationDelegate$BeanPostProcessorChecker : Bean 'org.springframework.cloud.client.loadbalancer.LoadBalancerAutoConfiguration$DeferringLoadBalancerInterceptorConfig' of type [org.springframework.cloud.client.loadbalancer.LoadBalancerAutoConfiguration$DeferringLoadBalancerInterceptorConfig] is not eligible for getting processed by all BeanPostProcessors (for example: not eligible for auto-proxying). The currently created BeanPostProcessor [lbRestClientPostProcessor] is declared through a non-static factory method on that class; consider declaring it as static instead.
2026-06-03T09:46:22.676-04:00  WARN 13332 --- [user-service] [main] trationDelegate$BeanPostProcessorChecker : Bean 'deferringLoadBalancerInterceptor' of type [org.springframework.cloud.client.loadbalancer.DeferringLoadBalancerInterceptor] is not eligible for getting processed by all BeanPostProcessors (for example: not eligible for auto-proxying). Is this bean getting eagerly injected into a currently created BeanPostProcessor [lbRestClientPostProcessor]? Check the corresponding BeanPostProcessor declaration and its dependencies.
2026-06-03T09:46:22.683-04:00  WARN 13332 --- [user-service] [main] trationDelegate$BeanPostProcessorChecker : Bean 'org.springframework.cloud.client.loadbalancer.reactive.LoadBalancerBeanPostProcessorAutoConfiguration' of type [org.springframework.cloud.client.loadbalancer.reactive.LoadBalancerBeanPostProcessorAutoConfiguration] is not eligible for getting processed by all BeanPostProcessors (for example: not eligible for auto-proxying). The currently created BeanPostProcessor [loadBalancerWebClientBuilderBeanPostProcessor] is declared through a non-static factory method on that class; consider declaring it as static instead.
2026-06-03T09:46:22.685-04:00  WARN 13332 --- [user-service] [main] trationDelegate$BeanPostProcessorChecker : Bean 'org.springframework.cloud.client.loadbalancer.reactive.LoadBalancerBeanPostProcessorAutoConfiguration$ReactorDeferringLoadBalancerFilterConfig' of type [org.springframework.cloud.client.loadbalancer.reactive.LoadBalancerBeanPostProcessorAutoConfiguration$ReactorDeferringLoadBalancerFilterConfig] is not eligible for getting processed by all BeanPostProcessors (for example: not eligible for auto-proxying). Is this bean getting eagerly injected into a currently created BeanPostProcessor [loadBalancerWebClientBuilderBeanPostProcessor]? Check the corresponding BeanPostProcessor declaration and its dependencies.
2026-06-03T09:46:22.688-04:00  WARN 13332 --- [user-service] [main] trationDelegate$BeanPostProcessorChecker : Bean 'reactorDeferringLoadBalancerExchangeFilterFunction' of type [org.springframework.cloud.client.loadbalancer.reactive.DeferringLoadBalancerExchangeFilterFunction] is not eligible for getting processed by all BeanPostProcessors (for example: not eligible for auto-proxying). Is this bean getting eagerly injected into a currently created BeanPostProcessor [loadBalancerWebClientBuilderBeanPostProcessor]? Check the corresponding BeanPostProcessor declaration and its dependencies.
2026-06-03T09:46:23.050-04:00  INFO 13332 --- [user-service] [main] o.s.b.w.embedded.tomcat.TomcatWebServer  : Tomcat initialized with port 8082 (http)
2026-06-03T09:46:23.067-04:00  INFO 13332 --- [user-service] [main] o.apache.catalina.core.StandardService   : Starting service [Tomcat]
2026-06-03T09:46:23.067-04:00  INFO 13332 --- [user-service] [main] o.apache.catalina.core.StandardEngine    : Starting Servlet engine: [Apache Tomcat/10.1.19]
2026-06-03T09:46:23.164-04:00  INFO 13332 --- [user-service] [main] o.a.c.c.C.[Tomcat].[localhost].[/]       : Initializing Spring embedded WebApplicationContext
2026-06-03T09:46:23.164-04:00  INFO 13332 --- [user-service] [main] w.s.c.ServletWebServerApplicationContext : Root WebApplicationContext: initialization completed in 3337 ms
2026-06-03T09:46:23.619-04:00  INFO 13332 --- [user-service] [main] o.hibernate.jpa.internal.util.LogHelper  : HHH000204: Processing PersistenceUnitInfo [name: default]
2026-06-03T09:46:23.701-04:00  INFO 13332 --- [user-service] [main] org.hibernate.Version                    : HHH000412: Hibernate ORM core version 6.4.4.Final
2026-06-03T09:46:23.755-04:00  INFO 13332 --- [user-service] [main] o.h.c.internal.RegionFactoryInitiator    : HHH000026: Second-level cache disabled
2026-06-03T09:46:24.098-04:00  INFO 13332 --- [user-service] [main] o.s.o.j.p.SpringPersistenceUnitInfo      : No LoadTimeWeaver setup: ignoring JPA class transformer
2026-06-03T09:46:24.137-04:00  INFO 13332 --- [user-service] [main] com.zaxxer.hikari.HikariDataSource       : HikariPool-1 - Starting...
2026-06-03T09:46:24.524-04:00  INFO 13332 --- [user-service] [main] com.zaxxer.hikari.pool.HikariPool        : HikariPool-1 - Added connection com.mysql.cj.jdbc.ConnectionImpl@7a053795
2026-06-03T09:46:24.526-04:00  INFO 13332 --- [user-service] [main] com.zaxxer.hikari.HikariDataSource       : HikariPool-1 - Start completed.
2026-06-03T09:46:25.641-04:00  INFO 13332 --- [user-service] [main] o.h.e.t.j.p.i.JtaPlatformInitiator       : HHH000489: No JTA platform available (set 'hibernate.transaction.jta.platform' to enable JTA platform integration)
2026-06-03T09:46:25.696-04:00  INFO 13332 --- [user-service] [main] j.LocalContainerEntityManagerFactoryBean : Initialized JPA EntityManagerFactory for persistence unit 'default'
2026-06-03T09:46:26.419-04:00  WARN 13332 --- [user-service] [main] JpaBaseConfiguration$JpaWebConfiguration : spring.jpa.open-in-view is enabled by default. Therefore, database queries may be performed during view rendering. Explicitly configure spring.jpa.open-in-view to disable this warning
2026-06-03T09:46:27.656-04:00  INFO 13332 --- [user-service] [main] DiscoveryClientOptionalArgsConfiguration : Eureka HTTP Client uses RestTemplate.
2026-06-03T09:46:27.728-04:00  WARN 13332 --- [user-service] [main] iguration$LoadBalancerCaffeineWarnLogger : Spring Cloud LoadBalancer is currently working with the default cache. While this cache implementation is useful for development and tests, it's recommended to use Caffeine cache in production.You can switch to using Caffeine cache, by adding it and org.springframework.cache.caffeine.CaffeineCacheManager to the classpath.
2026-06-03T09:46:27.738-04:00  INFO 13332 --- [user-service] [main] o.s.b.a.e.web.EndpointLinksResolver      : Exposing 1 endpoint(s) beneath base path '/actuator'
2026-06-03T09:46:27.866-04:00  INFO 13332 --- [user-service] [main] o.s.c.n.eureka.InstanceInfoFactory       : Setting initial instance status as: STARTING
2026-06-03T09:46:27.925-04:00  INFO 13332 --- [user-service] [main] com.netflix.discovery.DiscoveryClient    : Initializing Eureka in region us-east-1
2026-06-03T09:46:27.933-04:00  INFO 13332 --- [user-service] [main] c.n.d.s.r.aws.ConfigClusterResolver      : Resolving eureka endpoints via configuration
2026-06-03T09:46:27.970-04:00  INFO 13332 --- [user-service] [main] com.netflix.discovery.DiscoveryClient    : Disable delta property : false
2026-06-03T09:46:27.970-04:00  INFO 13332 --- [user-service] [main] com.netflix.discovery.DiscoveryClient    : Single vip registry refresh property : null
2026-06-03T09:46:27.970-04:00  INFO 13332 --- [user-service] [main] com.netflix.discovery.DiscoveryClient    : Force full registry fetch : false
2026-06-03T09:46:27.970-04:00  INFO 13332 --- [user-service] [main] com.netflix.discovery.DiscoveryClient    : Application is null : false
2026-06-03T09:46:27.970-04:00  INFO 13332 --- [user-service] [main] com.netflix.discovery.DiscoveryClient    : Registered Applications size is zero : true
2026-06-03T09:46:27.971-04:00  INFO 13332 --- [user-service] [main] com.netflix.discovery.DiscoveryClient    : Application version is -1: true
2026-06-03T09:46:27.971-04:00  INFO 13332 --- [user-service] [main] com.netflix.discovery.DiscoveryClient    : Getting all instance registry info from the eureka server
2026-06-03T09:46:28.325-04:00  INFO 13332 --- [user-service] [RMI TCP Connection(2)-127.0.0.1] o.a.c.c.C.[Tomcat].[localhost].[/]       : Initializing Spring DispatcherServlet 'dispatcherServlet'
2026-06-03T09:46:28.325-04:00  INFO 13332 --- [user-service] [RMI TCP Connection(2)-127.0.0.1] o.s.web.servlet.DispatcherServlet        : Initializing Servlet 'dispatcherServlet'
2026-06-03T09:46:28.328-04:00  INFO 13332 --- [user-service] [RMI TCP Connection(2)-127.0.0.1] o.s.web.servlet.DispatcherServlet        : Completed initialization in 3 ms
2026-06-03T09:46:28.467-04:00  INFO 13332 --- [user-service] [main] com.netflix.discovery.DiscoveryClient    : The response status is 200
2026-06-03T09:46:28.473-04:00  INFO 13332 --- [user-service] [main] com.netflix.discovery.DiscoveryClient    : Starting heartbeat executor: renew interval is: 30
2026-06-03T09:46:28.480-04:00  INFO 13332 --- [user-service] [main] c.n.discovery.InstanceInfoReplicator     : InstanceInfoReplicator onDemand update allowed rate per min is 4
2026-06-03T09:46:28.491-04:00  INFO 13332 --- [user-service] [main] com.netflix.discovery.DiscoveryClient    : Discovery Client initialized at timestamp 1780494388488 with initial instances count: 2
2026-06-03T09:46:28.503-04:00  INFO 13332 --- [user-service] [main] o.s.c.n.e.s.EurekaServiceRegistry        : Registering application USER-SERVICE with eureka with status UP
2026-06-03T09:46:28.504-04:00  INFO 13332 --- [user-service] [main] com.netflix.discovery.DiscoveryClient    : Saw local status change event StatusChangeEvent [timestamp=1780494388504, current=UP, previous=STARTING]
2026-06-03T09:46:28.507-04:00  INFO 13332 --- [user-service] [DiscoveryClient-InstanceInfoReplicator-0] com.netflix.discovery.DiscoveryClient    : DiscoveryClient_USER-SERVICE/Diego:user-service:8082: registering service...
2026-06-03T09:46:28.551-04:00  INFO 13332 --- [user-service] [main] o.s.b.w.embedded.tomcat.TomcatWebServer  : Tomcat started on port 8082 (http) with context path ''
2026-06-03T09:46:28.553-04:00  INFO 13332 --- [user-service] [main] .s.c.n.e.s.EurekaAutoServiceRegistration : Updating port to 8082
2026-06-03T09:46:28.562-04:00  INFO 13332 --- [user-service] [main] cl.duoc.usuario.UsuarioApplication       : Started UsuarioApplication in 9.359 seconds (process running for 10.193)
2026-06-03T09:46:28.567-04:00  INFO 13332 --- [user-service] [DiscoveryClient-InstanceInfoReplicator-0] com.netflix.discovery.DiscoveryClient    : DiscoveryClient_USER-SERVICE/Diego:user-service:8082 - registration status: 204
2026-06-03T09:51:27.984-04:00  INFO 13332 --- [user-service] [AsyncResolver-bootstrap-executor-0] c.n.d.s.r.aws.ConfigClusterResolver      : Resolving eureka endpoints via configuration
2026-06-03T10:09:19.922-04:00  INFO 14092 --- [user-service] [main] cl.duoc.usuario.UsuarioApplication       : Starting UsuarioApplication using Java 21.0.10 with PID 14092 (C:\Users\diego\OneDrive\Escritorio\Perfumeria-DiegoGalvezSantander-eureka\usuario\target\classes started by diego in C:\Users\diego\OneDrive\Escritorio\Perfumeria-DiegoGalvezSantander-eureka\usuario)
2026-06-03T10:09:19.925-04:00  INFO 14092 --- [user-service] [main] cl.duoc.usuario.UsuarioApplication       : No active profile set, falling back to 1 default profile: "default"
2026-06-03T10:09:22.318-04:00  INFO 14092 --- [user-service] [main] .s.d.r.c.RepositoryConfigurationDelegate : Bootstrapping Spring Data JPA repositories in DEFAULT mode.
2026-06-03T10:09:22.482-04:00  INFO 14092 --- [user-service] [main] .s.d.r.c.RepositoryConfigurationDelegate : Finished Spring Data repository scanning in 151 ms. Found 1 JPA repository interface.
2026-06-03T10:09:23.312-04:00  INFO 14092 --- [user-service] [main] o.s.cloud.context.scope.GenericScope     : BeanFactory id=f2e8f068-994e-3816-9a93-9ee51306a320
2026-06-03T10:09:23.747-04:00  WARN 14092 --- [user-service] [main] trationDelegate$BeanPostProcessorChecker : Bean 'org.springframework.cloud.client.loadbalancer.LoadBalancerAutoConfiguration$DeferringLoadBalancerInterceptorConfig' of type [org.springframework.cloud.client.loadbalancer.LoadBalancerAutoConfiguration$DeferringLoadBalancerInterceptorConfig] is not eligible for getting processed by all BeanPostProcessors (for example: not eligible for auto-proxying). The currently created BeanPostProcessor [lbRestClientPostProcessor] is declared through a non-static factory method on that class; consider declaring it as static instead.
2026-06-03T10:09:23.750-04:00  WARN 14092 --- [user-service] [main] trationDelegate$BeanPostProcessorChecker : Bean 'deferringLoadBalancerInterceptor' of type [org.springframework.cloud.client.loadbalancer.DeferringLoadBalancerInterceptor] is not eligible for getting processed by all BeanPostProcessors (for example: not eligible for auto-proxying). Is this bean getting eagerly injected into a currently created BeanPostProcessor [lbRestClientPostProcessor]? Check the corresponding BeanPostProcessor declaration and its dependencies.
2026-06-03T10:09:23.754-04:00  WARN 14092 --- [user-service] [main] trationDelegate$BeanPostProcessorChecker : Bean 'org.springframework.cloud.client.loadbalancer.reactive.LoadBalancerBeanPostProcessorAutoConfiguration' of type [org.springframework.cloud.client.loadbalancer.reactive.LoadBalancerBeanPostProcessorAutoConfiguration] is not eligible for getting processed by all BeanPostProcessors (for example: not eligible for auto-proxying). The currently created BeanPostProcessor [loadBalancerWebClientBuilderBeanPostProcessor] is declared through a non-static factory method on that class; consider declaring it as static instead.
2026-06-03T10:09:23.757-04:00  WARN 14092 --- [user-service] [main] trationDelegate$BeanPostProcessorChecker : Bean 'org.springframework.cloud.client.loadbalancer.reactive.LoadBalancerBeanPostProcessorAutoConfiguration$ReactorDeferringLoadBalancerFilterConfig' of type [org.springframework.cloud.client.loadbalancer.reactive.LoadBalancerBeanPostProcessorAutoConfiguration$ReactorDeferringLoadBalancerFilterConfig] is not eligible for getting processed by all BeanPostProcessors (for example: not eligible for auto-proxying). Is this bean getting eagerly injected into a currently created BeanPostProcessor [loadBalancerWebClientBuilderBeanPostProcessor]? Check the corresponding BeanPostProcessor declaration and its dependencies.
2026-06-03T10:09:23.762-04:00  WARN 14092 --- [user-service] [main] trationDelegate$BeanPostProcessorChecker : Bean 'reactorDeferringLoadBalancerExchangeFilterFunction' of type [org.springframework.cloud.client.loadbalancer.reactive.DeferringLoadBalancerExchangeFilterFunction] is not eligible for getting processed by all BeanPostProcessors (for example: not eligible for auto-proxying). Is this bean getting eagerly injected into a currently created BeanPostProcessor [loadBalancerWebClientBuilderBeanPostProcessor]? Check the corresponding BeanPostProcessor declaration and its dependencies.
2026-06-03T10:09:24.131-04:00  INFO 14092 --- [user-service] [main] o.s.b.w.embedded.tomcat.TomcatWebServer  : Tomcat initialized with port 8082 (http)
2026-06-03T10:09:24.149-04:00  INFO 14092 --- [user-service] [main] o.apache.catalina.core.StandardService   : Starting service [Tomcat]
2026-06-03T10:09:24.149-04:00  INFO 14092 --- [user-service] [main] o.apache.catalina.core.StandardEngine    : Starting Servlet engine: [Apache Tomcat/10.1.19]
2026-06-03T10:09:24.261-04:00  INFO 14092 --- [user-service] [main] o.a.c.c.C.[Tomcat].[localhost].[/]       : Initializing Spring embedded WebApplicationContext
2026-06-03T10:09:24.262-04:00  INFO 14092 --- [user-service] [main] w.s.c.ServletWebServerApplicationContext : Root WebApplicationContext: initialization completed in 4248 ms
2026-06-03T10:09:24.760-04:00  INFO 14092 --- [user-service] [main] o.hibernate.jpa.internal.util.LogHelper  : HHH000204: Processing PersistenceUnitInfo [name: default]
2026-06-03T10:09:24.868-04:00  INFO 14092 --- [user-service] [main] org.hibernate.Version                    : HHH000412: Hibernate ORM core version 6.4.4.Final
2026-06-03T10:09:24.929-04:00  INFO 14092 --- [user-service] [main] o.h.c.internal.RegionFactoryInitiator    : HHH000026: Second-level cache disabled
2026-06-03T10:09:25.287-04:00  INFO 14092 --- [user-service] [main] o.s.o.j.p.SpringPersistenceUnitInfo      : No LoadTimeWeaver setup: ignoring JPA class transformer
2026-06-03T10:09:25.321-04:00  INFO 14092 --- [user-service] [main] com.zaxxer.hikari.HikariDataSource       : HikariPool-1 - Starting...
2026-06-03T10:09:25.715-04:00  INFO 14092 --- [user-service] [main] com.zaxxer.hikari.pool.HikariPool        : HikariPool-1 - Added connection com.mysql.cj.jdbc.ConnectionImpl@1a390b8c
2026-06-03T10:09:25.719-04:00  INFO 14092 --- [user-service] [main] com.zaxxer.hikari.HikariDataSource       : HikariPool-1 - Start completed.
2026-06-03T10:09:26.781-04:00  INFO 14092 --- [user-service] [main] o.h.e.t.j.p.i.JtaPlatformInitiator       : HHH000489: No JTA platform available (set 'hibernate.transaction.jta.platform' to enable JTA platform integration)
2026-06-03T10:09:26.832-04:00  INFO 14092 --- [user-service] [main] j.LocalContainerEntityManagerFactoryBean : Initialized JPA EntityManagerFactory for persistence unit 'default'
2026-06-03T10:09:27.552-04:00  WARN 14092 --- [user-service] [main] JpaBaseConfiguration$JpaWebConfiguration : spring.jpa.open-in-view is enabled by default. Therefore, database queries may be performed during view rendering. Explicitly configure spring.jpa.open-in-view to disable this warning
2026-06-03T10:09:28.875-04:00  INFO 14092 --- [user-service] [main] DiscoveryClientOptionalArgsConfiguration : Eureka HTTP Client uses RestTemplate.
2026-06-03T10:09:28.959-04:00  WARN 14092 --- [user-service] [main] iguration$LoadBalancerCaffeineWarnLogger : Spring Cloud LoadBalancer is currently working with the default cache. While this cache implementation is useful for development and tests, it's recommended to use Caffeine cache in production.You can switch to using Caffeine cache, by adding it and org.springframework.cache.caffeine.CaffeineCacheManager to the classpath.
2026-06-03T10:09:28.968-04:00  INFO 14092 --- [user-service] [main] o.s.b.a.e.web.EndpointLinksResolver      : Exposing 1 endpoint(s) beneath base path '/actuator'
2026-06-03T10:09:29.084-04:00  INFO 14092 --- [user-service] [main] o.s.c.n.eureka.InstanceInfoFactory       : Setting initial instance status as: STARTING
2026-06-03T10:09:29.144-04:00  INFO 14092 --- [user-service] [main] com.netflix.discovery.DiscoveryClient    : Initializing Eureka in region us-east-1
2026-06-03T10:09:29.152-04:00  INFO 14092 --- [user-service] [main] c.n.d.s.r.aws.ConfigClusterResolver      : Resolving eureka endpoints via configuration
2026-06-03T10:09:29.189-04:00  INFO 14092 --- [user-service] [main] com.netflix.discovery.DiscoveryClient    : Disable delta property : false
2026-06-03T10:09:29.190-04:00  INFO 14092 --- [user-service] [main] com.netflix.discovery.DiscoveryClient    : Single vip registry refresh property : null
2026-06-03T10:09:29.190-04:00  INFO 14092 --- [user-service] [main] com.netflix.discovery.DiscoveryClient    : Force full registry fetch : false
2026-06-03T10:09:29.190-04:00  INFO 14092 --- [user-service] [main] com.netflix.discovery.DiscoveryClient    : Application is null : false
2026-06-03T10:09:29.190-04:00  INFO 14092 --- [user-service] [main] com.netflix.discovery.DiscoveryClient    : Registered Applications size is zero : true
2026-06-03T10:09:29.190-04:00  INFO 14092 --- [user-service] [main] com.netflix.discovery.DiscoveryClient    : Application version is -1: true
2026-06-03T10:09:29.191-04:00  INFO 14092 --- [user-service] [main] com.netflix.discovery.DiscoveryClient    : Getting all instance registry info from the eureka server
2026-06-03T10:09:29.577-04:00  INFO 14092 --- [user-service] [main] com.netflix.discovery.DiscoveryClient    : The response status is 200
2026-06-03T10:09:29.582-04:00  INFO 14092 --- [user-service] [main] com.netflix.discovery.DiscoveryClient    : Starting heartbeat executor: renew interval is: 30
2026-06-03T10:09:29.587-04:00  INFO 14092 --- [user-service] [main] c.n.discovery.InstanceInfoReplicator     : InstanceInfoReplicator onDemand update allowed rate per min is 4
2026-06-03T10:09:29.594-04:00  INFO 14092 --- [user-service] [main] com.netflix.discovery.DiscoveryClient    : Discovery Client initialized at timestamp 1780495769593 with initial instances count: 1
2026-06-03T10:09:29.601-04:00  INFO 14092 --- [user-service] [main] o.s.c.n.e.s.EurekaServiceRegistry        : Registering application USER-SERVICE with eureka with status UP
2026-06-03T10:09:29.603-04:00  INFO 14092 --- [user-service] [main] com.netflix.discovery.DiscoveryClient    : Saw local status change event StatusChangeEvent [timestamp=1780495769603, current=UP, previous=STARTING]
2026-06-03T10:09:29.606-04:00  INFO 14092 --- [user-service] [DiscoveryClient-InstanceInfoReplicator-0] com.netflix.discovery.DiscoveryClient    : DiscoveryClient_USER-SERVICE/Diego:user-service:8082: registering service...
2026-06-03T10:09:29.635-04:00  INFO 14092 --- [user-service] [main] o.s.b.w.embedded.tomcat.TomcatWebServer  : Tomcat started on port 8082 (http) with context path ''
2026-06-03T10:09:29.638-04:00  INFO 14092 --- [user-service] [main] .s.c.n.e.s.EurekaAutoServiceRegistration : Updating port to 8082
2026-06-03T10:09:29.665-04:00  INFO 14092 --- [user-service] [DiscoveryClient-InstanceInfoReplicator-0] com.netflix.discovery.DiscoveryClient    : DiscoveryClient_USER-SERVICE/Diego:user-service:8082 - registration status: 204
2026-06-03T10:09:29.667-04:00  INFO 14092 --- [user-service] [main] cl.duoc.usuario.UsuarioApplication       : Started UsuarioApplication in 10.471 seconds (process running for 11.678)
2026-06-03T10:09:31.078-04:00  INFO 14092 --- [user-service] [RMI TCP Connection(2)-127.0.0.1] o.a.c.c.C.[Tomcat].[localhost].[/]       : Initializing Spring DispatcherServlet 'dispatcherServlet'
2026-06-03T10:09:31.079-04:00  INFO 14092 --- [user-service] [RMI TCP Connection(2)-127.0.0.1] o.s.web.servlet.DispatcherServlet        : Initializing Servlet 'dispatcherServlet'
2026-06-03T10:09:31.083-04:00  INFO 14092 --- [user-service] [RMI TCP Connection(2)-127.0.0.1] o.s.web.servlet.DispatcherServlet        : Completed initialization in 3 ms
2026-06-03T10:14:29.195-04:00  INFO 14092 --- [user-service] [AsyncResolver-bootstrap-executor-0] c.n.d.s.r.aws.ConfigClusterResolver      : Resolving eureka endpoints via configuration
2026-06-03T10:19:29.213-04:00  INFO 14092 --- [user-service] [AsyncResolver-bootstrap-executor-0] c.n.d.s.r.aws.ConfigClusterResolver      : Resolving eureka endpoints via configuration
2026-06-03T10:20:24.268-04:00  INFO 14092 --- [user-service] [http-nio-8082-exec-10] c.d.u.controller.UsuarioController       : Iniciando registro de nuevo perfil de usuario en el sistema...
2026-06-03T10:24:29.224-04:00  INFO 14092 --- [user-service] [AsyncResolver-bootstrap-executor-0] c.n.d.s.r.aws.ConfigClusterResolver      : Resolving eureka endpoints via configuration
2026-06-03T10:29:00.002-04:00  INFO 14092 --- [user-service] [http-nio-8082-exec-5] o.springdoc.api.AbstractOpenApiResource  : Init duration for springdoc-openapi is: 315 ms
2026-06-03T10:29:29.226-04:00  INFO 14092 --- [user-service] [AsyncResolver-bootstrap-executor-0] c.n.d.s.r.aws.ConfigClusterResolver      : Resolving eureka endpoints via configuration
