2026-06-03T08:32:03.181-04:00  INFO 5088 --- [inventario-service] [main] c.duoc.inventario.InventarioApplication  : Starting InventarioApplication using Java 21.0.10 with PID 5088 (C:\Users\diego\OneDrive\Escritorio\Perfumeria-DiegoGalvezSantander-eureka\inventario\target\classes started by diego in C:\Users\diego\OneDrive\Escritorio\Perfumeria-DiegoGalvezSantander-eureka\inventario)
2026-06-03T08:32:03.197-04:00  INFO 5088 --- [inventario-service] [main] c.duoc.inventario.InventarioApplication  : No active profile set, falling back to 1 default profile: "default"
2026-06-03T08:32:06.282-04:00  INFO 5088 --- [inventario-service] [main] .s.d.r.c.RepositoryConfigurationDelegate : Bootstrapping Spring Data JPA repositories in DEFAULT mode.
2026-06-03T08:32:06.484-04:00  INFO 5088 --- [inventario-service] [main] .s.d.r.c.RepositoryConfigurationDelegate : Finished Spring Data repository scanning in 177 ms. Found 2 JPA repository interfaces.
2026-06-03T08:32:07.014-04:00  INFO 5088 --- [inventario-service] [main] o.s.cloud.context.scope.GenericScope     : BeanFactory id=68b2370a-87e3-3de1-adc1-97a914f08c81
2026-06-03T08:32:07.546-04:00  WARN 5088 --- [inventario-service] [main] trationDelegate$BeanPostProcessorChecker : Bean 'org.springframework.cloud.client.loadbalancer.LoadBalancerAutoConfiguration$DeferringLoadBalancerInterceptorConfig' of type [org.springframework.cloud.client.loadbalancer.LoadBalancerAutoConfiguration$DeferringLoadBalancerInterceptorConfig] is not eligible for getting processed by all BeanPostProcessors (for example: not eligible for auto-proxying). The currently created BeanPostProcessor [lbRestClientPostProcessor] is declared through a non-static factory method on that class; consider declaring it as static instead.
2026-06-03T08:32:07.551-04:00  WARN 5088 --- [inventario-service] [main] trationDelegate$BeanPostProcessorChecker : Bean 'deferringLoadBalancerInterceptor' of type [org.springframework.cloud.client.loadbalancer.DeferringLoadBalancerInterceptor] is not eligible for getting processed by all BeanPostProcessors (for example: not eligible for auto-proxying). Is this bean getting eagerly injected into a currently created BeanPostProcessor [lbRestClientPostProcessor]? Check the corresponding BeanPostProcessor declaration and its dependencies.
2026-06-03T08:32:07.559-04:00  WARN 5088 --- [inventario-service] [main] trationDelegate$BeanPostProcessorChecker : Bean 'org.springframework.cloud.client.loadbalancer.reactive.LoadBalancerBeanPostProcessorAutoConfiguration' of type [org.springframework.cloud.client.loadbalancer.reactive.LoadBalancerBeanPostProcessorAutoConfiguration] is not eligible for getting processed by all BeanPostProcessors (for example: not eligible for auto-proxying). The currently created BeanPostProcessor [loadBalancerWebClientBuilderBeanPostProcessor] is declared through a non-static factory method on that class; consider declaring it as static instead.
2026-06-03T08:32:07.562-04:00  WARN 5088 --- [inventario-service] [main] trationDelegate$BeanPostProcessorChecker : Bean 'org.springframework.cloud.client.loadbalancer.reactive.LoadBalancerBeanPostProcessorAutoConfiguration$ReactorDeferringLoadBalancerFilterConfig' of type [org.springframework.cloud.client.loadbalancer.reactive.LoadBalancerBeanPostProcessorAutoConfiguration$ReactorDeferringLoadBalancerFilterConfig] is not eligible for getting processed by all BeanPostProcessors (for example: not eligible for auto-proxying). Is this bean getting eagerly injected into a currently created BeanPostProcessor [loadBalancerWebClientBuilderBeanPostProcessor]? Check the corresponding BeanPostProcessor declaration and its dependencies.
2026-06-03T08:32:07.567-04:00  WARN 5088 --- [inventario-service] [main] trationDelegate$BeanPostProcessorChecker : Bean 'reactorDeferringLoadBalancerExchangeFilterFunction' of type [org.springframework.cloud.client.loadbalancer.reactive.DeferringLoadBalancerExchangeFilterFunction] is not eligible for getting processed by all BeanPostProcessors (for example: not eligible for auto-proxying). Is this bean getting eagerly injected into a currently created BeanPostProcessor [loadBalancerWebClientBuilderBeanPostProcessor]? Check the corresponding BeanPostProcessor declaration and its dependencies.
2026-06-03T08:32:08.024-04:00  INFO 5088 --- [inventario-service] [main] o.s.b.w.embedded.tomcat.TomcatWebServer  : Tomcat initialized with port 8084 (http)
2026-06-03T08:32:08.042-04:00  INFO 5088 --- [inventario-service] [main] o.apache.catalina.core.StandardService   : Starting service [Tomcat]
2026-06-03T08:32:08.043-04:00  INFO 5088 --- [inventario-service] [main] o.apache.catalina.core.StandardEngine    : Starting Servlet engine: [Apache Tomcat/10.1.20]
2026-06-03T08:32:08.159-04:00  INFO 5088 --- [inventario-service] [main] o.a.c.c.C.[Tomcat].[localhost].[/]       : Initializing Spring embedded WebApplicationContext
2026-06-03T08:32:08.159-04:00  INFO 5088 --- [inventario-service] [main] w.s.c.ServletWebServerApplicationContext : Root WebApplicationContext: initialization completed in 4875 ms
2026-06-03T08:32:08.784-04:00  INFO 5088 --- [inventario-service] [main] o.hibernate.jpa.internal.util.LogHelper  : HHH000204: Processing PersistenceUnitInfo [name: default]
2026-06-03T08:32:08.871-04:00  INFO 5088 --- [inventario-service] [main] org.hibernate.Version                    : HHH000412: Hibernate ORM core version 6.4.4.Final
2026-06-03T08:32:08.925-04:00  INFO 5088 --- [inventario-service] [main] o.h.c.internal.RegionFactoryInitiator    : HHH000026: Second-level cache disabled
2026-06-03T08:32:09.258-04:00  INFO 5088 --- [inventario-service] [main] o.s.o.j.p.SpringPersistenceUnitInfo      : No LoadTimeWeaver setup: ignoring JPA class transformer
2026-06-03T08:32:09.284-04:00  INFO 5088 --- [inventario-service] [main] com.zaxxer.hikari.HikariDataSource       : HikariPool-1 - Starting...
2026-06-03T08:32:09.692-04:00  INFO 5088 --- [inventario-service] [main] com.zaxxer.hikari.pool.HikariPool        : HikariPool-1 - Added connection com.mysql.cj.jdbc.ConnectionImpl@7488c183
2026-06-03T08:32:09.695-04:00  INFO 5088 --- [inventario-service] [main] com.zaxxer.hikari.HikariDataSource       : HikariPool-1 - Start completed.
2026-06-03T08:32:10.755-04:00  INFO 5088 --- [inventario-service] [main] o.h.e.t.j.p.i.JtaPlatformInitiator       : HHH000489: No JTA platform available (set 'hibernate.transaction.jta.platform' to enable JTA platform integration)
2026-06-03T08:32:10.802-04:00  INFO 5088 --- [inventario-service] [main] j.LocalContainerEntityManagerFactoryBean : Initialized JPA EntityManagerFactory for persistence unit 'default'
2026-06-03T08:32:11.617-04:00  WARN 5088 --- [inventario-service] [main] JpaBaseConfiguration$JpaWebConfiguration : spring.jpa.open-in-view is enabled by default. Therefore, database queries may be performed during view rendering. Explicitly configure spring.jpa.open-in-view to disable this warning
2026-06-03T08:32:13.072-04:00  INFO 5088 --- [inventario-service] [main] DiscoveryClientOptionalArgsConfiguration : Eureka HTTP Client uses RestTemplate.
2026-06-03T08:32:13.179-04:00  WARN 5088 --- [inventario-service] [main] iguration$LoadBalancerCaffeineWarnLogger : Spring Cloud LoadBalancer is currently working with the default cache. While this cache implementation is useful for development and tests, it's recommended to use Caffeine cache in production.You can switch to using Caffeine cache, by adding it and org.springframework.cache.caffeine.CaffeineCacheManager to the classpath.
2026-06-03T08:32:13.195-04:00  INFO 5088 --- [inventario-service] [main] o.s.b.a.e.web.EndpointLinksResolver      : Exposing 1 endpoint(s) beneath base path '/actuator'
2026-06-03T08:32:13.354-04:00  INFO 5088 --- [inventario-service] [main] o.s.c.n.eureka.InstanceInfoFactory       : Setting initial instance status as: STARTING
2026-06-03T08:32:13.434-04:00  INFO 5088 --- [inventario-service] [main] com.netflix.discovery.DiscoveryClient    : Initializing Eureka in region us-east-1
2026-06-03T08:32:13.442-04:00  INFO 5088 --- [inventario-service] [main] c.n.d.s.r.aws.ConfigClusterResolver      : Resolving eureka endpoints via configuration
2026-06-03T08:32:13.489-04:00  INFO 5088 --- [inventario-service] [main] com.netflix.discovery.DiscoveryClient    : Disable delta property : false
2026-06-03T08:32:13.489-04:00  INFO 5088 --- [inventario-service] [main] com.netflix.discovery.DiscoveryClient    : Single vip registry refresh property : null
2026-06-03T08:32:13.489-04:00  INFO 5088 --- [inventario-service] [main] com.netflix.discovery.DiscoveryClient    : Force full registry fetch : false
2026-06-03T08:32:13.490-04:00  INFO 5088 --- [inventario-service] [main] com.netflix.discovery.DiscoveryClient    : Application is null : false
2026-06-03T08:32:13.490-04:00  INFO 5088 --- [inventario-service] [main] com.netflix.discovery.DiscoveryClient    : Registered Applications size is zero : true
2026-06-03T08:32:13.490-04:00  INFO 5088 --- [inventario-service] [main] com.netflix.discovery.DiscoveryClient    : Application version is -1: true
2026-06-03T08:32:13.490-04:00  INFO 5088 --- [inventario-service] [main] com.netflix.discovery.DiscoveryClient    : Getting all instance registry info from the eureka server
2026-06-03T08:32:13.931-04:00  INFO 5088 --- [inventario-service] [main] com.netflix.discovery.DiscoveryClient    : The response status is 200
2026-06-03T08:32:13.934-04:00  INFO 5088 --- [inventario-service] [main] com.netflix.discovery.DiscoveryClient    : Starting heartbeat executor: renew interval is: 30
2026-06-03T08:32:13.937-04:00  INFO 5088 --- [inventario-service] [main] c.n.discovery.InstanceInfoReplicator     : InstanceInfoReplicator onDemand update allowed rate per min is 4
2026-06-03T08:32:13.945-04:00  INFO 5088 --- [inventario-service] [main] com.netflix.discovery.DiscoveryClient    : Discovery Client initialized at timestamp 1780489933943 with initial instances count: 1
2026-06-03T08:32:13.951-04:00  INFO 5088 --- [inventario-service] [main] o.s.c.n.e.s.EurekaServiceRegistry        : Registering application INVENTARIO-SERVICE with eureka with status UP
2026-06-03T08:32:13.952-04:00  INFO 5088 --- [inventario-service] [main] com.netflix.discovery.DiscoveryClient    : Saw local status change event StatusChangeEvent [timestamp=1780489933952, current=UP, previous=STARTING]
2026-06-03T08:32:13.955-04:00  INFO 5088 --- [inventario-service] [DiscoveryClient-InstanceInfoReplicator-0] com.netflix.discovery.DiscoveryClient    : DiscoveryClient_INVENTARIO-SERVICE/Diego:inventario-service:8084: registering service...
2026-06-03T08:32:13.987-04:00  INFO 5088 --- [inventario-service] [main] o.s.b.w.embedded.tomcat.TomcatWebServer  : Tomcat started on port 8084 (http) with context path ''
2026-06-03T08:32:13.988-04:00  INFO 5088 --- [inventario-service] [main] .s.c.n.e.s.EurekaAutoServiceRegistration : Updating port to 8084
2026-06-03T08:32:14.016-04:00  INFO 5088 --- [inventario-service] [main] c.duoc.inventario.InventarioApplication  : Started InventarioApplication in 11.495 seconds (process running for 12.455)
2026-06-03T08:32:14.020-04:00  INFO 5088 --- [inventario-service] [DiscoveryClient-InstanceInfoReplicator-0] com.netflix.discovery.DiscoveryClient    : DiscoveryClient_INVENTARIO-SERVICE/Diego:inventario-service:8084 - registration status: 204
2026-06-03T08:32:14.517-04:00  INFO 5088 --- [inventario-service] [RMI TCP Connection(2)-127.0.0.1] o.a.c.c.C.[Tomcat].[localhost].[/]       : Initializing Spring DispatcherServlet 'dispatcherServlet'
2026-06-03T08:32:14.517-04:00  INFO 5088 --- [inventario-service] [RMI TCP Connection(2)-127.0.0.1] o.s.web.servlet.DispatcherServlet        : Initializing Servlet 'dispatcherServlet'
2026-06-03T08:32:14.519-04:00  INFO 5088 --- [inventario-service] [RMI TCP Connection(2)-127.0.0.1] o.s.web.servlet.DispatcherServlet        : Completed initialization in 2 ms
2026-06-03T08:37:13.500-04:00  INFO 5088 --- [inventario-service] [AsyncResolver-bootstrap-executor-0] c.n.d.s.r.aws.ConfigClusterResolver      : Resolving eureka endpoints via configuration
2026-06-03T08:42:13.513-04:00  INFO 5088 --- [inventario-service] [AsyncResolver-bootstrap-executor-0] c.n.d.s.r.aws.ConfigClusterResolver      : Resolving eureka endpoints via configuration
2026-06-03T08:47:13.530-04:00  INFO 5088 --- [inventario-service] [AsyncResolver-bootstrap-executor-0] c.n.d.s.r.aws.ConfigClusterResolver      : Resolving eureka endpoints via configuration
2026-06-03T09:45:41.608-04:00  INFO 13860 --- [inventario-service] [main] c.duoc.inventario.InventarioApplication  : Starting InventarioApplication using Java 21.0.10 with PID 13860 (C:\Users\diego\OneDrive\Escritorio\Perfumeria-DiegoGalvezSantander-eureka\inventario\target\classes started by diego in C:\Users\diego\OneDrive\Escritorio\Perfumeria-DiegoGalvezSantander-eureka\inventario)
2026-06-03T09:45:41.611-04:00  INFO 13860 --- [inventario-service] [main] c.duoc.inventario.InventarioApplication  : No active profile set, falling back to 1 default profile: "default"
2026-06-03T09:45:43.231-04:00  INFO 13860 --- [inventario-service] [main] .s.d.r.c.RepositoryConfigurationDelegate : Bootstrapping Spring Data JPA repositories in DEFAULT mode.
2026-06-03T09:45:43.396-04:00  INFO 13860 --- [inventario-service] [main] .s.d.r.c.RepositoryConfigurationDelegate : Finished Spring Data repository scanning in 155 ms. Found 2 JPA repository interfaces.
2026-06-03T09:45:43.735-04:00  INFO 13860 --- [inventario-service] [main] o.s.cloud.context.scope.GenericScope     : BeanFactory id=68b2370a-87e3-3de1-adc1-97a914f08c81
2026-06-03T09:45:44.245-04:00  WARN 13860 --- [inventario-service] [main] trationDelegate$BeanPostProcessorChecker : Bean 'org.springframework.cloud.client.loadbalancer.LoadBalancerAutoConfiguration$DeferringLoadBalancerInterceptorConfig' of type [org.springframework.cloud.client.loadbalancer.LoadBalancerAutoConfiguration$DeferringLoadBalancerInterceptorConfig] is not eligible for getting processed by all BeanPostProcessors (for example: not eligible for auto-proxying). The currently created BeanPostProcessor [lbRestClientPostProcessor] is declared through a non-static factory method on that class; consider declaring it as static instead.
2026-06-03T09:45:44.249-04:00  WARN 13860 --- [inventario-service] [main] trationDelegate$BeanPostProcessorChecker : Bean 'deferringLoadBalancerInterceptor' of type [org.springframework.cloud.client.loadbalancer.DeferringLoadBalancerInterceptor] is not eligible for getting processed by all BeanPostProcessors (for example: not eligible for auto-proxying). Is this bean getting eagerly injected into a currently created BeanPostProcessor [lbRestClientPostProcessor]? Check the corresponding BeanPostProcessor declaration and its dependencies.
2026-06-03T09:45:44.255-04:00  WARN 13860 --- [inventario-service] [main] trationDelegate$BeanPostProcessorChecker : Bean 'org.springframework.cloud.client.loadbalancer.reactive.LoadBalancerBeanPostProcessorAutoConfiguration' of type [org.springframework.cloud.client.loadbalancer.reactive.LoadBalancerBeanPostProcessorAutoConfiguration] is not eligible for getting processed by all BeanPostProcessors (for example: not eligible for auto-proxying). The currently created BeanPostProcessor [loadBalancerWebClientBuilderBeanPostProcessor] is declared through a non-static factory method on that class; consider declaring it as static instead.
2026-06-03T09:45:44.258-04:00  WARN 13860 --- [inventario-service] [main] trationDelegate$BeanPostProcessorChecker : Bean 'org.springframework.cloud.client.loadbalancer.reactive.LoadBalancerBeanPostProcessorAutoConfiguration$ReactorDeferringLoadBalancerFilterConfig' of type [org.springframework.cloud.client.loadbalancer.reactive.LoadBalancerBeanPostProcessorAutoConfiguration$ReactorDeferringLoadBalancerFilterConfig] is not eligible for getting processed by all BeanPostProcessors (for example: not eligible for auto-proxying). Is this bean getting eagerly injected into a currently created BeanPostProcessor [loadBalancerWebClientBuilderBeanPostProcessor]? Check the corresponding BeanPostProcessor declaration and its dependencies.
2026-06-03T09:45:44.261-04:00  WARN 13860 --- [inventario-service] [main] trationDelegate$BeanPostProcessorChecker : Bean 'reactorDeferringLoadBalancerExchangeFilterFunction' of type [org.springframework.cloud.client.loadbalancer.reactive.DeferringLoadBalancerExchangeFilterFunction] is not eligible for getting processed by all BeanPostProcessors (for example: not eligible for auto-proxying). Is this bean getting eagerly injected into a currently created BeanPostProcessor [loadBalancerWebClientBuilderBeanPostProcessor]? Check the corresponding BeanPostProcessor declaration and its dependencies.
2026-06-03T09:45:44.598-04:00  INFO 13860 --- [inventario-service] [main] o.s.b.w.embedded.tomcat.TomcatWebServer  : Tomcat initialized with port 8084 (http)
2026-06-03T09:45:44.613-04:00  INFO 13860 --- [inventario-service] [main] o.apache.catalina.core.StandardService   : Starting service [Tomcat]
2026-06-03T09:45:44.614-04:00  INFO 13860 --- [inventario-service] [main] o.apache.catalina.core.StandardEngine    : Starting Servlet engine: [Apache Tomcat/10.1.20]
2026-06-03T09:45:44.714-04:00  INFO 13860 --- [inventario-service] [main] o.a.c.c.C.[Tomcat].[localhost].[/]       : Initializing Spring embedded WebApplicationContext
2026-06-03T09:45:44.714-04:00  INFO 13860 --- [inventario-service] [main] w.s.c.ServletWebServerApplicationContext : Root WebApplicationContext: initialization completed in 3034 ms
2026-06-03T09:45:45.177-04:00  INFO 13860 --- [inventario-service] [main] o.hibernate.jpa.internal.util.LogHelper  : HHH000204: Processing PersistenceUnitInfo [name: default]
2026-06-03T09:45:45.268-04:00  INFO 13860 --- [inventario-service] [main] org.hibernate.Version                    : HHH000412: Hibernate ORM core version 6.4.4.Final
2026-06-03T09:45:45.314-04:00  INFO 13860 --- [inventario-service] [main] o.h.c.internal.RegionFactoryInitiator    : HHH000026: Second-level cache disabled
2026-06-03T09:45:45.616-04:00  INFO 13860 --- [inventario-service] [main] o.s.o.j.p.SpringPersistenceUnitInfo      : No LoadTimeWeaver setup: ignoring JPA class transformer
2026-06-03T09:45:45.644-04:00  INFO 13860 --- [inventario-service] [main] com.zaxxer.hikari.HikariDataSource       : HikariPool-1 - Starting...
2026-06-03T09:45:46.047-04:00  INFO 13860 --- [inventario-service] [main] com.zaxxer.hikari.pool.HikariPool        : HikariPool-1 - Added connection com.mysql.cj.jdbc.ConnectionImpl@5e9671e6
2026-06-03T09:45:46.050-04:00  INFO 13860 --- [inventario-service] [main] com.zaxxer.hikari.HikariDataSource       : HikariPool-1 - Start completed.
2026-06-03T09:45:47.136-04:00  INFO 13860 --- [inventario-service] [main] o.h.e.t.j.p.i.JtaPlatformInitiator       : HHH000489: No JTA platform available (set 'hibernate.transaction.jta.platform' to enable JTA platform integration)
2026-06-03T09:45:47.204-04:00  INFO 13860 --- [inventario-service] [main] j.LocalContainerEntityManagerFactoryBean : Initialized JPA EntityManagerFactory for persistence unit 'default'
2026-06-03T09:45:47.944-04:00  WARN 13860 --- [inventario-service] [main] JpaBaseConfiguration$JpaWebConfiguration : spring.jpa.open-in-view is enabled by default. Therefore, database queries may be performed during view rendering. Explicitly configure spring.jpa.open-in-view to disable this warning
2026-06-03T09:45:49.522-04:00  INFO 13860 --- [inventario-service] [main] DiscoveryClientOptionalArgsConfiguration : Eureka HTTP Client uses RestTemplate.
2026-06-03T09:45:49.634-04:00  WARN 13860 --- [inventario-service] [main] iguration$LoadBalancerCaffeineWarnLogger : Spring Cloud LoadBalancer is currently working with the default cache. While this cache implementation is useful for development and tests, it's recommended to use Caffeine cache in production.You can switch to using Caffeine cache, by adding it and org.springframework.cache.caffeine.CaffeineCacheManager to the classpath.
2026-06-03T09:45:49.650-04:00  INFO 13860 --- [inventario-service] [main] o.s.b.a.e.web.EndpointLinksResolver      : Exposing 1 endpoint(s) beneath base path '/actuator'
2026-06-03T09:45:49.808-04:00  INFO 13860 --- [inventario-service] [main] o.s.c.n.eureka.InstanceInfoFactory       : Setting initial instance status as: STARTING
2026-06-03T09:45:49.870-04:00  INFO 13860 --- [inventario-service] [main] com.netflix.discovery.DiscoveryClient    : Initializing Eureka in region us-east-1
2026-06-03T09:45:49.876-04:00  INFO 13860 --- [inventario-service] [main] c.n.d.s.r.aws.ConfigClusterResolver      : Resolving eureka endpoints via configuration
2026-06-03T09:45:49.911-04:00  INFO 13860 --- [inventario-service] [main] com.netflix.discovery.DiscoveryClient    : Disable delta property : false
2026-06-03T09:45:49.912-04:00  INFO 13860 --- [inventario-service] [main] com.netflix.discovery.DiscoveryClient    : Single vip registry refresh property : null
2026-06-03T09:45:49.912-04:00  INFO 13860 --- [inventario-service] [main] com.netflix.discovery.DiscoveryClient    : Force full registry fetch : false
2026-06-03T09:45:49.912-04:00  INFO 13860 --- [inventario-service] [main] com.netflix.discovery.DiscoveryClient    : Application is null : false
2026-06-03T09:45:49.912-04:00  INFO 13860 --- [inventario-service] [main] com.netflix.discovery.DiscoveryClient    : Registered Applications size is zero : true
2026-06-03T09:45:49.913-04:00  INFO 13860 --- [inventario-service] [main] com.netflix.discovery.DiscoveryClient    : Application version is -1: true
2026-06-03T09:45:49.913-04:00  INFO 13860 --- [inventario-service] [main] com.netflix.discovery.DiscoveryClient    : Getting all instance registry info from the eureka server
2026-06-03T09:45:50.288-04:00  INFO 13860 --- [inventario-service] [RMI TCP Connection(2)-127.0.0.1] o.a.c.c.C.[Tomcat].[localhost].[/]       : Initializing Spring DispatcherServlet 'dispatcherServlet'
2026-06-03T09:45:50.289-04:00  INFO 13860 --- [inventario-service] [RMI TCP Connection(2)-127.0.0.1] o.s.web.servlet.DispatcherServlet        : Initializing Servlet 'dispatcherServlet'
2026-06-03T09:45:50.291-04:00  INFO 13860 --- [inventario-service] [RMI TCP Connection(2)-127.0.0.1] o.s.web.servlet.DispatcherServlet        : Completed initialization in 2 ms
2026-06-03T09:45:50.360-04:00  INFO 13860 --- [inventario-service] [main] com.netflix.discovery.DiscoveryClient    : The response status is 200
2026-06-03T09:45:50.364-04:00  INFO 13860 --- [inventario-service] [main] com.netflix.discovery.DiscoveryClient    : Starting heartbeat executor: renew interval is: 30
2026-06-03T09:45:50.368-04:00  INFO 13860 --- [inventario-service] [main] c.n.discovery.InstanceInfoReplicator     : InstanceInfoReplicator onDemand update allowed rate per min is 4
2026-06-03T09:45:50.377-04:00  INFO 13860 --- [inventario-service] [main] com.netflix.discovery.DiscoveryClient    : Discovery Client initialized at timestamp 1780494350376 with initial instances count: 0
2026-06-03T09:45:50.388-04:00  INFO 13860 --- [inventario-service] [main] o.s.c.n.e.s.EurekaServiceRegistry        : Registering application INVENTARIO-SERVICE with eureka with status UP
2026-06-03T09:45:50.392-04:00  INFO 13860 --- [inventario-service] [main] com.netflix.discovery.DiscoveryClient    : Saw local status change event StatusChangeEvent [timestamp=1780494350392, current=UP, previous=STARTING]
2026-06-03T09:45:50.396-04:00  INFO 13860 --- [inventario-service] [DiscoveryClient-InstanceInfoReplicator-0] com.netflix.discovery.DiscoveryClient    : DiscoveryClient_INVENTARIO-SERVICE/Diego:inventario-service:8084: registering service...
2026-06-03T09:45:50.448-04:00  INFO 13860 --- [inventario-service] [main] o.s.b.w.embedded.tomcat.TomcatWebServer  : Tomcat started on port 8084 (http) with context path ''
2026-06-03T09:45:50.451-04:00  INFO 13860 --- [inventario-service] [main] .s.c.n.e.s.EurekaAutoServiceRegistration : Updating port to 8084
2026-06-03T09:45:50.463-04:00  INFO 13860 --- [inventario-service] [DiscoveryClient-InstanceInfoReplicator-0] com.netflix.discovery.DiscoveryClient    : DiscoveryClient_INVENTARIO-SERVICE/Diego:inventario-service:8084 - registration status: 204
2026-06-03T09:45:50.467-04:00  INFO 13860 --- [inventario-service] [main] c.duoc.inventario.InventarioApplication  : Started InventarioApplication in 9.402 seconds (process running for 10.259)
2026-06-03T09:46:20.374-04:00  INFO 13860 --- [inventario-service] [DiscoveryClient-CacheRefreshExecutor-0] com.netflix.discovery.DiscoveryClient    : Disable delta property : false
2026-06-03T09:46:20.376-04:00  INFO 13860 --- [inventario-service] [DiscoveryClient-CacheRefreshExecutor-0] com.netflix.discovery.DiscoveryClient    : Single vip registry refresh property : null
2026-06-03T09:46:20.376-04:00  INFO 13860 --- [inventario-service] [DiscoveryClient-CacheRefreshExecutor-0] com.netflix.discovery.DiscoveryClient    : Force full registry fetch : false
2026-06-03T09:46:20.377-04:00  INFO 13860 --- [inventario-service] [DiscoveryClient-CacheRefreshExecutor-0] com.netflix.discovery.DiscoveryClient    : Application is null : false
2026-06-03T09:46:20.377-04:00  INFO 13860 --- [inventario-service] [DiscoveryClient-CacheRefreshExecutor-0] com.netflix.discovery.DiscoveryClient    : Registered Applications size is zero : true
2026-06-03T09:46:20.378-04:00  INFO 13860 --- [inventario-service] [DiscoveryClient-CacheRefreshExecutor-0] com.netflix.discovery.DiscoveryClient    : Application version is -1: false
2026-06-03T09:46:20.378-04:00  INFO 13860 --- [inventario-service] [DiscoveryClient-CacheRefreshExecutor-0] com.netflix.discovery.DiscoveryClient    : Getting all instance registry info from the eureka server
2026-06-03T09:46:20.422-04:00  INFO 13860 --- [inventario-service] [DiscoveryClient-CacheRefreshExecutor-0] com.netflix.discovery.DiscoveryClient    : The response status is 200
2026-06-03T09:47:46.013-04:00  INFO 13860 --- [inventario-service] [http-nio-8084-exec-9] c.d.i.controller.InventarioController    : Verificando y procesando movimiento de stock en bodega...
2026-06-03T09:48:25.674-04:00  INFO 13860 --- [inventario-service] [http-nio-8084-exec-6] c.d.i.controller.InventarioController    : Verificando y procesando movimiento de stock en bodega...
2026-06-03T09:49:25.296-04:00  INFO 13860 --- [inventario-service] [http-nio-8084-exec-7] c.d.i.controller.InventarioController    : Consultando stock actual para el producto ID: 3
2026-06-03T09:49:26.946-04:00  INFO 13860 --- [inventario-service] [http-nio-8084-exec-8] c.d.i.controller.InventarioController    : Consultando stock actual para el producto ID: 3
2026-06-03T09:49:28.129-04:00  INFO 13860 --- [inventario-service] [http-nio-8084-exec-3] c.d.i.controller.InventarioController    : Consultando stock actual para el producto ID: 3
2026-06-03T09:50:49.919-04:00  INFO 13860 --- [inventario-service] [AsyncResolver-bootstrap-executor-0] c.n.d.s.r.aws.ConfigClusterResolver      : Resolving eureka endpoints via configuration
2026-06-03T10:08:47.626-04:00  INFO 13792 --- [inventario-service] [main] c.duoc.inventario.InventarioApplication  : Starting InventarioApplication using Java 21.0.10 with PID 13792 (C:\Users\diego\OneDrive\Escritorio\Perfumeria-DiegoGalvezSantander-eureka\inventario\target\classes started by diego in C:\Users\diego\OneDrive\Escritorio\Perfumeria-DiegoGalvezSantander-eureka\inventario)
2026-06-03T10:08:47.629-04:00  INFO 13792 --- [inventario-service] [main] c.duoc.inventario.InventarioApplication  : No active profile set, falling back to 1 default profile: "default"
2026-06-03T10:08:49.688-04:00  INFO 13792 --- [inventario-service] [main] .s.d.r.c.RepositoryConfigurationDelegate : Bootstrapping Spring Data JPA repositories in DEFAULT mode.
2026-06-03T10:08:49.911-04:00  INFO 13792 --- [inventario-service] [main] .s.d.r.c.RepositoryConfigurationDelegate : Finished Spring Data repository scanning in 209 ms. Found 2 JPA repository interfaces.
2026-06-03T10:08:50.339-04:00  INFO 13792 --- [inventario-service] [main] o.s.cloud.context.scope.GenericScope     : BeanFactory id=68b2370a-87e3-3de1-adc1-97a914f08c81
2026-06-03T10:08:50.892-04:00  WARN 13792 --- [inventario-service] [main] trationDelegate$BeanPostProcessorChecker : Bean 'org.springframework.cloud.client.loadbalancer.LoadBalancerAutoConfiguration$DeferringLoadBalancerInterceptorConfig' of type [org.springframework.cloud.client.loadbalancer.LoadBalancerAutoConfiguration$DeferringLoadBalancerInterceptorConfig] is not eligible for getting processed by all BeanPostProcessors (for example: not eligible for auto-proxying). The currently created BeanPostProcessor [lbRestClientPostProcessor] is declared through a non-static factory method on that class; consider declaring it as static instead.
2026-06-03T10:08:50.901-04:00  WARN 13792 --- [inventario-service] [main] trationDelegate$BeanPostProcessorChecker : Bean 'deferringLoadBalancerInterceptor' of type [org.springframework.cloud.client.loadbalancer.DeferringLoadBalancerInterceptor] is not eligible for getting processed by all BeanPostProcessors (for example: not eligible for auto-proxying). Is this bean getting eagerly injected into a currently created BeanPostProcessor [lbRestClientPostProcessor]? Check the corresponding BeanPostProcessor declaration and its dependencies.
2026-06-03T10:08:50.910-04:00  WARN 13792 --- [inventario-service] [main] trationDelegate$BeanPostProcessorChecker : Bean 'org.springframework.cloud.client.loadbalancer.reactive.LoadBalancerBeanPostProcessorAutoConfiguration' of type [org.springframework.cloud.client.loadbalancer.reactive.LoadBalancerBeanPostProcessorAutoConfiguration] is not eligible for getting processed by all BeanPostProcessors (for example: not eligible for auto-proxying). The currently created BeanPostProcessor [loadBalancerWebClientBuilderBeanPostProcessor] is declared through a non-static factory method on that class; consider declaring it as static instead.
2026-06-03T10:08:50.914-04:00  WARN 13792 --- [inventario-service] [main] trationDelegate$BeanPostProcessorChecker : Bean 'org.springframework.cloud.client.loadbalancer.reactive.LoadBalancerBeanPostProcessorAutoConfiguration$ReactorDeferringLoadBalancerFilterConfig' of type [org.springframework.cloud.client.loadbalancer.reactive.LoadBalancerBeanPostProcessorAutoConfiguration$ReactorDeferringLoadBalancerFilterConfig] is not eligible for getting processed by all BeanPostProcessors (for example: not eligible for auto-proxying). Is this bean getting eagerly injected into a currently created BeanPostProcessor [loadBalancerWebClientBuilderBeanPostProcessor]? Check the corresponding BeanPostProcessor declaration and its dependencies.
2026-06-03T10:08:50.918-04:00  WARN 13792 --- [inventario-service] [main] trationDelegate$BeanPostProcessorChecker : Bean 'reactorDeferringLoadBalancerExchangeFilterFunction' of type [org.springframework.cloud.client.loadbalancer.reactive.DeferringLoadBalancerExchangeFilterFunction] is not eligible for getting processed by all BeanPostProcessors (for example: not eligible for auto-proxying). Is this bean getting eagerly injected into a currently created BeanPostProcessor [loadBalancerWebClientBuilderBeanPostProcessor]? Check the corresponding BeanPostProcessor declaration and its dependencies.
2026-06-03T10:08:51.659-04:00  INFO 13792 --- [inventario-service] [main] o.s.b.w.embedded.tomcat.TomcatWebServer  : Tomcat initialized with port 8084 (http)
2026-06-03T10:08:51.684-04:00  INFO 13792 --- [inventario-service] [main] o.apache.catalina.core.StandardService   : Starting service [Tomcat]
2026-06-03T10:08:51.685-04:00  INFO 13792 --- [inventario-service] [main] o.apache.catalina.core.StandardEngine    : Starting Servlet engine: [Apache Tomcat/10.1.20]
2026-06-03T10:08:51.841-04:00  INFO 13792 --- [inventario-service] [main] o.a.c.c.C.[Tomcat].[localhost].[/]       : Initializing Spring embedded WebApplicationContext
2026-06-03T10:08:51.842-04:00  INFO 13792 --- [inventario-service] [main] w.s.c.ServletWebServerApplicationContext : Root WebApplicationContext: initialization completed in 4141 ms
2026-06-03T10:08:52.639-04:00  INFO 13792 --- [inventario-service] [main] o.hibernate.jpa.internal.util.LogHelper  : HHH000204: Processing PersistenceUnitInfo [name: default]
2026-06-03T10:08:52.803-04:00  INFO 13792 --- [inventario-service] [main] org.hibernate.Version                    : HHH000412: Hibernate ORM core version 6.4.4.Final
2026-06-03T10:08:52.865-04:00  INFO 13792 --- [inventario-service] [main] o.h.c.internal.RegionFactoryInitiator    : HHH000026: Second-level cache disabled
2026-06-03T10:08:53.290-04:00  INFO 13792 --- [inventario-service] [main] o.s.o.j.p.SpringPersistenceUnitInfo      : No LoadTimeWeaver setup: ignoring JPA class transformer
2026-06-03T10:08:53.346-04:00  INFO 13792 --- [inventario-service] [main] com.zaxxer.hikari.HikariDataSource       : HikariPool-1 - Starting...
2026-06-03T10:08:53.926-04:00  INFO 13792 --- [inventario-service] [main] com.zaxxer.hikari.pool.HikariPool        : HikariPool-1 - Added connection com.mysql.cj.jdbc.ConnectionImpl@4b9d2cee
2026-06-03T10:08:53.929-04:00  INFO 13792 --- [inventario-service] [main] com.zaxxer.hikari.HikariDataSource       : HikariPool-1 - Start completed.
2026-06-03T10:08:55.501-04:00  INFO 13792 --- [inventario-service] [main] o.h.e.t.j.p.i.JtaPlatformInitiator       : HHH000489: No JTA platform available (set 'hibernate.transaction.jta.platform' to enable JTA platform integration)
2026-06-03T10:08:55.595-04:00  INFO 13792 --- [inventario-service] [main] j.LocalContainerEntityManagerFactoryBean : Initialized JPA EntityManagerFactory for persistence unit 'default'
2026-06-03T10:08:57.151-04:00  WARN 13792 --- [inventario-service] [main] JpaBaseConfiguration$JpaWebConfiguration : spring.jpa.open-in-view is enabled by default. Therefore, database queries may be performed during view rendering. Explicitly configure spring.jpa.open-in-view to disable this warning
2026-06-03T10:08:59.399-04:00  INFO 13792 --- [inventario-service] [main] DiscoveryClientOptionalArgsConfiguration : Eureka HTTP Client uses RestTemplate.
2026-06-03T10:08:59.520-04:00  WARN 13792 --- [inventario-service] [main] iguration$LoadBalancerCaffeineWarnLogger : Spring Cloud LoadBalancer is currently working with the default cache. While this cache implementation is useful for development and tests, it's recommended to use Caffeine cache in production.You can switch to using Caffeine cache, by adding it and org.springframework.cache.caffeine.CaffeineCacheManager to the classpath.
2026-06-03T10:08:59.543-04:00  INFO 13792 --- [inventario-service] [main] o.s.b.a.e.web.EndpointLinksResolver      : Exposing 1 endpoint(s) beneath base path '/actuator'
2026-06-03T10:08:59.757-04:00  INFO 13792 --- [inventario-service] [main] o.s.c.n.eureka.InstanceInfoFactory       : Setting initial instance status as: STARTING
2026-06-03T10:08:59.869-04:00  INFO 13792 --- [inventario-service] [main] com.netflix.discovery.DiscoveryClient    : Initializing Eureka in region us-east-1
2026-06-03T10:08:59.876-04:00  INFO 13792 --- [inventario-service] [main] c.n.d.s.r.aws.ConfigClusterResolver      : Resolving eureka endpoints via configuration
2026-06-03T10:08:59.921-04:00  INFO 13792 --- [inventario-service] [main] com.netflix.discovery.DiscoveryClient    : Disable delta property : false
2026-06-03T10:08:59.921-04:00  INFO 13792 --- [inventario-service] [main] com.netflix.discovery.DiscoveryClient    : Single vip registry refresh property : null
2026-06-03T10:08:59.921-04:00  INFO 13792 --- [inventario-service] [main] com.netflix.discovery.DiscoveryClient    : Force full registry fetch : false
2026-06-03T10:08:59.921-04:00  INFO 13792 --- [inventario-service] [main] com.netflix.discovery.DiscoveryClient    : Application is null : false
2026-06-03T10:08:59.922-04:00  INFO 13792 --- [inventario-service] [main] com.netflix.discovery.DiscoveryClient    : Registered Applications size is zero : true
2026-06-03T10:08:59.922-04:00  INFO 13792 --- [inventario-service] [main] com.netflix.discovery.DiscoveryClient    : Application version is -1: true
2026-06-03T10:08:59.922-04:00  INFO 13792 --- [inventario-service] [main] com.netflix.discovery.DiscoveryClient    : Getting all instance registry info from the eureka server
2026-06-03T10:09:00.520-04:00  INFO 13792 --- [inventario-service] [main] com.netflix.discovery.DiscoveryClient    : The response status is 200
2026-06-03T10:09:00.525-04:00  INFO 13792 --- [inventario-service] [main] com.netflix.discovery.DiscoveryClient    : Starting heartbeat executor: renew interval is: 30
2026-06-03T10:09:00.529-04:00  INFO 13792 --- [inventario-service] [main] c.n.discovery.InstanceInfoReplicator     : InstanceInfoReplicator onDemand update allowed rate per min is 4
2026-06-03T10:09:00.543-04:00  INFO 13792 --- [inventario-service] [main] com.netflix.discovery.DiscoveryClient    : Discovery Client initialized at timestamp 1780495740542 with initial instances count: 1
2026-06-03T10:09:00.564-04:00  INFO 13792 --- [inventario-service] [main] o.s.c.n.e.s.EurekaServiceRegistry        : Registering application INVENTARIO-SERVICE with eureka with status UP
2026-06-03T10:09:00.567-04:00  INFO 13792 --- [inventario-service] [main] com.netflix.discovery.DiscoveryClient    : Saw local status change event StatusChangeEvent [timestamp=1780495740567, current=UP, previous=STARTING]
2026-06-03T10:09:00.571-04:00  INFO 13792 --- [inventario-service] [DiscoveryClient-InstanceInfoReplicator-0] com.netflix.discovery.DiscoveryClient    : DiscoveryClient_INVENTARIO-SERVICE/Diego:inventario-service:8084: registering service...
2026-06-03T10:09:00.619-04:00  INFO 13792 --- [inventario-service] [main] o.s.b.w.embedded.tomcat.TomcatWebServer  : Tomcat started on port 8084 (http) with context path ''
2026-06-03T10:09:00.622-04:00  INFO 13792 --- [inventario-service] [main] .s.c.n.e.s.EurekaAutoServiceRegistration : Updating port to 8084
2026-06-03T10:09:00.658-04:00  INFO 13792 --- [inventario-service] [DiscoveryClient-InstanceInfoReplicator-0] com.netflix.discovery.DiscoveryClient    : DiscoveryClient_INVENTARIO-SERVICE/Diego:inventario-service:8084 - registration status: 204
2026-06-03T10:09:00.673-04:00  INFO 13792 --- [inventario-service] [main] c.duoc.inventario.InventarioApplication  : Started InventarioApplication in 13.759 seconds (process running for 14.801)
2026-06-03T10:09:02.038-04:00  INFO 13792 --- [inventario-service] [RMI TCP Connection(3)-127.0.0.1] o.a.c.c.C.[Tomcat].[localhost].[/]       : Initializing Spring DispatcherServlet 'dispatcherServlet'
2026-06-03T10:09:02.040-04:00  INFO 13792 --- [inventario-service] [RMI TCP Connection(3)-127.0.0.1] o.s.web.servlet.DispatcherServlet        : Initializing Servlet 'dispatcherServlet'
2026-06-03T10:09:02.044-04:00  INFO 13792 --- [inventario-service] [RMI TCP Connection(3)-127.0.0.1] o.s.web.servlet.DispatcherServlet        : Completed initialization in 3 ms
2026-06-03T10:13:59.933-04:00  INFO 13792 --- [inventario-service] [AsyncResolver-bootstrap-executor-0] c.n.d.s.r.aws.ConfigClusterResolver      : Resolving eureka endpoints via configuration
2026-06-03T10:18:09.660-04:00  INFO 13792 --- [inventario-service] [http-nio-8084-exec-1] c.d.i.controller.InventarioController    : Verificando y procesando movimiento de stock en bodega...
2026-06-03T10:18:21.789-04:00  INFO 13792 --- [inventario-service] [http-nio-8084-exec-5] c.d.i.controller.InventarioController    : Verificando y procesando movimiento de stock en bodega...
2026-06-03T10:18:35.028-04:00  INFO 13792 --- [inventario-service] [http-nio-8084-exec-2] c.d.i.controller.InventarioController    : Verificando y procesando movimiento de stock en bodega...
2026-06-03T10:18:59.947-04:00  INFO 13792 --- [inventario-service] [AsyncResolver-bootstrap-executor-0] c.n.d.s.r.aws.ConfigClusterResolver      : Resolving eureka endpoints via configuration
2026-06-03T10:19:02.707-04:00  INFO 13792 --- [inventario-service] [http-nio-8084-exec-6] c.d.i.controller.InventarioController    : Consultando stock actual para el producto ID: 3
2026-06-03T10:19:03.927-04:00  INFO 13792 --- [inventario-service] [http-nio-8084-exec-7] c.d.i.controller.InventarioController    : Consultando stock actual para el producto ID: 3
2026-06-03T10:19:05.006-04:00  INFO 13792 --- [inventario-service] [http-nio-8084-exec-10] c.d.i.controller.InventarioController    : Consultando stock actual para el producto ID: 3
2026-06-03T10:19:05.839-04:00  INFO 13792 --- [inventario-service] [http-nio-8084-exec-9] c.d.i.controller.InventarioController    : Consultando stock actual para el producto ID: 3
2026-06-03T10:19:09.326-04:00  INFO 13792 --- [inventario-service] [http-nio-8084-exec-4] c.d.i.controller.InventarioController    : Consultando stock actual para el producto ID: 2
2026-06-03T10:21:59.592-04:00  INFO 13792 --- [inventario-service] [http-nio-8084-exec-8] c.d.i.controller.InventarioController    : Consultando stock actual para el producto ID: 2
2026-06-03T10:22:00.564-04:00  INFO 13792 --- [inventario-service] [http-nio-8084-exec-2] c.d.i.controller.InventarioController    : Consultando stock actual para el producto ID: 2
2026-06-03T10:22:01.532-04:00  INFO 13792 --- [inventario-service] [http-nio-8084-exec-3] c.d.i.controller.InventarioController    : Consultando stock actual para el producto ID: 2
2026-06-03T10:23:59.962-04:00  INFO 13792 --- [inventario-service] [AsyncResolver-bootstrap-executor-0] c.n.d.s.r.aws.ConfigClusterResolver      : Resolving eureka endpoints via configuration
2026-06-03T10:26:33.688-04:00  INFO 13792 --- [inventario-service] [http-nio-8084-exec-7] c.d.i.controller.InventarioController    : Verificando y procesando movimiento de stock en bodega...
2026-06-03T10:26:57.148-04:00  INFO 13792 --- [inventario-service] [http-nio-8084-exec-9] c.d.i.controller.InventarioController    : Verificando y procesando movimiento de stock en bodega...
2026-06-03T10:26:58.549-04:00  INFO 13792 --- [inventario-service] [http-nio-8084-exec-1] c.d.i.controller.InventarioController    : Verificando y procesando movimiento de stock en bodega...
2026-06-03T10:26:59.869-04:00  INFO 13792 --- [inventario-service] [http-nio-8084-exec-8] c.d.i.controller.InventarioController    : Verificando y procesando movimiento de stock en bodega...
2026-06-03T10:28:59.973-04:00  INFO 13792 --- [inventario-service] [AsyncResolver-bootstrap-executor-0] c.n.d.s.r.aws.ConfigClusterResolver      : Resolving eureka endpoints via configuration
2026-06-03T10:29:43.826-04:00  INFO 13792 --- [inventario-service] [http-nio-8084-exec-5] o.springdoc.api.AbstractOpenApiResource  : Init duration for springdoc-openapi is: 171 ms
